#
# A fatal error has been detected by the Java Runtime Environment:
#
#  Internal Error (0xc000000d), pid=3992, tid=0x00000000000015d4
#
# JRE version: Java(TM) SE Runtime Environment (8.0_181-b13) (build 1.8.0_181-b13)
# Java VM: Java HotSpot(TM) 64-Bit Server VM (25.181-b13 mixed mode windows-amd64 compressed oops)
# Problematic frame:
# C  [ntdll.dll+0x108b20]
#
# Failed to write core dump. Minidumps are not enabled by default on client versions of Windows
#
# If you would like to submit a bug report, please visit:
#   http://bugreport.java.com/bugreport/crash.jsp
#

---------------  T H R E A D  ---------------

Current thread (0x00000000168f6800):  VMThread [stack: 0x0000000017360000,0x0000000017460000] [id=5588]

siginfo: ExceptionCode=0xc000000d

Registers:
RAX=0x0000000000000000, RBX=0xfffffffffffffffe, RCX=0x0000000000000000, RDX=0x0000000000000000
RSP=0x000000001745e7c0, RBP=0x00007ffc24c171bc, RSI=0x0000000000000000, RDI=0x00000000000005c4
R8 =0x0000000000000000, R9 =0x0000000000000000, R10=0x0000000000000000, R11=0x0000000000000000
R12=0x000000000144e8b0, R13=0x0000000001495ea0, R14=0x000000000144e9b8, R15=0x000000001745e938
RIP=0x00007ffc401b8b20, EFLAGS=0x0000000000000206

Top of Stack: (sp=0x000000001745e7c0)
0x000000001745e7c0:   0000000000000057 fffffffffffffffe
0x000000001745e7d0:   0000000000000000 00000000000005c4
0x000000001745e7e0:   00000000c000000d 0000000000000000
0x000000001745e7f0:   00007ffc401b8b20 0000000000000000
0x000000001745e800:   0000000000000000 0000000000000000
0x000000001745e810:   0000000000000000 0000000000000000
0x000000001745e820:   0000000000000000 0000000000000000
0x000000001745e830:   0000000000000000 0000000000000000
0x000000001745e840:   0000000000000000 0000000000000000
0x000000001745e850:   0000000000000000 0000000000000000
0x000000001745e860:   0000000000000000 0000000000000000
0x000000001745e870:   0000000000000000 0000000000ff0000
0x000000001745e880:   0000ff36c96575a3 00000000ffffffff
0x000000001745e890:   000000001745e990 00007ffc401672df
0x000000001745e8a0:   0000000001320000 0000000000000003
0x000000001745e8b0:   0000000000003070 0000000000000000 

Instructions: (pc=0x00007ffc401b8b20)
0x00007ffc401b8b00:   7f f9 ff c7 44 24 20 0d 00 00 c0 b9 57 00 00 00
0x00007ffc401b8b10:   e8 7b e5 f3 ff 90 48 8d 4c 24 20 e8 90 c4 ef ff
0x00007ffc401b8b20:   eb 00 48 8b 8c 24 c0 00 00 00 48 33 cc e8 fe 1a
0x00007ffc401b8b30:   f8 ff 48 81 c4 d8 00 00 00 c3 40 55 48 83 ec 20 


Register to memory mapping:

RAX=0x0000000000000000 is an unknown value
RBX=0xfffffffffffffffe is an unknown value
RCX=0x0000000000000000 is an unknown value
RDX=0x0000000000000000 is an unknown value
RSP=0x000000001745e7c0 is an unknown value
RBP=0x00007ffc24c171bc is an unknown value
RSI=0x0000000000000000 is an unknown value
RDI=0x00000000000005c4 is an unknown value
R8 =0x0000000000000000 is an unknown value
R9 =0x0000000000000000 is an unknown value
R10=0x0000000000000000 is an unknown value
R11=0x0000000000000000 is an unknown value
R12=0x000000000144e8b0 is an unknown value
R13=0x0000000001495ea0 is an unknown value
R14=0x000000000144e9b8 is an unknown value
R15=0x000000001745e938 is an unknown value


Stack: [0x0000000017360000,0x0000000017460000],  sp=0x000000001745e7c0,  free space=1017k
Native frames: (J=compiled Java code, j=interpreted, Vv=VM code, C=native code)
C  [ntdll.dll+0x108b20]
C  [ntdll.dll+0xb72df]
C  [KERNEL32.DLL+0x1e36a]
C  [MSVCR120.dll+0x72e1]
C  [MSVCR120.dll+0x149d3]
C  [MSVCR120.dll+0x13c06]
C  [MSVCR120.dll+0x22da]
C  [MSVCR120.dll+0xae32]
C  [MSVCP120.dll+0x3cd49]
C  [ProxyIntercept64.dll+0x44eb4]
C  [ProxyIntercept64.dll+0x45066]
C  [ProxyIntercept64.dll+0x90df8]
C  [ProxyIntercept64.dll+0x96ee4]
C  [ProxyIntercept64.dll+0x96e92]
C  [ProxyIntercept64.dll+0x9227c]
C  [ProxyIntercept64.dll+0x1e7a9]
C  [ProxyIntercept64.dll+0x1e977]
C  [ProxyIntercept64.dll+0x28806]
C  [ProxyIntercept64.dll+0x2855a]
C  [ProxyIntercept64.dll+0x18528]
C  [ProxyIntercept64.dll+0x1a317]
C  [ProxyIntercept64.dll+0x18361]
C  [ProxyIntercept64.dll+0xa4bf0]
C  [ProxyIntercept64.dll+0x9a95c]
C  [ProxyIntercept64.dll+0x9abde]
C  [ntdll.dll+0x34053]
C  [ntdll.dll+0x40a05]
C  [ntdll.dll+0x408c8]
C  [KERNEL32.DLL+0x1b19a]
C  [msvcr100.dll+0x20ccd]
V  [jvm.dll+0x2139a5]
V  [jvm.dll+0x24cc27]
V  [jvm.dll+0x24bec6]
V  [jvm.dll+0x24c361]
V  [jvm.dll+0x24c57e]
V  [jvm.dll+0x29e64a]
C  [msvcr100.dll+0x21d9f]
C  [msvcr100.dll+0x21e3b]
C  [KERNEL32.DLL+0x13034]
C  [ntdll.dll+0x71461]

VM_Operation (0x0000000019b2d260): Exit, mode: safepoint, requested by thread 0x0000000018cdb800


---------------  P R O C E S S  ---------------

Java Threads: ( => current thread )
  0x0000000019eaf800 JavaThread "TimerQueue" daemon [_thread_blocked, id=6820, stack(0x000000001b290000,0x000000001b390000)]
  0x00000000033a7800 JavaThread "DestroyJavaVM" [_thread_blocked, id=2580, stack(0x00000000032a0000,0x00000000033a0000)]
  0x0000000018cdb800 JavaThread "AWT-EventQueue-0" [_thread_blocked, id=6352, stack(0x0000000019a30000,0x0000000019b30000)]
  0x0000000018c84000 JavaThread "AWT-Shutdown" [_thread_blocked, id=408, stack(0x00000000191c0000,0x00000000192c0000)]
  0x0000000018c83000 JavaThread "Java2D Disposer" daemon [_thread_blocked, id=8116, stack(0x00000000190c0000,0x00000000191c0000)]
  0x00000000169a3800 JavaThread "Service Thread" daemon [_thread_blocked, id=2812, stack(0x0000000017b70000,0x0000000017c70000)]
  0x000000001692a800 JavaThread "C1 CompilerThread1" daemon [_thread_blocked, id=6880, stack(0x0000000017a70000,0x0000000017b70000)]
  0x000000001693e800 JavaThread "C2 CompilerThread0" daemon [_thread_blocked, id=4736, stack(0x0000000017970000,0x0000000017a70000)]
  0x000000001693b000 JavaThread "Attach Listener" daemon [_thread_blocked, id=316, stack(0x0000000017870000,0x0000000017970000)]
  0x0000000016918000 JavaThread "Finalizer" daemon [_thread_blocked, id=7512, stack(0x0000000017560000,0x0000000017660000)]
  0x0000000003494000 JavaThread "Reference Handler" daemon [_thread_blocked, id=6996, stack(0x0000000017460000,0x0000000017560000)]

Other Threads:
=>0x00000000168f6800 VMThread [stack: 0x0000000017360000,0x0000000017460000] [id=5588]

VM state:at safepoint (shutting down)

VM Mutex/Monitor currently owned by a thread:  ([mutex/lock_event])
[0x000000000329e470] Threads_lock - owner thread: 0x00000000168f6800

Heap:
 PSYoungGen      total 27648K, used 22186K [0x00000000e1800000, 0x00000000e3680000, 0x0000000100000000)
  eden space 24064K, 92% used [0x00000000e1800000,0x00000000e2daa8d8,0x00000000e2f80000)
  from space 3584K, 0% used [0x00000000e3300000,0x00000000e3300000,0x00000000e3680000)
  to   space 3584K, 0% used [0x00000000e2f80000,0x00000000e2f80000,0x00000000e3300000)
 ParOldGen       total 62976K, used 0K [0x00000000a4800000, 0x00000000a8580000, 0x00000000e1800000)
  object space 62976K, 0% used [0x00000000a4800000,0x00000000a4800000,0x00000000a8580000)
 Metaspace       used 13965K, capacity 14230K, committed 14464K, reserved 1062912K
  class space    used 1815K, capacity 1903K, committed 1920K, reserved 1048576K

Card table byte_map: [0x0000000012860000,0x0000000012b40000] byte_map_base: 0x000000001233c000

Marking Bits: (ParMarkBitMap*) 0x000000005bc62d00
 Begin Bits: [0x0000000012f30000, 0x0000000014610000)
 End Bits:   [0x0000000014610000, 0x0000000015cf0000)

Polling page: 0x0000000003030000

CodeCache: size=245760Kb used=4266Kb max_used=4266Kb free=241493Kb
 bounds [0x00000000034a0000, 0x00000000038d0000, 0x00000000124a0000]
 total_blobs=1744 nmethods=1253 adapters=404
 compilation: enabled

Compilation events (10 events):
Event: 12.614 Thread 0x000000001692a800 1249       3       java.awt.Toolkit$ToolkitEventMulticaster::eventDispatched (27 bytes)
Event: 12.614 Thread 0x000000001692a800 nmethod 1249 0x00000000038bd750 code [0x00000000038bd8e0, 0x00000000038bddd8]
Event: 12.614 Thread 0x000000001692a800 1250   !   3       java.awt.LightweightDispatcher::eventDispatched (358 bytes)
Event: 12.617 Thread 0x000000001692a800 nmethod 1250 0x00000000038c50d0 code [0x00000000038c54e0, 0x00000000038c8858]
Event: 12.621 Thread 0x000000001692a800 1251   !   3       java.util.concurrent.locks.AbstractQueuedSynchronizer::acquireQueued (93 bytes)
Event: 12.622 Thread 0x000000001692a800 nmethod 1251 0x00000000038ca050 code [0x00000000038ca280, 0x00000000038cad98]
Event: 12.645 Thread 0x000000001692a800 1252       3       java.util.concurrent.locks.AbstractQueuedSynchronizer::transferForSignal (45 bytes)
Event: 12.646 Thread 0x000000001692a800 nmethod 1252 0x00000000038cb410 code [0x00000000038cb5a0, 0x00000000038cba78]
Event: 13.269 Thread 0x000000001692a800 1253       3       java.awt.Window::dispatchEventImpl (23 bytes)
Event: 13.270 Thread 0x000000001692a800 nmethod 1253 0x00000000038cbc10 code [0x00000000038cbdc0, 0x00000000038cc518]

GC Heap History (0 events):
No events

Deoptimization events (10 events):
Event: 0.829 Thread 0x0000000018cdb800 Uncommon trap: reason=unstable_if action=reinterpret pc=0x00000000036fa974 method=java.util.HashMap.putVal(ILjava/lang/Object;Ljava/lang/Object;ZZ)Ljava/lang/Object; @ 109
Event: 0.830 Thread 0x0000000018cdb800 Uncommon trap: reason=unstable_if action=reinterpret pc=0x00000000036f624c method=java.util.HashMap.putVal(ILjava/lang/Object;Ljava/lang/Object;ZZ)Ljava/lang/Object; @ 109
Event: 0.975 Thread 0x0000000018cdb800 Uncommon trap: reason=class_check action=maybe_recompile pc=0x000000000373daf8 method=javax.swing.plaf.nimbus.DerivedColor$UIResource.equals(Ljava/lang/Object;)Z @ 1
Event: 0.975 Thread 0x0000000018cdb800 Uncommon trap: reason=class_check action=maybe_recompile pc=0x000000000373daf8 method=javax.swing.plaf.nimbus.DerivedColor$UIResource.equals(Ljava/lang/Object;)Z @ 1
Event: 0.975 Thread 0x0000000018cdb800 Uncommon trap: reason=class_check action=maybe_recompile pc=0x000000000373daf8 method=javax.swing.plaf.nimbus.DerivedColor$UIResource.equals(Ljava/lang/Object;)Z @ 1
Event: 0.975 Thread 0x0000000018cdb800 Uncommon trap: reason=class_check action=maybe_recompile pc=0x000000000373daf8 method=javax.swing.plaf.nimbus.DerivedColor$UIResource.equals(Ljava/lang/Object;)Z @ 1
Event: 1.272 Thread 0x0000000018cdb800 Uncommon trap: reason=class_check action=maybe_recompile pc=0x00000000036234e0 method=java.lang.String.equals(Ljava/lang/Object;)Z @ 8
Event: 1.289 Thread 0x0000000018cdb800 Uncommon trap: reason=class_check action=maybe_recompile pc=0x00000000036234e0 method=java.lang.String.equals(Ljava/lang/Object;)Z @ 8
Event: 1.299 Thread 0x0000000018cdb800 Uncommon trap: reason=class_check action=maybe_recompile pc=0x00000000036234e0 method=java.lang.String.equals(Ljava/lang/Object;)Z @ 8
Event: 1.301 Thread 0x0000000018cdb800 Uncommon trap: reason=class_check action=maybe_recompile pc=0x00000000036234e0 method=java.lang.String.equals(Ljava/lang/Object;)Z @ 8

Classes redefined (0 events):
No events

Internal exceptions (10 events):
Event: 0.705 Thread 0x00000000033a7800 Exception <a 'java/lang/ClassNotFoundException': javax/swing/JToolBarSeparator> (0x00000000e25587a0) thrown at [C:\re\workspace\8-2-build-windows-amd64-cygwin\jdk8u181\11358\hotspot\src\share\vm\classfile\systemDictionary.cpp, line 210]
Event: 0.705 Thread 0x00000000033a7800 Exception <a 'java/lang/ClassNotFoundException': ToolBarSeparator> (0x00000000e2558c38) thrown at [C:\re\workspace\8-2-build-windows-amd64-cygwin\jdk8u181\11358\hotspot\src\share\vm\classfile\systemDictionary.cpp, line 210]
Event: 0.706 Thread 0x00000000033a7800 Exception <a 'java/lang/ClassNotFoundException': ToolTip> (0x00000000e2559378) thrown at [C:\re\workspace\8-2-build-windows-amd64-cygwin\jdk8u181\11358\hotspot\src\share\vm\classfile\systemDictionary.cpp, line 210]
Event: 0.707 Thread 0x00000000033a7800 Exception <a 'java/lang/ClassNotFoundException': Tree> (0x00000000e2559f98) thrown at [C:\re\workspace\8-2-build-windows-amd64-cygwin\jdk8u181\11358\hotspot\src\share\vm\classfile\systemDictionary.cpp, line 210]
Event: 0.707 Thread 0x00000000033a7800 Exception <a 'java/lang/ClassNotFoundException': Tree> (0x00000000e255a6d8) thrown at [C:\re\workspace\8-2-build-windows-amd64-cygwin\jdk8u181\11358\hotspot\src\share\vm\classfile\systemDictionary.cpp, line 210]
Event: 0.707 Thread 0x00000000033a7800 Exception <a 'java/lang/ClassNotFoundException': javax/swing/JTreeCell> (0x00000000e255aa58) thrown at [C:\re\workspace\8-2-build-windows-amd64-cygwin\jdk8u181\11358\hotspot\src\share\vm\classfile\systemDictionary.cpp, line 210]
Event: 0.707 Thread 0x00000000033a7800 Exception <a 'java/lang/ClassNotFoundException': TreeCell> (0x00000000e255aee0) thrown at [C:\re\workspace\8-2-build-windows-amd64-cygwin\jdk8u181\11358\hotspot\src\share\vm\classfile\systemDictionary.cpp, line 210]
Event: 0.708 Thread 0x00000000033a7800 Exception <a 'java/lang/ClassNotFoundException': RootPane> (0x00000000e255b940) thrown at [C:\re\workspace\8-2-build-windows-amd64-cygwin\jdk8u181\11358\hotspot\src\share\vm\classfile\systemDictionary.cpp, line 210]
Event: 0.774 Thread 0x0000000018cdb800 Implicit null exception at 0x00000000036d6856 to 0x00000000036d6be9
Event: 0.775 Thread 0x0000000018cdb800 Implicit null exception at 0x00000000036b62d6 to 0x00000000036b6661

Events (10 events):
Event: 6.814 loading class java/awt/event/ItemEvent done
Event: 12.560 Thread 0x0000000018cdb800 DEOPT PACKING pc=0x00000000037ef425 sp=0x0000000019b2c020
Event: 12.560 Thread 0x0000000018cdb800 DEOPT UNPACKING pc=0x00000000034e7490 sp=0x0000000019b2bd60 mode 0
Event: 13.270 Thread 0x000000001a1fe000 Thread added: 0x000000001a1fe000
Event: 13.270 Thread 0x0000000018dd1800 Thread added: 0x0000000018dd1800
Event: 13.270 Thread 0x0000000018dd1800 Thread exited: 0x0000000018dd1800
Event: 13.330 Thread 0x0000000018c84800 Thread exited: 0x0000000018c84800
Event: 13.378 Thread 0x000000001a1fe000 Thread exited: 0x000000001a1fe000
Event: 13.379 Thread 0x0000000016937800 Thread exited: 0x0000000016937800
Event: 13.379 Executing VM operation: Exit


Dynamic libraries:
0x00007ff6e6f00000 - 0x00007ff6e6f37000 	C:\Program Files\Java\jdk1.8.0_181\jre\bin\java.exe
0x00007ffc400b0000 - 0x00007ffc40291000 	C:\WINDOWS\SYSTEM32\ntdll.dll
0x00007ffc3f020000 - 0x00007ffc3f0d2000 	C:\WINDOWS\System32\KERNEL32.DLL
0x00007ffc3cdb0000 - 0x00007ffc3d023000 	C:\WINDOWS\System32\KERNELBASE.dll
0x00007ffc3ffd0000 - 0x00007ffc40071000 	C:\WINDOWS\System32\ADVAPI32.dll
0x00007ffc3fb30000 - 0x00007ffc3fbce000 	C:\WINDOWS\System32\msvcrt.dll
0x00007ffc3f6e0000 - 0x00007ffc3f73b000 	C:\WINDOWS\System32\sechost.dll
0x00007ffc3d8c0000 - 0x00007ffc3d9e4000 	C:\WINDOWS\System32\RPCRT4.dll
0x00007ffc3f760000 - 0x00007ffc3f8f0000 	C:\WINDOWS\System32\USER32.dll
0x00007ffc3cc40000 - 0x00007ffc3cc60000 	C:\WINDOWS\System32\win32u.dll
0x00007ffc3f260000 - 0x00007ffc3f288000 	C:\WINDOWS\System32\GDI32.dll
0x00007ffc3d280000 - 0x00007ffc3d412000 	C:\WINDOWS\System32\gdi32full.dll
0x00007ffc3d420000 - 0x00007ffc3d4bf000 	C:\WINDOWS\System32\msvcp_win.dll
0x00007ffc3cc60000 - 0x00007ffc3cd5a000 	C:\WINDOWS\System32\ucrtbase.dll
0x00007ffc2bfe0000 - 0x00007ffc2c249000 	C:\WINDOWS\WinSxS\amd64_microsoft.windows.common-controls_6595b64144ccf1df_6.0.17134.345_none_fb429a5930656358\COMCTL32.dll
0x00007ffc3fbd0000 - 0x00007ffc3fef3000 	C:\WINDOWS\System32\combase.dll
0x00007ffc3d4c0000 - 0x00007ffc3d53a000 	C:\WINDOWS\System32\bcryptPrimitives.dll
0x00007ffc3eff0000 - 0x00007ffc3f01d000 	C:\WINDOWS\System32\IMM32.DLL
0x000000005b360000 - 0x000000005b432000 	C:\Program Files\Java\jdk1.8.0_181\jre\bin\msvcr100.dll
0x000000005b440000 - 0x000000005bce2000 	C:\Program Files\Java\jdk1.8.0_181\jre\bin\server\jvm.dll
0x00007ffc3f0f0000 - 0x00007ffc3f0f8000 	C:\WINDOWS\System32\PSAPI.DLL
0x00007ffc3a530000 - 0x00007ffc3a553000 	C:\WINDOWS\SYSTEM32\WINMM.dll
0x00007ffc2dd00000 - 0x00007ffc2dd09000 	C:\WINDOWS\SYSTEM32\WSOCK32.dll
0x00007ffc3ef00000 - 0x00007ffc3ef6c000 	C:\WINDOWS\System32\WS2_32.dll
0x00007ffc30b60000 - 0x00007ffc30b6a000 	C:\WINDOWS\SYSTEM32\VERSION.dll
0x00007ffc3a500000 - 0x00007ffc3a52a000 	C:\WINDOWS\SYSTEM32\winmmbase.dll
0x00007ffc3cd60000 - 0x00007ffc3cda9000 	C:\WINDOWS\System32\cfgmgr32.dll
0x000000005b310000 - 0x000000005b31f000 	C:\Program Files\Java\jdk1.8.0_181\jre\bin\verify.dll
0x000000005b2e0000 - 0x000000005b309000 	C:\Program Files\Java\jdk1.8.0_181\jre\bin\java.dll
0x000000005b2c0000 - 0x000000005b2d6000 	C:\Program Files\Java\jdk1.8.0_181\jre\bin\zip.dll
0x00007ffc3da60000 - 0x00007ffc3ee9f000 	C:\WINDOWS\System32\SHELL32.dll
0x00007ffc3d690000 - 0x00007ffc3d739000 	C:\WINDOWS\System32\shcore.dll
0x00007ffc3c480000 - 0x00007ffc3cb8d000 	C:\WINDOWS\System32\windows.storage.dll
0x00007ffc3eea0000 - 0x00007ffc3eef1000 	C:\WINDOWS\System32\shlwapi.dll
0x00007ffc3c3f0000 - 0x00007ffc3c401000 	C:\WINDOWS\System32\kernel.appcore.dll
0x00007ffc3c3d0000 - 0x00007ffc3c3ef000 	C:\WINDOWS\System32\profapi.dll
0x00007ffc3c410000 - 0x00007ffc3c45c000 	C:\WINDOWS\System32\powrprof.dll
0x00007ffc3c3c0000 - 0x00007ffc3c3ca000 	C:\WINDOWS\System32\FLTLIB.DLL
0x00007ffc24980000 - 0x00007ffc24a6e000 	C:\Program Files\NoPing Tunnel v15\ProxyIntercept64.dll
0x00007ffc26a50000 - 0x00007ffc26af6000 	C:\WINDOWS\SYSTEM32\MSVCP120.dll
0x00007ffc24c10000 - 0x00007ffc24cff000 	C:\WINDOWS\SYSTEM32\MSVCR120.dll
0x00007ffc3b9c0000 - 0x00007ffc3b9f8000 	C:\WINDOWS\SYSTEM32\IPHLPAPI.DLL
0x00007ffc3bc40000 - 0x00007ffc3bca6000 	C:\WINDOWS\system32\mswsock.dll
0x00007ffc3f0e0000 - 0x00007ffc3f0e8000 	C:\WINDOWS\System32\NSI.dll
0x000000005b0e0000 - 0x000000005b279000 	C:\Program Files\Java\jdk1.8.0_181\jre\bin\awt.dll
0x00007ffc3ff00000 - 0x00007ffc3ffc2000 	C:\WINDOWS\System32\OLEAUT32.dll
0x00007ffc3a740000 - 0x00007ffc3a7cb000 	C:\WINDOWS\SYSTEM32\apphelp.dll
0x00007ffc3a8c0000 - 0x00007ffc3a958000 	C:\WINDOWS\system32\uxtheme.dll
0x00007ffc3d740000 - 0x00007ffc3d8b4000 	C:\WINDOWS\System32\MSCTF.dll
0x00007ffc318b0000 - 0x00007ffc3193b000 	C:\Program Files\NoPing Tunnel v15\iLdr64.dll
0x00007ffc3ab50000 - 0x00007ffc3ab79000 	C:\WINDOWS\system32\dwmapi.dll
0x00007ffc3f100000 - 0x00007ffc3f251000 	C:\WINDOWS\System32\ole32.dll
0x000000005b090000 - 0x000000005b0d7000 	C:\Program Files\Java\jdk1.8.0_181\jre\bin\fontmanager.dll
0x00007ffc26de0000 - 0x00007ffc26f00000 	C:\WINDOWS\system32\opengl32.dll
0x00007ffc2ff60000 - 0x00007ffc2ff8c000 	C:\WINDOWS\SYSTEM32\GLU32.dll
0x000000005b2a0000 - 0x000000005b2ba000 	C:\Program Files\Java\jdk1.8.0_181\jre\bin\net.dll
0x000000005b280000 - 0x000000005b291000 	C:\Program Files\Java\jdk1.8.0_181\jre\bin\nio.dll
0x000000005b040000 - 0x000000005b082000 	C:\Program Files\Java\jdk1.8.0_181\jre\bin\t2k.dll
0x00007ffc3fa90000 - 0x00007ffc3fb30000 	C:\WINDOWS\System32\clbcatq.dll
0x00007ffc36ed0000 - 0x00007ffc3707e000 	C:\WINDOWS\SYSTEM32\WindowsCodecs.dll
0x00007ffc32340000 - 0x00007ffc323d7000 	C:\WINDOWS\System32\TextInputFramework.dll
0x00007ffc369e0000 - 0x00007ffc36cfe000 	C:\WINDOWS\System32\CoreUIComponents.dll
0x00007ffc3a420000 - 0x00007ffc3a4fa000 	C:\WINDOWS\System32\CoreMessaging.dll
0x00007ffc3b4b0000 - 0x00007ffc3b4e1000 	C:\WINDOWS\SYSTEM32\ntmarta.dll
0x00007ffc37de0000 - 0x00007ffc37f2d000 	C:\WINDOWS\SYSTEM32\wintypes.dll
0x000000005b000000 - 0x000000005b02a000 	C:\Program Files\Java\jdk1.8.0_181\jre\bin\dcpr.dll
0x00007ffc2ce90000 - 0x00007ffc2d059000 	C:\WINDOWS\SYSTEM32\dbghelp.dll

VM Arguments:
jvm_args: -Dfile.encoding=UTF-8 
java_command: projeto.vendas.view.GuiControle_Estratégico_por_Cliente
java_class_path (initial): D:\TCC - Fatec 2018\PHappy-Vendas\ojdbc6_g.jar;C:\Program Files (x86)\NetBeans 8.2\java\modules\ext\beansbinding-1.2.1.jar;C:\Program Files (x86)\NetBeans 8.2\enterprise\modules\ext\jaxrs-2.0\javax.ws.rs-api-2.0.jar;C:\Program Files (x86)\NetBeans 8.2\enterprise\modules\ext\jersey2\ext\asm-all-repackaged-2.2.0-b21.jar;C:\Program Files (x86)\NetBeans 8.2\enterprise\modules\ext\jersey2\ext\cglib-2.2.0-b21.jar;C:\Program Files (x86)\NetBeans 8.2\enterprise\modules\ext\jersey2\ext\guava-14.0.1.jar;C:\Program Files (x86)\NetBeans 8.2\enterprise\modules\ext\jersey2\ext\hk2-api-2.2.0-b21.jar;C:\Program Files (x86)\NetBeans 8.2\enterprise\modules\ext\jersey2\ext\hk2-locator-2.2.0-b21.jar;C:\Program Files (x86)\NetBeans 8.2\enterprise\modules\ext\jersey2\ext\hk2-utils-2.2.0-b21.jar;C:\Program Files (x86)\NetBeans 8.2\enterprise\modules\ext\jersey2\ext\javax.annotation-api-1.2.jar;C:\Program Files (x86)\NetBeans 8.2\enterprise\modules\ext\jersey2\ext\javax.inject-2.2.0-b21.jar;C:\Program Files (x86)\NetBeans 8.2\enterprise\modules\ext\jersey2\ext\javax.servlet-api-3.0.1.jar;C:\Program Files (x86)\NetBeans 8.2\enterprise\modules\ext\jersey2\ext\jaxb-api-2.2.7.jar;C:\Program Files (x86)\NetBeans 8.2\enterprise\modules\ext\jersey2\ext\jersey-entity-filtering-2.5.1.jar;C:\Program Files (x86)\NetBeans 8.2\enterprise\modules\ext\jersey2\ext\jersey-media-moxy-2.5.1.jar;C:\Program Files (x86)\NetBeans 8.2\enterprise\modules\ext\jersey2\ext\org.osgi.core-4.2.0.jar;C:\Program Files (x86)\NetBeans 8.2\enterprise\modules\ext\jersey2\ext\osgi-resource-locator-1.0.1.jar;C:\Program Files (x86)\NetBeans 8.2\enterprise\modules\ext\jersey2\ext\persistence-api-1.0.jar;C:\Program Files (x86)\NetBeans 8.2\enterprise\modules\ext\jersey2\ext\validation-api-1.1.0.Final.jar;C:\Program Files (x86)\NetBeans 8.2\enterprise\modules\ext\jersey2\jersey-client.jar;C:\Program Files (x86)\NetBeans 8.2\enterprise\modules\ext\jersey2\jersey-common.jar;C:\Program Files (x86)\NetBeans
Launcher Type: SUN_STANDARD

Environment Variables:
JAVA_HOME=C:\Program Files (x86)\Java\jdk1.8.0_181
PATH=C:\WINDOWS\system32;C:\WINDOWS;C:\WINDOWS\System32\Wbem;C:\WINDOWS\System32\WindowsPowerShell\v1.0\;C:\Program Files\dotnet\;C:\WINDOWS\System32\OpenSSH\;C:\Users\ferna\AppData\Local\Microsoft\WindowsApps;
USERNAME=Fernando
OS=Windows_NT
PROCESSOR_IDENTIFIER=Intel64 Family 6 Model 58 Stepping 9, GenuineIntel



---------------  S Y S T E M  ---------------

OS: Windows 10.0 , 64 bit Build 17134 (10.0.17134.1)

CPU:total 2 (initial active 2) (2 cores per cpu, 1 threads per core) family 6 model 58 stepping 9, cmov, cx8, fxsr, mmx, sse, sse2, sse3, ssse3, sse4.1, sse4.2, popcnt, clmul, erms, tsc, tscinvbit, tscinv

Memory: 4k page, physical 5989528k(2691464k free), swap 6972604k(2387640k free)

vm_info: Java HotSpot(TM) 64-Bit Server VM (25.181-b13) for windows-amd64 JRE (1.8.0_181-b13), built on Jul  7 2018 04:01:33 by "java_re" with MS VC++ 10.0 (VS2010)

time: Sat Nov 10 18:55:41 2018
elapsed time: 14 seconds (0d 0h 0m 14s)

