#
# A fatal error has been detected by the Java Runtime Environment:
#
#  Internal Error (0xc000000d), pid=8748, tid=0x0000000000002f64
#
# JRE version: Java(TM) SE Runtime Environment (8.0_181-b13) (build 1.8.0_181-b13)
# Java VM: Java HotSpot(TM) 64-Bit Server VM (25.181-b13 mixed mode windows-amd64 compressed oops)
# Problematic frame:
# C  [ntdll.dll+0x108b60]
#
# Failed to write core dump. Minidumps are not enabled by default on client versions of Windows
#
# If you would like to submit a bug report, please visit:
#   http://bugreport.java.com/bugreport/crash.jsp
#

---------------  T H R E A D  ---------------

Current thread (0x0000000015e85800):  VMThread [stack: 0x00000000168f0000,0x00000000169f0000] [id=12132]

siginfo: ExceptionCode=0xc000000d

Registers:
RAX=0x0000000072e220da, RBX=0xfffffffffffffffe, RCX=0x000000000000004b, RDX=0x0000000072e3d79a
RSP=0x00000000169ee7e0, RBP=0x00007ffc720571bc, RSI=0x0000000000000000, RDI=0x0000000000000310
R8 =0x0000000002921c60, R9 =0x0000000000008000, R10=0x00000000ffffff00, R11=0x00000000169ee569
R12=0x000000000097c120, R13=0x00000000009c5350, R14=0x000000000097c228, R15=0x00000000169ee958
RIP=0x00007ffc9b0a8b60, EFLAGS=0x0000000000000206

Top of Stack: (sp=0x00000000169ee7e0)
0x00000000169ee7e0:   0000000000000057 fffffffffffffffe
0x00000000169ee7f0:   0000000000000000 0000000000000310
0x00000000169ee800:   00000000c000000d 0000000000000000
0x00000000169ee810:   00007ffc9b0a8b60 0000000000000000
0x00000000169ee820:   0000000000000000 0000000000000000
0x00000000169ee830:   0000000000000000 0000000000000000
0x00000000169ee840:   0000000000000000 0000000000000000
0x00000000169ee850:   0000000000000000 0000000000000000
0x00000000169ee860:   0000000000000000 0000000000000000
0x00000000169ee870:   0000000000000000 0000000000000000
0x00000000169ee880:   0000000000000000 0000000000000000
0x00000000169ee890:   0000000000000000 0000000000540000
0x00000000169ee8a0:   00006ad4a1df311b 00000000ffffffff
0x00000000169ee8b0:   00000000169ee9b0 00007ffc9b05731f
0x00000000169ee8c0:   0000000000570000 0000000000000003
0x00000000169ee8d0:   0000000000003070 0000000000000000 

Instructions: (pc=0x00007ffc9b0a8b60)
0x00007ffc9b0a8b40:   7f f9 ff c7 44 24 20 0d 00 00 c0 b9 57 00 00 00
0x00007ffc9b0a8b50:   e8 4b e5 f3 ff 90 48 8d 4c 24 20 e8 50 c4 ef ff
0x00007ffc9b0a8b60:   eb 00 48 8b 8c 24 c0 00 00 00 48 33 cc e8 ce 1a
0x00007ffc9b0a8b70:   f8 ff 48 81 c4 d8 00 00 00 c3 40 55 48 83 ec 20 


Register to memory mapping:

RAX=0x0000000072e220da is an unknown value
RBX=0xfffffffffffffffe is an unknown value
RCX=0x000000000000004b is an unknown value
RDX=0x0000000072e3d79a is an unknown value
RSP=0x00000000169ee7e0 is an unknown value
RBP=0x00007ffc720571bc is an unknown value
RSI=0x0000000000000000 is an unknown value
RDI=0x0000000000000310 is an unknown value
R8 =0x0000000002921c60 is an unknown value
R9 =0x0000000000008000 is an unknown value
R10=0x00000000ffffff00 is an unallocated location in the heap
R11=0x00000000169ee569 is an unknown value
R12=0x000000000097c120 is an unknown value
R13=0x00000000009c5350 is an unknown value
R14=0x000000000097c228 is an unknown value
R15=0x00000000169ee958 is an unknown value


Stack: [0x00000000168f0000,0x00000000169f0000],  sp=0x00000000169ee7e0,  free space=1017k
Native frames: (J=compiled Java code, j=interpreted, Vv=VM code, C=native code)
C  [ntdll.dll+0x108b60]
C  [ntdll.dll+0xb731f]
C  [KERNEL32.DLL+0x1e36a]
C  [MSVCR120.dll+0x72e1]
C  [MSVCR120.dll+0x149d3]
C  [MSVCR120.dll+0x13c06]
C  [MSVCR120.dll+0x22da]
C  [MSVCR120.dll+0xae32]
C  [MSVCP120.dll+0x3cd49]
C  [ProxyIntercept64.dll+0x44eb4]
C  [ProxyIntercept64.dll+0x45066]
C  [ProxyIntercept64.dll+0x90df8]
C  [ProxyIntercept64.dll+0x96ee4]
C  [ProxyIntercept64.dll+0x96e92]
C  [ProxyIntercept64.dll+0x9227c]
C  [ProxyIntercept64.dll+0x1e7a9]
C  [ProxyIntercept64.dll+0x1e977]
C  [ProxyIntercept64.dll+0x28806]
C  [ProxyIntercept64.dll+0x2855a]
C  [ProxyIntercept64.dll+0x18528]
C  [ProxyIntercept64.dll+0x1a317]
C  [ProxyIntercept64.dll+0x18361]
C  [ProxyIntercept64.dll+0xa4bf0]
C  [ProxyIntercept64.dll+0x9a95c]
C  [ProxyIntercept64.dll+0x9abde]
C  [ntdll.dll+0x34063]
C  [ntdll.dll+0x40a15]
C  [ntdll.dll+0x408d8]
C  [KERNEL32.DLL+0x1b19a]
C  [msvcr100.dll+0x20ccd]
V  [jvm.dll+0x2139a5]
V  [jvm.dll+0x24cc27]
V  [jvm.dll+0x24bec6]
V  [jvm.dll+0x24c361]
V  [jvm.dll+0x24c57e]
V  [jvm.dll+0x29e64a]
C  [msvcr100.dll+0x21d9f]
C  [msvcr100.dll+0x21e3b]
C  [KERNEL32.DLL+0x13034]
C  [ntdll.dll+0x71471]

VM_Operation (0x000000001904d6b0): Exit, mode: safepoint, requested by thread 0x0000000018310000


---------------  P R O C E S S  ---------------

Java Threads: ( => current thread )
  0x00000000183aa800 JavaThread "TimerQueue" daemon [_thread_blocked, id=12400, stack(0x00000000193e0000,0x00000000194e0000)]
  0x0000000002937000 JavaThread "DestroyJavaVM" [_thread_blocked, id=7664, stack(0x0000000002820000,0x0000000002920000)]
  0x0000000018310000 JavaThread "AWT-EventQueue-0" [_thread_blocked, id=9212, stack(0x0000000018f50000,0x0000000019050000)]
  0x00000000182e2000 JavaThread "AWT-Shutdown" [_thread_blocked, id=12500, stack(0x0000000018750000,0x0000000018850000)]
  0x00000000182e1000 JavaThread "Java2D Disposer" daemon [_thread_blocked, id=7588, stack(0x0000000018650000,0x0000000018750000)]
  0x0000000015f27000 JavaThread "Service Thread" daemon [_thread_blocked, id=3348, stack(0x0000000017700000,0x0000000017800000)]
  0x0000000015f21000 JavaThread "C1 CompilerThread1" daemon [_thread_blocked, id=3588, stack(0x0000000017600000,0x0000000017700000)]
  0x0000000015ec4800 JavaThread "C2 CompilerThread0" daemon [_thread_blocked, id=8288, stack(0x0000000017500000,0x0000000017600000)]
  0x0000000015ec1000 JavaThread "Attach Listener" daemon [_thread_blocked, id=13148, stack(0x0000000017400000,0x0000000017500000)]
  0x0000000015ebe800 JavaThread "Signal Dispatcher" daemon [_thread_blocked, id=12748, stack(0x0000000017300000,0x0000000017400000)]
  0x0000000015ea8000 JavaThread "Finalizer" daemon [_thread_blocked, id=5264, stack(0x0000000016af0000,0x0000000016bf0000)]
  0x0000000002a24000 JavaThread "Reference Handler" daemon [_thread_blocked, id=2572, stack(0x00000000169f0000,0x0000000016af0000)]

Other Threads:
=>0x0000000015e85800 VMThread [stack: 0x00000000168f0000,0x00000000169f0000] [id=12132]

VM state:at safepoint (shutting down)

VM Mutex/Monitor currently owned by a thread:  ([mutex/lock_event])
[0x000000000292e550] Threads_lock - owner thread: 0x0000000015e85800

Heap:
 PSYoungGen      total 31232K, used 12961K [0x00000000e1800000, 0x00000000e4a80000, 0x0000000100000000)
  eden space 23040K, 22% used [0x00000000e1800000,0x00000000e1cf91d0,0x00000000e2e80000)
  from space 8192K, 96% used [0x00000000e3780000,0x00000000e3f2f2d8,0x00000000e3f80000)
  to   space 9216K, 0% used [0x00000000e2e80000,0x00000000e2e80000,0x00000000e3780000)
 ParOldGen       total 54272K, used 13868K [0x00000000a4800000, 0x00000000a7d00000, 0x00000000e1800000)
  object space 54272K, 25% used [0x00000000a4800000,0x00000000a558b0b8,0x00000000a7d00000)
 Metaspace       used 33003K, capacity 33460K, committed 33536K, reserved 1079296K
  class space    used 3661K, capacity 3777K, committed 3840K, reserved 1048576K

Card table byte_map: [0x0000000011df0000,0x00000000120d0000] byte_map_base: 0x00000000118cc000

Marking Bits: (ParMarkBitMap*) 0x0000000073702d00
 Begin Bits: [0x00000000124c0000, 0x0000000013ba0000)
 End Bits:   [0x0000000013ba0000, 0x0000000015280000)

Polling page: 0x0000000000900000

CodeCache: size=245760Kb used=13122Kb max_used=13122Kb free=232638Kb
 bounds [0x0000000002a30000, 0x0000000003710000, 0x0000000011a30000]
 total_blobs=4136 nmethods=3494 adapters=552
 compilation: enabled

Compilation events (10 events):
Event: 171.138 Thread 0x0000000015f21000 3896       3       javax.swing.plaf.metal.MetalBorders$ButtonBorder::paintBorder (198 bytes)
Event: 171.139 Thread 0x0000000015f21000 nmethod 3896 0x00000000036f5f10 code [0x00000000036f6200, 0x00000000036f7ac8]
Event: 171.139 Thread 0x0000000015f21000 3897       3       javax.swing.plaf.metal.MetalBorders$ButtonBorder::paintOceanBorder (575 bytes)
Event: 171.143 Thread 0x0000000015f21000 nmethod 3897 0x0000000003704f50 code [0x00000000037056e0, 0x000000000370af48]
Event: 178.814 Thread 0x0000000015f21000 3898   !   3       java.awt.AWTEvent::setSource (95 bytes)
Event: 178.814 Thread 0x0000000015f21000 nmethod 3898 0x00000000036f3f90 code [0x00000000036f4140, 0x00000000036f49a8]
Event: 202.735 Thread 0x0000000015f21000 3899  s    3       java.util.Hashtable::containsKey (65 bytes)
Event: 202.735 Thread 0x0000000015f21000 nmethod 3899 0x00000000036f54d0 code [0x00000000036f5660, 0x00000000036f5c98]
Event: 202.736 Thread 0x0000000015f21000 3900       3       java.util.logging.LogManager$LoggerContext::ensureDefaultLogger (70 bytes)
Event: 202.737 Thread 0x0000000015f21000 nmethod 3900 0x000000000370d210 code [0x000000000370d3c0, 0x000000000370dc68]

GC Heap History (10 events):
Event: 3.168 GC heap before
{Heap before GC invocations=3 (full 1):
 PSYoungGen      total 27648K, used 3566K [0x00000000e1800000, 0x00000000e3680000, 0x0000000100000000)
  eden space 24064K, 0% used [0x00000000e1800000,0x00000000e1800000,0x00000000e2f80000)
  from space 3584K, 99% used [0x00000000e3300000,0x00000000e367bb58,0x00000000e3680000)
  to   space 3584K, 0% used [0x00000000e2f80000,0x00000000e2f80000,0x00000000e3300000)
 ParOldGen       total 62976K, used 4892K [0x00000000a4800000, 0x00000000a8580000, 0x00000000e1800000)
  object space 62976K, 7% used [0x00000000a4800000,0x00000000a4cc7258,0x00000000a8580000)
 Metaspace       used 20962K, capacity 21100K, committed 21248K, reserved 1069056K
  class space    used 2147K, capacity 2218K, committed 2304K, reserved 1048576K
Event: 3.215 GC heap after
Heap after GC invocations=3 (full 1):
 PSYoungGen      total 27648K, used 0K [0x00000000e1800000, 0x00000000e3680000, 0x0000000100000000)
  eden space 24064K, 0% used [0x00000000e1800000,0x00000000e1800000,0x00000000e2f80000)
  from space 3584K, 0% used [0x00000000e3300000,0x00000000e3300000,0x00000000e3680000)
  to   space 3584K, 0% used [0x00000000e2f80000,0x00000000e2f80000,0x00000000e3300000)
 ParOldGen       total 54272K, used 7676K [0x00000000a4800000, 0x00000000a7d00000, 0x00000000e1800000)
  object space 54272K, 14% used [0x00000000a4800000,0x00000000a4f7f378,0x00000000a7d00000)
 Metaspace       used 20962K, capacity 21100K, committed 21248K, reserved 1069056K
  class space    used 2147K, capacity 2218K, committed 2304K, reserved 1048576K
}
Event: 82.222 GC heap before
{Heap before GC invocations=4 (full 1):
 PSYoungGen      total 27648K, used 24064K [0x00000000e1800000, 0x00000000e3680000, 0x0000000100000000)
  eden space 24064K, 100% used [0x00000000e1800000,0x00000000e2f80000,0x00000000e2f80000)
  from space 3584K, 0% used [0x00000000e3300000,0x00000000e3300000,0x00000000e3680000)
  to   space 3584K, 0% used [0x00000000e2f80000,0x00000000e2f80000,0x00000000e3300000)
 ParOldGen       total 54272K, used 7676K [0x00000000a4800000, 0x00000000a7d00000, 0x00000000e1800000)
  object space 54272K, 14% used [0x00000000a4800000,0x00000000a4f7f378,0x00000000a7d00000)
 Metaspace       used 25583K, capacity 25920K, committed 26112K, reserved 1073152K
  class space    used 2719K, capacity 2816K, committed 2816K, reserved 1048576K
Event: 82.227 GC heap after
Heap after GC invocations=4 (full 1):
 PSYoungGen      total 27648K, used 3552K [0x00000000e1800000, 0x00000000e3680000, 0x0000000100000000)
  eden space 24064K, 0% used [0x00000000e1800000,0x00000000e1800000,0x00000000e2f80000)
  from space 3584K, 99% used [0x00000000e2f80000,0x00000000e32f82f8,0x00000000e3300000)
  to   space 3584K, 0% used [0x00000000e3300000,0x00000000e3300000,0x00000000e3680000)
 ParOldGen       total 54272K, used 8127K [0x00000000a4800000, 0x00000000a7d00000, 0x00000000e1800000)
  object space 54272K, 14% used [0x00000000a4800000,0x00000000a4fefdd0,0x00000000a7d00000)
 Metaspace       used 25583K, capacity 25920K, committed 26112K, reserved 1073152K
  class space    used 2719K, capacity 2816K, committed 2816K, reserved 1048576K
}
Event: 129.551 GC heap before
{Heap before GC invocations=5 (full 1):
 PSYoungGen      total 27648K, used 27616K [0x00000000e1800000, 0x00000000e3680000, 0x0000000100000000)
  eden space 24064K, 100% used [0x00000000e1800000,0x00000000e2f80000,0x00000000e2f80000)
  from space 3584K, 99% used [0x00000000e2f80000,0x00000000e32f82f8,0x00000000e3300000)
  to   space 3584K, 0% used [0x00000000e3300000,0x00000000e3300000,0x00000000e3680000)
 ParOldGen       total 54272K, used 8127K [0x00000000a4800000, 0x00000000a7d00000, 0x00000000e1800000)
  object space 54272K, 14% used [0x00000000a4800000,0x00000000a4fefdd0,0x00000000a7d00000)
 Metaspace       used 27306K, capacity 27640K, committed 27904K, reserved 1075200K
  class space    used 2930K, capacity 3046K, committed 3072K, reserved 1048576K
Event: 129.560 GC heap after
Heap after GC invocations=5 (full 1):
 PSYoungGen      total 27648K, used 3580K [0x00000000e1800000, 0x00000000e3680000, 0x0000000100000000)
  eden space 24064K, 0% used [0x00000000e1800000,0x00000000e1800000,0x00000000e2f80000)
  from space 3584K, 99% used [0x00000000e3300000,0x00000000e367f3e0,0x00000000e3680000)
  to   space 3584K, 0% used [0x00000000e2f80000,0x00000000e2f80000,0x00000000e3300000)
 ParOldGen       total 54272K, used 11073K [0x00000000a4800000, 0x00000000a7d00000, 0x00000000e1800000)
  object space 54272K, 20% used [0x00000000a4800000,0x00000000a52d0408,0x00000000a7d00000)
 Metaspace       used 27306K, capacity 27640K, committed 27904K, reserved 1075200K
  class space    used 2930K, capacity 3046K, committed 3072K, reserved 1048576K
}
Event: 130.251 GC heap before
{Heap before GC invocations=6 (full 1):
 PSYoungGen      total 27648K, used 27644K [0x00000000e1800000, 0x00000000e3680000, 0x0000000100000000)
  eden space 24064K, 100% used [0x00000000e1800000,0x00000000e2f80000,0x00000000e2f80000)
  from space 3584K, 99% used [0x00000000e3300000,0x00000000e367f3e0,0x00000000e3680000)
  to   space 3584K, 0% used [0x00000000e2f80000,0x00000000e2f80000,0x00000000e3300000)
 ParOldGen       total 54272K, used 11073K [0x00000000a4800000, 0x00000000a7d00000, 0x00000000e1800000)
  object space 54272K, 20% used [0x00000000a4800000,0x00000000a52d0408,0x00000000a7d00000)
 Metaspace       used 30188K, capacity 30570K, committed 30848K, reserved 1077248K
  class space    used 3302K, capacity 3407K, committed 3456K, reserved 1048576K
Event: 130.260 GC heap after
Heap after GC invocations=6 (full 1):
 PSYoungGen      total 27648K, used 3579K [0x00000000e1800000, 0x00000000e3f80000, 0x0000000100000000)
  eden space 24064K, 0% used [0x00000000e1800000,0x00000000e1800000,0x00000000e2f80000)
  from space 3584K, 99% used [0x00000000e2f80000,0x00000000e32fec30,0x00000000e3300000)
  to   space 8192K, 0% used [0x00000000e3780000,0x00000000e3780000,0x00000000e3f80000)
 ParOldGen       total 54272K, used 13860K [0x00000000a4800000, 0x00000000a7d00000, 0x00000000e1800000)
  object space 54272K, 25% used [0x00000000a4800000,0x00000000a55890b8,0x00000000a7d00000)
 Metaspace       used 30188K, capacity 30570K, committed 30848K, reserved 1077248K
  class space    used 3302K, capacity 3407K, committed 3456K, reserved 1048576K
}
Event: 130.702 GC heap before
{Heap before GC invocations=7 (full 1):
 PSYoungGen      total 27648K, used 27643K [0x00000000e1800000, 0x00000000e3f80000, 0x0000000100000000)
  eden space 24064K, 100% used [0x00000000e1800000,0x00000000e2f80000,0x00000000e2f80000)
  from space 3584K, 99% used [0x00000000e2f80000,0x00000000e32fec30,0x00000000e3300000)
  to   space 8192K, 0% used [0x00000000e3780000,0x00000000e3780000,0x00000000e3f80000)
 ParOldGen       total 54272K, used 13860K [0x00000000a4800000, 0x00000000a7d00000, 0x00000000e1800000)
  object space 54272K, 25% used [0x00000000a4800000,0x00000000a55890b8,0x00000000a7d00000)
 Metaspace       used 32664K, capacity 33082K, committed 33280K, reserved 1079296K
  class space    used 3630K, capacity 3730K, committed 3840K, reserved 1048576K
Event: 130.712 GC heap after
Heap after GC invocations=7 (full 1):
 PSYoungGen      total 31232K, used 7868K [0x00000000e1800000, 0x00000000e4a80000, 0x0000000100000000)
  eden space 23040K, 0% used [0x00000000e1800000,0x00000000e1800000,0x00000000e2e80000)
  from space 8192K, 96% used [0x00000000e3780000,0x00000000e3f2f2d8,0x00000000e3f80000)
  to   space 9216K, 0% used [0x00000000e2e80000,0x00000000e2e80000,0x00000000e3780000)
 ParOldGen       total 54272K, used 13868K [0x00000000a4800000, 0x00000000a7d00000, 0x00000000e1800000)
  object space 54272K, 25% used [0x00000000a4800000,0x00000000a558b0b8,0x00000000a7d00000)
 Metaspace       used 32664K, capacity 33082K, committed 33280K, reserved 1079296K
  class space    used 3630K, capacity 3730K, committed 3840K, reserved 1048576K
}

Deoptimization events (10 events):
Event: 130.669 Thread 0x0000000018310000 Uncommon trap: reason=bimorphic action=maybe_recompile pc=0x00000000036134f4 method=java.util.Hashtable.put(Ljava/lang/Object;Ljava/lang/Object;)Ljava/lang/Object; @ 60
Event: 130.747 Thread 0x0000000018310000 Uncommon trap: reason=unstable_if action=reinterpret pc=0x0000000002fa6054 method=java.awt.font.FontRenderContext.hashCode()I @ 4
Event: 130.759 Thread 0x0000000018310000 Uncommon trap: reason=unstable_if action=reinterpret pc=0x0000000003336664 method=sun.java2d.SunGraphics2D.translate(II)V @ 16
Event: 130.854 Thread 0x0000000018310000 Uncommon trap: reason=unstable_if action=reinterpret pc=0x0000000003525efc method=sun.java2d.pipe.Region.isInsideQuickCheck(Lsun/java2d/pipe/Region;)Z @ 48
Event: 130.854 Thread 0x0000000018310000 Uncommon trap: reason=unstable_if action=reinterpret pc=0x000000000352722c method=sun.java2d.pipe.Region.isInsideQuickCheck(Lsun/java2d/pipe/Region;)Z @ 37
Event: 132.445 Thread 0x0000000018310000 Uncommon trap: reason=bimorphic action=maybe_recompile pc=0x0000000003573dc8 method=java.awt.Component.dispatchEventImpl(Ljava/awt/AWTEvent;)V @ 242
Event: 132.493 Thread 0x0000000018310000 Uncommon trap: reason=bimorphic action=maybe_recompile pc=0x0000000003573dc8 method=java.awt.Component.dispatchEventImpl(Ljava/awt/AWTEvent;)V @ 242
Event: 133.318 Thread 0x0000000018310000 Uncommon trap: reason=unstable_if action=reinterpret pc=0x00000000034e20d8 method=sun.java2d.pipe.Region.getIntersectionXYXY(IIII)Lsun/java2d/pipe/Region; @ 39
Event: 171.136 Thread 0x0000000018310000 Uncommon trap: reason=null_check action=make_not_entrant pc=0x000000000337dc6c method=java.awt.DefaultKeyboardFocusManager.dispatchEvent(Ljava/awt/AWTEvent;)Z @ 518
Event: 202.733 Thread 0x00000000182e4800 Uncommon trap: reason=unstable_if action=reinterpret pc=0x0000000002e79bb0 method=sun.awt.windows.WWindowPeer.preprocessPostEvent(Ljava/awt/AWTEvent;)V @ 4

Classes redefined (0 events):
No events

Internal exceptions (10 events):
Event: 129.504 Thread 0x0000000018310000 Exception <a 'java/lang/ClassNotFoundException': org/apache/log4j/WriterAppenderBeanInfo> (0x00000000e2cf08c0) thrown at [C:\re\workspace\8-2-build-windows-amd64-cygwin\jdk8u181\11358\hotspot\src\share\vm\classfile\systemDictionary.cpp, line 210]
Event: 129.504 Thread 0x0000000018310000 Exception <a 'java/lang/ClassNotFoundException': org/apache/log4j/AppenderSkeletonBeanInfo> (0x00000000e2d0d0e0) thrown at [C:\re\workspace\8-2-build-windows-amd64-cygwin\jdk8u181\11358\hotspot\src\share\vm\classfile\systemDictionary.cpp, line 210]
Event: 129.505 Thread 0x0000000018310000 Exception <a 'java/lang/ClassNotFoundException': org/apache/log4j/AppenderSkeletonCustomizer> (0x00000000e2d2b4f0) thrown at [C:\re\workspace\8-2-build-windows-amd64-cygwin\jdk8u181\11358\hotspot\src\share\vm\classfile\systemDictionary.cpp, line 210]
Event: 129.515 Thread 0x0000000018310000 Exception <a 'java/lang/ClassNotFoundException': org/apache/log4j/WriterAppenderCustomizer> (0x00000000e2d62480) thrown at [C:\re\workspace\8-2-build-windows-amd64-cygwin\jdk8u181\11358\hotspot\src\share\vm\classfile\systemDictionary.cpp, line 210]
Event: 129.519 Thread 0x0000000018310000 Exception <a 'java/lang/ClassNotFoundException': org/apache/log4j/ConsoleAppenderCustomizer> (0x00000000e2d8bc40) thrown at [C:\re\workspace\8-2-build-windows-amd64-cygwin\jdk8u181\11358\hotspot\src\share\vm\classfile\systemDictionary.cpp, line 210]
Event: 130.401 Thread 0x0000000018310000 Exception <a 'java/lang/ClassNotFoundException': projeto/vendas/tabelas/GuiControleEstrategico_ClienteGeralBeanInfo> (0x00000000e22bb0d8) thrown at [C:\re\workspace\8-2-build-windows-amd64-cygwin\jdk8u181\11358\hotspot\src\share\vm\classfile\systemDiction
Event: 130.402 Thread 0x0000000018310000 Exception <a 'java/lang/ClassNotFoundException': projeto/vendas/tabelas/GuiControleEstrategico_ClienteGeralCustomizer> (0x00000000e22e3a90) thrown at [C:\re\workspace\8-2-build-windows-amd64-cygwin\jdk8u181\11358\hotspot\src\share\vm\classfile\systemDicti
Event: 130.402 Thread 0x0000000018310000 Exception <a 'java/lang/ArrayIndexOutOfBoundsException'> (0x00000000e22e6c40) thrown at [C:\re\workspace\8-2-build-windows-amd64-cygwin\jdk8u181\11358\hotspot\src\share\vm\runtime\sharedRuntime.cpp, line 605]
Event: 130.478 Thread 0x0000000018310000 Implicit null exception at 0x00000000032e35db to 0x00000000032e3825
Event: 171.136 Thread 0x0000000018310000 Implicit null exception at 0x000000000337b70a to 0x000000000337dc55

Events (10 events):
Event: 202.748 Executing VM operation: RevokeBias
Event: 202.749 Executing VM operation: RevokeBias done
Event: 202.749 Executing VM operation: BulkRevokeBias
Event: 202.749 Executing VM operation: BulkRevokeBias done
Event: 202.749 Executing VM operation: RevokeBias
Event: 202.749 Executing VM operation: RevokeBias done
Event: 202.783 Thread 0x000000001af56000 Thread exited: 0x000000001af56000
Event: 202.805 Thread 0x00000000182e4800 Thread exited: 0x00000000182e4800
Event: 202.835 Thread 0x000000001aef6800 Thread exited: 0x000000001aef6800
Event: 202.835 Executing VM operation: Exit


Dynamic libraries:
0x00007ff7a24b0000 - 0x00007ff7a24e7000 	C:\Program Files\Java\jdk1.8.0_181\jre\bin\java.exe
0x00007ffc9afa0000 - 0x00007ffc9b181000 	C:\WINDOWS\SYSTEM32\ntdll.dll
0x00007ffc9aa50000 - 0x00007ffc9ab02000 	C:\WINDOWS\System32\KERNEL32.DLL
0x00007ffc97900000 - 0x00007ffc97b73000 	C:\WINDOWS\System32\KERNELBASE.dll
0x00007ffc9a550000 - 0x00007ffc9a5f1000 	C:\WINDOWS\System32\ADVAPI32.dll
0x00007ffc984a0000 - 0x00007ffc9853e000 	C:\WINDOWS\System32\msvcrt.dll
0x00007ffc9ab40000 - 0x00007ffc9ab9b000 	C:\WINDOWS\System32\sechost.dll
0x00007ffc9ad40000 - 0x00007ffc9ae64000 	C:\WINDOWS\System32\RPCRT4.dll
0x00007ffc98760000 - 0x00007ffc988f0000 	C:\WINDOWS\System32\USER32.dll
0x00007ffc97780000 - 0x00007ffc977a0000 	C:\WINDOWS\System32\win32u.dll
0x00007ffc9af40000 - 0x00007ffc9af68000 	C:\WINDOWS\System32\GDI32.dll
0x00007ffc98290000 - 0x00007ffc98422000 	C:\WINDOWS\System32\gdi32full.dll
0x00007ffc97420000 - 0x00007ffc974bf000 	C:\WINDOWS\System32\msvcp_win.dll
0x00007ffc977a0000 - 0x00007ffc9789a000 	C:\WINDOWS\System32\ucrtbase.dll
0x00007ffc87790000 - 0x00007ffc879f9000 	C:\WINDOWS\WinSxS\amd64_microsoft.windows.common-controls_6595b64144ccf1df_6.0.17134.407_none_fb449d63306391e9\COMCTL32.dll
0x00007ffc98b70000 - 0x00007ffc98e92000 	C:\WINDOWS\System32\combase.dll
0x00007ffc974c0000 - 0x00007ffc9753a000 	C:\WINDOWS\System32\bcryptPrimitives.dll
0x00007ffc9ab10000 - 0x00007ffc9ab3d000 	C:\WINDOWS\System32\IMM32.DLL
0x0000000072e00000 - 0x0000000072ed2000 	C:\Program Files\Java\jdk1.8.0_181\jre\bin\msvcr100.dll
0x0000000072ee0000 - 0x0000000073782000 	C:\Program Files\Java\jdk1.8.0_181\jre\bin\server\jvm.dll
0x00007ffc9a3b0000 - 0x00007ffc9a3b8000 	C:\WINDOWS\System32\PSAPI.DLL
0x00007ffc8a880000 - 0x00007ffc8a889000 	C:\WINDOWS\SYSTEM32\WSOCK32.dll
0x00007ffc94150000 - 0x00007ffc94173000 	C:\WINDOWS\SYSTEM32\WINMM.dll
0x00007ffc98ea0000 - 0x00007ffc98f0c000 	C:\WINDOWS\System32\WS2_32.dll
0x00007ffc8b7a0000 - 0x00007ffc8b7aa000 	C:\WINDOWS\SYSTEM32\VERSION.dll
0x00007ffc94120000 - 0x00007ffc9414a000 	C:\WINDOWS\SYSTEM32\WINMMBASE.dll
0x00007ffc97730000 - 0x00007ffc97779000 	C:\WINDOWS\System32\cfgmgr32.dll
0x0000000072db0000 - 0x0000000072dbf000 	C:\Program Files\Java\jdk1.8.0_181\jre\bin\verify.dll
0x0000000072d80000 - 0x0000000072da9000 	C:\Program Files\Java\jdk1.8.0_181\jre\bin\java.dll
0x0000000072d60000 - 0x0000000072d76000 	C:\Program Files\Java\jdk1.8.0_181\jre\bin\zip.dll
0x00007ffc98f70000 - 0x00007ffc9a3af000 	C:\WINDOWS\System32\SHELL32.dll
0x00007ffc986b0000 - 0x00007ffc98759000 	C:\WINDOWS\System32\shcore.dll
0x00007ffc97b80000 - 0x00007ffc9828d000 	C:\WINDOWS\System32\windows.storage.dll
0x00007ffc98f10000 - 0x00007ffc98f61000 	C:\WINDOWS\System32\shlwapi.dll
0x00007ffc972b0000 - 0x00007ffc972c1000 	C:\WINDOWS\System32\kernel.appcore.dll
0x00007ffc972e0000 - 0x00007ffc972ff000 	C:\WINDOWS\System32\profapi.dll
0x00007ffc97320000 - 0x00007ffc9736c000 	C:\WINDOWS\System32\powrprof.dll
0x00007ffc972d0000 - 0x00007ffc972da000 	C:\WINDOWS\System32\FLTLIB.DLL
0x00007ffc68230000 - 0x00007ffc6831e000 	C:\Program Files\NoPing Tunnel v15\ProxyIntercept64.dll
0x00007ffc71f20000 - 0x00007ffc71fc6000 	C:\WINDOWS\SYSTEM32\MSVCP120.dll
0x00007ffc72050000 - 0x00007ffc7213f000 	C:\WINDOWS\SYSTEM32\MSVCR120.dll
0x00007ffc96850000 - 0x00007ffc96888000 	C:\WINDOWS\SYSTEM32\IPHLPAPI.DLL
0x00007ffc96ad0000 - 0x00007ffc96b36000 	C:\WINDOWS\system32\mswsock.dll
0x00007ffc98540000 - 0x00007ffc98548000 	C:\WINDOWS\System32\NSI.dll
0x0000000072b80000 - 0x0000000072d19000 	C:\Program Files\Java\jdk1.8.0_181\jre\bin\awt.dll
0x00007ffc9ae70000 - 0x00007ffc9af32000 	C:\WINDOWS\System32\OLEAUT32.dll
0x00007ffc95700000 - 0x00007ffc9578b000 	C:\WINDOWS\SYSTEM32\apphelp.dll
0x00007ffc95960000 - 0x00007ffc959f8000 	C:\WINDOWS\system32\uxtheme.dll
0x00007ffc98950000 - 0x00007ffc98ac3000 	C:\WINDOWS\System32\MSCTF.dll
0x00007ffc71e90000 - 0x00007ffc71f1b000 	C:\Program Files\NoPing Tunnel v15\iLdr64.dll
0x00007ffc95a40000 - 0x00007ffc95a69000 	C:\WINDOWS\system32\dwmapi.dll
0x00007ffc98550000 - 0x00007ffc986a1000 	C:\WINDOWS\System32\ole32.dll
0x00007ffc83dc0000 - 0x00007ffc83ee0000 	C:\WINDOWS\system32\opengl32.dll
0x00007ffc85460000 - 0x00007ffc8548c000 	C:\WINDOWS\SYSTEM32\GLU32.dll
0x0000000072b30000 - 0x0000000072b77000 	C:\Program Files\Java\jdk1.8.0_181\jre\bin\fontmanager.dll
0x0000000072d40000 - 0x0000000072d5a000 	C:\Program Files\Java\jdk1.8.0_181\jre\bin\net.dll
0x0000000072d20000 - 0x0000000072d31000 	C:\Program Files\Java\jdk1.8.0_181\jre\bin\nio.dll
0x0000000072ae0000 - 0x0000000072b22000 	C:\Program Files\Java\jdk1.8.0_181\jre\bin\t2k.dll
0x00007ffc98ad0000 - 0x00007ffc98b70000 	C:\WINDOWS\System32\clbcatq.dll
0x00007ffc92ac0000 - 0x00007ffc92c6e000 	C:\WINDOWS\SYSTEM32\WindowsCodecs.dll
0x00007ffc8dbe0000 - 0x00007ffc8dc76000 	C:\WINDOWS\System32\TextInputFramework.dll
0x00007ffc951c0000 - 0x00007ffc9529a000 	C:\WINDOWS\System32\CoreMessaging.dll
0x00007ffc925a0000 - 0x00007ffc928be000 	C:\WINDOWS\System32\CoreUIComponents.dll
0x00007ffc92450000 - 0x00007ffc9259d000 	C:\WINDOWS\SYSTEM32\wintypes.dll
0x00007ffc963a0000 - 0x00007ffc963d1000 	C:\WINDOWS\SYSTEM32\ntmarta.dll
0x0000000072ad0000 - 0x0000000072add000 	C:\Program Files\Java\jdk1.8.0_181\jre\bin\management.dll
0x000000001b540000 - 0x000000001b5fe000 	C:\WINDOWS\SYSTEM32\DNSAPI.dll
0x00007ffc8e850000 - 0x00007ffc8e85a000 	C:\Windows\System32\rasadhlp.dll
0x00007ffc8eee0000 - 0x00007ffc8ef52000 	C:\WINDOWS\System32\fwpuclnt.dll
0x00007ffc96db0000 - 0x00007ffc96dd5000 	C:\WINDOWS\SYSTEM32\bcrypt.dll
0x00007ffc96c80000 - 0x00007ffc96c97000 	C:\WINDOWS\SYSTEM32\CRYPTSP.dll
0x00007ffc966b0000 - 0x00007ffc966e3000 	C:\WINDOWS\system32\rsaenh.dll
0x00007ffc971b0000 - 0x00007ffc971d8000 	C:\WINDOWS\SYSTEM32\USERENV.dll
0x00007ffc96ca0000 - 0x00007ffc96cab000 	C:\WINDOWS\SYSTEM32\CRYPTBASE.dll
0x00007ffc902b0000 - 0x00007ffc902c6000 	C:\WINDOWS\SYSTEM32\dhcpcsvc6.DLL
0x00007ffc90290000 - 0x00007ffc902aa000 	C:\WINDOWS\SYSTEM32\dhcpcsvc.DLL
0x00007ffc886f0000 - 0x00007ffc88706000 	C:\WINDOWS\system32\napinsp.dll
0x00007ffc886d0000 - 0x00007ffc886ea000 	C:\WINDOWS\system32\pnrpnsp.dll
0x00007ffc93b10000 - 0x00007ffc93b29000 	C:\WINDOWS\system32\NLAapi.dll
0x00007ffc88690000 - 0x00007ffc8869e000 	C:\WINDOWS\System32\winrnr.dll
0x00007ffc8a550000 - 0x00007ffc8a719000 	C:\WINDOWS\SYSTEM32\dbghelp.dll

VM Arguments:
jvm_args: -Dfile.encoding=UTF-8 
java_command: projeto.vendas.view.GuiLogin
java_class_path (initial): D:\TCC - Fatec 2018\PHappy-Vendas\ojdbc6_g.jar;C:\Program Files (x86)\NetBeans 8.2\java\modules\ext\beansbinding-1.2.1.jar;C:\Program Files (x86)\NetBeans 8.2\enterprise\modules\ext\jaxrs-2.0\javax.ws.rs-api-2.0.jar;C:\Program Files (x86)\NetBeans 8.2\enterprise\modules\ext\jersey2\ext\asm-all-repackaged-2.2.0-b21.jar;C:\Program Files (x86)\NetBeans 8.2\enterprise\modules\ext\jersey2\ext\cglib-2.2.0-b21.jar;C:\Program Files (x86)\NetBeans 8.2\enterprise\modules\ext\jersey2\ext\guava-14.0.1.jar;C:\Program Files (x86)\NetBeans 8.2\enterprise\modules\ext\jersey2\ext\hk2-api-2.2.0-b21.jar;C:\Program Files (x86)\NetBeans 8.2\enterprise\modules\ext\jersey2\ext\hk2-locator-2.2.0-b21.jar;C:\Program Files (x86)\NetBeans 8.2\enterprise\modules\ext\jersey2\ext\hk2-utils-2.2.0-b21.jar;C:\Program Files (x86)\NetBeans 8.2\enterprise\modules\ext\jersey2\ext\javax.annotation-api-1.2.jar;C:\Program Files (x86)\NetBeans 8.2\enterprise\modules\ext\jersey2\ext\javax.inject-2.2.0-b21.jar;C:\Program Files (x86)\NetBeans 8.2\enterprise\modules\ext\jersey2\ext\javax.servlet-api-3.0.1.jar;C:\Program Files (x86)\NetBeans 8.2\enterprise\modules\ext\jersey2\ext\jaxb-api-2.2.7.jar;C:\Program Files (x86)\NetBeans 8.2\enterprise\modules\ext\jersey2\ext\jersey-entity-filtering-2.5.1.jar;C:\Program Files (x86)\NetBeans 8.2\enterprise\modules\ext\jersey2\ext\jersey-media-moxy-2.5.1.jar;C:\Program Files (x86)\NetBeans 8.2\enterprise\modules\ext\jersey2\ext\org.osgi.core-4.2.0.jar;C:\Program Files (x86)\NetBeans 8.2\enterprise\modules\ext\jersey2\ext\osgi-resource-locator-1.0.1.jar;C:\Program Files (x86)\NetBeans 8.2\enterprise\modules\ext\jersey2\ext\persistence-api-1.0.jar;C:\Program Files (x86)\NetBeans 8.2\enterprise\modules\ext\jersey2\ext\validation-api-1.1.0.Final.jar;C:\Program Files (x86)\NetBeans 8.2\enterprise\modules\ext\jersey2\jersey-client.jar;C:\Program Files (x86)\NetBeans 8.2\enterprise\modules\ext\jersey2\jersey-common.jar;C:\Program Files (x86)\NetBeans
Launcher Type: SUN_STANDARD

Environment Variables:
JAVA_HOME=C:\Program Files (x86)\Java\jdk1.8.0_181
PATH=C:\WINDOWS\system32;C:\WINDOWS;C:\WINDOWS\System32\Wbem;C:\WINDOWS\System32\WindowsPowerShell\v1.0\;C:\Program Files\dotnet\;C:\WINDOWS\System32\OpenSSH\;C:\Users\ferna\AppData\Local\Microsoft\WindowsApps;
USERNAME=Fernando
OS=Windows_NT
PROCESSOR_IDENTIFIER=Intel64 Family 6 Model 58 Stepping 9, GenuineIntel



---------------  S Y S T E M  ---------------

OS: Windows 10.0 , 64 bit Build 17134 (10.0.17134.1)

CPU:total 2 (initial active 2) (2 cores per cpu, 1 threads per core) family 6 model 58 stepping 9, cmov, cx8, fxsr, mmx, sse, sse2, sse3, ssse3, sse4.1, sse4.2, popcnt, clmul, erms, tsc, tscinvbit, tscinv

Memory: 4k page, physical 5989528k(1360776k free), swap 8422572k(1899128k free)

vm_info: Java HotSpot(TM) 64-Bit Server VM (25.181-b13) for windows-amd64 JRE (1.8.0_181-b13), built on Jul  7 2018 04:01:33 by "java_re" with MS VC++ 10.0 (VS2010)

time: Sun Nov 25 15:56:38 2018
elapsed time: 203 seconds (0d 0h 3m 23s)

