#
# A fatal error has been detected by the Java Runtime Environment:
#
#  Internal Error (0xc000000d), pid=4160, tid=0x00000000000012a0
#
# JRE version: Java(TM) SE Runtime Environment (8.0_181-b13) (build 1.8.0_181-b13)
# Java VM: Java HotSpot(TM) 64-Bit Server VM (25.181-b13 mixed mode windows-amd64 compressed oops)
# Problematic frame:
# C  [ntdll.dll+0x108b60]
#
# Failed to write core dump. Minidumps are not enabled by default on client versions of Windows
#
# If you would like to submit a bug report, please visit:
#   http://bugreport.java.com/bugreport/crash.jsp
#

---------------  T H R E A D  ---------------

Current thread (0x0000000016216000):  VMThread [stack: 0x0000000016e90000,0x0000000016f90000] [id=4768]

siginfo: ExceptionCode=0xc000000d

Registers:
RAX=0x00007ffc0c3d70e0, RBX=0xfffffffffffffffe, RCX=0x0000b7870d662b70, RDX=0x0000000061034e7e
RSP=0x0000000016f8ec10, RBP=0x00007ffbfa5071bc, RSI=0x0000000000000000, RDI=0x0000000000000238
R8 =0x0000000061034e7e, R9 =0x0000000016f8eb00, R10=0x0000000000000000, R11=0x000000000000004b
R12=0x000000000094b610, R13=0x00000000009891d0, R14=0x000000000094b718, R15=0x0000000016f8ed88
RIP=0x00007ffc0c498b60, EFLAGS=0x0000000000000206

Top of Stack: (sp=0x0000000016f8ec10)
0x0000000016f8ec10:   0000000000000057 fffffffffffffffe
0x0000000016f8ec20:   0000000000000000 0000000000000238
0x0000000016f8ec30:   00000000c000000d 0000000000000000
0x0000000016f8ec40:   00007ffc0c498b60 0000000000000000
0x0000000016f8ec50:   0000000000000000 0000000000000000
0x0000000016f8ec60:   0000000000000000 0000000000000000
0x0000000016f8ec70:   0000000000000000 0000000000000000
0x0000000016f8ec80:   0000000000000000 0000000000000000
0x0000000016f8ec90:   0000000000000000 0000000000000000
0x0000000016f8eca0:   0000000000000000 0000000000000000
0x0000000016f8ecb0:   0000000000000000 0000000000000000
0x0000000016f8ecc0:   0000000000000000 0000000000000000
0x0000000016f8ecd0:   0000b7870d662130 0000000000000000
0x0000000016f8ece0:   0000000000800000 00007ffc0c44731f
0x0000000016f8ecf0:   00000000005d0000 0000000000000003
0x0000000016f8ed00:   0000000000003070 0000000000000000 

Instructions: (pc=0x00007ffc0c498b60)
0x00007ffc0c498b40:   7f f9 ff c7 44 24 20 0d 00 00 c0 b9 57 00 00 00
0x00007ffc0c498b50:   e8 4b e5 f3 ff 90 48 8d 4c 24 20 e8 50 c4 ef ff
0x00007ffc0c498b60:   eb 00 48 8b 8c 24 c0 00 00 00 48 33 cc e8 ce 1a
0x00007ffc0c498b70:   f8 ff 48 81 c4 d8 00 00 00 c3 40 55 48 83 ec 20 


Register to memory mapping:

RAX=0x00007ffc0c3d70e0 is an unknown value
RBX=0xfffffffffffffffe is an unknown value
RCX=0x0000b7870d662b70 is an unknown value
RDX=0x0000000061034e7e is an unknown value
RSP=0x0000000016f8ec10 is an unknown value
RBP=0x00007ffbfa5071bc is an unknown value
RSI=0x0000000000000000 is an unknown value
RDI=0x0000000000000238 is an unknown value
R8 =0x0000000061034e7e is an unknown value
R9 =0x0000000016f8eb00 is an unknown value
R10=0x0000000000000000 is an unknown value
R11=0x000000000000004b is an unknown value
R12=0x000000000094b610 is an unknown value
R13=0x00000000009891d0 is an unknown value
R14=0x000000000094b718 is an unknown value
R15=0x0000000016f8ed88 is an unknown value


Stack: [0x0000000016e90000,0x0000000016f90000],  sp=0x0000000016f8ec10,  free space=1019k
Native frames: (J=compiled Java code, j=interpreted, Vv=VM code, C=native code)
C  [ntdll.dll+0x108b60]
C  [ntdll.dll+0xb731f]
C  [KERNEL32.DLL+0x1e36a]
C  [MSVCR120.dll+0x72e1]
C  [MSVCR120.dll+0x149d3]
C  [MSVCR120.dll+0x13c06]
C  [MSVCR120.dll+0x22da]
C  [MSVCR120.dll+0xae32]
C  [MSVCP120.dll+0x3cd49]
C  [ProxyIntercept64.dll+0x44eb4]
C  [ProxyIntercept64.dll+0x45066]
C  [ProxyIntercept64.dll+0x90df8]
C  [ProxyIntercept64.dll+0x96ee4]
C  [ProxyIntercept64.dll+0x96e92]
C  [ProxyIntercept64.dll+0x9227c]
C  [ProxyIntercept64.dll+0x1e7a9]
C  [ProxyIntercept64.dll+0x1e977]
C  [ProxyIntercept64.dll+0x28806]
C  [ProxyIntercept64.dll+0x2855a]
C  [ProxyIntercept64.dll+0x18528]
C  [ProxyIntercept64.dll+0x1a317]
C  [ProxyIntercept64.dll+0x18361]
C  [ProxyIntercept64.dll+0xa4bf0]
C  [ProxyIntercept64.dll+0x9a95c]
C  [ProxyIntercept64.dll+0x9abde]
C  [ntdll.dll+0x34063]
C  [ntdll.dll+0x40a15]
C  [ntdll.dll+0x408d8]
C  [KERNEL32.DLL+0x1b19a]
C  [msvcr100.dll+0x20ccd]
V  [jvm.dll+0x2139a5]
V  [jvm.dll+0x24cc27]
V  [jvm.dll+0x24bec6]
V  [jvm.dll+0x24c361]
V  [jvm.dll+0x24c57e]
V  [jvm.dll+0x29e64a]
C  [msvcr100.dll+0x21d9f]
C  [msvcr100.dll+0x21e3b]
C  [KERNEL32.DLL+0x13034]
C  [ntdll.dll+0x71471]

VM_Operation (0x0000000019a9caa0): Exit, mode: safepoint, requested by thread 0x00000000182e1000


---------------  P R O C E S S  ---------------

Java Threads: ( => current thread )
  0x0000000017b4d800 JavaThread "Thread-0" daemon [_thread_blocked, id=6696, stack(0x000000001ccf0000,0x000000001cdf0000)]
  0x00000000183bb800 JavaThread "Image Fetcher 1" daemon [_thread_blocked, id=3624, stack(0x000000001a1a0000,0x000000001a2a0000)]
  0x000000001839f800 JavaThread "Image Fetcher 0" daemon [_thread_blocked, id=7204, stack(0x0000000019ea0000,0x0000000019fa0000)]
  0x000000001839e000 JavaThread "TimerQueue" daemon [_thread_blocked, id=9132, stack(0x0000000019da0000,0x0000000019ea0000)]
  0x00000000028c7000 JavaThread "DestroyJavaVM" [_thread_blocked, id=2636, stack(0x0000000002770000,0x0000000002870000)]
  0x00000000182e1000 JavaThread "AWT-EventQueue-0" [_thread_blocked, id=8352, stack(0x00000000199a0000,0x0000000019aa0000)]
  0x00000000182d1000 JavaThread "AWT-Shutdown" [_thread_blocked, id=5020, stack(0x00000000186f0000,0x00000000187f0000)]
  0x00000000182d0000 JavaThread "Java2D Disposer" daemon [_thread_blocked, id=3840, stack(0x00000000185f0000,0x00000000186f0000)]
  0x00000000162b5800 JavaThread "Service Thread" daemon [_thread_blocked, id=5644, stack(0x00000000176a0000,0x00000000177a0000)]
  0x00000000162b0800 JavaThread "C1 CompilerThread1" daemon [_thread_blocked, id=4776, stack(0x00000000175a0000,0x00000000176a0000)]
  0x000000001625f000 JavaThread "C2 CompilerThread0" daemon [_thread_blocked, id=8148, stack(0x00000000174a0000,0x00000000175a0000)]
  0x000000001625c000 JavaThread "Attach Listener" daemon [_thread_blocked, id=8816, stack(0x00000000173a0000,0x00000000174a0000)]
  0x000000001623e000 JavaThread "Finalizer" daemon [_thread_blocked, id=8800, stack(0x0000000017090000,0x0000000017190000)]
  0x00000000029b5000 JavaThread "Reference Handler" daemon [_thread_blocked, id=5372, stack(0x0000000016f90000,0x0000000017090000)]

Other Threads:
=>0x0000000016216000 VMThread [stack: 0x0000000016e90000,0x0000000016f90000] [id=4768]

VM state:at safepoint (shutting down)

VM Mutex/Monitor currently owned by a thread:  ([mutex/lock_event])
[0x00000000028bddd0] Threads_lock - owner thread: 0x0000000016216000

Heap:
 PSYoungGen      total 27648K, used 7765K [0x00000000e1800000, 0x00000000e3680000, 0x0000000100000000)
  eden space 24064K, 32% used [0x00000000e1800000,0x00000000e1f954d0,0x00000000e2f80000)
  from space 3584K, 0% used [0x00000000e3300000,0x00000000e3300000,0x00000000e3680000)
  to   space 3584K, 0% used [0x00000000e2f80000,0x00000000e2f80000,0x00000000e3300000)
 ParOldGen       total 52224K, used 7647K [0x00000000a4800000, 0x00000000a7b00000, 0x00000000e1800000)
  object space 52224K, 14% used [0x00000000a4800000,0x00000000a4f77ed8,0x00000000a7b00000)
 Metaspace       used 23148K, capacity 23348K, committed 23552K, reserved 1071104K
  class space    used 2447K, capacity 2518K, committed 2560K, reserved 1048576K

Card table byte_map: [0x0000000012180000,0x0000000012460000] byte_map_base: 0x0000000011c5c000

Marking Bits: (ParMarkBitMap*) 0x00000000618e2d00
 Begin Bits: [0x0000000012850000, 0x0000000013f30000)
 End Bits:   [0x0000000013f30000, 0x0000000015610000)

Polling page: 0x0000000000d30000

CodeCache: size=245760Kb used=4669Kb max_used=4672Kb free=241090Kb
 bounds [0x00000000029c0000, 0x0000000002e60000, 0x00000000119c0000]
 total_blobs=1956 nmethods=1374 adapters=495
 compilation: enabled

Compilation events (10 events):
Event: 6.430 Thread 0x00000000162b0800 1370       3       java.util.concurrent.locks.ReentrantLock$Sync::nonfairTryAcquire (67 bytes)
Event: 6.430 Thread 0x00000000162b0800 nmethod 1370 0x0000000002e4e350 code [0x0000000002e4e4e0, 0x0000000002e4ec08]
Event: 6.445 Thread 0x000000001625f000 1371       4       java.util.ArrayList$Itr::hasNext (20 bytes)
Event: 6.446 Thread 0x000000001625f000 nmethod 1371 0x0000000002e51a10 code [0x0000000002e51b40, 0x0000000002e51bd8]
Event: 6.453 Thread 0x00000000162b0800 1372       3       sun.awt.windows.WToolkit::targetToPeer (5 bytes)
Event: 6.454 Thread 0x00000000162b0800 nmethod 1372 0x0000000002e50f10 code [0x0000000002e510e0, 0x0000000002e51798]
Event: 6.879 Thread 0x00000000162b0800 1373       3       java.util.logging.LogManager$LoggerContext::ensureDefaultLogger (70 bytes)
Event: 6.880 Thread 0x00000000162b0800 nmethod 1373 0x0000000002e502d0 code [0x0000000002e50480, 0x0000000002e50d08]
Event: 6.903 Thread 0x00000000162b0800 1374  s    3       java.util.Hashtable::containsKey (65 bytes)
Event: 6.903 Thread 0x00000000162b0800 nmethod 1374 0x0000000002e4f890 code [0x0000000002e4fa20, 0x0000000002e50058]

GC Heap History (6 events):
Event: 1.358 GC heap before
{Heap before GC invocations=1 (full 0):
 PSYoungGen      total 27648K, used 24062K [0x00000000e1800000, 0x00000000e3680000, 0x0000000100000000)
  eden space 24064K, 99% used [0x00000000e1800000,0x00000000e2f7fb70,0x00000000e2f80000)
  from space 3584K, 0% used [0x00000000e3300000,0x00000000e3300000,0x00000000e3680000)
  to   space 3584K, 0% used [0x00000000e2f80000,0x00000000e2f80000,0x00000000e3300000)
 ParOldGen       total 62976K, used 0K [0x00000000a4800000, 0x00000000a8580000, 0x00000000e1800000)
  object space 62976K, 0% used [0x00000000a4800000,0x00000000a4800000,0x00000000a8580000)
 Metaspace       used 13725K, capacity 13932K, committed 14080K, reserved 1060864K
  class space    used 1626K, capacity 1706K, committed 1792K, reserved 1048576K
Event: 1.366 GC heap after
Heap after GC invocations=1 (full 0):
 PSYoungGen      total 27648K, used 3570K [0x00000000e1800000, 0x00000000e3680000, 0x0000000100000000)
  eden space 24064K, 0% used [0x00000000e1800000,0x00000000e1800000,0x00000000e2f80000)
  from space 3584K, 99% used [0x00000000e2f80000,0x00000000e32fca00,0x00000000e3300000)
  to   space 3584K, 0% used [0x00000000e3300000,0x00000000e3300000,0x00000000e3680000)
 ParOldGen       total 62976K, used 1252K [0x00000000a4800000, 0x00000000a8580000, 0x00000000e1800000)
  object space 62976K, 1% used [0x00000000a4800000,0x00000000a4939228,0x00000000a8580000)
 Metaspace       used 13725K, capacity 13932K, committed 14080K, reserved 1060864K
  class space    used 1626K, capacity 1706K, committed 1792K, reserved 1048576K
}
Event: 4.158 GC heap before
{Heap before GC invocations=2 (full 0):
 PSYoungGen      total 27648K, used 21502K [0x00000000e1800000, 0x00000000e3680000, 0x0000000100000000)
  eden space 24064K, 74% used [0x00000000e1800000,0x00000000e2983030,0x00000000e2f80000)
  from space 3584K, 99% used [0x00000000e2f80000,0x00000000e32fca00,0x00000000e3300000)
  to   space 3584K, 0% used [0x00000000e3300000,0x00000000e3300000,0x00000000e3680000)
 ParOldGen       total 62976K, used 1252K [0x00000000a4800000, 0x00000000a8580000, 0x00000000e1800000)
  object space 62976K, 1% used [0x00000000a4800000,0x00000000a4939228,0x00000000a8580000)
 Metaspace       used 20956K, capacity 21100K, committed 21248K, reserved 1069056K
  class space    used 2144K, capacity 2218K, committed 2304K, reserved 1048576K
Event: 4.166 GC heap after
Heap after GC invocations=2 (full 0):
 PSYoungGen      total 27648K, used 3566K [0x00000000e1800000, 0x00000000e3680000, 0x0000000100000000)
  eden space 24064K, 0% used [0x00000000e1800000,0x00000000e1800000,0x00000000e2f80000)
  from space 3584K, 99% used [0x00000000e3300000,0x00000000e367bb58,0x00000000e3680000)
  to   space 3584K, 0% used [0x00000000e2f80000,0x00000000e2f80000,0x00000000e3300000)
 ParOldGen       total 62976K, used 4876K [0x00000000a4800000, 0x00000000a8580000, 0x00000000e1800000)
  object space 62976K, 7% used [0x00000000a4800000,0x00000000a4cc3200,0x00000000a8580000)
 Metaspace       used 20956K, capacity 21100K, committed 21248K, reserved 1069056K
  class space    used 2144K, capacity 2218K, committed 2304K, reserved 1048576K
}
Event: 4.166 GC heap before
{Heap before GC invocations=3 (full 1):
 PSYoungGen      total 27648K, used 3566K [0x00000000e1800000, 0x00000000e3680000, 0x0000000100000000)
  eden space 24064K, 0% used [0x00000000e1800000,0x00000000e1800000,0x00000000e2f80000)
  from space 3584K, 99% used [0x00000000e3300000,0x00000000e367bb58,0x00000000e3680000)
  to   space 3584K, 0% used [0x00000000e2f80000,0x00000000e2f80000,0x00000000e3300000)
 ParOldGen       total 62976K, used 4876K [0x00000000a4800000, 0x00000000a8580000, 0x00000000e1800000)
  object space 62976K, 7% used [0x00000000a4800000,0x00000000a4cc3200,0x00000000a8580000)
 Metaspace       used 20956K, capacity 21100K, committed 21248K, reserved 1069056K
  class space    used 2144K, capacity 2218K, committed 2304K, reserved 1048576K
Event: 4.200 GC heap after
Heap after GC invocations=3 (full 1):
 PSYoungGen      total 27648K, used 0K [0x00000000e1800000, 0x00000000e3680000, 0x0000000100000000)
  eden space 24064K, 0% used [0x00000000e1800000,0x00000000e1800000,0x00000000e2f80000)
  from space 3584K, 0% used [0x00000000e3300000,0x00000000e3300000,0x00000000e3680000)
  to   space 3584K, 0% used [0x00000000e2f80000,0x00000000e2f80000,0x00000000e3300000)
 ParOldGen       total 52224K, used 7647K [0x00000000a4800000, 0x00000000a7b00000, 0x00000000e1800000)
  object space 52224K, 14% used [0x00000000a4800000,0x00000000a4f77ed8,0x00000000a7b00000)
 Metaspace       used 20956K, capacity 21100K, committed 21248K, reserved 1069056K
  class space    used 2144K, capacity 2218K, committed 2304K, reserved 1048576K
}

Deoptimization events (10 events):
Event: 1.209 Thread 0x00000000182e1000 Uncommon trap: reason=class_check action=maybe_recompile pc=0x0000000002ca2428 method=java.util.HashMap.putVal(ILjava/lang/Object;Ljava/lang/Object;ZZ)Ljava/lang/Object; @ 253
Event: 1.210 Thread 0x00000000182e1000 Uncommon trap: reason=predicate action=maybe_recompile pc=0x0000000002c9c330 method=java.util.Arrays.binarySearch0([Ljava/lang/Object;IILjava/lang/Object;Ljava/util/Comparator;)I @ 28
Event: 1.215 Thread 0x00000000182e1000 Uncommon trap: reason=class_check action=maybe_recompile pc=0x0000000002ca2428 method=java.util.HashMap.putVal(ILjava/lang/Object;Ljava/lang/Object;ZZ)Ljava/lang/Object; @ 253
Event: 1.223 Thread 0x00000000182e1000 Uncommon trap: reason=unstable_if action=reinterpret pc=0x0000000002c81e58 method=java.util.HashMap.getNode(ILjava/lang/Object;)Ljava/util/HashMap$Node; @ 62
Event: 1.241 Thread 0x00000000182e1000 Uncommon trap: reason=class_check action=maybe_recompile pc=0x0000000002ca2448 method=java.util.HashMap.putVal(ILjava/lang/Object;Ljava/lang/Object;ZZ)Ljava/lang/Object; @ 203
Event: 1.241 Thread 0x00000000182e1000 Uncommon trap: reason=class_check action=maybe_recompile pc=0x0000000002ca2448 method=java.util.HashMap.putVal(ILjava/lang/Object;Ljava/lang/Object;ZZ)Ljava/lang/Object; @ 203
Event: 1.310 Thread 0x00000000182e1000 Uncommon trap: reason=unstable_if action=reinterpret pc=0x0000000002ce6ce4 method=java.io.BufferedReader.read()I @ 19
Event: 5.458 Thread 0x00000000182e1000 Uncommon trap: reason=class_check action=maybe_recompile pc=0x0000000002b494e0 method=java.lang.String.equals(Ljava/lang/Object;)Z @ 8
Event: 5.458 Thread 0x00000000182e1000 Uncommon trap: reason=class_check action=maybe_recompile pc=0x0000000002b494e0 method=java.lang.String.equals(Ljava/lang/Object;)Z @ 8
Event: 5.458 Thread 0x00000000182e1000 Uncommon trap: reason=class_check action=maybe_recompile pc=0x0000000002b494e0 method=java.lang.String.equals(Ljava/lang/Object;)Z @ 8

Classes redefined (0 events):
No events

Internal exceptions (10 events):
Event: 0.750 Thread 0x00000000182e1000 Implicit null exception at 0x0000000002bdb616 to 0x0000000002bdb9a1
Event: 1.233 Thread 0x00000000182e1000 Exception <a 'java/lang/ArrayIndexOutOfBoundsException'> (0x00000000e2bfccc8) thrown at [C:\re\workspace\8-2-build-windows-amd64-cygwin\jdk8u181\11358\hotspot\src\share\vm\runtime\sharedRuntime.cpp, line 605]
Event: 1.233 Thread 0x00000000182e1000 Exception <a 'java/lang/ArrayIndexOutOfBoundsException'> (0x00000000e2bfdc28) thrown at [C:\re\workspace\8-2-build-windows-amd64-cygwin\jdk8u181\11358\hotspot\src\share\vm\runtime\sharedRuntime.cpp, line 605]
Event: 1.234 Thread 0x00000000182e1000 Exception <a 'java/lang/ArrayIndexOutOfBoundsException'> (0x00000000e2bfedc8) thrown at [C:\re\workspace\8-2-build-windows-amd64-cygwin\jdk8u181\11358\hotspot\src\share\vm\runtime\sharedRuntime.cpp, line 605]
Event: 1.235 Thread 0x00000000182e1000 Exception <a 'java/lang/ArrayIndexOutOfBoundsException'> (0x00000000e2c00810) thrown at [C:\re\workspace\8-2-build-windows-amd64-cygwin\jdk8u181\11358\hotspot\src\share\vm\runtime\sharedRuntime.cpp, line 605]
Event: 1.259 Thread 0x00000000182e1000 Exception <a 'java/lang/ArrayIndexOutOfBoundsException'> (0x00000000e2c272a0) thrown at [C:\re\workspace\8-2-build-windows-amd64-cygwin\jdk8u181\11358\hotspot\src\share\vm\runtime\sharedRuntime.cpp, line 605]
Event: 1.259 Thread 0x00000000182e1000 Exception <a 'java/lang/ArrayIndexOutOfBoundsException'> (0x00000000e2c286f0) thrown at [C:\re\workspace\8-2-build-windows-amd64-cygwin\jdk8u181\11358\hotspot\src\share\vm\runtime\sharedRuntime.cpp, line 605]
Event: 1.260 Thread 0x00000000182e1000 Exception <a 'java/lang/ArrayIndexOutOfBoundsException'> (0x00000000e2c2a250) thrown at [C:\re\workspace\8-2-build-windows-amd64-cygwin\jdk8u181\11358\hotspot\src\share\vm\runtime\sharedRuntime.cpp, line 605]
Event: 1.269 Thread 0x00000000182e1000 Exception <a 'java/lang/ArrayIndexOutOfBoundsException'> (0x00000000e2c50270) thrown at [C:\re\workspace\8-2-build-windows-amd64-cygwin\jdk8u181\11358\hotspot\src\share\vm\runtime\sharedRuntime.cpp, line 605]
Event: 1.274 Thread 0x00000000182e1000 Exception <a 'java/lang/ArrayIndexOutOfBoundsException'> (0x00000000e2c5e390) thrown at [C:\re\workspace\8-2-build-windows-amd64-cygwin\jdk8u181\11358\hotspot\src\share\vm\runtime\sharedRuntime.cpp, line 605]

Events (10 events):
Event: 6.057 loading class javax/swing/table/DefaultTableCellRenderer$UIResource done
Event: 6.057 loading class javax/swing/JTable$NumberRenderer done
Event: 6.878 Thread 0x0000000017b4d800 Thread added: 0x0000000017b4d800
Event: 6.878 Thread 0x0000000017b4e800 Thread added: 0x0000000017b4e800
Event: 6.878 Thread 0x0000000017b4f000 Thread added: 0x0000000017b4f000
Event: 6.902 Thread 0x0000000017b4f000 Thread exited: 0x0000000017b4f000
Event: 6.903 Thread 0x0000000017b4e800 Thread exited: 0x0000000017b4e800
Event: 6.920 Thread 0x00000000182d3800 Thread exited: 0x00000000182d3800
Event: 6.988 Thread 0x0000000016258800 Thread exited: 0x0000000016258800
Event: 6.988 Executing VM operation: Exit


Dynamic libraries:
0x00007ff760690000 - 0x00007ff7606c7000 	C:\Program Files\Java\jdk1.8.0_181\jre\bin\java.exe
0x00007ffc0c390000 - 0x00007ffc0c571000 	C:\WINDOWS\SYSTEM32\ntdll.dll
0x00007ffc0bad0000 - 0x00007ffc0bb82000 	C:\WINDOWS\System32\KERNEL32.DLL
0x00007ffc09200000 - 0x00007ffc09473000 	C:\WINDOWS\System32\KERNELBASE.dll
0x00007ffc0c2b0000 - 0x00007ffc0c351000 	C:\WINDOWS\System32\ADVAPI32.dll
0x00007ffc09de0000 - 0x00007ffc09e7e000 	C:\WINDOWS\System32\msvcrt.dll
0x00007ffc09ef0000 - 0x00007ffc09f4b000 	C:\WINDOWS\System32\sechost.dll
0x00007ffc09b10000 - 0x00007ffc09c34000 	C:\WINDOWS\System32\RPCRT4.dll
0x00007ffc09820000 - 0x00007ffc099b0000 	C:\WINDOWS\System32\USER32.dll
0x00007ffc096a0000 - 0x00007ffc096c0000 	C:\WINDOWS\System32\win32u.dll
0x00007ffc099b0000 - 0x00007ffc099d8000 	C:\WINDOWS\System32\GDI32.dll
0x00007ffc08760000 - 0x00007ffc088f2000 	C:\WINDOWS\System32\gdi32full.dll
0x00007ffc09530000 - 0x00007ffc095cf000 	C:\WINDOWS\System32\msvcp_win.dll
0x00007ffc096c0000 - 0x00007ffc097ba000 	C:\WINDOWS\System32\ucrtbase.dll
0x00007ffbf4b70000 - 0x00007ffbf4dd9000 	C:\WINDOWS\WinSxS\amd64_microsoft.windows.common-controls_6595b64144ccf1df_6.0.17134.407_none_fb449d63306391e9\COMCTL32.dll
0x00007ffc0b7a0000 - 0x00007ffc0bac2000 	C:\WINDOWS\System32\combase.dll
0x00007ffc095d0000 - 0x00007ffc0964a000 	C:\WINDOWS\System32\bcryptPrimitives.dll
0x00007ffc0b3b0000 - 0x00007ffc0b3dd000 	C:\WINDOWS\System32\IMM32.DLL
0x0000000060fe0000 - 0x00000000610b2000 	C:\Program Files\Java\jdk1.8.0_181\jre\bin\msvcr100.dll
0x00000000610c0000 - 0x0000000061962000 	C:\Program Files\Java\jdk1.8.0_181\jre\bin\server\jvm.dll
0x00007ffc09c40000 - 0x00007ffc09c48000 	C:\WINDOWS\System32\PSAPI.DLL
0x00007ffbfdbf0000 - 0x00007ffbfdbf9000 	C:\WINDOWS\SYSTEM32\WSOCK32.dll
0x00007ffc09e80000 - 0x00007ffc09eec000 	C:\WINDOWS\System32\WS2_32.dll
0x00007ffbff3c0000 - 0x00007ffbff3e3000 	C:\WINDOWS\SYSTEM32\WINMM.dll
0x00007ffc00650000 - 0x00007ffc0065a000 	C:\WINDOWS\SYSTEM32\VERSION.dll
0x00007ffbfeb10000 - 0x00007ffbfeb3a000 	C:\WINDOWS\SYSTEM32\WINMMBASE.dll
0x00007ffc09650000 - 0x00007ffc09699000 	C:\WINDOWS\System32\cfgmgr32.dll
0x0000000060f90000 - 0x0000000060f9f000 	C:\Program Files\Java\jdk1.8.0_181\jre\bin\verify.dll
0x0000000060f60000 - 0x0000000060f89000 	C:\Program Files\Java\jdk1.8.0_181\jre\bin\java.dll
0x0000000060f40000 - 0x0000000060f56000 	C:\Program Files\Java\jdk1.8.0_181\jre\bin\zip.dll
0x00007ffbf64b0000 - 0x00007ffbf659e000 	C:\Program Files\NoPing Tunnel v15\ProxyIntercept64.dll
0x00007ffbfa5f0000 - 0x00007ffbfa696000 	C:\WINDOWS\SYSTEM32\MSVCP120.dll
0x00007ffbfa500000 - 0x00007ffbfa5ef000 	C:\WINDOWS\SYSTEM32\MSVCR120.dll
0x00007ffc07c40000 - 0x00007ffc07c78000 	C:\WINDOWS\SYSTEM32\IPHLPAPI.DLL
0x00007ffc07ec0000 - 0x00007ffc07f26000 	C:\WINDOWS\system32\mswsock.dll
0x00007ffc09f50000 - 0x00007ffc09f58000 	C:\WINDOWS\System32\NSI.dll
0x00007ffc09f70000 - 0x00007ffc0b3af000 	C:\WINDOWS\System32\SHELL32.dll
0x00007ffc09c50000 - 0x00007ffc09cf9000 	C:\WINDOWS\System32\shcore.dll
0x00007ffc08af0000 - 0x00007ffc091fd000 	C:\WINDOWS\System32\windows.storage.dll
0x00007ffc09d80000 - 0x00007ffc09dd1000 	C:\WINDOWS\System32\shlwapi.dll
0x00007ffc08740000 - 0x00007ffc08751000 	C:\WINDOWS\System32\kernel.appcore.dll
0x00007ffc08720000 - 0x00007ffc0873f000 	C:\WINDOWS\System32\profapi.dll
0x00007ffc086a0000 - 0x00007ffc086ec000 	C:\WINDOWS\System32\powrprof.dll
0x00007ffc08710000 - 0x00007ffc0871a000 	C:\WINDOWS\System32\FLTLIB.DLL
0x0000000060d60000 - 0x0000000060ef9000 	C:\Program Files\Java\jdk1.8.0_181\jre\bin\awt.dll
0x00007ffc099e0000 - 0x00007ffc09aa2000 	C:\WINDOWS\System32\OLEAUT32.dll
0x00007ffc06b00000 - 0x00007ffc06b8b000 	C:\WINDOWS\SYSTEM32\apphelp.dll
0x00007ffc070b0000 - 0x00007ffc07148000 	C:\WINDOWS\system32\uxtheme.dll
0x00007ffc0bb90000 - 0x00007ffc0bd03000 	C:\WINDOWS\System32\MSCTF.dll
0x00007ffbfbd60000 - 0x00007ffbfbdeb000 	C:\Program Files\NoPing Tunnel v15\iLdr64.dll
0x00007ffc07180000 - 0x00007ffc071a9000 	C:\WINDOWS\system32\dwmapi.dll
0x00007ffc0b3e0000 - 0x00007ffc0b531000 	C:\WINDOWS\System32\ole32.dll
0x00007ffbf0b30000 - 0x00007ffbf0c50000 	C:\WINDOWS\system32\opengl32.dll
0x00007ffbf0ac0000 - 0x00007ffbf0aec000 	C:\WINDOWS\SYSTEM32\GLU32.dll
0x0000000060d10000 - 0x0000000060d57000 	C:\Program Files\Java\jdk1.8.0_181\jre\bin\fontmanager.dll
0x0000000060f20000 - 0x0000000060f3a000 	C:\Program Files\Java\jdk1.8.0_181\jre\bin\net.dll
0x0000000060f00000 - 0x0000000060f11000 	C:\Program Files\Java\jdk1.8.0_181\jre\bin\nio.dll
0x0000000060cc0000 - 0x0000000060d02000 	C:\Program Files\Java\jdk1.8.0_181\jre\bin\t2k.dll
0x00007ffc0b700000 - 0x00007ffc0b7a0000 	C:\WINDOWS\System32\clbcatq.dll
0x00007ffc06bb0000 - 0x00007ffc06d5e000 	C:\WINDOWS\SYSTEM32\WindowsCodecs.dll
0x00007ffbf8a70000 - 0x00007ffbf8b06000 	C:\WINDOWS\System32\TextInputFramework.dll
0x00007ffbf8750000 - 0x00007ffbf8a6e000 	C:\WINDOWS\System32\CoreUIComponents.dll
0x00007ffc06420000 - 0x00007ffc064fa000 	C:\WINDOWS\System32\CoreMessaging.dll
0x00007ffc07790000 - 0x00007ffc077c1000 	C:\WINDOWS\SYSTEM32\ntmarta.dll
0x00007ffc01290000 - 0x00007ffc013dd000 	C:\WINDOWS\SYSTEM32\wintypes.dll
0x0000000060cb0000 - 0x0000000060cbd000 	C:\Program Files\Java\jdk1.8.0_181\jre\bin\management.dll
0x000000001c110000 - 0x000000001c1ce000 	C:\WINDOWS\SYSTEM32\DNSAPI.dll
0x00007ffc015c0000 - 0x00007ffc015ca000 	C:\Windows\System32\rasadhlp.dll
0x00007ffc019f0000 - 0x00007ffc01a62000 	C:\WINDOWS\System32\fwpuclnt.dll
0x00007ffc081a0000 - 0x00007ffc081c5000 	C:\WINDOWS\SYSTEM32\bcrypt.dll
0x00007ffc08070000 - 0x00007ffc08087000 	C:\WINDOWS\SYSTEM32\CRYPTSP.dll
0x00007ffc07aa0000 - 0x00007ffc07ad3000 	C:\WINDOWS\system32\rsaenh.dll
0x00007ffc085d0000 - 0x00007ffc085f8000 	C:\WINDOWS\SYSTEM32\USERENV.dll
0x00007ffc08090000 - 0x00007ffc0809b000 	C:\WINDOWS\SYSTEM32\CRYPTBASE.dll
0x00007ffc038e0000 - 0x00007ffc038f6000 	C:\WINDOWS\SYSTEM32\dhcpcsvc6.DLL
0x00007ffc038c0000 - 0x00007ffc038da000 	C:\WINDOWS\SYSTEM32\dhcpcsvc.DLL
0x00007ffbfbfd0000 - 0x00007ffbfbfe6000 	C:\WINDOWS\system32\napinsp.dll
0x00007ffbfbfb0000 - 0x00007ffbfbfca000 	C:\WINDOWS\system32\pnrpnsp.dll
0x00007ffc04520000 - 0x00007ffc04539000 	C:\WINDOWS\system32\NLAapi.dll
0x00007ffbfbfa0000 - 0x00007ffbfbfae000 	C:\WINDOWS\System32\winrnr.dll
0x00007ffc029c0000 - 0x00007ffc02b89000 	C:\WINDOWS\SYSTEM32\dbghelp.dll

VM Arguments:
jvm_args: -Dfile.encoding=UTF-8 
java_command: projeto.vendas.view.GuiLogin
java_class_path (initial): D:\TCC - Fatec 2018\PHappy-Vendas\ojdbc6_g.jar;C:\Program Files (x86)\NetBeans 8.2\java\modules\ext\beansbinding-1.2.1.jar;C:\Program Files (x86)\NetBeans 8.2\enterprise\modules\ext\jaxrs-2.0\javax.ws.rs-api-2.0.jar;C:\Program Files (x86)\NetBeans 8.2\enterprise\modules\ext\jersey2\ext\asm-all-repackaged-2.2.0-b21.jar;C:\Program Files (x86)\NetBeans 8.2\enterprise\modules\ext\jersey2\ext\cglib-2.2.0-b21.jar;C:\Program Files (x86)\NetBeans 8.2\enterprise\modules\ext\jersey2\ext\guava-14.0.1.jar;C:\Program Files (x86)\NetBeans 8.2\enterprise\modules\ext\jersey2\ext\hk2-api-2.2.0-b21.jar;C:\Program Files (x86)\NetBeans 8.2\enterprise\modules\ext\jersey2\ext\hk2-locator-2.2.0-b21.jar;C:\Program Files (x86)\NetBeans 8.2\enterprise\modules\ext\jersey2\ext\hk2-utils-2.2.0-b21.jar;C:\Program Files (x86)\NetBeans 8.2\enterprise\modules\ext\jersey2\ext\javax.annotation-api-1.2.jar;C:\Program Files (x86)\NetBeans 8.2\enterprise\modules\ext\jersey2\ext\javax.inject-2.2.0-b21.jar;C:\Program Files (x86)\NetBeans 8.2\enterprise\modules\ext\jersey2\ext\javax.servlet-api-3.0.1.jar;C:\Program Files (x86)\NetBeans 8.2\enterprise\modules\ext\jersey2\ext\jaxb-api-2.2.7.jar;C:\Program Files (x86)\NetBeans 8.2\enterprise\modules\ext\jersey2\ext\jersey-entity-filtering-2.5.1.jar;C:\Program Files (x86)\NetBeans 8.2\enterprise\modules\ext\jersey2\ext\jersey-media-moxy-2.5.1.jar;C:\Program Files (x86)\NetBeans 8.2\enterprise\modules\ext\jersey2\ext\org.osgi.core-4.2.0.jar;C:\Program Files (x86)\NetBeans 8.2\enterprise\modules\ext\jersey2\ext\osgi-resource-locator-1.0.1.jar;C:\Program Files (x86)\NetBeans 8.2\enterprise\modules\ext\jersey2\ext\persistence-api-1.0.jar;C:\Program Files (x86)\NetBeans 8.2\enterprise\modules\ext\jersey2\ext\validation-api-1.1.0.Final.jar;C:\Program Files (x86)\NetBeans 8.2\enterprise\modules\ext\jersey2\jersey-client.jar;C:\Program Files (x86)\NetBeans 8.2\enterprise\modules\ext\jersey2\jersey-common.jar;C:\Program Files (x86)\NetBeans
Launcher Type: SUN_STANDARD

Environment Variables:
JAVA_HOME=C:\Program Files (x86)\Java\jdk1.8.0_181
PATH=C:\WINDOWS\system32;C:\WINDOWS;C:\WINDOWS\System32\Wbem;C:\WINDOWS\System32\WindowsPowerShell\v1.0\;C:\Program Files\dotnet\;C:\WINDOWS\System32\OpenSSH\;C:\Users\ferna\AppData\Local\Microsoft\WindowsApps;
USERNAME=Fernando
OS=Windows_NT
PROCESSOR_IDENTIFIER=Intel64 Family 6 Model 58 Stepping 9, GenuineIntel



---------------  S Y S T E M  ---------------

OS: Windows 10.0 , 64 bit Build 17134 (10.0.17134.1)

CPU:total 2 (initial active 2) (2 cores per cpu, 1 threads per core) family 6 model 58 stepping 9, cmov, cx8, fxsr, mmx, sse, sse2, sse3, ssse3, sse4.1, sse4.2, popcnt, clmul, erms, tsc, tscinvbit, tscinv

Memory: 4k page, physical 5989528k(2677204k free), swap 6972568k(2786540k free)

vm_info: Java HotSpot(TM) 64-Bit Server VM (25.181-b13) for windows-amd64 JRE (1.8.0_181-b13), built on Jul  7 2018 04:01:33 by "java_re" with MS VC++ 10.0 (VS2010)

time: Wed Nov 14 14:35:21 2018
elapsed time: 8 seconds (0d 0h 0m 8s)

