#
# A fatal error has been detected by the Java Runtime Environment:
#
#  Internal Error (0xc000000d), pid=4788, tid=0x00000000000007bc
#
# JRE version: Java(TM) SE Runtime Environment (8.0_181-b13) (build 1.8.0_181-b13)
# Java VM: Java HotSpot(TM) 64-Bit Server VM (25.181-b13 mixed mode windows-amd64 compressed oops)
# Problematic frame:
# C  [ntdll.dll+0x108b60]
#
# Failed to write core dump. Minidumps are not enabled by default on client versions of Windows
#
# If you would like to submit a bug report, please visit:
#   http://bugreport.java.com/bugreport/crash.jsp
#

---------------  T H R E A D  ---------------

Current thread (0x0000000016705800):  VMThread [stack: 0x0000000017170000,0x0000000017270000] [id=1980]

siginfo: ExceptionCode=0xc000000d

Registers:
RAX=0x0000000072e220da, RBX=0xfffffffffffffffe, RCX=0x000000000000004b, RDX=0x0000000072e3d79a
RSP=0x000000001726eb10, RBP=0x00007ffc720571bc, RSI=0x0000000000000000, RDI=0x00000000000003a0
R8 =0x00000000031a1c60, R9 =0x0000000000008000, R10=0x00000000ffffff00, R11=0x000000001726e899
R12=0x00000000011bb870, R13=0x0000000001201c80, R14=0x00000000011bb978, R15=0x000000001726ec88
RIP=0x00007ffc9b0a8b60, EFLAGS=0x0000000000000206

Top of Stack: (sp=0x000000001726eb10)
0x000000001726eb10:   0000000000000057 fffffffffffffffe
0x000000001726eb20:   0000000000000000 00000000000003a0
0x000000001726eb30:   00000000c000000d 0000000000000000
0x000000001726eb40:   00007ffc9b0a8b60 0000000000000000
0x000000001726eb50:   0000000000000000 0000000000000000
0x000000001726eb60:   0000000000000000 0000000000000000
0x000000001726eb70:   0000000000000000 0000000000000000
0x000000001726eb80:   0000000000000000 0000000000000000
0x000000001726eb90:   0000000000000000 0000000000000000
0x000000001726eba0:   0000000000000000 0000000000000000
0x000000001726ebb0:   0000000000000000 0000000000000000
0x000000001726ebc0:   0000000000000000 0000000000d00000
0x000000001726ebd0:   0000e3ee4af08b95 00000000ffffffff
0x000000001726ebe0:   000000001726ece0 00007ffc9b05731f
0x000000001726ebf0:   0000000000d30000 0000000000000003
0x000000001726ec00:   0000000000003070 0000000000000000 

Instructions: (pc=0x00007ffc9b0a8b60)
0x00007ffc9b0a8b40:   7f f9 ff c7 44 24 20 0d 00 00 c0 b9 57 00 00 00
0x00007ffc9b0a8b50:   e8 4b e5 f3 ff 90 48 8d 4c 24 20 e8 50 c4 ef ff
0x00007ffc9b0a8b60:   eb 00 48 8b 8c 24 c0 00 00 00 48 33 cc e8 ce 1a
0x00007ffc9b0a8b70:   f8 ff 48 81 c4 d8 00 00 00 c3 40 55 48 83 ec 20 


Register to memory mapping:

RAX=0x0000000072e220da is an unknown value
RBX=0xfffffffffffffffe is an unknown value
RCX=0x000000000000004b is an unknown value
RDX=0x0000000072e3d79a is an unknown value
RSP=0x000000001726eb10 is an unknown value
RBP=0x00007ffc720571bc is an unknown value
RSI=0x0000000000000000 is an unknown value
RDI=0x00000000000003a0 is an unknown value
R8 =0x00000000031a1c60 is an unknown value
R9 =0x0000000000008000 is an unknown value
R10=0x00000000ffffff00 is an unallocated location in the heap
R11=0x000000001726e899 is an unknown value
R12=0x00000000011bb870 is an unknown value
R13=0x0000000001201c80 is an unknown value
R14=0x00000000011bb978 is an unknown value
R15=0x000000001726ec88 is an unknown value


Stack: [0x0000000017170000,0x0000000017270000],  sp=0x000000001726eb10,  free space=1018k
Native frames: (J=compiled Java code, j=interpreted, Vv=VM code, C=native code)
C  [ntdll.dll+0x108b60]
C  [ntdll.dll+0xb731f]
C  [KERNEL32.DLL+0x1e36a]
C  [MSVCR120.dll+0x72e1]
C  [MSVCR120.dll+0x149d3]
C  [MSVCR120.dll+0x13c06]
C  [MSVCR120.dll+0x22da]
C  [MSVCR120.dll+0xae32]
C  [MSVCP120.dll+0x3cd49]
C  [ProxyIntercept64.dll+0x44eb4]
C  [ProxyIntercept64.dll+0x45066]
C  [ProxyIntercept64.dll+0x90df8]
C  [ProxyIntercept64.dll+0x96ee4]
C  [ProxyIntercept64.dll+0x96e92]
C  [ProxyIntercept64.dll+0x9227c]
C  [ProxyIntercept64.dll+0x1e7a9]
C  [ProxyIntercept64.dll+0x1e977]
C  [ProxyIntercept64.dll+0x28806]
C  [ProxyIntercept64.dll+0x2855a]
C  [ProxyIntercept64.dll+0x18528]
C  [ProxyIntercept64.dll+0x1a317]
C  [ProxyIntercept64.dll+0x18361]
C  [ProxyIntercept64.dll+0xa4bf0]
C  [ProxyIntercept64.dll+0x9a95c]
C  [ProxyIntercept64.dll+0x9abde]
C  [ntdll.dll+0x34063]
C  [ntdll.dll+0x40a15]
C  [ntdll.dll+0x408d8]
C  [KERNEL32.DLL+0x1b19a]
C  [msvcr100.dll+0x20ccd]
V  [jvm.dll+0x2139a5]
V  [jvm.dll+0x24cc27]
V  [jvm.dll+0x24bec6]
V  [jvm.dll+0x24c361]
V  [jvm.dll+0x24c57e]
V  [jvm.dll+0x29e64a]
C  [msvcr100.dll+0x21d9f]
C  [msvcr100.dll+0x21e3b]
C  [KERNEL32.DLL+0x13034]
C  [ntdll.dll+0x71471]

VM_Operation (0x00000000198cd2f0): Exit, mode: safepoint, requested by thread 0x0000000018b5f000


---------------  P R O C E S S  ---------------

Java Threads: ( => current thread )
  0x0000000018c1a800 JavaThread "TimerQueue" daemon [_thread_blocked, id=3696, stack(0x0000000019bd0000,0x0000000019cd0000)]
  0x00000000031b7000 JavaThread "DestroyJavaVM" [_thread_blocked, id=11936, stack(0x0000000002fb0000,0x00000000030b0000)]
  0x0000000018b5f000 JavaThread "AWT-EventQueue-0" [_thread_blocked, id=12508, stack(0x00000000197d0000,0x00000000198d0000)]
  0x0000000018b4b800 JavaThread "AWT-Shutdown" [_thread_blocked, id=4364, stack(0x0000000018fd0000,0x00000000190d0000)]
  0x0000000018aff800 JavaThread "Java2D Disposer" daemon [_thread_blocked, id=5484, stack(0x0000000018ed0000,0x0000000018fd0000)]
  0x0000000016751800 JavaThread "Service Thread" daemon [_thread_blocked, id=11660, stack(0x0000000017f80000,0x0000000018080000)]
  0x0000000016747000 JavaThread "C1 CompilerThread1" daemon [_thread_blocked, id=5188, stack(0x0000000017e80000,0x0000000017f80000)]
  0x0000000016745000 JavaThread "C2 CompilerThread0" daemon [_thread_blocked, id=12816, stack(0x0000000017d80000,0x0000000017e80000)]
  0x0000000016741800 JavaThread "Attach Listener" daemon [_thread_blocked, id=8160, stack(0x0000000017c80000,0x0000000017d80000)]
  0x0000000016729000 JavaThread "Finalizer" daemon [_thread_blocked, id=4076, stack(0x0000000017370000,0x0000000017470000)]
  0x00000000032a4000 JavaThread "Reference Handler" daemon [_thread_blocked, id=1480, stack(0x0000000017270000,0x0000000017370000)]

Other Threads:
=>0x0000000016705800 VMThread [stack: 0x0000000017170000,0x0000000017270000] [id=1980]

VM state:at safepoint (shutting down)

VM Mutex/Monitor currently owned by a thread:  ([mutex/lock_event])
[0x00000000031ae9d0] Threads_lock - owner thread: 0x0000000016705800

Heap:
 PSYoungGen      total 37888K, used 26077K [0x00000000e1800000, 0x00000000e4b00000, 0x0000000100000000)
  eden space 34304K, 65% used [0x00000000e1800000,0x00000000e2dfb8b0,0x00000000e3980000)
  from space 3584K, 99% used [0x00000000e4780000,0x00000000e4afbcd8,0x00000000e4b00000)
  to   space 3584K, 0% used [0x00000000e4400000,0x00000000e4400000,0x00000000e4780000)
 ParOldGen       total 48640K, used 10910K [0x00000000a4800000, 0x00000000a7780000, 0x00000000e1800000)
  object space 48640K, 22% used [0x00000000a4800000,0x00000000a52a7bd8,0x00000000a7780000)
 Metaspace       used 30934K, capacity 31328K, committed 31488K, reserved 1077248K
  class space    used 3467K, capacity 3579K, committed 3584K, reserved 1048576K

Card table byte_map: [0x0000000012670000,0x0000000012950000] byte_map_base: 0x000000001214c000

Marking Bits: (ParMarkBitMap*) 0x0000000073702d00
 Begin Bits: [0x0000000012d40000, 0x0000000014420000)
 End Bits:   [0x0000000014420000, 0x0000000015b00000)

Polling page: 0x0000000000dc0000

CodeCache: size=245760Kb used=7736Kb max_used=7743Kb free=238023Kb
 bounds [0x00000000032b0000, 0x0000000003a50000, 0x00000000122b0000]
 total_blobs=3010 nmethods=2390 adapters=532
 compilation: enabled

Compilation events (10 events):
Event: 28.152 Thread 0x0000000016747000 2509   !   3       javax.swing.TimerQueue::sharedInstance (44 bytes)
Event: 28.152 Thread 0x0000000016747000 nmethod 2509 0x0000000003a402d0 code [0x0000000003a40500, 0x0000000003a41118]
Event: 28.159 Thread 0x0000000016747000 2510       1       javax.swing.Timer::getInitialDelay (5 bytes)
Event: 28.159 Thread 0x0000000016747000 nmethod 2510 0x0000000003a3b1d0 code [0x0000000003a3b320, 0x0000000003a3b430]
Event: 28.279 Thread 0x0000000016745000 2511       4       java.security.AccessControlContext::combine (205 bytes)
Event: 28.285 Thread 0x0000000016745000 nmethod 2511 0x0000000003a3e410 code [0x0000000003a3e560, 0x0000000003a3eaf8]
Event: 30.097 Thread 0x0000000016747000 2512       3       java.util.logging.LogManager$LoggerContext::ensureDefaultLogger (70 bytes)
Event: 30.098 Thread 0x0000000016747000 nmethod 2512 0x0000000003a3f650 code [0x0000000003a3f800, 0x0000000003a400a8]
Event: 30.098 Thread 0x0000000016747000 2513  s    3       java.util.Hashtable::containsKey (65 bytes)
Event: 30.098 Thread 0x0000000016747000 nmethod 2513 0x0000000003a46f90 code [0x0000000003a47120, 0x0000000003a47758]

GC Heap History (10 events):
Event: 1.789 GC heap before
{Heap before GC invocations=1 (full 0):
 PSYoungGen      total 27648K, used 24064K [0x00000000e1800000, 0x00000000e3680000, 0x0000000100000000)
  eden space 24064K, 100% used [0x00000000e1800000,0x00000000e2f80000,0x00000000e2f80000)
  from space 3584K, 0% used [0x00000000e3300000,0x00000000e3300000,0x00000000e3680000)
  to   space 3584K, 0% used [0x00000000e2f80000,0x00000000e2f80000,0x00000000e3300000)
 ParOldGen       total 62976K, used 0K [0x00000000a4800000, 0x00000000a8580000, 0x00000000e1800000)
  object space 62976K, 0% used [0x00000000a4800000,0x00000000a4800000,0x00000000a8580000)
 Metaspace       used 13680K, capacity 13880K, committed 14080K, reserved 1060864K
  class space    used 1624K, capacity 1706K, committed 1792K, reserved 1048576K
Event: 1.808 GC heap after
Heap after GC invocations=1 (full 0):
 PSYoungGen      total 27648K, used 3570K [0x00000000e1800000, 0x00000000e4e00000, 0x0000000100000000)
  eden space 24064K, 0% used [0x00000000e1800000,0x00000000e1800000,0x00000000e2f80000)
  from space 3584K, 99% used [0x00000000e2f80000,0x00000000e32fca00,0x00000000e3300000)
  to   space 3584K, 0% used [0x00000000e4a80000,0x00000000e4a80000,0x00000000e4e00000)
 ParOldGen       total 62976K, used 1275K [0x00000000a4800000, 0x00000000a8580000, 0x00000000e1800000)
  object space 62976K, 2% used [0x00000000a4800000,0x00000000a493ec08,0x00000000a8580000)
 Metaspace       used 13680K, capacity 13880K, committed 14080K, reserved 1060864K
  class space    used 1624K, capacity 1706K, committed 1792K, reserved 1048576K
}
Event: 3.895 GC heap before
{Heap before GC invocations=2 (full 0):
 PSYoungGen      total 27648K, used 21592K [0x00000000e1800000, 0x00000000e4e00000, 0x0000000100000000)
  eden space 24064K, 74% used [0x00000000e1800000,0x00000000e29998a8,0x00000000e2f80000)
  from space 3584K, 99% used [0x00000000e2f80000,0x00000000e32fca00,0x00000000e3300000)
  to   space 3584K, 0% used [0x00000000e4a80000,0x00000000e4a80000,0x00000000e4e00000)
 ParOldGen       total 62976K, used 1275K [0x00000000a4800000, 0x00000000a8580000, 0x00000000e1800000)
  object space 62976K, 2% used [0x00000000a4800000,0x00000000a493ec08,0x00000000a8580000)
 Metaspace       used 20961K, capacity 21144K, committed 21248K, reserved 1069056K
  class space    used 2151K, capacity 2250K, committed 2304K, reserved 1048576K
Event: 3.905 GC heap after
Heap after GC invocations=2 (full 0):
 PSYoungGen      total 27648K, used 3572K [0x00000000e1800000, 0x00000000e4e00000, 0x0000000100000000)
  eden space 24064K, 0% used [0x00000000e1800000,0x00000000e1800000,0x00000000e2f80000)
  from space 3584K, 99% used [0x00000000e4a80000,0x00000000e4dfd3e8,0x00000000e4e00000)
  to   space 3584K, 0% used [0x00000000e2f80000,0x00000000e2f80000,0x00000000e3300000)
 ParOldGen       total 62976K, used 4803K [0x00000000a4800000, 0x00000000a8580000, 0x00000000e1800000)
  object space 62976K, 7% used [0x00000000a4800000,0x00000000a4cb0c80,0x00000000a8580000)
 Metaspace       used 20961K, capacity 21144K, committed 21248K, reserved 1069056K
  class space    used 2151K, capacity 2250K, committed 2304K, reserved 1048576K
}
Event: 3.905 GC heap before
{Heap before GC invocations=3 (full 1):
 PSYoungGen      total 27648K, used 3572K [0x00000000e1800000, 0x00000000e4e00000, 0x0000000100000000)
  eden space 24064K, 0% used [0x00000000e1800000,0x00000000e1800000,0x00000000e2f80000)
  from space 3584K, 99% used [0x00000000e4a80000,0x00000000e4dfd3e8,0x00000000e4e00000)
  to   space 3584K, 0% used [0x00000000e2f80000,0x00000000e2f80000,0x00000000e3300000)
 ParOldGen       total 62976K, used 4803K [0x00000000a4800000, 0x00000000a8580000, 0x00000000e1800000)
  object space 62976K, 7% used [0x00000000a4800000,0x00000000a4cb0c80,0x00000000a8580000)
 Metaspace       used 20961K, capacity 21144K, committed 21248K, reserved 1069056K
  class space    used 2151K, capacity 2250K, committed 2304K, reserved 1048576K
Event: 3.938 GC heap after
Heap after GC invocations=3 (full 1):
 PSYoungGen      total 27648K, used 0K [0x00000000e1800000, 0x00000000e4e00000, 0x0000000100000000)
  eden space 24064K, 0% used [0x00000000e1800000,0x00000000e1800000,0x00000000e2f80000)
  from space 3584K, 0% used [0x00000000e4a80000,0x00000000e4a80000,0x00000000e4e00000)
  to   space 3584K, 0% used [0x00000000e2f80000,0x00000000e2f80000,0x00000000e3300000)
 ParOldGen       total 48640K, used 7566K [0x00000000a4800000, 0x00000000a7780000, 0x00000000e1800000)
  object space 48640K, 15% used [0x00000000a4800000,0x00000000a4f638b8,0x00000000a7780000)
 Metaspace       used 20961K, capacity 21144K, committed 21248K, reserved 1069056K
  class space    used 2151K, capacity 2250K, committed 2304K, reserved 1048576K
}
Event: 9.429 GC heap before
{Heap before GC invocations=4 (full 1):
 PSYoungGen      total 27648K, used 24064K [0x00000000e1800000, 0x00000000e4e00000, 0x0000000100000000)
  eden space 24064K, 100% used [0x00000000e1800000,0x00000000e2f80000,0x00000000e2f80000)
  from space 3584K, 0% used [0x00000000e4a80000,0x00000000e4a80000,0x00000000e4e00000)
  to   space 3584K, 0% used [0x00000000e2f80000,0x00000000e2f80000,0x00000000e3300000)
 ParOldGen       total 48640K, used 7566K [0x00000000a4800000, 0x00000000a7780000, 0x00000000e1800000)
  object space 48640K, 15% used [0x00000000a4800000,0x00000000a4f638b8,0x00000000a7780000)
 Metaspace       used 25566K, capacity 25942K, committed 26240K, reserved 1073152K
  class space    used 2748K, capacity 2851K, committed 2944K, reserved 1048576K
Event: 9.435 GC heap after
Heap after GC invocations=4 (full 1):
 PSYoungGen      total 27648K, used 3580K [0x00000000e1800000, 0x00000000e4b00000, 0x0000000100000000)
  eden space 24064K, 0% used [0x00000000e1800000,0x00000000e1800000,0x00000000e2f80000)
  from space 3584K, 99% used [0x00000000e2f80000,0x00000000e32ff1a8,0x00000000e3300000)
  to   space 3584K, 0% used [0x00000000e4780000,0x00000000e4780000,0x00000000e4b00000)
 ParOldGen       total 48640K, used 8645K [0x00000000a4800000, 0x00000000a7780000, 0x00000000e1800000)
  object space 48640K, 17% used [0x00000000a4800000,0x00000000a50715d8,0x00000000a7780000)
 Metaspace       used 25566K, capacity 25942K, committed 26240K, reserved 1073152K
  class space    used 2748K, capacity 2851K, committed 2944K, reserved 1048576K
}
Event: 10.284 GC heap before
{Heap before GC invocations=5 (full 1):
 PSYoungGen      total 27648K, used 27644K [0x00000000e1800000, 0x00000000e4b00000, 0x0000000100000000)
  eden space 24064K, 100% used [0x00000000e1800000,0x00000000e2f80000,0x00000000e2f80000)
  from space 3584K, 99% used [0x00000000e2f80000,0x00000000e32ff1a8,0x00000000e3300000)
  to   space 3584K, 0% used [0x00000000e4780000,0x00000000e4780000,0x00000000e4b00000)
 ParOldGen       total 48640K, used 8645K [0x00000000a4800000, 0x00000000a7780000, 0x00000000e1800000)
  object space 48640K, 17% used [0x00000000a4800000,0x00000000a50715d8,0x00000000a7780000)
 Metaspace       used 28354K, capacity 28692K, committed 28928K, reserved 1075200K
  class space    used 3120K, capacity 3209K, committed 3328K, reserved 1048576K
Event: 10.291 GC heap after
Heap after GC invocations=5 (full 1):
 PSYoungGen      total 37888K, used 3567K [0x00000000e1800000, 0x00000000e4b00000, 0x0000000100000000)
  eden space 34304K, 0% used [0x00000000e1800000,0x00000000e1800000,0x00000000e3980000)
  from space 3584K, 99% used [0x00000000e4780000,0x00000000e4afbcd8,0x00000000e4b00000)
  to   space 3584K, 0% used [0x00000000e4400000,0x00000000e4400000,0x00000000e4780000)
 ParOldGen       total 48640K, used 10910K [0x00000000a4800000, 0x00000000a7780000, 0x00000000e1800000)
  object space 48640K, 22% used [0x00000000a4800000,0x00000000a52a7bd8,0x00000000a7780000)
 Metaspace       used 28354K, capacity 28692K, committed 28928K, reserved 1075200K
  class space    used 3120K, capacity 3209K, committed 3328K, reserved 1048576K
}

Deoptimization events (10 events):
Event: 9.116 Thread 0x0000000018b5f000 Uncommon trap: reason=unstable_if action=reinterpret pc=0x00000000035ed498 method=java.util.Properties$LineReader.readLine()I @ 252
Event: 9.116 Thread 0x0000000018b5f000 Uncommon trap: reason=unstable_if action=reinterpret pc=0x00000000035e442c method=java.util.Properties.loadConvert([CII[C)Ljava/lang/String; @ 72
Event: 10.299 Thread 0x0000000018b5f000 Uncommon trap: reason=bimorphic action=maybe_recompile pc=0x00000000035b779c method=java.util.HashMap.putVal(ILjava/lang/Object;Ljava/lang/Object;ZZ)Ljava/lang/Object; @ 203
Event: 10.429 Thread 0x0000000018b5f000 Uncommon trap: reason=unstable_if action=reinterpret pc=0x000000000378f304 method=java.util.StringTokenizer.scanToken(I)I @ 96
Event: 10.533 Thread 0x0000000018b5f000 Uncommon trap: reason=unstable_if action=reinterpret pc=0x0000000003416318 method=java.lang.ClassLoader.checkName(Ljava/lang/String;)Z @ 20
Event: 10.828 Thread 0x0000000018b5f000 Uncommon trap: reason=unstable_if action=reinterpret pc=0x0000000003637098 method=java.util.HashMap.getNode(ILjava/lang/Object;)Ljava/util/HashMap$Node; @ 129
Event: 10.828 Thread 0x0000000018b5f000 Uncommon trap: reason=bimorphic action=maybe_recompile pc=0x00000000035b779c method=java.util.HashMap.putVal(ILjava/lang/Object;Ljava/lang/Object;ZZ)Ljava/lang/Object; @ 203
Event: 10.829 Thread 0x0000000018b5f000 Uncommon trap: reason=unstable_if action=reinterpret pc=0x00000000038f2c3c method=java.util.HashMap.getNode(ILjava/lang/Object;)Ljava/util/HashMap$Node; @ 129
Event: 12.222 Thread 0x0000000018b5f000 Uncommon trap: reason=unstable_if action=reinterpret pc=0x00000000039ebeec method=sun.font.CMap$CMapFormat4.getGlyph(I)C @ 181
Event: 19.514 Thread 0x0000000018b5f000 Uncommon trap: reason=unstable_if action=reinterpret pc=0x0000000003a26314 method=java.security.AccessControlContext.optimize()Ljava/security/AccessControlContext; @ 233

Classes redefined (0 events):
No events

Internal exceptions (10 events):
Event: 9.199 Thread 0x0000000018b5f000 Exception <a 'java/lang/ClassNotFoundException': org/apache/log4j/PatternLayoutCustomizer> (0x00000000e257b948) thrown at [C:\re\workspace\8-2-build-windows-amd64-cygwin\jdk8u181\11358\hotspot\src\share\vm\classfile\systemDictionary.cpp, line 210]
Event: 9.201 Thread 0x0000000018b5f000 Exception <a 'java/lang/ClassNotFoundException': org/apache/log4j/ConsoleAppenderBeanInfo> (0x00000000e259fd68) thrown at [C:\re\workspace\8-2-build-windows-amd64-cygwin\jdk8u181\11358\hotspot\src\share\vm\classfile\systemDictionary.cpp, line 210]
Event: 9.202 Thread 0x0000000018b5f000 Exception <a 'java/lang/ClassNotFoundException': org/apache/log4j/WriterAppenderBeanInfo> (0x00000000e25bbba0) thrown at [C:\re\workspace\8-2-build-windows-amd64-cygwin\jdk8u181\11358\hotspot\src\share\vm\classfile\systemDictionary.cpp, line 210]
Event: 9.202 Thread 0x0000000018b5f000 Exception <a 'java/lang/ClassNotFoundException': org/apache/log4j/AppenderSkeletonBeanInfo> (0x00000000e25d83d8) thrown at [C:\re\workspace\8-2-build-windows-amd64-cygwin\jdk8u181\11358\hotspot\src\share\vm\classfile\systemDictionary.cpp, line 210]
Event: 9.203 Thread 0x0000000018b5f000 Exception <a 'java/lang/ClassNotFoundException': org/apache/log4j/AppenderSkeletonCustomizer> (0x00000000e25f67c0) thrown at [C:\re\workspace\8-2-build-windows-amd64-cygwin\jdk8u181\11358\hotspot\src\share\vm\classfile\systemDictionary.cpp, line 210]
Event: 9.207 Thread 0x0000000018b5f000 Exception <a 'java/lang/ClassNotFoundException': org/apache/log4j/WriterAppenderCustomizer> (0x00000000e262d750) thrown at [C:\re\workspace\8-2-build-windows-amd64-cygwin\jdk8u181\11358\hotspot\src\share\vm\classfile\systemDictionary.cpp, line 210]
Event: 9.209 Thread 0x0000000018b5f000 Exception <a 'java/lang/ClassNotFoundException': org/apache/log4j/ConsoleAppenderCustomizer> (0x00000000e2656ec0) thrown at [C:\re\workspace\8-2-build-windows-amd64-cygwin\jdk8u181\11358\hotspot\src\share\vm\classfile\systemDictionary.cpp, line 210]
Event: 10.363 Thread 0x0000000018b5f000 Exception <a 'java/lang/ClassNotFoundException': projeto/vendas/tabelas/GuiControleEstrategico_ClienteGeralBeanInfo> (0x00000000e1b6b868) thrown at [C:\re\workspace\8-2-build-windows-amd64-cygwin\jdk8u181\11358\hotspot\src\share\vm\classfile\systemDiction
Event: 10.364 Thread 0x0000000018b5f000 Exception <a 'java/lang/ClassNotFoundException': projeto/vendas/tabelas/GuiControleEstrategico_ClienteGeralCustomizer> (0x00000000e1b94220) thrown at [C:\re\workspace\8-2-build-windows-amd64-cygwin\jdk8u181\11358\hotspot\src\share\vm\classfile\systemDicti
Event: 10.364 Thread 0x0000000018b5f000 Exception <a 'java/lang/ArrayIndexOutOfBoundsException'> (0x00000000e1b973d0) thrown at [C:\re\workspace\8-2-build-windows-amd64-cygwin\jdk8u181\11358\hotspot\src\share\vm\runtime\sharedRuntime.cpp, line 605]

Events (10 events):
Event: 30.124 Executing VM operation: BulkRevokeBias done
Event: 30.124 Executing VM operation: BulkRevokeBias
Event: 30.124 Executing VM operation: BulkRevokeBias done
Event: 30.125 Executing VM operation: RevokeBias
Event: 30.125 Executing VM operation: RevokeBias done
Event: 30.131 Thread 0x000000001b153800 Thread exited: 0x000000001b153800
Event: 30.148 Thread 0x0000000018b50000 Thread exited: 0x0000000018b50000
Event: 30.198 Thread 0x000000001b152800 Thread exited: 0x000000001b152800
Event: 30.198 Thread 0x000000001673e000 Thread exited: 0x000000001673e000
Event: 30.198 Executing VM operation: Exit


Dynamic libraries:
0x00007ff7a24b0000 - 0x00007ff7a24e7000 	C:\Program Files\Java\jdk1.8.0_181\jre\bin\java.exe
0x00007ffc9afa0000 - 0x00007ffc9b181000 	C:\WINDOWS\SYSTEM32\ntdll.dll
0x00007ffc9aa50000 - 0x00007ffc9ab02000 	C:\WINDOWS\System32\KERNEL32.DLL
0x00007ffc97900000 - 0x00007ffc97b73000 	C:\WINDOWS\System32\KERNELBASE.dll
0x00007ffc9a550000 - 0x00007ffc9a5f1000 	C:\WINDOWS\System32\ADVAPI32.dll
0x00007ffc984a0000 - 0x00007ffc9853e000 	C:\WINDOWS\System32\msvcrt.dll
0x00007ffc9ab40000 - 0x00007ffc9ab9b000 	C:\WINDOWS\System32\sechost.dll
0x00007ffc9ad40000 - 0x00007ffc9ae64000 	C:\WINDOWS\System32\RPCRT4.dll
0x00007ffc98760000 - 0x00007ffc988f0000 	C:\WINDOWS\System32\USER32.dll
0x00007ffc97780000 - 0x00007ffc977a0000 	C:\WINDOWS\System32\win32u.dll
0x00007ffc9af40000 - 0x00007ffc9af68000 	C:\WINDOWS\System32\GDI32.dll
0x00007ffc98290000 - 0x00007ffc98422000 	C:\WINDOWS\System32\gdi32full.dll
0x00007ffc97420000 - 0x00007ffc974bf000 	C:\WINDOWS\System32\msvcp_win.dll
0x00007ffc977a0000 - 0x00007ffc9789a000 	C:\WINDOWS\System32\ucrtbase.dll
0x00007ffc87790000 - 0x00007ffc879f9000 	C:\WINDOWS\WinSxS\amd64_microsoft.windows.common-controls_6595b64144ccf1df_6.0.17134.407_none_fb449d63306391e9\COMCTL32.dll
0x00007ffc98b70000 - 0x00007ffc98e92000 	C:\WINDOWS\System32\combase.dll
0x00007ffc974c0000 - 0x00007ffc9753a000 	C:\WINDOWS\System32\bcryptPrimitives.dll
0x00007ffc9ab10000 - 0x00007ffc9ab3d000 	C:\WINDOWS\System32\IMM32.DLL
0x0000000072e00000 - 0x0000000072ed2000 	C:\Program Files\Java\jdk1.8.0_181\jre\bin\msvcr100.dll
0x0000000072ee0000 - 0x0000000073782000 	C:\Program Files\Java\jdk1.8.0_181\jre\bin\server\jvm.dll
0x00007ffc9a3b0000 - 0x00007ffc9a3b8000 	C:\WINDOWS\System32\PSAPI.DLL
0x00007ffc8a880000 - 0x00007ffc8a889000 	C:\WINDOWS\SYSTEM32\WSOCK32.dll
0x00007ffc98ea0000 - 0x00007ffc98f0c000 	C:\WINDOWS\System32\WS2_32.dll
0x00007ffc94150000 - 0x00007ffc94173000 	C:\WINDOWS\SYSTEM32\WINMM.dll
0x00007ffc8b7a0000 - 0x00007ffc8b7aa000 	C:\WINDOWS\SYSTEM32\VERSION.dll
0x00007ffc94120000 - 0x00007ffc9414a000 	C:\WINDOWS\SYSTEM32\WINMMBASE.dll
0x00007ffc97730000 - 0x00007ffc97779000 	C:\WINDOWS\System32\cfgmgr32.dll
0x0000000072db0000 - 0x0000000072dbf000 	C:\Program Files\Java\jdk1.8.0_181\jre\bin\verify.dll
0x0000000072d80000 - 0x0000000072da9000 	C:\Program Files\Java\jdk1.8.0_181\jre\bin\java.dll
0x0000000072d60000 - 0x0000000072d76000 	C:\Program Files\Java\jdk1.8.0_181\jre\bin\zip.dll
0x00007ffc98f70000 - 0x00007ffc9a3af000 	C:\WINDOWS\System32\SHELL32.dll
0x00007ffc986b0000 - 0x00007ffc98759000 	C:\WINDOWS\System32\shcore.dll
0x00007ffc97b80000 - 0x00007ffc9828d000 	C:\WINDOWS\System32\windows.storage.dll
0x00007ffc98f10000 - 0x00007ffc98f61000 	C:\WINDOWS\System32\shlwapi.dll
0x00007ffc972b0000 - 0x00007ffc972c1000 	C:\WINDOWS\System32\kernel.appcore.dll
0x00007ffc972e0000 - 0x00007ffc972ff000 	C:\WINDOWS\System32\profapi.dll
0x00007ffc97320000 - 0x00007ffc9736c000 	C:\WINDOWS\System32\powrprof.dll
0x00007ffc972d0000 - 0x00007ffc972da000 	C:\WINDOWS\System32\FLTLIB.DLL
0x00007ffc68230000 - 0x00007ffc6831e000 	C:\Program Files\NoPing Tunnel v15\ProxyIntercept64.dll
0x00007ffc71f20000 - 0x00007ffc71fc6000 	C:\WINDOWS\SYSTEM32\MSVCP120.dll
0x00007ffc72050000 - 0x00007ffc7213f000 	C:\WINDOWS\SYSTEM32\MSVCR120.dll
0x00007ffc96850000 - 0x00007ffc96888000 	C:\WINDOWS\SYSTEM32\IPHLPAPI.DLL
0x00007ffc96ad0000 - 0x00007ffc96b36000 	C:\WINDOWS\system32\mswsock.dll
0x00007ffc98540000 - 0x00007ffc98548000 	C:\WINDOWS\System32\NSI.dll
0x0000000072b80000 - 0x0000000072d19000 	C:\Program Files\Java\jdk1.8.0_181\jre\bin\awt.dll
0x00007ffc9ae70000 - 0x00007ffc9af32000 	C:\WINDOWS\System32\OLEAUT32.dll
0x00007ffc95700000 - 0x00007ffc9578b000 	C:\WINDOWS\SYSTEM32\apphelp.dll
0x00007ffc95960000 - 0x00007ffc959f8000 	C:\WINDOWS\system32\uxtheme.dll
0x00007ffc98950000 - 0x00007ffc98ac3000 	C:\WINDOWS\System32\MSCTF.dll
0x00007ffc71e90000 - 0x00007ffc71f1b000 	C:\Program Files\NoPing Tunnel v15\iLdr64.dll
0x00007ffc95a40000 - 0x00007ffc95a69000 	C:\WINDOWS\system32\dwmapi.dll
0x00007ffc98550000 - 0x00007ffc986a1000 	C:\WINDOWS\System32\ole32.dll
0x00007ffc83dc0000 - 0x00007ffc83ee0000 	C:\WINDOWS\system32\opengl32.dll
0x00007ffc85460000 - 0x00007ffc8548c000 	C:\WINDOWS\SYSTEM32\GLU32.dll
0x0000000072b30000 - 0x0000000072b77000 	C:\Program Files\Java\jdk1.8.0_181\jre\bin\fontmanager.dll
0x0000000072d40000 - 0x0000000072d5a000 	C:\Program Files\Java\jdk1.8.0_181\jre\bin\net.dll
0x0000000072d20000 - 0x0000000072d31000 	C:\Program Files\Java\jdk1.8.0_181\jre\bin\nio.dll
0x0000000072ae0000 - 0x0000000072b22000 	C:\Program Files\Java\jdk1.8.0_181\jre\bin\t2k.dll
0x00007ffc98ad0000 - 0x00007ffc98b70000 	C:\WINDOWS\System32\clbcatq.dll
0x00007ffc92ac0000 - 0x00007ffc92c6e000 	C:\WINDOWS\SYSTEM32\WindowsCodecs.dll
0x00007ffc8dbe0000 - 0x00007ffc8dc76000 	C:\WINDOWS\System32\TextInputFramework.dll
0x00007ffc925a0000 - 0x00007ffc928be000 	C:\WINDOWS\System32\CoreUIComponents.dll
0x00007ffc951c0000 - 0x00007ffc9529a000 	C:\WINDOWS\System32\CoreMessaging.dll
0x00007ffc963a0000 - 0x00007ffc963d1000 	C:\WINDOWS\SYSTEM32\ntmarta.dll
0x00007ffc92450000 - 0x00007ffc9259d000 	C:\WINDOWS\SYSTEM32\wintypes.dll
0x0000000072ad0000 - 0x0000000072add000 	C:\Program Files\Java\jdk1.8.0_181\jre\bin\management.dll
0x00000000191f0000 - 0x00000000192ae000 	C:\WINDOWS\SYSTEM32\DNSAPI.dll
0x00007ffc8e850000 - 0x00007ffc8e85a000 	C:\Windows\System32\rasadhlp.dll
0x00007ffc8eee0000 - 0x00007ffc8ef52000 	C:\WINDOWS\System32\fwpuclnt.dll
0x00007ffc96db0000 - 0x00007ffc96dd5000 	C:\WINDOWS\SYSTEM32\bcrypt.dll
0x00007ffc96c80000 - 0x00007ffc96c97000 	C:\WINDOWS\SYSTEM32\CRYPTSP.dll
0x00007ffc966b0000 - 0x00007ffc966e3000 	C:\WINDOWS\system32\rsaenh.dll
0x00007ffc971b0000 - 0x00007ffc971d8000 	C:\WINDOWS\SYSTEM32\USERENV.dll
0x00007ffc96ca0000 - 0x00007ffc96cab000 	C:\WINDOWS\SYSTEM32\CRYPTBASE.dll
0x00007ffc902b0000 - 0x00007ffc902c6000 	C:\WINDOWS\SYSTEM32\dhcpcsvc6.DLL
0x00007ffc90290000 - 0x00007ffc902aa000 	C:\WINDOWS\SYSTEM32\dhcpcsvc.DLL
0x00007ffc886f0000 - 0x00007ffc88706000 	C:\WINDOWS\system32\napinsp.dll
0x00007ffc886d0000 - 0x00007ffc886ea000 	C:\WINDOWS\system32\pnrpnsp.dll
0x00007ffc93b10000 - 0x00007ffc93b29000 	C:\WINDOWS\system32\NLAapi.dll
0x00007ffc88690000 - 0x00007ffc8869e000 	C:\WINDOWS\System32\winrnr.dll
0x00007ffc8a550000 - 0x00007ffc8a719000 	C:\WINDOWS\SYSTEM32\dbghelp.dll

VM Arguments:
jvm_args: -Dfile.encoding=UTF-8 
java_command: projeto.vendas.view.GuiLogin
java_class_path (initial): D:\TCC - Fatec 2018\PHappy-Vendas\ojdbc6_g.jar;C:\Program Files (x86)\NetBeans 8.2\java\modules\ext\beansbinding-1.2.1.jar;C:\Program Files (x86)\NetBeans 8.2\enterprise\modules\ext\jaxrs-2.0\javax.ws.rs-api-2.0.jar;C:\Program Files (x86)\NetBeans 8.2\enterprise\modules\ext\jersey2\ext\asm-all-repackaged-2.2.0-b21.jar;C:\Program Files (x86)\NetBeans 8.2\enterprise\modules\ext\jersey2\ext\cglib-2.2.0-b21.jar;C:\Program Files (x86)\NetBeans 8.2\enterprise\modules\ext\jersey2\ext\guava-14.0.1.jar;C:\Program Files (x86)\NetBeans 8.2\enterprise\modules\ext\jersey2\ext\hk2-api-2.2.0-b21.jar;C:\Program Files (x86)\NetBeans 8.2\enterprise\modules\ext\jersey2\ext\hk2-locator-2.2.0-b21.jar;C:\Program Files (x86)\NetBeans 8.2\enterprise\modules\ext\jersey2\ext\hk2-utils-2.2.0-b21.jar;C:\Program Files (x86)\NetBeans 8.2\enterprise\modules\ext\jersey2\ext\javax.annotation-api-1.2.jar;C:\Program Files (x86)\NetBeans 8.2\enterprise\modules\ext\jersey2\ext\javax.inject-2.2.0-b21.jar;C:\Program Files (x86)\NetBeans 8.2\enterprise\modules\ext\jersey2\ext\javax.servlet-api-3.0.1.jar;C:\Program Files (x86)\NetBeans 8.2\enterprise\modules\ext\jersey2\ext\jaxb-api-2.2.7.jar;C:\Program Files (x86)\NetBeans 8.2\enterprise\modules\ext\jersey2\ext\jersey-entity-filtering-2.5.1.jar;C:\Program Files (x86)\NetBeans 8.2\enterprise\modules\ext\jersey2\ext\jersey-media-moxy-2.5.1.jar;C:\Program Files (x86)\NetBeans 8.2\enterprise\modules\ext\jersey2\ext\org.osgi.core-4.2.0.jar;C:\Program Files (x86)\NetBeans 8.2\enterprise\modules\ext\jersey2\ext\osgi-resource-locator-1.0.1.jar;C:\Program Files (x86)\NetBeans 8.2\enterprise\modules\ext\jersey2\ext\persistence-api-1.0.jar;C:\Program Files (x86)\NetBeans 8.2\enterprise\modules\ext\jersey2\ext\validation-api-1.1.0.Final.jar;C:\Program Files (x86)\NetBeans 8.2\enterprise\modules\ext\jersey2\jersey-client.jar;C:\Program Files (x86)\NetBeans 8.2\enterprise\modules\ext\jersey2\jersey-common.jar;C:\Program Files (x86)\NetBeans
Launcher Type: SUN_STANDARD

Environment Variables:
JAVA_HOME=C:\Program Files (x86)\Java\jdk1.8.0_181
PATH=C:\WINDOWS\system32;C:\WINDOWS;C:\WINDOWS\System32\Wbem;C:\WINDOWS\System32\WindowsPowerShell\v1.0\;C:\Program Files\dotnet\;C:\WINDOWS\System32\OpenSSH\;C:\Users\ferna\AppData\Local\Microsoft\WindowsApps;
USERNAME=Fernando
OS=Windows_NT
PROCESSOR_IDENTIFIER=Intel64 Family 6 Model 58 Stepping 9, GenuineIntel



---------------  S Y S T E M  ---------------

OS: Windows 10.0 , 64 bit Build 17134 (10.0.17134.1)

CPU:total 2 (initial active 2) (2 cores per cpu, 1 threads per core) family 6 model 58 stepping 9, cmov, cx8, fxsr, mmx, sse, sse2, sse3, ssse3, sse4.1, sse4.2, popcnt, clmul, erms, tsc, tscinvbit, tscinv

Memory: 4k page, physical 5989528k(1369156k free), swap 8422572k(1915760k free)

vm_info: Java HotSpot(TM) 64-Bit Server VM (25.181-b13) for windows-amd64 JRE (1.8.0_181-b13), built on Jul  7 2018 04:01:33 by "java_re" with MS VC++ 10.0 (VS2010)

time: Sun Nov 25 15:57:15 2018
elapsed time: 31 seconds (0d 0h 0m 31s)

