#
# A fatal error has been detected by the Java Runtime Environment:
#
#  Internal Error (0xc000000d), pid=2760, tid=0x00000000000028a8
#
# JRE version: Java(TM) SE Runtime Environment (8.0_181-b13) (build 1.8.0_181-b13)
# Java VM: Java HotSpot(TM) 64-Bit Server VM (25.181-b13 mixed mode windows-amd64 compressed oops)
# Problematic frame:
# C  [ntdll.dll+0x108b60]
#
# Failed to write core dump. Minidumps are not enabled by default on client versions of Windows
#
# If you would like to submit a bug report, please visit:
#   http://bugreport.java.com/bugreport/crash.jsp
#

---------------  T H R E A D  ---------------

Current thread (0x00000000165c5800):  VMThread [stack: 0x0000000017030000,0x0000000017130000] [id=10408]

siginfo: ExceptionCode=0xc000000d

Registers:
RAX=0x00007ffc9afe70e0, RBX=0xfffffffffffffffe, RCX=0x0000ec6d2c2e5e13, RDX=0x0000000072e54e7e
RSP=0x000000001712ee40, RBP=0x00007ffc720571bc, RSI=0x0000000000000000, RDI=0x00000000000005ac
R8 =0x0000000072e54e7e, R9 =0x000000001712ed30, R10=0x0000000072e220da, R11=0x000000000000004b
R12=0x000000000106dc00, R13=0x00000000010bf900, R14=0x000000000106dd08, R15=0x000000001712efb8
RIP=0x00007ffc9b0a8b60, EFLAGS=0x0000000000000202

Top of Stack: (sp=0x000000001712ee40)
0x000000001712ee40:   0000000000000057 fffffffffffffffe
0x000000001712ee50:   0000000000000000 00000000000005ac
0x000000001712ee60:   00000000c000000d 0000000000000000
0x000000001712ee70:   00007ffc9b0a8b60 0000000000000000
0x000000001712ee80:   0000000000000000 0000000000000000
0x000000001712ee90:   0000000000000000 0000000000000000
0x000000001712eea0:   0000000000000000 0000000000000000
0x000000001712eeb0:   0000000000000000 0000000000000000
0x000000001712eec0:   0000000000000000 0000000000000000
0x000000001712eed0:   0000000000000000 0000000000000000
0x000000001712eee0:   0000000000000000 0000000000000000
0x000000001712eef0:   0000000000000000 0000000000c70000
0x000000001712ef00:   0000ec6d2c2e58d3 00000000ffffffff
0x000000001712ef10:   000000001712f010 00007ffc9b05731f
0x000000001712ef20:   0000000000da0000 0000000000000003
0x000000001712ef30:   0000000000003070 0000000000000000 

Instructions: (pc=0x00007ffc9b0a8b60)
0x00007ffc9b0a8b40:   7f f9 ff c7 44 24 20 0d 00 00 c0 b9 57 00 00 00
0x00007ffc9b0a8b50:   e8 4b e5 f3 ff 90 48 8d 4c 24 20 e8 50 c4 ef ff
0x00007ffc9b0a8b60:   eb 00 48 8b 8c 24 c0 00 00 00 48 33 cc e8 ce 1a
0x00007ffc9b0a8b70:   f8 ff 48 81 c4 d8 00 00 00 c3 40 55 48 83 ec 20 


Register to memory mapping:

RAX=0x00007ffc9afe70e0 is an unknown value
RBX=0xfffffffffffffffe is an unknown value
RCX=0x0000ec6d2c2e5e13 is an unknown value
RDX=0x0000000072e54e7e is an unknown value
RSP=0x000000001712ee40 is an unknown value
RBP=0x00007ffc720571bc is an unknown value
RSI=0x0000000000000000 is an unknown value
RDI=0x00000000000005ac is an unknown value
R8 =0x0000000072e54e7e is an unknown value
R9 =0x000000001712ed30 is an unknown value
R10=0x0000000072e220da is an unknown value
R11=0x000000000000004b is an unknown value
R12=0x000000000106dc00 is an unknown value
R13=0x00000000010bf900 is an unknown value
R14=0x000000000106dd08 is an unknown value
R15=0x000000001712efb8 is an unknown value


Stack: [0x0000000017030000,0x0000000017130000],  sp=0x000000001712ee40,  free space=1019k
Native frames: (J=compiled Java code, j=interpreted, Vv=VM code, C=native code)
C  [ntdll.dll+0x108b60]
C  [ntdll.dll+0xb731f]
C  [KERNEL32.DLL+0x1e36a]
C  [MSVCR120.dll+0x72e1]
C  [MSVCR120.dll+0x149d3]
C  [MSVCR120.dll+0x13c06]
C  [MSVCR120.dll+0x22da]
C  [MSVCR120.dll+0xae32]
C  [MSVCP120.dll+0x3cd49]
C  [ProxyIntercept64.dll+0x44eb4]
C  [ProxyIntercept64.dll+0x45066]
C  [ProxyIntercept64.dll+0x90df8]
C  [ProxyIntercept64.dll+0x96ee4]
C  [ProxyIntercept64.dll+0x96e92]
C  [ProxyIntercept64.dll+0x9227c]
C  [ProxyIntercept64.dll+0x1e7a9]
C  [ProxyIntercept64.dll+0x1e977]
C  [ProxyIntercept64.dll+0x28806]
C  [ProxyIntercept64.dll+0x2855a]
C  [ProxyIntercept64.dll+0x18528]
C  [ProxyIntercept64.dll+0x1a317]
C  [ProxyIntercept64.dll+0x18361]
C  [ProxyIntercept64.dll+0xa4bf0]
C  [ProxyIntercept64.dll+0x9a95c]
C  [ProxyIntercept64.dll+0x9abde]
C  [ntdll.dll+0x34063]
C  [ntdll.dll+0x40a15]
C  [ntdll.dll+0x408d8]
C  [KERNEL32.DLL+0x1b19a]
C  [msvcr100.dll+0x20ccd]
V  [jvm.dll+0x2139a5]
V  [jvm.dll+0x24cc27]
V  [jvm.dll+0x24bec6]
V  [jvm.dll+0x24c361]
V  [jvm.dll+0x24c57e]
V  [jvm.dll+0x29e64a]
C  [msvcr100.dll+0x21d9f]
C  [msvcr100.dll+0x21e3b]
C  [KERNEL32.DLL+0x13034]
C  [ntdll.dll+0x71471]

VM_Operation (0x000000001982cfb0): Exit, mode: safepoint, requested by thread 0x0000000018428800


---------------  P R O C E S S  ---------------

Java Threads: ( => current thread )
  0x00000000184dd800 JavaThread "TimerQueue" daemon [_thread_blocked, id=6552, stack(0x0000000019b30000,0x0000000019c30000)]
  0x0000000003077000 JavaThread "DestroyJavaVM" [_thread_blocked, id=11236, stack(0x0000000002f70000,0x0000000003070000)]
  0x0000000018428800 JavaThread "AWT-EventQueue-0" [_thread_blocked, id=6028, stack(0x0000000019730000,0x0000000019830000)]
  0x00000000183d4000 JavaThread "AWT-Shutdown" [_thread_blocked, id=6412, stack(0x0000000018e90000,0x0000000018f90000)]
  0x00000000183d3000 JavaThread "Java2D Disposer" daemon [_thread_blocked, id=5440, stack(0x0000000018d90000,0x0000000018e90000)]
  0x000000001660e800 JavaThread "Service Thread" daemon [_thread_blocked, id=9212, stack(0x0000000017840000,0x0000000017940000)]
  0x0000000016604800 JavaThread "C1 CompilerThread1" daemon [_thread_blocked, id=12436, stack(0x0000000017740000,0x0000000017840000)]
  0x0000000016602800 JavaThread "C2 CompilerThread0" daemon [_thread_blocked, id=6332, stack(0x0000000017640000,0x0000000017740000)]
  0x00000000165ff000 JavaThread "Attach Listener" daemon [_thread_blocked, id=12500, stack(0x0000000017540000,0x0000000017640000)]
  0x00000000165ee000 JavaThread "Finalizer" daemon [_thread_blocked, id=6504, stack(0x0000000017230000,0x0000000017330000)]
  0x0000000003164000 JavaThread "Reference Handler" daemon [_thread_blocked, id=2432, stack(0x0000000017130000,0x0000000017230000)]

Other Threads:
=>0x00000000165c5800 VMThread [stack: 0x0000000017030000,0x0000000017130000] [id=10408]

VM state:at safepoint (shutting down)

VM Mutex/Monitor currently owned by a thread:  ([mutex/lock_event])
[0x0000000002f6dfd0] Threads_lock - owner thread: 0x00000000165c5800

Heap:
 PSYoungGen      total 27648K, used 9672K [0x00000000e1800000, 0x00000000e3680000, 0x0000000100000000)
  eden space 24064K, 40% used [0x00000000e1800000,0x00000000e2172198,0x00000000e2f80000)
  from space 3584K, 0% used [0x00000000e3300000,0x00000000e3300000,0x00000000e3680000)
  to   space 3584K, 0% used [0x00000000e2f80000,0x00000000e2f80000,0x00000000e3300000)
 ParOldGen       total 36352K, used 7677K [0x00000000a4800000, 0x00000000a6b80000, 0x00000000e1800000)
  object space 36352K, 21% used [0x00000000a4800000,0x00000000a4f7f6c8,0x00000000a6b80000)
 Metaspace       used 23956K, capacity 24188K, committed 24448K, reserved 1071104K
  class space    used 2523K, capacity 2586K, committed 2688K, reserved 1048576K

Card table byte_map: [0x0000000012530000,0x0000000012810000] byte_map_base: 0x000000001200c000

Marking Bits: (ParMarkBitMap*) 0x0000000073702d00
 Begin Bits: [0x0000000012c00000, 0x00000000142e0000)
 End Bits:   [0x00000000142e0000, 0x00000000159c0000)

Polling page: 0x0000000001030000

CodeCache: size=245760Kb used=6300Kb max_used=6300Kb free=239459Kb
 bounds [0x0000000003170000, 0x00000000037a0000, 0x0000000012170000]
 total_blobs=2369 nmethods=1781 adapters=500
 compilation: enabled

Compilation events (10 events):
Event: 41.215 Thread 0x0000000016604800 1777       3       java.awt.Component::getGraphicsConfiguration (5 bytes)
Event: 41.216 Thread 0x0000000016604800 nmethod 1777 0x00000000037981d0 code [0x0000000003798320, 0x0000000003798510]
Event: 41.885 Thread 0x0000000016604800 1778       3       java.util.HashMap$KeySet::iterator (12 bytes)
Event: 41.885 Thread 0x0000000016604800 nmethod 1778 0x0000000003798590 code [0x0000000003798700, 0x0000000003798968]
Event: 41.932 Thread 0x0000000016604800 1779       1       java.util.HashMap::afterNodeRemoval (1 bytes)
Event: 41.933 Thread 0x0000000016604800 nmethod 1779 0x0000000003798a50 code [0x0000000003798ba0, 0x0000000003798cb0]
Event: 42.317 Thread 0x0000000016604800 1780       3       java.util.logging.LogManager$LoggerContext::ensureDefaultLogger (70 bytes)
Event: 42.318 Thread 0x0000000016604800 nmethod 1780 0x0000000003798d10 code [0x0000000003798ec0, 0x0000000003799748]
Event: 42.319 Thread 0x0000000016604800 1781  s    3       java.util.Hashtable::containsKey (65 bytes)
Event: 42.319 Thread 0x0000000016604800 nmethod 1781 0x0000000003799950 code [0x0000000003799ae0, 0x000000000379a118]

GC Heap History (6 events):
Event: 2.006 GC heap before
{Heap before GC invocations=1 (full 0):
 PSYoungGen      total 27648K, used 24062K [0x00000000e1800000, 0x00000000e3680000, 0x0000000100000000)
  eden space 24064K, 99% used [0x00000000e1800000,0x00000000e2f7f978,0x00000000e2f80000)
  from space 3584K, 0% used [0x00000000e3300000,0x00000000e3300000,0x00000000e3680000)
  to   space 3584K, 0% used [0x00000000e2f80000,0x00000000e2f80000,0x00000000e3300000)
 ParOldGen       total 62976K, used 0K [0x00000000a4800000, 0x00000000a8580000, 0x00000000e1800000)
  object space 62976K, 0% used [0x00000000a4800000,0x00000000a4800000,0x00000000a8580000)
 Metaspace       used 13686K, capacity 13864K, committed 14080K, reserved 1060864K
  class space    used 1624K, capacity 1706K, committed 1792K, reserved 1048576K
Event: 2.014 GC heap after
Heap after GC invocations=1 (full 0):
 PSYoungGen      total 27648K, used 3570K [0x00000000e1800000, 0x00000000e3680000, 0x0000000100000000)
  eden space 24064K, 0% used [0x00000000e1800000,0x00000000e1800000,0x00000000e2f80000)
  from space 3584K, 99% used [0x00000000e2f80000,0x00000000e32fca00,0x00000000e3300000)
  to   space 3584K, 0% used [0x00000000e3300000,0x00000000e3300000,0x00000000e3680000)
 ParOldGen       total 62976K, used 1274K [0x00000000a4800000, 0x00000000a8580000, 0x00000000e1800000)
  object space 62976K, 2% used [0x00000000a4800000,0x00000000a493e990,0x00000000a8580000)
 Metaspace       used 13686K, capacity 13864K, committed 14080K, reserved 1060864K
  class space    used 1624K, capacity 1706K, committed 1792K, reserved 1048576K
}
Event: 10.289 GC heap before
{Heap before GC invocations=2 (full 0):
 PSYoungGen      total 27648K, used 21575K [0x00000000e1800000, 0x00000000e3680000, 0x0000000100000000)
  eden space 24064K, 74% used [0x00000000e1800000,0x00000000e29953a8,0x00000000e2f80000)
  from space 3584K, 99% used [0x00000000e2f80000,0x00000000e32fca00,0x00000000e3300000)
  to   space 3584K, 0% used [0x00000000e3300000,0x00000000e3300000,0x00000000e3680000)
 ParOldGen       total 62976K, used 1274K [0x00000000a4800000, 0x00000000a8580000, 0x00000000e1800000)
  object space 62976K, 2% used [0x00000000a4800000,0x00000000a493e990,0x00000000a8580000)
 Metaspace       used 20968K, capacity 21096K, committed 21248K, reserved 1069056K
  class space    used 2148K, capacity 2218K, committed 2304K, reserved 1048576K
Event: 10.298 GC heap after
Heap after GC invocations=2 (full 0):
 PSYoungGen      total 27648K, used 3582K [0x00000000e1800000, 0x00000000e3680000, 0x0000000100000000)
  eden space 24064K, 0% used [0x00000000e1800000,0x00000000e1800000,0x00000000e2f80000)
  from space 3584K, 99% used [0x00000000e3300000,0x00000000e367fb48,0x00000000e3680000)
  to   space 3584K, 0% used [0x00000000e2f80000,0x00000000e2f80000,0x00000000e3300000)
 ParOldGen       total 62976K, used 4867K [0x00000000a4800000, 0x00000000a8580000, 0x00000000e1800000)
  object space 62976K, 7% used [0x00000000a4800000,0x00000000a4cc0cf8,0x00000000a8580000)
 Metaspace       used 20968K, capacity 21096K, committed 21248K, reserved 1069056K
  class space    used 2148K, capacity 2218K, committed 2304K, reserved 1048576K
}
Event: 10.298 GC heap before
{Heap before GC invocations=3 (full 1):
 PSYoungGen      total 27648K, used 3582K [0x00000000e1800000, 0x00000000e3680000, 0x0000000100000000)
  eden space 24064K, 0% used [0x00000000e1800000,0x00000000e1800000,0x00000000e2f80000)
  from space 3584K, 99% used [0x00000000e3300000,0x00000000e367fb48,0x00000000e3680000)
  to   space 3584K, 0% used [0x00000000e2f80000,0x00000000e2f80000,0x00000000e3300000)
 ParOldGen       total 62976K, used 4867K [0x00000000a4800000, 0x00000000a8580000, 0x00000000e1800000)
  object space 62976K, 7% used [0x00000000a4800000,0x00000000a4cc0cf8,0x00000000a8580000)
 Metaspace       used 20968K, capacity 21096K, committed 21248K, reserved 1069056K
  class space    used 2148K, capacity 2218K, committed 2304K, reserved 1048576K
Event: 10.336 GC heap after
Heap after GC invocations=3 (full 1):
 PSYoungGen      total 27648K, used 0K [0x00000000e1800000, 0x00000000e3680000, 0x0000000100000000)
  eden space 24064K, 0% used [0x00000000e1800000,0x00000000e1800000,0x00000000e2f80000)
  from space 3584K, 0% used [0x00000000e3300000,0x00000000e3300000,0x00000000e3680000)
  to   space 3584K, 0% used [0x00000000e2f80000,0x00000000e2f80000,0x00000000e3300000)
 ParOldGen       total 36352K, used 7677K [0x00000000a4800000, 0x00000000a6b80000, 0x00000000e1800000)
  object space 36352K, 21% used [0x00000000a4800000,0x00000000a4f7f6c8,0x00000000a6b80000)
 Metaspace       used 20968K, capacity 21096K, committed 21248K, reserved 1069056K
  class space    used 2148K, capacity 2218K, committed 2304K, reserved 1048576K
}

Deoptimization events (10 events):
Event: 1.841 Thread 0x0000000018428800 Uncommon trap: reason=class_check action=maybe_recompile pc=0x00000000034463e8 method=java.util.HashMap.putVal(ILjava/lang/Object;Ljava/lang/Object;ZZ)Ljava/lang/Object; @ 253
Event: 1.859 Thread 0x0000000018428800 Uncommon trap: reason=unstable_if action=reinterpret pc=0x0000000003426098 method=java.util.HashMap.getNode(ILjava/lang/Object;)Ljava/util/HashMap$Node; @ 62
Event: 1.887 Thread 0x0000000018428800 Uncommon trap: reason=class_check action=maybe_recompile pc=0x0000000003446408 method=java.util.HashMap.putVal(ILjava/lang/Object;Ljava/lang/Object;ZZ)Ljava/lang/Object; @ 203
Event: 1.887 Thread 0x0000000018428800 Uncommon trap: reason=class_check action=maybe_recompile pc=0x0000000003446408 method=java.util.HashMap.putVal(ILjava/lang/Object;Ljava/lang/Object;ZZ)Ljava/lang/Object; @ 203
Event: 1.957 Thread 0x0000000018428800 Uncommon trap: reason=unstable_if action=reinterpret pc=0x000000000349ce64 method=java.io.BufferedReader.read()I @ 19
Event: 13.243 Thread 0x0000000018428800 Uncommon trap: reason=class_check action=maybe_recompile pc=0x00000000032f4220 method=java.lang.String.equals(Ljava/lang/Object;)Z @ 8
Event: 13.243 Thread 0x0000000018428800 Uncommon trap: reason=class_check action=maybe_recompile pc=0x00000000032f4220 method=java.lang.String.equals(Ljava/lang/Object;)Z @ 8
Event: 13.243 Thread 0x0000000018428800 Uncommon trap: reason=class_check action=maybe_recompile pc=0x00000000032f4220 method=java.lang.String.equals(Ljava/lang/Object;)Z @ 8
Event: 13.752 Thread 0x0000000018428800 Uncommon trap: reason=unstable_if action=reinterpret pc=0x0000000003311918 method=sun.nio.cs.UTF_8$Encoder.encode([CII[B)I @ 33
Event: 14.019 Thread 0x0000000018428800 Uncommon trap: reason=unstable_if action=reinterpret pc=0x000000000348ea84 method=java.util.ArrayList.rangeCheck(I)V @ 5

Classes redefined (0 events):
No events

Internal exceptions (10 events):
Event: 1.878 Thread 0x0000000018428800 Exception <a 'java/lang/ArrayIndexOutOfBoundsException'> (0x00000000e2bfda10) thrown at [C:\re\workspace\8-2-build-windows-amd64-cygwin\jdk8u181\11358\hotspot\src\share\vm\runtime\sharedRuntime.cpp, line 605]
Event: 1.878 Thread 0x0000000018428800 Exception <a 'java/lang/ArrayIndexOutOfBoundsException'> (0x00000000e2bfebb0) thrown at [C:\re\workspace\8-2-build-windows-amd64-cygwin\jdk8u181\11358\hotspot\src\share\vm\runtime\sharedRuntime.cpp, line 605]
Event: 1.879 Thread 0x0000000018428800 Exception <a 'java/lang/ArrayIndexOutOfBoundsException'> (0x00000000e2c005f8) thrown at [C:\re\workspace\8-2-build-windows-amd64-cygwin\jdk8u181\11358\hotspot\src\share\vm\runtime\sharedRuntime.cpp, line 605]
Event: 1.897 Thread 0x0000000018428800 Exception <a 'java/lang/ArrayIndexOutOfBoundsException'> (0x00000000e2c270c0) thrown at [C:\re\workspace\8-2-build-windows-amd64-cygwin\jdk8u181\11358\hotspot\src\share\vm\runtime\sharedRuntime.cpp, line 605]
Event: 1.897 Thread 0x0000000018428800 Exception <a 'java/lang/ArrayIndexOutOfBoundsException'> (0x00000000e2c28510) thrown at [C:\re\workspace\8-2-build-windows-amd64-cygwin\jdk8u181\11358\hotspot\src\share\vm\runtime\sharedRuntime.cpp, line 605]
Event: 1.897 Thread 0x0000000018428800 Exception <a 'java/lang/ArrayIndexOutOfBoundsException'> (0x00000000e2c2a070) thrown at [C:\re\workspace\8-2-build-windows-amd64-cygwin\jdk8u181\11358\hotspot\src\share\vm\runtime\sharedRuntime.cpp, line 605]
Event: 1.913 Thread 0x0000000018428800 Exception <a 'java/lang/ArrayIndexOutOfBoundsException'> (0x00000000e2c50090) thrown at [C:\re\workspace\8-2-build-windows-amd64-cygwin\jdk8u181\11358\hotspot\src\share\vm\runtime\sharedRuntime.cpp, line 605]
Event: 1.918 Thread 0x0000000018428800 Exception <a 'java/lang/ArrayIndexOutOfBoundsException'> (0x00000000e2c5e1b0) thrown at [C:\re\workspace\8-2-build-windows-amd64-cygwin\jdk8u181\11358\hotspot\src\share\vm\runtime\sharedRuntime.cpp, line 605]
Event: 14.020 Thread 0x0000000018428800 Exception <a 'java/lang/IndexOutOfBoundsException'> (0x00000000e1fa9360) thrown at [C:\re\workspace\8-2-build-windows-amd64-cygwin\jdk8u181\11358\hotspot\src\share\vm\prims\jvm.cpp, line 1439]
Event: 14.020 Thread 0x0000000018428800 Exception <a 'java/lang/IndexOutOfBoundsException'> (0x00000000e1fa9360) thrown at [C:\re\workspace\8-2-build-windows-amd64-cygwin\jdk8u181\11358\hotspot\src\share\vm\prims\jvm.cpp, line 1439]

Events (10 events):
Event: 30.357 loading class javax/swing/JList done
Event: 42.317 Thread 0x0000000018023000 Thread added: 0x0000000018023000
Event: 42.317 Thread 0x0000000017bd1000 Thread added: 0x0000000017bd1000
Event: 42.317 Thread 0x0000000017bd2000 Thread added: 0x0000000017bd2000
Event: 42.317 Thread 0x0000000017bd1000 Thread exited: 0x0000000017bd1000
Event: 42.320 Thread 0x0000000017bd2000 Thread exited: 0x0000000017bd2000
Event: 42.358 Thread 0x00000000183d4800 Thread exited: 0x00000000183d4800
Event: 42.418 Thread 0x0000000018023000 Thread exited: 0x0000000018023000
Event: 42.418 Thread 0x00000000165fc000 Thread exited: 0x00000000165fc000
Event: 42.418 Executing VM operation: Exit


Dynamic libraries:
0x00007ff7a24b0000 - 0x00007ff7a24e7000 	C:\Program Files\Java\jdk1.8.0_181\jre\bin\java.exe
0x00007ffc9afa0000 - 0x00007ffc9b181000 	C:\WINDOWS\SYSTEM32\ntdll.dll
0x00007ffc9aa50000 - 0x00007ffc9ab02000 	C:\WINDOWS\System32\KERNEL32.DLL
0x00007ffc97900000 - 0x00007ffc97b73000 	C:\WINDOWS\System32\KERNELBASE.dll
0x00007ffc9a550000 - 0x00007ffc9a5f1000 	C:\WINDOWS\System32\ADVAPI32.dll
0x00007ffc984a0000 - 0x00007ffc9853e000 	C:\WINDOWS\System32\msvcrt.dll
0x00007ffc9ab40000 - 0x00007ffc9ab9b000 	C:\WINDOWS\System32\sechost.dll
0x00007ffc9ad40000 - 0x00007ffc9ae64000 	C:\WINDOWS\System32\RPCRT4.dll
0x00007ffc98760000 - 0x00007ffc988f0000 	C:\WINDOWS\System32\USER32.dll
0x00007ffc97780000 - 0x00007ffc977a0000 	C:\WINDOWS\System32\win32u.dll
0x00007ffc9af40000 - 0x00007ffc9af68000 	C:\WINDOWS\System32\GDI32.dll
0x00007ffc98290000 - 0x00007ffc98422000 	C:\WINDOWS\System32\gdi32full.dll
0x00007ffc97420000 - 0x00007ffc974bf000 	C:\WINDOWS\System32\msvcp_win.dll
0x00007ffc977a0000 - 0x00007ffc9789a000 	C:\WINDOWS\System32\ucrtbase.dll
0x00007ffc87790000 - 0x00007ffc879f9000 	C:\WINDOWS\WinSxS\amd64_microsoft.windows.common-controls_6595b64144ccf1df_6.0.17134.407_none_fb449d63306391e9\COMCTL32.dll
0x00007ffc98b70000 - 0x00007ffc98e92000 	C:\WINDOWS\System32\combase.dll
0x00007ffc974c0000 - 0x00007ffc9753a000 	C:\WINDOWS\System32\bcryptPrimitives.dll
0x00007ffc9ab10000 - 0x00007ffc9ab3d000 	C:\WINDOWS\System32\IMM32.DLL
0x0000000072e00000 - 0x0000000072ed2000 	C:\Program Files\Java\jdk1.8.0_181\jre\bin\msvcr100.dll
0x0000000072ee0000 - 0x0000000073782000 	C:\Program Files\Java\jdk1.8.0_181\jre\bin\server\jvm.dll
0x00007ffc9a3b0000 - 0x00007ffc9a3b8000 	C:\WINDOWS\System32\PSAPI.DLL
0x00007ffc8a880000 - 0x00007ffc8a889000 	C:\WINDOWS\SYSTEM32\WSOCK32.dll
0x00007ffc98ea0000 - 0x00007ffc98f0c000 	C:\WINDOWS\System32\WS2_32.dll
0x00007ffc94150000 - 0x00007ffc94173000 	C:\WINDOWS\SYSTEM32\WINMM.dll
0x00007ffc8b7a0000 - 0x00007ffc8b7aa000 	C:\WINDOWS\SYSTEM32\VERSION.dll
0x00007ffc94120000 - 0x00007ffc9414a000 	C:\WINDOWS\SYSTEM32\WINMMBASE.dll
0x00007ffc97730000 - 0x00007ffc97779000 	C:\WINDOWS\System32\cfgmgr32.dll
0x0000000072db0000 - 0x0000000072dbf000 	C:\Program Files\Java\jdk1.8.0_181\jre\bin\verify.dll
0x0000000072d80000 - 0x0000000072da9000 	C:\Program Files\Java\jdk1.8.0_181\jre\bin\java.dll
0x0000000072d60000 - 0x0000000072d76000 	C:\Program Files\Java\jdk1.8.0_181\jre\bin\zip.dll
0x00007ffc98f70000 - 0x00007ffc9a3af000 	C:\WINDOWS\System32\SHELL32.dll
0x00007ffc986b0000 - 0x00007ffc98759000 	C:\WINDOWS\System32\shcore.dll
0x00007ffc97b80000 - 0x00007ffc9828d000 	C:\WINDOWS\System32\windows.storage.dll
0x00007ffc98f10000 - 0x00007ffc98f61000 	C:\WINDOWS\System32\shlwapi.dll
0x00007ffc972b0000 - 0x00007ffc972c1000 	C:\WINDOWS\System32\kernel.appcore.dll
0x00007ffc972e0000 - 0x00007ffc972ff000 	C:\WINDOWS\System32\profapi.dll
0x00007ffc97320000 - 0x00007ffc9736c000 	C:\WINDOWS\System32\powrprof.dll
0x00007ffc972d0000 - 0x00007ffc972da000 	C:\WINDOWS\System32\FLTLIB.DLL
0x00007ffc68230000 - 0x00007ffc6831e000 	C:\Program Files\NoPing Tunnel v15\ProxyIntercept64.dll
0x00007ffc71f20000 - 0x00007ffc71fc6000 	C:\WINDOWS\SYSTEM32\MSVCP120.dll
0x00007ffc72050000 - 0x00007ffc7213f000 	C:\WINDOWS\SYSTEM32\MSVCR120.dll
0x00007ffc96850000 - 0x00007ffc96888000 	C:\WINDOWS\SYSTEM32\IPHLPAPI.DLL
0x00007ffc96ad0000 - 0x00007ffc96b36000 	C:\WINDOWS\system32\mswsock.dll
0x0000000072b80000 - 0x0000000072d19000 	C:\Program Files\Java\jdk1.8.0_181\jre\bin\awt.dll
0x00007ffc9ae70000 - 0x00007ffc9af32000 	C:\WINDOWS\System32\OLEAUT32.dll
0x00007ffc95700000 - 0x00007ffc9578b000 	C:\WINDOWS\SYSTEM32\apphelp.dll
0x00007ffc98540000 - 0x00007ffc98548000 	C:\WINDOWS\System32\NSI.dll
0x00007ffc95960000 - 0x00007ffc959f8000 	C:\WINDOWS\system32\uxtheme.dll
0x00007ffc98950000 - 0x00007ffc98ac3000 	C:\WINDOWS\System32\MSCTF.dll
0x00007ffc71e90000 - 0x00007ffc71f1b000 	C:\Program Files\NoPing Tunnel v15\iLdr64.dll
0x00007ffc95a40000 - 0x00007ffc95a69000 	C:\WINDOWS\system32\dwmapi.dll
0x00007ffc98550000 - 0x00007ffc986a1000 	C:\WINDOWS\System32\ole32.dll
0x00007ffc83dc0000 - 0x00007ffc83ee0000 	C:\WINDOWS\system32\opengl32.dll
0x00007ffc85460000 - 0x00007ffc8548c000 	C:\WINDOWS\SYSTEM32\GLU32.dll
0x0000000072b30000 - 0x0000000072b77000 	C:\Program Files\Java\jdk1.8.0_181\jre\bin\fontmanager.dll
0x0000000072d40000 - 0x0000000072d5a000 	C:\Program Files\Java\jdk1.8.0_181\jre\bin\net.dll
0x0000000072d20000 - 0x0000000072d31000 	C:\Program Files\Java\jdk1.8.0_181\jre\bin\nio.dll
0x0000000072ae0000 - 0x0000000072b22000 	C:\Program Files\Java\jdk1.8.0_181\jre\bin\t2k.dll
0x00007ffc98ad0000 - 0x00007ffc98b70000 	C:\WINDOWS\System32\clbcatq.dll
0x00007ffc92ac0000 - 0x00007ffc92c6e000 	C:\WINDOWS\SYSTEM32\WindowsCodecs.dll
0x00007ffc8dbe0000 - 0x00007ffc8dc76000 	C:\WINDOWS\System32\TextInputFramework.dll
0x00007ffc925a0000 - 0x00007ffc928be000 	C:\WINDOWS\System32\CoreUIComponents.dll
0x00007ffc951c0000 - 0x00007ffc9529a000 	C:\WINDOWS\System32\CoreMessaging.dll
0x00007ffc963a0000 - 0x00007ffc963d1000 	C:\WINDOWS\SYSTEM32\ntmarta.dll
0x00007ffc92450000 - 0x00007ffc9259d000 	C:\WINDOWS\SYSTEM32\wintypes.dll
0x0000000072ad0000 - 0x0000000072add000 	C:\Program Files\Java\jdk1.8.0_181\jre\bin\management.dll
0x0000000019090000 - 0x000000001914e000 	C:\WINDOWS\SYSTEM32\DNSAPI.dll
0x00007ffc8e850000 - 0x00007ffc8e85a000 	C:\Windows\System32\rasadhlp.dll
0x00007ffc8eee0000 - 0x00007ffc8ef52000 	C:\WINDOWS\System32\fwpuclnt.dll
0x00007ffc96db0000 - 0x00007ffc96dd5000 	C:\WINDOWS\SYSTEM32\bcrypt.dll
0x00007ffc96c80000 - 0x00007ffc96c97000 	C:\WINDOWS\SYSTEM32\CRYPTSP.dll
0x00007ffc966b0000 - 0x00007ffc966e3000 	C:\WINDOWS\system32\rsaenh.dll
0x00007ffc971b0000 - 0x00007ffc971d8000 	C:\WINDOWS\SYSTEM32\USERENV.dll
0x00007ffc96ca0000 - 0x00007ffc96cab000 	C:\WINDOWS\SYSTEM32\CRYPTBASE.dll
0x00007ffc902b0000 - 0x00007ffc902c6000 	C:\WINDOWS\SYSTEM32\dhcpcsvc6.DLL
0x00007ffc90290000 - 0x00007ffc902aa000 	C:\WINDOWS\SYSTEM32\dhcpcsvc.DLL
0x00007ffc886f0000 - 0x00007ffc88706000 	C:\WINDOWS\system32\napinsp.dll
0x00007ffc886d0000 - 0x00007ffc886ea000 	C:\WINDOWS\system32\pnrpnsp.dll
0x00007ffc93b10000 - 0x00007ffc93b29000 	C:\WINDOWS\system32\NLAapi.dll
0x00007ffc88690000 - 0x00007ffc8869e000 	C:\WINDOWS\System32\winrnr.dll
0x00007ffc8a550000 - 0x00007ffc8a719000 	C:\WINDOWS\SYSTEM32\dbghelp.dll

VM Arguments:
jvm_args: -Dfile.encoding=UTF-8 
java_command: projeto.vendas.view.GuiLogin
java_class_path (initial): D:\TCC - Fatec 2018\PHappy-Vendas\ojdbc6_g.jar;C:\Program Files (x86)\NetBeans 8.2\java\modules\ext\beansbinding-1.2.1.jar;C:\Program Files (x86)\NetBeans 8.2\enterprise\modules\ext\jaxrs-2.0\javax.ws.rs-api-2.0.jar;C:\Program Files (x86)\NetBeans 8.2\enterprise\modules\ext\jersey2\ext\asm-all-repackaged-2.2.0-b21.jar;C:\Program Files (x86)\NetBeans 8.2\enterprise\modules\ext\jersey2\ext\cglib-2.2.0-b21.jar;C:\Program Files (x86)\NetBeans 8.2\enterprise\modules\ext\jersey2\ext\guava-14.0.1.jar;C:\Program Files (x86)\NetBeans 8.2\enterprise\modules\ext\jersey2\ext\hk2-api-2.2.0-b21.jar;C:\Program Files (x86)\NetBeans 8.2\enterprise\modules\ext\jersey2\ext\hk2-locator-2.2.0-b21.jar;C:\Program Files (x86)\NetBeans 8.2\enterprise\modules\ext\jersey2\ext\hk2-utils-2.2.0-b21.jar;C:\Program Files (x86)\NetBeans 8.2\enterprise\modules\ext\jersey2\ext\javax.annotation-api-1.2.jar;C:\Program Files (x86)\NetBeans 8.2\enterprise\modules\ext\jersey2\ext\javax.inject-2.2.0-b21.jar;C:\Program Files (x86)\NetBeans 8.2\enterprise\modules\ext\jersey2\ext\javax.servlet-api-3.0.1.jar;C:\Program Files (x86)\NetBeans 8.2\enterprise\modules\ext\jersey2\ext\jaxb-api-2.2.7.jar;C:\Program Files (x86)\NetBeans 8.2\enterprise\modules\ext\jersey2\ext\jersey-entity-filtering-2.5.1.jar;C:\Program Files (x86)\NetBeans 8.2\enterprise\modules\ext\jersey2\ext\jersey-media-moxy-2.5.1.jar;C:\Program Files (x86)\NetBeans 8.2\enterprise\modules\ext\jersey2\ext\org.osgi.core-4.2.0.jar;C:\Program Files (x86)\NetBeans 8.2\enterprise\modules\ext\jersey2\ext\osgi-resource-locator-1.0.1.jar;C:\Program Files (x86)\NetBeans 8.2\enterprise\modules\ext\jersey2\ext\persistence-api-1.0.jar;C:\Program Files (x86)\NetBeans 8.2\enterprise\modules\ext\jersey2\ext\validation-api-1.1.0.Final.jar;C:\Program Files (x86)\NetBeans 8.2\enterprise\modules\ext\jersey2\jersey-client.jar;C:\Program Files (x86)\NetBeans 8.2\enterprise\modules\ext\jersey2\jersey-common.jar;C:\Program Files (x86)\NetBeans
Launcher Type: SUN_STANDARD

Environment Variables:
JAVA_HOME=C:\Program Files (x86)\Java\jdk1.8.0_181
PATH=C:\WINDOWS\system32;C:\WINDOWS;C:\WINDOWS\System32\Wbem;C:\WINDOWS\System32\WindowsPowerShell\v1.0\;C:\Program Files\dotnet\;C:\WINDOWS\System32\OpenSSH\;C:\Users\ferna\AppData\Local\Microsoft\WindowsApps;
USERNAME=Fernando
OS=Windows_NT
PROCESSOR_IDENTIFIER=Intel64 Family 6 Model 58 Stepping 9, GenuineIntel



---------------  S Y S T E M  ---------------

OS: Windows 10.0 , 64 bit Build 17134 (10.0.17134.1)

CPU:total 2 (initial active 2) (2 cores per cpu, 1 threads per core) family 6 model 58 stepping 9, cmov, cx8, fxsr, mmx, sse, sse2, sse3, ssse3, sse4.1, sse4.2, popcnt, clmul, erms, tsc, tscinvbit, tscinv

Memory: 4k page, physical 5989528k(1586500k free), swap 8422572k(2497468k free)

vm_info: Java HotSpot(TM) 64-Bit Server VM (25.181-b13) for windows-amd64 JRE (1.8.0_181-b13), built on Jul  7 2018 04:01:33 by "java_re" with MS VC++ 10.0 (VS2010)

time: Sun Nov 25 15:11:09 2018
elapsed time: 43 seconds (0d 0h 0m 43s)

