#
# A fatal error has been detected by the Java Runtime Environment:
#
#  Internal Error (0xc000000d), pid=4360, tid=0x0000000000001698
#
# JRE version: Java(TM) SE Runtime Environment (8.0_181-b13) (build 1.8.0_181-b13)
# Java VM: Java HotSpot(TM) 64-Bit Server VM (25.181-b13 mixed mode windows-amd64 compressed oops)
# Problematic frame:
# C  [ntdll.dll+0x108b20]
#
# Failed to write core dump. Minidumps are not enabled by default on client versions of Windows
#
# If you would like to submit a bug report, please visit:
#   http://bugreport.java.com/bugreport/crash.jsp
#

---------------  T H R E A D  ---------------

Current thread (0x0000000016896800):  VMThread [stack: 0x0000000017300000,0x0000000017400000] [id=5784]

siginfo: ExceptionCode=0xc000000d

Registers:
RAX=0x000000005b3820da, RBX=0xfffffffffffffffe, RCX=0x000000000000004b, RDX=0x000000005b39d79a
RSP=0x00000000173fee00, RBP=0x00007ffc24c171bc, RSI=0x0000000000000000, RDI=0x00000000000003a0
R8 =0x0000000003331cb0, R9 =0x0000000000008000, R10=0x00000000ffffff00, R11=0x00000000173feb89
R12=0x000000000143c610, R13=0x0000000001483be0, R14=0x000000000143c718, R15=0x00000000173fef78
RIP=0x00007ffc401b8b20, EFLAGS=0x0000000000000202

Top of Stack: (sp=0x00000000173fee00)
0x00000000173fee00:   0000000000000057 fffffffffffffffe
0x00000000173fee10:   0000000000000000 00000000000003a0
0x00000000173fee20:   00000000c000000d 0000000000000000
0x00000000173fee30:   00007ffc401b8b20 0000000000000000
0x00000000173fee40:   0000000000000000 0000000000000000
0x00000000173fee50:   0000000000000000 0000000000000000
0x00000000173fee60:   0000000000000000 0000000000000000
0x00000000173fee70:   0000000000000000 0000000000000000
0x00000000173fee80:   0000000000000000 0000000000000000
0x00000000173fee90:   0000000000000000 0000000000000000
0x00000000173feea0:   0000000000000000 0000000000000000
0x00000000173feeb0:   0000000000000000 00007ffc400e1221
0x00000000173feec0:   000004cf651fc8f9 00000000ffffffff
0x00000000173feed0:   00000000173fefd0 00007ffc401672df
0x00000000173feee0:   0000000000f40000 0000000000000003
0x00000000173feef0:   0000000088090081 0000000000000000 

Instructions: (pc=0x00007ffc401b8b20)
0x00007ffc401b8b00:   7f f9 ff c7 44 24 20 0d 00 00 c0 b9 57 00 00 00
0x00007ffc401b8b10:   e8 7b e5 f3 ff 90 48 8d 4c 24 20 e8 90 c4 ef ff
0x00007ffc401b8b20:   eb 00 48 8b 8c 24 c0 00 00 00 48 33 cc e8 fe 1a
0x00007ffc401b8b30:   f8 ff 48 81 c4 d8 00 00 00 c3 40 55 48 83 ec 20 


Register to memory mapping:

RAX=0x000000005b3820da is an unknown value
RBX=0xfffffffffffffffe is an unknown value
RCX=0x000000000000004b is an unknown value
RDX=0x000000005b39d79a is an unknown value
RSP=0x00000000173fee00 is an unknown value
RBP=0x00007ffc24c171bc is an unknown value
RSI=0x0000000000000000 is an unknown value
RDI=0x00000000000003a0 is an unknown value
R8 =0x0000000003331cb0 is an unknown value
R9 =0x0000000000008000 is an unknown value
R10=0x00000000ffffff00 is an unallocated location in the heap
R11=0x00000000173feb89 is an unknown value
R12=0x000000000143c610 is an unknown value
R13=0x0000000001483be0 is an unknown value
R14=0x000000000143c718 is an unknown value
R15=0x00000000173fef78 is an unknown value


Stack: [0x0000000017300000,0x0000000017400000],  sp=0x00000000173fee00,  free space=1019k
Native frames: (J=compiled Java code, j=interpreted, Vv=VM code, C=native code)
C  [ntdll.dll+0x108b20]
C  [ntdll.dll+0xb72df]
C  [KERNEL32.DLL+0x1e36a]
C  [MSVCR120.dll+0x72e1]
C  [MSVCR120.dll+0x149d3]
C  [MSVCR120.dll+0x13c06]
C  [MSVCR120.dll+0x22da]
C  [MSVCR120.dll+0xae32]
C  [MSVCP120.dll+0x3cd49]
C  [ProxyIntercept64.dll+0x44eb4]
C  [ProxyIntercept64.dll+0x45066]
C  [ProxyIntercept64.dll+0x90df8]
C  [ProxyIntercept64.dll+0x96ee4]
C  [ProxyIntercept64.dll+0x96e92]
C  [ProxyIntercept64.dll+0x9227c]
C  [ProxyIntercept64.dll+0x1e7a9]
C  [ProxyIntercept64.dll+0x1e977]
C  [ProxyIntercept64.dll+0x28806]
C  [ProxyIntercept64.dll+0x2855a]
C  [ProxyIntercept64.dll+0x18528]
C  [ProxyIntercept64.dll+0x1a317]
C  [ProxyIntercept64.dll+0x18361]
C  [ProxyIntercept64.dll+0xa4bf0]
C  [ProxyIntercept64.dll+0x9a95c]
C  [ProxyIntercept64.dll+0x9abde]
C  [ntdll.dll+0x34053]
C  [ntdll.dll+0x40a05]
C  [ntdll.dll+0x408c8]
C  [KERNEL32.DLL+0x1b19a]
C  [msvcr100.dll+0x20ccd]
V  [jvm.dll+0x2139a5]
V  [jvm.dll+0x24cc27]
V  [jvm.dll+0x24bec6]
V  [jvm.dll+0x24c361]
V  [jvm.dll+0x24c57e]
V  [jvm.dll+0x29e64a]
C  [msvcr100.dll+0x21d9f]
C  [msvcr100.dll+0x21e3b]
C  [KERNEL32.DLL+0x13034]
C  [ntdll.dll+0x71461]

VM_Operation (0x0000000019a5d1d0): Exit, mode: safepoint, requested by thread 0x0000000018daa800


---------------  P R O C E S S  ---------------

Java Threads: ( => current thread )
  0x0000000019de6800 JavaThread "TimerQueue" daemon [_thread_blocked, id=4164, stack(0x000000001b1c0000,0x000000001b2c0000)]
  0x0000000003347800 JavaThread "DestroyJavaVM" [_thread_blocked, id=1900, stack(0x00000000031a0000,0x00000000032a0000)]
  0x0000000018daa800 JavaThread "AWT-EventQueue-0" [_thread_blocked, id=8152, stack(0x0000000019960000,0x0000000019a60000)]
  0x0000000018d4c000 JavaThread "AWT-Shutdown" [_thread_blocked, id=1052, stack(0x0000000019160000,0x0000000019260000)]
  0x0000000018d4b000 JavaThread "Java2D Disposer" daemon [_thread_blocked, id=7788, stack(0x0000000019060000,0x0000000019160000)]
  0x0000000016934000 JavaThread "Service Thread" daemon [_thread_blocked, id=7524, stack(0x0000000018110000,0x0000000018210000)]
  0x000000001692f800 JavaThread "C1 CompilerThread1" daemon [_thread_blocked, id=5912, stack(0x0000000017f10000,0x0000000018010000)]
  0x00000000168e0000 JavaThread "C2 CompilerThread0" daemon [_thread_blocked, id=8104, stack(0x0000000017d10000,0x0000000017e10000)]
  0x00000000168dc800 JavaThread "Attach Listener" daemon [_thread_blocked, id=3692, stack(0x0000000017c10000,0x0000000017d10000)]
  0x00000000168d9800 JavaThread "Signal Dispatcher" daemon [_thread_blocked, id=8664, stack(0x0000000017b10000,0x0000000017c10000)]
  0x000000000343e000 JavaThread "Finalizer" daemon [_thread_blocked, id=2540, stack(0x0000000017500000,0x0000000017600000)]
  0x0000000003434000 JavaThread "Reference Handler" daemon [_thread_blocked, id=6560, stack(0x0000000017400000,0x0000000017500000)]

Other Threads:
=>0x0000000016896800 VMThread [stack: 0x0000000017300000,0x0000000017400000] [id=5784]

VM state:at safepoint (shutting down)

VM Mutex/Monitor currently owned by a thread:  ([mutex/lock_event])
[0x000000000333e8f0] Threads_lock - owner thread: 0x0000000016896800

Heap:
 PSYoungGen      total 27648K, used 7637K [0x00000000e1800000, 0x00000000e3680000, 0x0000000100000000)
  eden space 24064K, 16% used [0x00000000e1800000,0x00000000e1bf6168,0x00000000e2f80000)
  from space 3584K, 99% used [0x00000000e2f80000,0x00000000e32ff340,0x00000000e3300000)
  to   space 3584K, 0% used [0x00000000e3300000,0x00000000e3300000,0x00000000e3680000)
 ParOldGen       total 62976K, used 2063K [0x00000000a4800000, 0x00000000a8580000, 0x00000000e1800000)
  object space 62976K, 3% used [0x00000000a4800000,0x00000000a4a03d98,0x00000000a8580000)
 Metaspace       used 14151K, capacity 14422K, committed 14464K, reserved 1062912K
  class space    used 1817K, capacity 1903K, committed 1920K, reserved 1048576K

Card table byte_map: [0x0000000012800000,0x0000000012ae0000] byte_map_base: 0x00000000122dc000

Marking Bits: (ParMarkBitMap*) 0x000000005bc62d00
 Begin Bits: [0x0000000012ed0000, 0x00000000145b0000)
 End Bits:   [0x00000000145b0000, 0x0000000015c90000)

Polling page: 0x0000000000fe0000

CodeCache: size=245760Kb used=5227Kb max_used=5227Kb free=240532Kb
 bounds [0x0000000003440000, 0x0000000003960000, 0x0000000012440000]
 total_blobs=2099 nmethods=1607 adapters=404
 compilation: enabled

Compilation events (10 events):
Event: 12.594 Thread 0x000000001692f800 1603       1       javax.swing.AbstractButton::isRolloverEnabled (5 bytes)
Event: 12.594 Thread 0x000000001692f800 nmethod 1603 0x0000000003956fd0 code [0x0000000003957120, 0x0000000003957230]
Event: 12.594 Thread 0x000000001692f800 1604       3       java.awt.Component::getGraphics (124 bytes)
Event: 12.595 Thread 0x000000001692f800 nmethod 1604 0x0000000003957290 code [0x00000000039574c0, 0x0000000003958368]
Event: 12.595 Thread 0x000000001692f800 1605       3       sun.java2d.SunGraphics2D::validateBasicStroke (332 bytes)
Event: 12.597 Thread 0x000000001692f800 nmethod 1605 0x00000000039586d0 code [0x00000000039589e0, 0x0000000003959d68]
Event: 12.599 Thread 0x000000001692f800 1606       3       javax.swing.JLabel::setDisplayedMnemonicIndex (102 bytes)
Event: 12.600 Thread 0x000000001692f800 nmethod 1606 0x000000000395a790 code [0x000000000395a9c0, 0x000000000395b708]
Event: 12.600 Thread 0x000000001692f800 1607       3       javax.swing.plaf.synth.SynthBorder::paintBorder (73 bytes)
Event: 12.600 Thread 0x000000001692f800 nmethod 1607 0x000000000395bc10 code [0x000000000395bdc0, 0x000000000395c3a8]

GC Heap History (2 events):
Event: 8.651 GC heap before
{Heap before GC invocations=1 (full 0):
 PSYoungGen      total 27648K, used 24064K [0x00000000e1800000, 0x00000000e3680000, 0x0000000100000000)
  eden space 24064K, 100% used [0x00000000e1800000,0x00000000e2f80000,0x00000000e2f80000)
  from space 3584K, 0% used [0x00000000e3300000,0x00000000e3300000,0x00000000e3680000)
  to   space 3584K, 0% used [0x00000000e2f80000,0x00000000e2f80000,0x00000000e3300000)
 ParOldGen       total 62976K, used 0K [0x00000000a4800000, 0x00000000a8580000, 0x00000000e1800000)
  object space 62976K, 0% used [0x00000000a4800000,0x00000000a4800000,0x00000000a8580000)
 Metaspace       used 14016K, capacity 14294K, committed 14464K, reserved 1062912K
  class space    used 1817K, capacity 1903K, committed 1920K, reserved 1048576K
Event: 8.663 GC heap after
Heap after GC invocations=1 (full 0):
 PSYoungGen      total 27648K, used 3580K [0x00000000e1800000, 0x00000000e3680000, 0x0000000100000000)
  eden space 24064K, 0% used [0x00000000e1800000,0x00000000e1800000,0x00000000e2f80000)
  from space 3584K, 99% used [0x00000000e2f80000,0x00000000e32ff340,0x00000000e3300000)
  to   space 3584K, 0% used [0x00000000e3300000,0x00000000e3300000,0x00000000e3680000)
 ParOldGen       total 62976K, used 2063K [0x00000000a4800000, 0x00000000a8580000, 0x00000000e1800000)
  object space 62976K, 3% used [0x00000000a4800000,0x00000000a4a03d98,0x00000000a8580000)
 Metaspace       used 14016K, capacity 14294K, committed 14464K, reserved 1062912K
  class space    used 1817K, capacity 1903K, committed 1920K, reserved 1048576K
}

Deoptimization events (10 events):
Event: 1.048 Thread 0x0000000018daa800 Uncommon trap: reason=class_check action=maybe_recompile pc=0x00000000036d91b8 method=javax.swing.plaf.nimbus.DerivedColor$UIResource.equals(Ljava/lang/Object;)Z @ 1
Event: 1.048 Thread 0x0000000018daa800 Uncommon trap: reason=class_check action=maybe_recompile pc=0x00000000036d91b8 method=javax.swing.plaf.nimbus.DerivedColor$UIResource.equals(Ljava/lang/Object;)Z @ 1
Event: 1.048 Thread 0x0000000018daa800 Uncommon trap: reason=class_check action=maybe_recompile pc=0x00000000036d91b8 method=javax.swing.plaf.nimbus.DerivedColor$UIResource.equals(Ljava/lang/Object;)Z @ 1
Event: 1.048 Thread 0x0000000018daa800 Uncommon trap: reason=class_check action=maybe_recompile pc=0x00000000036d91b8 method=javax.swing.plaf.nimbus.DerivedColor$UIResource.equals(Ljava/lang/Object;)Z @ 1
Event: 1.050 Thread 0x0000000018daa800 Uncommon trap: reason=unstable_if action=reinterpret pc=0x00000000036d9800 method=javax.swing.plaf.nimbus.DerivedColor.equals(Ljava/lang/Object;)Z @ 45
Event: 1.298 Thread 0x0000000018daa800 Uncommon trap: reason=class_check action=maybe_recompile pc=0x00000000035c2aa0 method=java.lang.String.equals(Ljava/lang/Object;)Z @ 8
Event: 1.314 Thread 0x0000000018daa800 Uncommon trap: reason=class_check action=maybe_recompile pc=0x00000000035c2aa0 method=java.lang.String.equals(Ljava/lang/Object;)Z @ 8
Event: 1.329 Thread 0x0000000018daa800 Uncommon trap: reason=class_check action=maybe_recompile pc=0x00000000035c2aa0 method=java.lang.String.equals(Ljava/lang/Object;)Z @ 8
Event: 1.335 Thread 0x0000000018daa800 Uncommon trap: reason=class_check action=maybe_recompile pc=0x00000000035c2aa0 method=java.lang.String.equals(Ljava/lang/Object;)Z @ 8
Event: 1.399 Thread 0x0000000018daa800 Uncommon trap: reason=unstable_if action=reinterpret pc=0x0000000003771d48 method=java.awt.MultipleGradientPaintContext.indexIntoGradientsArrays(F)I @ 13

Classes redefined (0 events):
No events

Internal exceptions (10 events):
Event: 0.796 Thread 0x0000000003347800 Exception <a 'java/lang/ClassNotFoundException': javax/swing/JToolBarSeparator> (0x00000000e2558c30) thrown at [C:\re\workspace\8-2-build-windows-amd64-cygwin\jdk8u181\11358\hotspot\src\share\vm\classfile\systemDictionary.cpp, line 210]
Event: 0.796 Thread 0x0000000003347800 Exception <a 'java/lang/ClassNotFoundException': ToolBarSeparator> (0x00000000e25590c8) thrown at [C:\re\workspace\8-2-build-windows-amd64-cygwin\jdk8u181\11358\hotspot\src\share\vm\classfile\systemDictionary.cpp, line 210]
Event: 0.796 Thread 0x0000000003347800 Exception <a 'java/lang/ClassNotFoundException': ToolTip> (0x00000000e2559808) thrown at [C:\re\workspace\8-2-build-windows-amd64-cygwin\jdk8u181\11358\hotspot\src\share\vm\classfile\systemDictionary.cpp, line 210]
Event: 0.798 Thread 0x0000000003347800 Exception <a 'java/lang/ClassNotFoundException': Tree> (0x00000000e255a428) thrown at [C:\re\workspace\8-2-build-windows-amd64-cygwin\jdk8u181\11358\hotspot\src\share\vm\classfile\systemDictionary.cpp, line 210]
Event: 0.798 Thread 0x0000000003347800 Exception <a 'java/lang/ClassNotFoundException': Tree> (0x00000000e255ab68) thrown at [C:\re\workspace\8-2-build-windows-amd64-cygwin\jdk8u181\11358\hotspot\src\share\vm\classfile\systemDictionary.cpp, line 210]
Event: 0.798 Thread 0x0000000003347800 Exception <a 'java/lang/ClassNotFoundException': javax/swing/JTreeCell> (0x00000000e255aee8) thrown at [C:\re\workspace\8-2-build-windows-amd64-cygwin\jdk8u181\11358\hotspot\src\share\vm\classfile\systemDictionary.cpp, line 210]
Event: 0.798 Thread 0x0000000003347800 Exception <a 'java/lang/ClassNotFoundException': TreeCell> (0x00000000e255b370) thrown at [C:\re\workspace\8-2-build-windows-amd64-cygwin\jdk8u181\11358\hotspot\src\share\vm\classfile\systemDictionary.cpp, line 210]
Event: 0.799 Thread 0x0000000003347800 Exception <a 'java/lang/ClassNotFoundException': RootPane> (0x00000000e255bdd0) thrown at [C:\re\workspace\8-2-build-windows-amd64-cygwin\jdk8u181\11358\hotspot\src\share\vm\classfile\systemDictionary.cpp, line 210]
Event: 0.855 Thread 0x0000000018daa800 Implicit null exception at 0x0000000003671796 to 0x0000000003671b29
Event: 0.855 Thread 0x0000000018daa800 Implicit null exception at 0x00000000036557d6 to 0x0000000003655b61

Events (10 events):
Event: 4.194 Executing VM operation: EnableBiasedLocking
Event: 4.195 Executing VM operation: EnableBiasedLocking done
Event: 8.651 Executing VM operation: ParallelGCFailedAllocation
Event: 8.663 Executing VM operation: ParallelGCFailedAllocation done
Event: 13.482 Thread 0x00000000187f1000 Thread added: 0x00000000187f1000
Event: 13.482 Thread 0x00000000187f1800 Thread added: 0x00000000187f1800
Event: 13.482 Thread 0x00000000187f1800 Thread exited: 0x00000000187f1800
Event: 13.523 Thread 0x0000000018d4f000 Thread exited: 0x0000000018d4f000
Event: 13.591 Thread 0x00000000187f1000 Thread exited: 0x00000000187f1000
Event: 13.591 Executing VM operation: Exit


Dynamic libraries:
0x00007ff6e6f00000 - 0x00007ff6e6f37000 	C:\Program Files\Java\jdk1.8.0_181\jre\bin\java.exe
0x00007ffc400b0000 - 0x00007ffc40291000 	C:\WINDOWS\SYSTEM32\ntdll.dll
0x00007ffc3f020000 - 0x00007ffc3f0d2000 	C:\WINDOWS\System32\KERNEL32.DLL
0x00007ffc3cdb0000 - 0x00007ffc3d023000 	C:\WINDOWS\System32\KERNELBASE.dll
0x00007ffc3ffd0000 - 0x00007ffc40071000 	C:\WINDOWS\System32\ADVAPI32.dll
0x00007ffc3fb30000 - 0x00007ffc3fbce000 	C:\WINDOWS\System32\msvcrt.dll
0x00007ffc3f6e0000 - 0x00007ffc3f73b000 	C:\WINDOWS\System32\sechost.dll
0x00007ffc3d8c0000 - 0x00007ffc3d9e4000 	C:\WINDOWS\System32\RPCRT4.dll
0x00007ffc3f760000 - 0x00007ffc3f8f0000 	C:\WINDOWS\System32\USER32.dll
0x00007ffc3cc40000 - 0x00007ffc3cc60000 	C:\WINDOWS\System32\win32u.dll
0x00007ffc3f260000 - 0x00007ffc3f288000 	C:\WINDOWS\System32\GDI32.dll
0x00007ffc3d280000 - 0x00007ffc3d412000 	C:\WINDOWS\System32\gdi32full.dll
0x00007ffc3d420000 - 0x00007ffc3d4bf000 	C:\WINDOWS\System32\msvcp_win.dll
0x00007ffc3cc60000 - 0x00007ffc3cd5a000 	C:\WINDOWS\System32\ucrtbase.dll
0x00007ffc2bfe0000 - 0x00007ffc2c249000 	C:\WINDOWS\WinSxS\amd64_microsoft.windows.common-controls_6595b64144ccf1df_6.0.17134.345_none_fb429a5930656358\COMCTL32.dll
0x00007ffc3fbd0000 - 0x00007ffc3fef3000 	C:\WINDOWS\System32\combase.dll
0x00007ffc3d4c0000 - 0x00007ffc3d53a000 	C:\WINDOWS\System32\bcryptPrimitives.dll
0x00007ffc3eff0000 - 0x00007ffc3f01d000 	C:\WINDOWS\System32\IMM32.DLL
0x000000005b360000 - 0x000000005b432000 	C:\Program Files\Java\jdk1.8.0_181\jre\bin\msvcr100.dll
0x000000005b440000 - 0x000000005bce2000 	C:\Program Files\Java\jdk1.8.0_181\jre\bin\server\jvm.dll
0x00007ffc3f0f0000 - 0x00007ffc3f0f8000 	C:\WINDOWS\System32\PSAPI.DLL
0x00007ffc2dd00000 - 0x00007ffc2dd09000 	C:\WINDOWS\SYSTEM32\WSOCK32.dll
0x00007ffc3a530000 - 0x00007ffc3a553000 	C:\WINDOWS\SYSTEM32\WINMM.dll
0x00007ffc3ef00000 - 0x00007ffc3ef6c000 	C:\WINDOWS\System32\WS2_32.dll
0x00007ffc30b60000 - 0x00007ffc30b6a000 	C:\WINDOWS\SYSTEM32\VERSION.dll
0x00007ffc3a500000 - 0x00007ffc3a52a000 	C:\WINDOWS\SYSTEM32\WINMMBASE.dll
0x00007ffc3cd60000 - 0x00007ffc3cda9000 	C:\WINDOWS\System32\cfgmgr32.dll
0x000000005b310000 - 0x000000005b31f000 	C:\Program Files\Java\jdk1.8.0_181\jre\bin\verify.dll
0x000000005b2e0000 - 0x000000005b309000 	C:\Program Files\Java\jdk1.8.0_181\jre\bin\java.dll
0x000000005b2c0000 - 0x000000005b2d6000 	C:\Program Files\Java\jdk1.8.0_181\jre\bin\zip.dll
0x00007ffc3da60000 - 0x00007ffc3ee9f000 	C:\WINDOWS\System32\SHELL32.dll
0x00007ffc3d690000 - 0x00007ffc3d739000 	C:\WINDOWS\System32\shcore.dll
0x00007ffc3c480000 - 0x00007ffc3cb8d000 	C:\WINDOWS\System32\windows.storage.dll
0x00007ffc3eea0000 - 0x00007ffc3eef1000 	C:\WINDOWS\System32\shlwapi.dll
0x00007ffc3c3f0000 - 0x00007ffc3c401000 	C:\WINDOWS\System32\kernel.appcore.dll
0x00007ffc3c3d0000 - 0x00007ffc3c3ef000 	C:\WINDOWS\System32\profapi.dll
0x00007ffc3c410000 - 0x00007ffc3c45c000 	C:\WINDOWS\System32\powrprof.dll
0x00007ffc3c3c0000 - 0x00007ffc3c3ca000 	C:\WINDOWS\System32\FLTLIB.DLL
0x00007ffc24980000 - 0x00007ffc24a6e000 	C:\Program Files\NoPing Tunnel v15\ProxyIntercept64.dll
0x00007ffc26a50000 - 0x00007ffc26af6000 	C:\WINDOWS\SYSTEM32\MSVCP120.dll
0x00007ffc24c10000 - 0x00007ffc24cff000 	C:\WINDOWS\SYSTEM32\MSVCR120.dll
0x00007ffc3b9c0000 - 0x00007ffc3b9f8000 	C:\WINDOWS\SYSTEM32\IPHLPAPI.DLL
0x00007ffc3bc40000 - 0x00007ffc3bca6000 	C:\WINDOWS\system32\mswsock.dll
0x00007ffc3f0e0000 - 0x00007ffc3f0e8000 	C:\WINDOWS\System32\NSI.dll
0x000000005b0e0000 - 0x000000005b279000 	C:\Program Files\Java\jdk1.8.0_181\jre\bin\awt.dll
0x00007ffc3ff00000 - 0x00007ffc3ffc2000 	C:\WINDOWS\System32\OLEAUT32.dll
0x00007ffc3a740000 - 0x00007ffc3a7cb000 	C:\WINDOWS\SYSTEM32\apphelp.dll
0x00007ffc3a8c0000 - 0x00007ffc3a958000 	C:\WINDOWS\system32\uxtheme.dll
0x00007ffc3d740000 - 0x00007ffc3d8b4000 	C:\WINDOWS\System32\MSCTF.dll
0x00007ffc318b0000 - 0x00007ffc3193b000 	C:\Program Files\NoPing Tunnel v15\iLdr64.dll
0x00007ffc3ab50000 - 0x00007ffc3ab79000 	C:\WINDOWS\system32\dwmapi.dll
0x00007ffc3f100000 - 0x00007ffc3f251000 	C:\WINDOWS\System32\ole32.dll
0x000000005b090000 - 0x000000005b0d7000 	C:\Program Files\Java\jdk1.8.0_181\jre\bin\fontmanager.dll
0x00007ffc26de0000 - 0x00007ffc26f00000 	C:\WINDOWS\system32\opengl32.dll
0x00007ffc2ff60000 - 0x00007ffc2ff8c000 	C:\WINDOWS\SYSTEM32\GLU32.dll
0x000000005b2a0000 - 0x000000005b2ba000 	C:\Program Files\Java\jdk1.8.0_181\jre\bin\net.dll
0x000000005b280000 - 0x000000005b291000 	C:\Program Files\Java\jdk1.8.0_181\jre\bin\nio.dll
0x000000005b040000 - 0x000000005b082000 	C:\Program Files\Java\jdk1.8.0_181\jre\bin\t2k.dll
0x00007ffc3fa90000 - 0x00007ffc3fb30000 	C:\WINDOWS\System32\clbcatq.dll
0x00007ffc36ed0000 - 0x00007ffc3707e000 	C:\WINDOWS\SYSTEM32\WindowsCodecs.dll
0x00007ffc32340000 - 0x00007ffc323d7000 	C:\WINDOWS\System32\TextInputFramework.dll
0x00007ffc369e0000 - 0x00007ffc36cfe000 	C:\WINDOWS\System32\CoreUIComponents.dll
0x00007ffc3a420000 - 0x00007ffc3a4fa000 	C:\WINDOWS\System32\CoreMessaging.dll
0x00007ffc3b4b0000 - 0x00007ffc3b4e1000 	C:\WINDOWS\SYSTEM32\ntmarta.dll
0x00007ffc37de0000 - 0x00007ffc37f2d000 	C:\WINDOWS\SYSTEM32\wintypes.dll
0x000000005b000000 - 0x000000005b02a000 	C:\Program Files\Java\jdk1.8.0_181\jre\bin\dcpr.dll
0x00007ffc2ce90000 - 0x00007ffc2d059000 	C:\WINDOWS\SYSTEM32\dbghelp.dll

VM Arguments:
jvm_args: -Dfile.encoding=UTF-8 
java_command: projeto.vendas.view.GuiControle_Estratégico_por_Cliente
java_class_path (initial): D:\TCC - Fatec 2018\PHappy-Vendas\ojdbc6_g.jar;C:\Program Files (x86)\NetBeans 8.2\java\modules\ext\beansbinding-1.2.1.jar;C:\Program Files (x86)\NetBeans 8.2\enterprise\modules\ext\jaxrs-2.0\javax.ws.rs-api-2.0.jar;C:\Program Files (x86)\NetBeans 8.2\enterprise\modules\ext\jersey2\ext\asm-all-repackaged-2.2.0-b21.jar;C:\Program Files (x86)\NetBeans 8.2\enterprise\modules\ext\jersey2\ext\cglib-2.2.0-b21.jar;C:\Program Files (x86)\NetBeans 8.2\enterprise\modules\ext\jersey2\ext\guava-14.0.1.jar;C:\Program Files (x86)\NetBeans 8.2\enterprise\modules\ext\jersey2\ext\hk2-api-2.2.0-b21.jar;C:\Program Files (x86)\NetBeans 8.2\enterprise\modules\ext\jersey2\ext\hk2-locator-2.2.0-b21.jar;C:\Program Files (x86)\NetBeans 8.2\enterprise\modules\ext\jersey2\ext\hk2-utils-2.2.0-b21.jar;C:\Program Files (x86)\NetBeans 8.2\enterprise\modules\ext\jersey2\ext\javax.annotation-api-1.2.jar;C:\Program Files (x86)\NetBeans 8.2\enterprise\modules\ext\jersey2\ext\javax.inject-2.2.0-b21.jar;C:\Program Files (x86)\NetBeans 8.2\enterprise\modules\ext\jersey2\ext\javax.servlet-api-3.0.1.jar;C:\Program Files (x86)\NetBeans 8.2\enterprise\modules\ext\jersey2\ext\jaxb-api-2.2.7.jar;C:\Program Files (x86)\NetBeans 8.2\enterprise\modules\ext\jersey2\ext\jersey-entity-filtering-2.5.1.jar;C:\Program Files (x86)\NetBeans 8.2\enterprise\modules\ext\jersey2\ext\jersey-media-moxy-2.5.1.jar;C:\Program Files (x86)\NetBeans 8.2\enterprise\modules\ext\jersey2\ext\org.osgi.core-4.2.0.jar;C:\Program Files (x86)\NetBeans 8.2\enterprise\modules\ext\jersey2\ext\osgi-resource-locator-1.0.1.jar;C:\Program Files (x86)\NetBeans 8.2\enterprise\modules\ext\jersey2\ext\persistence-api-1.0.jar;C:\Program Files (x86)\NetBeans 8.2\enterprise\modules\ext\jersey2\ext\validation-api-1.1.0.Final.jar;C:\Program Files (x86)\NetBeans 8.2\enterprise\modules\ext\jersey2\jersey-client.jar;C:\Program Files (x86)\NetBeans 8.2\enterprise\modules\ext\jersey2\jersey-common.jar;C:\Program Files (x86)\NetBeans
Launcher Type: SUN_STANDARD

Environment Variables:
JAVA_HOME=C:\Program Files (x86)\Java\jdk1.8.0_181
PATH=C:\WINDOWS\system32;C:\WINDOWS;C:\WINDOWS\System32\Wbem;C:\WINDOWS\System32\WindowsPowerShell\v1.0\;C:\Program Files\dotnet\;C:\WINDOWS\System32\OpenSSH\;C:\Users\ferna\AppData\Local\Microsoft\WindowsApps;
USERNAME=Fernando
OS=Windows_NT
PROCESSOR_IDENTIFIER=Intel64 Family 6 Model 58 Stepping 9, GenuineIntel



---------------  S Y S T E M  ---------------

OS: Windows 10.0 , 64 bit Build 17134 (10.0.17134.1)

CPU:total 2 (initial active 2) (2 cores per cpu, 1 threads per core) family 6 model 58 stepping 9, cmov, cx8, fxsr, mmx, sse, sse2, sse3, ssse3, sse4.1, sse4.2, popcnt, clmul, erms, tsc, tscinvbit, tscinv

Memory: 4k page, physical 5989528k(2527256k free), swap 6972604k(2124036k free)

vm_info: Java HotSpot(TM) 64-Bit Server VM (25.181-b13) for windows-amd64 JRE (1.8.0_181-b13), built on Jul  7 2018 04:01:33 by "java_re" with MS VC++ 10.0 (VS2010)

time: Sat Nov 10 19:21:05 2018
elapsed time: 14 seconds (0d 0h 0m 14s)

