#
# A fatal error has been detected by the Java Runtime Environment:
#
#  Internal Error (0xc000000d), pid=6392, tid=0x0000000000001798
#
# JRE version: Java(TM) SE Runtime Environment (8.0_181-b13) (build 1.8.0_181-b13)
# Java VM: Java HotSpot(TM) 64-Bit Server VM (25.181-b13 mixed mode windows-amd64 compressed oops)
# Problematic frame:
# C  [ntdll.dll+0x108b60]
#
# Failed to write core dump. Minidumps are not enabled by default on client versions of Windows
#
# If you would like to submit a bug report, please visit:
#   http://bugreport.java.com/bugreport/crash.jsp
#

---------------  T H R E A D  ---------------

Current thread (0x0000000016675800):  VMThread [stack: 0x0000000017110000,0x0000000017210000] [id=6040]

siginfo: ExceptionCode=0xc000000d

Registers:
RAX=0x0000000072e220da, RBX=0xfffffffffffffffe, RCX=0x000000000000004b, RDX=0x0000000072e3d79a
RSP=0x000000001720ea00, RBP=0x00007ffc7daa71bc, RSI=0x0000000000000000, RDI=0x0000000000000228
R8 =0x0000000002d11cb0, R9 =0x0000000000008000, R10=0x00000000ffffff00, R11=0x000000001720e789
R12=0x0000000000cc7290, R13=0x0000000000d09320, R14=0x0000000000cc7398, R15=0x000000001720eb78
RIP=0x00007ffc9b0a8b60, EFLAGS=0x0000000000000202

Top of Stack: (sp=0x000000001720ea00)
0x000000001720ea00:   0000000000000057 fffffffffffffffe
0x000000001720ea10:   0000000000000000 0000000000000228
0x000000001720ea20:   00000000c000000d 0000000000000000
0x000000001720ea30:   00007ffc9b0a8b60 0000000000000000
0x000000001720ea40:   0000000000000000 0000000000000000
0x000000001720ea50:   0000000000000000 0000000000000000
0x000000001720ea60:   0000000000000000 0000000000000000
0x000000001720ea70:   0000000000000000 0000000000000000
0x000000001720ea80:   0000000000000000 0000000000000000
0x000000001720ea90:   0000000000000000 0000000000000000
0x000000001720eaa0:   0000000000000000 0000000000000000
0x000000001720eab0:   0000000000000000 0000000000000000
0x000000001720eac0:   0000381035f4a4e7 0000000000000000
0x000000001720ead0:   0000000000800000 00007ffc9b05731f
0x000000001720eae0:   0000000000740000 0000000000000003
0x000000001720eaf0:   0000000000003070 0000000000000000 

Instructions: (pc=0x00007ffc9b0a8b60)
0x00007ffc9b0a8b40:   7f f9 ff c7 44 24 20 0d 00 00 c0 b9 57 00 00 00
0x00007ffc9b0a8b50:   e8 4b e5 f3 ff 90 48 8d 4c 24 20 e8 50 c4 ef ff
0x00007ffc9b0a8b60:   eb 00 48 8b 8c 24 c0 00 00 00 48 33 cc e8 ce 1a
0x00007ffc9b0a8b70:   f8 ff 48 81 c4 d8 00 00 00 c3 40 55 48 83 ec 20 


Register to memory mapping:

RAX=0x0000000072e220da is an unknown value
RBX=0xfffffffffffffffe is an unknown value
RCX=0x000000000000004b is an unknown value
RDX=0x0000000072e3d79a is an unknown value
RSP=0x000000001720ea00 is an unknown value
RBP=0x00007ffc7daa71bc is an unknown value
RSI=0x0000000000000000 is an unknown value
RDI=0x0000000000000228 is an unknown value
R8 =0x0000000002d11cb0 is an unknown value
R9 =0x0000000000008000 is an unknown value
R10=0x00000000ffffff00 is an unallocated location in the heap
R11=0x000000001720e789 is an unknown value
R12=0x0000000000cc7290 is an unknown value
R13=0x0000000000d09320 is an unknown value
R14=0x0000000000cc7398 is an unknown value
R15=0x000000001720eb78 is an unknown value


Stack: [0x0000000017110000,0x0000000017210000],  sp=0x000000001720ea00,  free space=1018k
Native frames: (J=compiled Java code, j=interpreted, Vv=VM code, C=native code)
C  [ntdll.dll+0x108b60]
C  [ntdll.dll+0xb731f]
C  [KERNEL32.DLL+0x1e36a]
C  [MSVCR120.dll+0x72e1]
C  [MSVCR120.dll+0x149d3]
C  [MSVCR120.dll+0x13c06]
C  [MSVCR120.dll+0x22da]
C  [MSVCR120.dll+0xae32]
C  [MSVCP120.dll+0x3cd49]
C  [ProxyIntercept64.dll+0x44eb4]
C  [ProxyIntercept64.dll+0x45066]
C  [ProxyIntercept64.dll+0x90df8]
C  [ProxyIntercept64.dll+0x96ee4]
C  [ProxyIntercept64.dll+0x96e92]
C  [ProxyIntercept64.dll+0x9227c]
C  [ProxyIntercept64.dll+0x1e7a9]
C  [ProxyIntercept64.dll+0x1e977]
C  [ProxyIntercept64.dll+0x28806]
C  [ProxyIntercept64.dll+0x2855a]
C  [ProxyIntercept64.dll+0x18528]
C  [ProxyIntercept64.dll+0x1a317]
C  [ProxyIntercept64.dll+0x18361]
C  [ProxyIntercept64.dll+0xa4bf0]
C  [ProxyIntercept64.dll+0x9a95c]
C  [ProxyIntercept64.dll+0x9abde]
C  [ntdll.dll+0x34063]
C  [ntdll.dll+0x40a15]
C  [ntdll.dll+0x408d8]
C  [KERNEL32.DLL+0x1b19a]
C  [msvcr100.dll+0x20ccd]
V  [jvm.dll+0x2139a5]
V  [jvm.dll+0x24cc27]
V  [jvm.dll+0x24bec6]
V  [jvm.dll+0x24c361]
V  [jvm.dll+0x24c57e]
V  [jvm.dll+0x29e64a]
C  [msvcr100.dll+0x21d9f]
C  [msvcr100.dll+0x21e3b]
C  [KERNEL32.DLL+0x13034]
C  [ntdll.dll+0x71471]

VM_Operation (0x00000000192dd280): Exit, mode: safepoint, requested by thread 0x00000000184fe800


---------------  P R O C E S S  ---------------

Java Threads: ( => current thread )
  0x000000001eb50800 JavaThread "Thread-0" daemon [_thread_blocked, id=8444, stack(0x000000001fb20000,0x000000001fc20000)]
  0x00000000185bb800 JavaThread "TimerQueue" daemon [_thread_blocked, id=7668, stack(0x00000000195e0000,0x00000000196e0000)]
  0x0000000000da8000 JavaThread "DestroyJavaVM" [_thread_blocked, id=9768, stack(0x0000000002be0000,0x0000000002ce0000)]
  0x00000000184fe800 JavaThread "AWT-EventQueue-0" [_thread_blocked, id=10384, stack(0x00000000191e0000,0x00000000192e0000)]
  0x00000000184a5800 JavaThread "AWT-Shutdown" [_thread_blocked, id=12980, stack(0x0000000018970000,0x0000000018a70000)]
  0x00000000184a4800 JavaThread "Java2D Disposer" daemon [_thread_blocked, id=8540, stack(0x0000000018870000,0x0000000018970000)]
  0x0000000016712800 JavaThread "Service Thread" daemon [_thread_blocked, id=9596, stack(0x0000000017920000,0x0000000017a20000)]
  0x0000000016710800 JavaThread "C1 CompilerThread1" daemon [_thread_blocked, id=7340, stack(0x0000000017820000,0x0000000017920000)]
  0x00000000166bf800 JavaThread "C2 CompilerThread0" daemon [_thread_blocked, id=12676, stack(0x0000000017720000,0x0000000017820000)]
  0x00000000166bc000 JavaThread "Attach Listener" daemon [_thread_blocked, id=9576, stack(0x0000000017620000,0x0000000017720000)]
  0x00000000166b8800 JavaThread "Signal Dispatcher" daemon [_thread_blocked, id=13036, stack(0x0000000017520000,0x0000000017620000)]
  0x000000001669e000 JavaThread "Finalizer" daemon [_thread_blocked, id=11212, stack(0x0000000017310000,0x0000000017410000)]
  0x0000000000e95800 JavaThread "Reference Handler" daemon [_thread_blocked, id=2424, stack(0x0000000017210000,0x0000000017310000)]

Other Threads:
=>0x0000000016675800 VMThread [stack: 0x0000000017110000,0x0000000017210000] [id=6040]

VM state:at safepoint (shutting down)

VM Mutex/Monitor currently owned by a thread:  ([mutex/lock_event])
[0x0000000000da4b40] Threads_lock - owner thread: 0x0000000016675800

Heap:
 PSYoungGen      total 27648K, used 18386K [0x00000000e1800000, 0x00000000e3680000, 0x0000000100000000)
  eden space 24064K, 61% used [0x00000000e1800000,0x00000000e2678388,0x00000000e2f80000)
  from space 3584K, 99% used [0x00000000e3300000,0x00000000e367c658,0x00000000e3680000)
  to   space 3584K, 0% used [0x00000000e2f80000,0x00000000e2f80000,0x00000000e3300000)
 ParOldGen       total 36352K, used 13363K [0x00000000a4800000, 0x00000000a6b80000, 0x00000000e1800000)
  object space 36352K, 36% used [0x00000000a4800000,0x00000000a550cee8,0x00000000a6b80000)
 Metaspace       used 26298K, capacity 26532K, committed 26752K, reserved 1073152K
  class space    used 2753K, capacity 2818K, committed 2944K, reserved 1048576K

Card table byte_map: [0x00000000125e0000,0x00000000128c0000] byte_map_base: 0x00000000120bc000

Marking Bits: (ParMarkBitMap*) 0x0000000073702d00
 Begin Bits: [0x0000000012cb0000, 0x0000000014390000)
 End Bits:   [0x0000000014390000, 0x0000000015a70000)

Polling page: 0x00000000007f0000

CodeCache: size=245760Kb used=12041Kb max_used=12071Kb free=233718Kb
 bounds [0x0000000002f20000, 0x0000000003b00000, 0x0000000011f20000]
 total_blobs=3858 nmethods=3235 adapters=533
 compilation: enabled

Compilation events (10 events):
Event: 1633.788 Thread 0x00000000166bf800 3561       4       java.awt.event.ComponentEvent::getComponent (22 bytes)
Event: 1633.789 Thread 0x00000000166bf800 nmethod 3561 0x0000000003a93290 code [0x0000000003a933c0, 0x0000000003a93478]
Event: 1633.988 Thread 0x0000000016710800 3562       3       java.awt.Container::createChildHierarchyEvents (76 bytes)
Event: 1633.989 Thread 0x0000000016710800 nmethod 3562 0x0000000003acabd0 code [0x0000000003acadc0, 0x0000000003acb6d8]
Event: 1639.883 Thread 0x00000000166bf800 3563   !   4       sun.awt.GlobalCursorManager$NativeUpdater::run (43 bytes)
Event: 1639.885 Thread 0x00000000166bf800 nmethod 3563 0x0000000003aaaf90 code [0x0000000003aab0e0, 0x0000000003aab328]
Event: 1641.981 Thread 0x0000000016710800 3564       3       java.util.logging.LogManager$LoggerContext::ensureDefaultLogger (70 bytes)
Event: 1641.981 Thread 0x0000000016710800 nmethod 3564 0x0000000003ac9f90 code [0x0000000003aca140, 0x0000000003aca9c8]
Event: 1641.982 Thread 0x0000000016710800 3565  s    3       java.util.Hashtable::containsKey (65 bytes)
Event: 1641.982 Thread 0x0000000016710800 nmethod 3565 0x0000000003ab0210 code [0x0000000003ab03a0, 0x0000000003ab09d8]

GC Heap History (10 events):
Event: 2.367 GC heap before
{Heap before GC invocations=1 (full 0):
 PSYoungGen      total 27648K, used 24064K [0x00000000e1800000, 0x00000000e3680000, 0x0000000100000000)
  eden space 24064K, 100% used [0x00000000e1800000,0x00000000e2f80000,0x00000000e2f80000)
  from space 3584K, 0% used [0x00000000e3300000,0x00000000e3300000,0x00000000e3680000)
  to   space 3584K, 0% used [0x00000000e2f80000,0x00000000e2f80000,0x00000000e3300000)
 ParOldGen       total 62976K, used 0K [0x00000000a4800000, 0x00000000a8580000, 0x00000000e1800000)
  object space 62976K, 0% used [0x00000000a4800000,0x00000000a4800000,0x00000000a8580000)
 Metaspace       used 13719K, capacity 13944K, committed 14080K, reserved 1060864K
  class space    used 1626K, capacity 1706K, committed 1792K, reserved 1048576K
Event: 2.376 GC heap after
Heap after GC invocations=1 (full 0):
 PSYoungGen      total 27648K, used 3561K [0x00000000e1800000, 0x00000000e3680000, 0x0000000100000000)
  eden space 24064K, 0% used [0x00000000e1800000,0x00000000e1800000,0x00000000e2f80000)
  from space 3584K, 99% used [0x00000000e2f80000,0x00000000e32fa648,0x00000000e3300000)
  to   space 3584K, 0% used [0x00000000e3300000,0x00000000e3300000,0x00000000e3680000)
 ParOldGen       total 62976K, used 1229K [0x00000000a4800000, 0x00000000a8580000, 0x00000000e1800000)
  object space 62976K, 1% used [0x00000000a4800000,0x00000000a49334a0,0x00000000a8580000)
 Metaspace       used 13719K, capacity 13944K, committed 14080K, reserved 1060864K
  class space    used 1626K, capacity 1706K, committed 1792K, reserved 1048576K
}
Event: 7.250 GC heap before
{Heap before GC invocations=2 (full 0):
 PSYoungGen      total 27648K, used 21698K [0x00000000e1800000, 0x00000000e3680000, 0x0000000100000000)
  eden space 24064K, 75% used [0x00000000e1800000,0x00000000e29b6568,0x00000000e2f80000)
  from space 3584K, 99% used [0x00000000e2f80000,0x00000000e32fa648,0x00000000e3300000)
  to   space 3584K, 0% used [0x00000000e3300000,0x00000000e3300000,0x00000000e3680000)
 ParOldGen       total 62976K, used 1229K [0x00000000a4800000, 0x00000000a8580000, 0x00000000e1800000)
  object space 62976K, 1% used [0x00000000a4800000,0x00000000a49334a0,0x00000000a8580000)
 Metaspace       used 20961K, capacity 21112K, committed 21248K, reserved 1069056K
  class space    used 2144K, capacity 2218K, committed 2304K, reserved 1048576K
Event: 7.260 GC heap after
Heap after GC invocations=2 (full 0):
 PSYoungGen      total 27648K, used 3568K [0x00000000e1800000, 0x00000000e3680000, 0x0000000100000000)
  eden space 24064K, 0% used [0x00000000e1800000,0x00000000e1800000,0x00000000e2f80000)
  from space 3584K, 99% used [0x00000000e3300000,0x00000000e367c150,0x00000000e3680000)
  to   space 3584K, 0% used [0x00000000e2f80000,0x00000000e2f80000,0x00000000e3300000)
 ParOldGen       total 62976K, used 4883K [0x00000000a4800000, 0x00000000a8580000, 0x00000000e1800000)
  object space 62976K, 7% used [0x00000000a4800000,0x00000000a4cc4e50,0x00000000a8580000)
 Metaspace       used 20961K, capacity 21112K, committed 21248K, reserved 1069056K
  class space    used 2144K, capacity 2218K, committed 2304K, reserved 1048576K
}
Event: 7.260 GC heap before
{Heap before GC invocations=3 (full 1):
 PSYoungGen      total 27648K, used 3568K [0x00000000e1800000, 0x00000000e3680000, 0x0000000100000000)
  eden space 24064K, 0% used [0x00000000e1800000,0x00000000e1800000,0x00000000e2f80000)
  from space 3584K, 99% used [0x00000000e3300000,0x00000000e367c150,0x00000000e3680000)
  to   space 3584K, 0% used [0x00000000e2f80000,0x00000000e2f80000,0x00000000e3300000)
 ParOldGen       total 62976K, used 4883K [0x00000000a4800000, 0x00000000a8580000, 0x00000000e1800000)
  object space 62976K, 7% used [0x00000000a4800000,0x00000000a4cc4e50,0x00000000a8580000)
 Metaspace       used 20961K, capacity 21112K, committed 21248K, reserved 1069056K
  class space    used 2144K, capacity 2218K, committed 2304K, reserved 1048576K
Event: 7.298 GC heap after
Heap after GC invocations=3 (full 1):
 PSYoungGen      total 27648K, used 0K [0x00000000e1800000, 0x00000000e3680000, 0x0000000100000000)
  eden space 24064K, 0% used [0x00000000e1800000,0x00000000e1800000,0x00000000e2f80000)
  from space 3584K, 0% used [0x00000000e3300000,0x00000000e3300000,0x00000000e3680000)
  to   space 3584K, 0% used [0x00000000e2f80000,0x00000000e2f80000,0x00000000e3300000)
 ParOldGen       total 36352K, used 7646K [0x00000000a4800000, 0x00000000a6b80000, 0x00000000e1800000)
  object space 36352K, 21% used [0x00000000a4800000,0x00000000a4f77858,0x00000000a6b80000)
 Metaspace       used 20961K, capacity 21112K, committed 21248K, reserved 1069056K
  class space    used 2144K, capacity 2218K, committed 2304K, reserved 1048576K
}
Event: 1535.049 GC heap before
{Heap before GC invocations=4 (full 1):
 PSYoungGen      total 27648K, used 22934K [0x00000000e1800000, 0x00000000e3680000, 0x0000000100000000)
  eden space 24064K, 95% used [0x00000000e1800000,0x00000000e2e65b68,0x00000000e2f80000)
  from space 3584K, 0% used [0x00000000e3300000,0x00000000e3300000,0x00000000e3680000)
  to   space 3584K, 0% used [0x00000000e2f80000,0x00000000e2f80000,0x00000000e3300000)
 ParOldGen       total 36352K, used 7646K [0x00000000a4800000, 0x00000000a6b80000, 0x00000000e1800000)
  object space 36352K, 21% used [0x00000000a4800000,0x00000000a4f77858,0x00000000a6b80000)
 Metaspace       used 25402K, capacity 25676K, committed 25856K, reserved 1073152K
  class space    used 2684K, capacity 2750K, committed 2816K, reserved 1048576K
Event: 1535.064 GC heap after
Heap after GC invocations=4 (full 1):
 PSYoungGen      total 27648K, used 3559K [0x00000000e1800000, 0x00000000e3680000, 0x0000000100000000)
  eden space 24064K, 0% used [0x00000000e1800000,0x00000000e1800000,0x00000000e2f80000)
  from space 3584K, 99% used [0x00000000e2f80000,0x00000000e32f9cf0,0x00000000e3300000)
  to   space 3584K, 0% used [0x00000000e3300000,0x00000000e3300000,0x00000000e3680000)
 ParOldGen       total 36352K, used 8078K [0x00000000a4800000, 0x00000000a6b80000, 0x00000000e1800000)
  object space 36352K, 22% used [0x00000000a4800000,0x00000000a4fe3958,0x00000000a6b80000)
 Metaspace       used 25402K, capacity 25676K, committed 25856K, reserved 1073152K
  class space    used 2684K, capacity 2750K, committed 2816K, reserved 1048576K
}
Event: 1623.996 GC heap before
{Heap before GC invocations=5 (full 1):
 PSYoungGen      total 27648K, used 27623K [0x00000000e1800000, 0x00000000e3680000, 0x0000000100000000)
  eden space 24064K, 100% used [0x00000000e1800000,0x00000000e2f80000,0x00000000e2f80000)
  from space 3584K, 99% used [0x00000000e2f80000,0x00000000e32f9cf0,0x00000000e3300000)
  to   space 3584K, 0% used [0x00000000e3300000,0x00000000e3300000,0x00000000e3680000)
 ParOldGen       total 36352K, used 8078K [0x00000000a4800000, 0x00000000a6b80000, 0x00000000e1800000)
  object space 36352K, 22% used [0x00000000a4800000,0x00000000a4fe3958,0x00000000a6b80000)
 Metaspace       used 26266K, capacity 26532K, committed 26752K, reserved 1073152K
  class space    used 2753K, capacity 2818K, committed 2944K, reserved 1048576K
Event: 1624.010 GC heap after
Heap after GC invocations=5 (full 1):
 PSYoungGen      total 27648K, used 3569K [0x00000000e1800000, 0x00000000e3680000, 0x0000000100000000)
  eden space 24064K, 0% used [0x00000000e1800000,0x00000000e1800000,0x00000000e2f80000)
  from space 3584K, 99% used [0x00000000e3300000,0x00000000e367c658,0x00000000e3680000)
  to   space 3584K, 0% used [0x00000000e2f80000,0x00000000e2f80000,0x00000000e3300000)
 ParOldGen       total 36352K, used 13363K [0x00000000a4800000, 0x00000000a6b80000, 0x00000000e1800000)
  object space 36352K, 36% used [0x00000000a4800000,0x00000000a550cee8,0x00000000a6b80000)
 Metaspace       used 26266K, capacity 26532K, committed 26752K, reserved 1073152K
  class space    used 2753K, capacity 2818K, committed 2944K, reserved 1048576K
}

Deoptimization events (10 events):
Event: 1541.617 Thread 0x00000000184fe800 Uncommon trap: reason=bimorphic action=maybe_recompile pc=0x0000000003160f20 method=java.awt.Component.getBackground()Ljava/awt/Color; @ 21
Event: 1541.617 Thread 0x00000000184fe800 Uncommon trap: reason=bimorphic action=maybe_recompile pc=0x0000000003160f20 method=java.awt.Component.getBackground()Ljava/awt/Color; @ 21
Event: 1553.220 Thread 0x00000000184fe800 Uncommon trap: reason=unstable_if action=reinterpret pc=0x00000000038421d4 method=java.awt.Toolkit$SelectiveAWTEventListener.eventDispatched(Ljava/awt/AWTEvent;)V @ 160
Event: 1567.240 Thread 0x00000000184fe800 Uncommon trap: reason=class_check action=maybe_recompile pc=0x000000000387bbe4 method=java.io.DataInputStream.readChar()C @ 4
Event: 1567.240 Thread 0x00000000184fe800 Uncommon trap: reason=class_check action=maybe_recompile pc=0x000000000387bbe4 method=java.io.DataInputStream.readChar()C @ 4
Event: 1567.240 Thread 0x00000000184fe800 Uncommon trap: reason=class_check action=maybe_recompile pc=0x000000000387bbe4 method=java.io.DataInputStream.readChar()C @ 4
Event: 1567.240 Thread 0x00000000184fe800 Uncommon trap: reason=class_check action=maybe_recompile pc=0x000000000387bbe4 method=java.io.DataInputStream.readChar()C @ 4
Event: 1605.914 Thread 0x00000000184fe800 Uncommon trap: reason=class_check action=maybe_recompile pc=0x0000000003695588 method=sun.java2d.loops.SurfaceType.pixelFor(ILjava/awt/image/ColorModel;)I @ 6
Event: 1605.914 Thread 0x00000000184fe800 Uncommon trap: reason=class_check action=maybe_recompile pc=0x0000000003695588 method=sun.java2d.loops.SurfaceType.pixelFor(ILjava/awt/image/ColorModel;)I @ 6
Event: 1641.980 Thread 0x00000000184a6000 Uncommon trap: reason=unstable_if action=reinterpret pc=0x0000000003a4ea80 method=sun.awt.windows.WWindowPeer.preprocessPostEvent(Ljava/awt/AWTEvent;)V @ 4

Classes redefined (0 events):
No events

Internal exceptions (10 events):
Event: 0.747 Thread 0x00000000184fe800 Implicit null exception at 0x0000000003129196 to 0x0000000003129521
Event: 2.141 Thread 0x00000000184fe800 Exception <a 'java/lang/ArrayIndexOutOfBoundsException'> (0x00000000e2c07610) thrown at [C:\re\workspace\8-2-build-windows-amd64-cygwin\jdk8u181\11358\hotspot\src\share\vm\runtime\sharedRuntime.cpp, line 605]
Event: 2.142 Thread 0x00000000184fe800 Exception <a 'java/lang/ArrayIndexOutOfBoundsException'> (0x00000000e2c08570) thrown at [C:\re\workspace\8-2-build-windows-amd64-cygwin\jdk8u181\11358\hotspot\src\share\vm\runtime\sharedRuntime.cpp, line 605]
Event: 2.142 Thread 0x00000000184fe800 Exception <a 'java/lang/ArrayIndexOutOfBoundsException'> (0x00000000e2c09710) thrown at [C:\re\workspace\8-2-build-windows-amd64-cygwin\jdk8u181\11358\hotspot\src\share\vm\runtime\sharedRuntime.cpp, line 605]
Event: 2.144 Thread 0x00000000184fe800 Exception <a 'java/lang/ArrayIndexOutOfBoundsException'> (0x00000000e2c0b158) thrown at [C:\re\workspace\8-2-build-windows-amd64-cygwin\jdk8u181\11358\hotspot\src\share\vm\runtime\sharedRuntime.cpp, line 605]
Event: 2.170 Thread 0x00000000184fe800 Exception <a 'java/lang/ArrayIndexOutOfBoundsException'> (0x00000000e2c31738) thrown at [C:\re\workspace\8-2-build-windows-amd64-cygwin\jdk8u181\11358\hotspot\src\share\vm\runtime\sharedRuntime.cpp, line 605]
Event: 2.170 Thread 0x00000000184fe800 Exception <a 'java/lang/ArrayIndexOutOfBoundsException'> (0x00000000e2c32b88) thrown at [C:\re\workspace\8-2-build-windows-amd64-cygwin\jdk8u181\11358\hotspot\src\share\vm\runtime\sharedRuntime.cpp, line 605]
Event: 2.171 Thread 0x00000000184fe800 Exception <a 'java/lang/ArrayIndexOutOfBoundsException'> (0x00000000e2c34658) thrown at [C:\re\workspace\8-2-build-windows-amd64-cygwin\jdk8u181\11358\hotspot\src\share\vm\runtime\sharedRuntime.cpp, line 605]
Event: 2.192 Thread 0x00000000184fe800 Exception <a 'java/lang/ArrayIndexOutOfBoundsException'> (0x00000000e2c5aa28) thrown at [C:\re\workspace\8-2-build-windows-amd64-cygwin\jdk8u181\11358\hotspot\src\share\vm\runtime\sharedRuntime.cpp, line 605]
Event: 2.196 Thread 0x00000000184fe800 Exception <a 'java/lang/ArrayIndexOutOfBoundsException'> (0x00000000e2c68b48) thrown at [C:\re\workspace\8-2-build-windows-amd64-cygwin\jdk8u181\11358\hotspot\src\share\vm\runtime\sharedRuntime.cpp, line 605]

Events (10 events):
Event: 1641.980 Thread 0x00000000184a6000 Uncommon trap: trap_request=0xffffff65 fr.pc=0x0000000003a4ea80
Event: 1641.980 Thread 0x00000000184a6000 DEOPT PACKING pc=0x0000000003a4ea80 sp=0x0000000018b6bdc0
Event: 1641.980 Thread 0x00000000184a6000 DEOPT UNPACKING pc=0x0000000002f6583b sp=0x0000000018b6bd60 mode 2
Event: 1641.980 Thread 0x000000001eb50800 Thread added: 0x000000001eb50800
Event: 1641.980 Thread 0x000000001d708800 Thread added: 0x000000001d708800
Event: 1641.980 Thread 0x000000001b52d800 Thread added: 0x000000001b52d800
Event: 1641.982 Thread 0x000000001d708800 Thread exited: 0x000000001d708800
Event: 1641.983 Thread 0x000000001b52d800 Thread exited: 0x000000001b52d800
Event: 1642.015 Thread 0x00000000184a6000 Thread exited: 0x00000000184a6000
Event: 1642.084 Executing VM operation: Exit


Dynamic libraries:
0x00007ff694920000 - 0x00007ff694957000 	C:\Program Files\Java\jdk1.8.0_181\jre\bin\java.exe
0x00007ffc9afa0000 - 0x00007ffc9b181000 	C:\WINDOWS\SYSTEM32\ntdll.dll
0x00007ffc9aa50000 - 0x00007ffc9ab02000 	C:\WINDOWS\System32\KERNEL32.DLL
0x00007ffc97900000 - 0x00007ffc97b73000 	C:\WINDOWS\System32\KERNELBASE.dll
0x00007ffc9a550000 - 0x00007ffc9a5f1000 	C:\WINDOWS\System32\ADVAPI32.dll
0x00007ffc984a0000 - 0x00007ffc9853e000 	C:\WINDOWS\System32\msvcrt.dll
0x00007ffc9ab40000 - 0x00007ffc9ab9b000 	C:\WINDOWS\System32\sechost.dll
0x00007ffc9ad40000 - 0x00007ffc9ae64000 	C:\WINDOWS\System32\RPCRT4.dll
0x00007ffc98760000 - 0x00007ffc988f0000 	C:\WINDOWS\System32\USER32.dll
0x00007ffc97780000 - 0x00007ffc977a0000 	C:\WINDOWS\System32\win32u.dll
0x00007ffc9af40000 - 0x00007ffc9af68000 	C:\WINDOWS\System32\GDI32.dll
0x00007ffc98290000 - 0x00007ffc98422000 	C:\WINDOWS\System32\gdi32full.dll
0x00007ffc97420000 - 0x00007ffc974bf000 	C:\WINDOWS\System32\msvcp_win.dll
0x00007ffc977a0000 - 0x00007ffc9789a000 	C:\WINDOWS\System32\ucrtbase.dll
0x00007ffc87790000 - 0x00007ffc879f9000 	C:\WINDOWS\WinSxS\amd64_microsoft.windows.common-controls_6595b64144ccf1df_6.0.17134.407_none_fb449d63306391e9\COMCTL32.dll
0x00007ffc98b70000 - 0x00007ffc98e92000 	C:\WINDOWS\System32\combase.dll
0x00007ffc974c0000 - 0x00007ffc9753a000 	C:\WINDOWS\System32\bcryptPrimitives.dll
0x00007ffc9ab10000 - 0x00007ffc9ab3d000 	C:\WINDOWS\System32\IMM32.DLL
0x0000000072e00000 - 0x0000000072ed2000 	C:\Program Files\Java\jdk1.8.0_181\jre\bin\msvcr100.dll
0x0000000072ee0000 - 0x0000000073782000 	C:\Program Files\Java\jdk1.8.0_181\jre\bin\server\jvm.dll
0x00007ffc9a3b0000 - 0x00007ffc9a3b8000 	C:\WINDOWS\System32\PSAPI.DLL
0x00007ffc8a880000 - 0x00007ffc8a889000 	C:\WINDOWS\SYSTEM32\WSOCK32.dll
0x00007ffc98ea0000 - 0x00007ffc98f0c000 	C:\WINDOWS\System32\WS2_32.dll
0x00007ffc94150000 - 0x00007ffc94173000 	C:\WINDOWS\SYSTEM32\WINMM.dll
0x00007ffc8b7a0000 - 0x00007ffc8b7aa000 	C:\WINDOWS\SYSTEM32\VERSION.dll
0x00007ffc94120000 - 0x00007ffc9414a000 	C:\WINDOWS\SYSTEM32\WINMMBASE.dll
0x00007ffc97730000 - 0x00007ffc97779000 	C:\WINDOWS\System32\cfgmgr32.dll
0x00007ffc7c150000 - 0x00007ffc7c23e000 	C:\Program Files\NoPing Tunnel v15\ProxyIntercept64.dll
0x00007ffc7daa0000 - 0x00007ffc7db8f000 	C:\WINDOWS\SYSTEM32\MSVCR120.dll
0x00007ffc96850000 - 0x00007ffc96888000 	C:\WINDOWS\SYSTEM32\IPHLPAPI.DLL
0x00007ffc7d9f0000 - 0x00007ffc7da96000 	C:\WINDOWS\SYSTEM32\MSVCP120.dll
0x00007ffc96ad0000 - 0x00007ffc96b36000 	C:\WINDOWS\system32\mswsock.dll
0x0000000072db0000 - 0x0000000072dbf000 	C:\Program Files\Java\jdk1.8.0_181\jre\bin\verify.dll
0x0000000072d80000 - 0x0000000072da9000 	C:\Program Files\Java\jdk1.8.0_181\jre\bin\java.dll
0x0000000072d60000 - 0x0000000072d76000 	C:\Program Files\Java\jdk1.8.0_181\jre\bin\zip.dll
0x00007ffc98540000 - 0x00007ffc98548000 	C:\WINDOWS\System32\NSI.dll
0x00007ffc98f70000 - 0x00007ffc9a3af000 	C:\WINDOWS\System32\SHELL32.dll
0x00007ffc986b0000 - 0x00007ffc98759000 	C:\WINDOWS\System32\shcore.dll
0x00007ffc97b80000 - 0x00007ffc9828d000 	C:\WINDOWS\System32\windows.storage.dll
0x00007ffc98f10000 - 0x00007ffc98f61000 	C:\WINDOWS\System32\shlwapi.dll
0x00007ffc972b0000 - 0x00007ffc972c1000 	C:\WINDOWS\System32\kernel.appcore.dll
0x00007ffc972e0000 - 0x00007ffc972ff000 	C:\WINDOWS\System32\profapi.dll
0x00007ffc97320000 - 0x00007ffc9736c000 	C:\WINDOWS\System32\powrprof.dll
0x00007ffc972d0000 - 0x00007ffc972da000 	C:\WINDOWS\System32\FLTLIB.DLL
0x0000000072b80000 - 0x0000000072d19000 	C:\Program Files\Java\jdk1.8.0_181\jre\bin\awt.dll
0x00007ffc9ae70000 - 0x00007ffc9af32000 	C:\WINDOWS\System32\OLEAUT32.dll
0x00007ffc95700000 - 0x00007ffc9578b000 	C:\WINDOWS\SYSTEM32\apphelp.dll
0x00007ffc95960000 - 0x00007ffc959f8000 	C:\WINDOWS\system32\uxtheme.dll
0x00007ffc98950000 - 0x00007ffc98ac3000 	C:\WINDOWS\System32\MSCTF.dll
0x00007ffc7ed70000 - 0x00007ffc7edfb000 	C:\Program Files\NoPing Tunnel v15\iLdr64.dll
0x00007ffc95a40000 - 0x00007ffc95a69000 	C:\WINDOWS\system32\dwmapi.dll
0x00007ffc98550000 - 0x00007ffc986a1000 	C:\WINDOWS\System32\ole32.dll
0x00007ffc848c0000 - 0x00007ffc849e0000 	C:\WINDOWS\system32\opengl32.dll
0x00007ffc84c70000 - 0x00007ffc84c9c000 	C:\WINDOWS\SYSTEM32\GLU32.dll
0x0000000072b30000 - 0x0000000072b77000 	C:\Program Files\Java\jdk1.8.0_181\jre\bin\fontmanager.dll
0x0000000072d40000 - 0x0000000072d5a000 	C:\Program Files\Java\jdk1.8.0_181\jre\bin\net.dll
0x0000000072d20000 - 0x0000000072d31000 	C:\Program Files\Java\jdk1.8.0_181\jre\bin\nio.dll
0x0000000072ae0000 - 0x0000000072b22000 	C:\Program Files\Java\jdk1.8.0_181\jre\bin\t2k.dll
0x00007ffc98ad0000 - 0x00007ffc98b70000 	C:\WINDOWS\System32\clbcatq.dll
0x00007ffc92ac0000 - 0x00007ffc92c6e000 	C:\WINDOWS\SYSTEM32\WindowsCodecs.dll
0x0000000072ad0000 - 0x0000000072add000 	C:\Program Files\Java\jdk1.8.0_181\jre\bin\management.dll
0x0000000018b70000 - 0x0000000018c2e000 	C:\WINDOWS\SYSTEM32\DNSAPI.dll
0x00007ffc8e850000 - 0x00007ffc8e85a000 	C:\Windows\System32\rasadhlp.dll
0x00007ffc8eee0000 - 0x00007ffc8ef52000 	C:\WINDOWS\System32\fwpuclnt.dll
0x00007ffc96db0000 - 0x00007ffc96dd5000 	C:\WINDOWS\SYSTEM32\bcrypt.dll
0x00007ffc96c80000 - 0x00007ffc96c97000 	C:\WINDOWS\SYSTEM32\CRYPTSP.dll
0x00007ffc966b0000 - 0x00007ffc966e3000 	C:\WINDOWS\system32\rsaenh.dll
0x00007ffc971b0000 - 0x00007ffc971d8000 	C:\WINDOWS\SYSTEM32\USERENV.dll
0x00007ffc96ca0000 - 0x00007ffc96cab000 	C:\WINDOWS\SYSTEM32\CRYPTBASE.dll
0x00007ffc902b0000 - 0x00007ffc902c6000 	C:\WINDOWS\SYSTEM32\dhcpcsvc6.DLL
0x00007ffc90290000 - 0x00007ffc902aa000 	C:\WINDOWS\SYSTEM32\dhcpcsvc.DLL
0x00007ffc886f0000 - 0x00007ffc88706000 	C:\WINDOWS\system32\napinsp.dll
0x00007ffc886d0000 - 0x00007ffc886ea000 	C:\WINDOWS\system32\pnrpnsp.dll
0x00007ffc93b10000 - 0x00007ffc93b29000 	C:\WINDOWS\system32\NLAapi.dll
0x00007ffc88690000 - 0x00007ffc8869e000 	C:\WINDOWS\System32\winrnr.dll
0x00007ffc8dbe0000 - 0x00007ffc8dc76000 	C:\WINDOWS\System32\TextInputFramework.dll
0x00007ffc925a0000 - 0x00007ffc928be000 	C:\WINDOWS\System32\CoreUIComponents.dll
0x00007ffc951c0000 - 0x00007ffc9529a000 	C:\WINDOWS\System32\CoreMessaging.dll
0x00007ffc963a0000 - 0x00007ffc963d1000 	C:\WINDOWS\SYSTEM32\ntmarta.dll
0x00007ffc92450000 - 0x00007ffc9259d000 	C:\WINDOWS\SYSTEM32\wintypes.dll
0x00007ffc8a550000 - 0x00007ffc8a719000 	C:\WINDOWS\SYSTEM32\dbghelp.dll

VM Arguments:
jvm_args: -Dfile.encoding=UTF-8 
java_command: projeto.vendas.view.GuiLogin
java_class_path (initial): D:\TCC - Fatec 2018\PHappy-Vendas\ojdbc6_g.jar;C:\Program Files (x86)\NetBeans 8.2\java\modules\ext\beansbinding-1.2.1.jar;C:\Program Files (x86)\NetBeans 8.2\enterprise\modules\ext\jaxrs-2.0\javax.ws.rs-api-2.0.jar;C:\Program Files (x86)\NetBeans 8.2\enterprise\modules\ext\jersey2\ext\asm-all-repackaged-2.2.0-b21.jar;C:\Program Files (x86)\NetBeans 8.2\enterprise\modules\ext\jersey2\ext\cglib-2.2.0-b21.jar;C:\Program Files (x86)\NetBeans 8.2\enterprise\modules\ext\jersey2\ext\guava-14.0.1.jar;C:\Program Files (x86)\NetBeans 8.2\enterprise\modules\ext\jersey2\ext\hk2-api-2.2.0-b21.jar;C:\Program Files (x86)\NetBeans 8.2\enterprise\modules\ext\jersey2\ext\hk2-locator-2.2.0-b21.jar;C:\Program Files (x86)\NetBeans 8.2\enterprise\modules\ext\jersey2\ext\hk2-utils-2.2.0-b21.jar;C:\Program Files (x86)\NetBeans 8.2\enterprise\modules\ext\jersey2\ext\javax.annotation-api-1.2.jar;C:\Program Files (x86)\NetBeans 8.2\enterprise\modules\ext\jersey2\ext\javax.inject-2.2.0-b21.jar;C:\Program Files (x86)\NetBeans 8.2\enterprise\modules\ext\jersey2\ext\javax.servlet-api-3.0.1.jar;C:\Program Files (x86)\NetBeans 8.2\enterprise\modules\ext\jersey2\ext\jaxb-api-2.2.7.jar;C:\Program Files (x86)\NetBeans 8.2\enterprise\modules\ext\jersey2\ext\jersey-entity-filtering-2.5.1.jar;C:\Program Files (x86)\NetBeans 8.2\enterprise\modules\ext\jersey2\ext\jersey-media-moxy-2.5.1.jar;C:\Program Files (x86)\NetBeans 8.2\enterprise\modules\ext\jersey2\ext\org.osgi.core-4.2.0.jar;C:\Program Files (x86)\NetBeans 8.2\enterprise\modules\ext\jersey2\ext\osgi-resource-locator-1.0.1.jar;C:\Program Files (x86)\NetBeans 8.2\enterprise\modules\ext\jersey2\ext\persistence-api-1.0.jar;C:\Program Files (x86)\NetBeans 8.2\enterprise\modules\ext\jersey2\ext\validation-api-1.1.0.Final.jar;C:\Program Files (x86)\NetBeans 8.2\enterprise\modules\ext\jersey2\jersey-client.jar;C:\Program Files (x86)\NetBeans 8.2\enterprise\modules\ext\jersey2\jersey-common.jar;C:\Program Files (x86)\NetBeans
Launcher Type: SUN_STANDARD

Environment Variables:
JAVA_HOME=C:\Program Files (x86)\Java\jdk1.8.0_181
PATH=C:\WINDOWS\system32;C:\WINDOWS;C:\WINDOWS\System32\Wbem;C:\WINDOWS\System32\WindowsPowerShell\v1.0\;C:\Program Files\dotnet\;C:\WINDOWS\System32\OpenSSH\;C:\Users\ferna\AppData\Local\Microsoft\WindowsApps;
USERNAME=Fernando
OS=Windows_NT
PROCESSOR_IDENTIFIER=Intel64 Family 6 Model 58 Stepping 9, GenuineIntel



---------------  S Y S T E M  ---------------

OS: Windows 10.0 , 64 bit Build 17134 (10.0.17134.1)

CPU:total 2 (initial active 2) (2 cores per cpu, 1 threads per core) family 6 model 58 stepping 9, cmov, cx8, fxsr, mmx, sse, sse2, sse3, ssse3, sse4.1, sse4.2, popcnt, clmul, erms, tsc, tscinvbit, tscinv

Memory: 4k page, physical 5989528k(1868684k free), swap 8220328k(2505340k free)

vm_info: Java HotSpot(TM) 64-Bit Server VM (25.181-b13) for windows-amd64 JRE (1.8.0_181-b13), built on Jul  7 2018 04:01:33 by "java_re" with MS VC++ 10.0 (VS2010)

time: Sat Nov 24 22:14:21 2018
elapsed time: 1645 seconds (0d 0h 27m 25s)

