#
# A fatal error has been detected by the Java Runtime Environment:
#
#  Internal Error (0xc000000d), pid=5264, tid=0x00000000000018a8
#
# JRE version: Java(TM) SE Runtime Environment (8.0_181-b13) (build 1.8.0_181-b13)
# Java VM: Java HotSpot(TM) 64-Bit Server VM (25.181-b13 mixed mode windows-amd64 compressed oops)
# Problematic frame:
# C  [ntdll.dll+0x108b60]
#
# Failed to write core dump. Minidumps are not enabled by default on client versions of Windows
#
# If you would like to submit a bug report, please visit:
#   http://bugreport.java.com/bugreport/crash.jsp
#

---------------  T H R E A D  ---------------

Current thread (0x0000000015915800):  VMThread [stack: 0x0000000016380000,0x0000000016480000] [id=6312]

siginfo: ExceptionCode=0xc000000d

Registers:
RAX=0x000000006a6a20da, RBX=0xfffffffffffffffe, RCX=0x000000000000004b, RDX=0x000000006a6bd79a
RSP=0x000000001647eab0, RBP=0x00007ffe677871bc, RSI=0x0000000000000000, RDI=0x0000000000000764
R8 =0x0000000000521cb0, R9 =0x0000000000008000, R10=0x00000000ffffff00, R11=0x000000001647e839
R12=0x000000000055d340, R13=0x0000000018ae0c50, R14=0x000000000055d448, R15=0x000000001647ec28
RIP=0x00007ffe8ee68b60, EFLAGS=0x0000000000000206

Top of Stack: (sp=0x000000001647eab0)
0x000000001647eab0:   0000000000000057 fffffffffffffffe
0x000000001647eac0:   0000000000000000 0000000000000764
0x000000001647ead0:   00000000c000000d 0000000000000000
0x000000001647eae0:   00007ffe8ee68b60 0000000000000000
0x000000001647eaf0:   0000000000000000 0000000000000000
0x000000001647eb00:   0000000000000000 0000000000000000
0x000000001647eb10:   0000000000000000 0000000000000000
0x000000001647eb20:   0000000000000000 0000000000000000
0x000000001647eb30:   0000000000000000 0000000000000000
0x000000001647eb40:   0000000000000000 0000000000000000
0x000000001647eb50:   0000000000000000 0000000000000000
0x000000001647eb60:   0000000000000000 0000000000000000
0x000000001647eb70:   0000b20d41b30fdd 0000000016470101
0x000000001647eb80:   0000000000000c98 00007ffe8ee1731f
0x000000001647eb90:   0000000018d43a00 000000001647ef40
0x000000001647eba0:   00000000023aecb0 0000000000000213 

Instructions: (pc=0x00007ffe8ee68b60)
0x00007ffe8ee68b40:   7f f9 ff c7 44 24 20 0d 00 00 c0 b9 57 00 00 00
0x00007ffe8ee68b50:   e8 4b e5 f3 ff 90 48 8d 4c 24 20 e8 50 c4 ef ff
0x00007ffe8ee68b60:   eb 00 48 8b 8c 24 c0 00 00 00 48 33 cc e8 ce 1a
0x00007ffe8ee68b70:   f8 ff 48 81 c4 d8 00 00 00 c3 40 55 48 83 ec 20 


Register to memory mapping:

RAX=0x000000006a6a20da is an unknown value
RBX=0xfffffffffffffffe is an unknown value
RCX=0x000000000000004b is an unknown value
RDX=0x000000006a6bd79a is an unknown value
RSP=0x000000001647eab0 is an unknown value
RBP=0x00007ffe677871bc is an unknown value
RSI=0x0000000000000000 is an unknown value
RDI=0x0000000000000764 is an unknown value
R8 =0x0000000000521cb0 is an unknown value
R9 =0x0000000000008000 is an unknown value
R10=0x00000000ffffff00 is an unallocated location in the heap
R11=0x000000001647e839 is an unknown value
R12=0x000000000055d340 is an unknown value
R13=0x0000000018ae0c50 is an unknown value
R14=0x000000000055d448 is an unknown value
R15=0x000000001647ec28 is an unknown value


Stack: [0x0000000016380000,0x0000000016480000],  sp=0x000000001647eab0,  free space=1018k
Native frames: (J=compiled Java code, j=interpreted, Vv=VM code, C=native code)
C  [ntdll.dll+0x108b60]
C  [ntdll.dll+0xb731f]
C  [KERNEL32.DLL+0x1e36a]
C  [MSVCR120.dll+0x72e1]
C  [MSVCR120.dll+0x149d3]
C  [MSVCR120.dll+0x13c06]
C  [MSVCR120.dll+0x22da]
C  [MSVCR120.dll+0xae32]
C  [MSVCP120.dll+0x3cd49]
C  [ProxyIntercept64.dll+0x44eb4]
C  [ProxyIntercept64.dll+0x45066]
C  [ProxyIntercept64.dll+0x90df8]
C  [ProxyIntercept64.dll+0x96ee4]
C  [ProxyIntercept64.dll+0x96e92]
C  [ProxyIntercept64.dll+0x9227c]
C  [ProxyIntercept64.dll+0x1e7a9]
C  [ProxyIntercept64.dll+0x1e977]
C  [ProxyIntercept64.dll+0x28806]
C  [ProxyIntercept64.dll+0x2855a]
C  [ProxyIntercept64.dll+0x18528]
C  [ProxyIntercept64.dll+0x1a317]
C  [ProxyIntercept64.dll+0x18361]
C  [ProxyIntercept64.dll+0xa4bf0]
C  [ProxyIntercept64.dll+0x9a95c]
C  [ProxyIntercept64.dll+0x9abde]
C  [ntdll.dll+0x34063]
C  [ntdll.dll+0x40a15]
C  [ntdll.dll+0x408d8]
C  [KERNEL32.DLL+0x1b19a]
C  [msvcr100.dll+0x20ccd]
V  [jvm.dll+0x2139a5]
V  [jvm.dll+0x24cc27]
V  [jvm.dll+0x24bec6]
V  [jvm.dll+0x24c361]
V  [jvm.dll+0x24c57e]
V  [jvm.dll+0x29e64a]
C  [msvcr100.dll+0x21d9f]
C  [msvcr100.dll+0x21e3b]
C  [KERNEL32.DLL+0x13034]
C  [ntdll.dll+0x71471]

VM_Operation (0x000000001859d010): Exit, mode: safepoint, requested by thread 0x0000000017774800


---------------  P R O C E S S  ---------------

Java Threads: ( => current thread )
  0x0000000016fe1800 JavaThread "TimerQueue" daemon [_thread_blocked, id=3252, stack(0x0000000018b00000,0x0000000018c00000)]
  0x00000000023c8000 JavaThread "DestroyJavaVM" [_thread_blocked, id=648, stack(0x00000000022c0000,0x00000000023c0000)]
  0x0000000017774800 JavaThread "AWT-EventQueue-0" [_thread_blocked, id=4252, stack(0x00000000184a0000,0x00000000185a0000)]
  0x0000000017761000 JavaThread "AWT-Shutdown" [_thread_blocked, id=6812, stack(0x0000000017be0000,0x0000000017ce0000)]
  0x000000001775e800 JavaThread "Java2D Disposer" daemon [_thread_blocked, id=6624, stack(0x0000000017ae0000,0x0000000017be0000)]
  0x00000000159b4000 JavaThread "Service Thread" daemon [_thread_blocked, id=5324, stack(0x0000000016b90000,0x0000000016c90000)]
  0x00000000159af000 JavaThread "C1 CompilerThread1" daemon [_thread_blocked, id=2408, stack(0x0000000016a90000,0x0000000016b90000)]
  0x0000000015954000 JavaThread "C2 CompilerThread0" daemon [_thread_blocked, id=1624, stack(0x0000000016990000,0x0000000016a90000)]
  0x0000000015950800 JavaThread "Attach Listener" daemon [_thread_blocked, id=6540, stack(0x0000000016890000,0x0000000016990000)]
  0x00000000024b9800 JavaThread "Finalizer" daemon [_thread_blocked, id=1476, stack(0x0000000016580000,0x0000000016680000)]
  0x00000000024b5000 JavaThread "Reference Handler" daemon [_thread_blocked, id=5804, stack(0x0000000016480000,0x0000000016580000)]

Other Threads:
=>0x0000000015915800 VMThread [stack: 0x0000000016380000,0x0000000016480000] [id=6312]

VM state:at safepoint (shutting down)

VM Mutex/Monitor currently owned by a thread:  ([mutex/lock_event])
[0x00000000023c52c0] Threads_lock - owner thread: 0x0000000015915800

Heap:
 PSYoungGen      total 28672K, used 15633K [0x00000000e1800000, 0x00000000e4f80000, 0x0000000100000000)
  eden space 23552K, 45% used [0x00000000e1800000,0x00000000e2276140,0x00000000e2f00000)
  from space 5120K, 96% used [0x00000000e4a80000,0x00000000e4f4e590,0x00000000e4f80000)
  to   space 9728K, 0% used [0x00000000e3c80000,0x00000000e3c80000,0x00000000e4600000)
 ParOldGen       total 36352K, used 17150K [0x00000000a4800000, 0x00000000a6b80000, 0x00000000e1800000)
  object space 36352K, 47% used [0x00000000a4800000,0x00000000a58bf960,0x00000000a6b80000)
 Metaspace       used 33191K, capacity 33642K, committed 33792K, reserved 1079296K
  class space    used 3632K, capacity 3729K, committed 3840K, reserved 1048576K

Card table byte_map: [0x0000000011880000,0x0000000011b60000] byte_map_base: 0x000000001135c000

Marking Bits: (ParMarkBitMap*) 0x000000006af82d00
 Begin Bits: [0x0000000011f50000, 0x0000000013630000)
 End Bits:   [0x0000000013630000, 0x0000000014d10000)

Polling page: 0x0000000000510000

CodeCache: size=245760Kb used=13018Kb max_used=13033Kb free=232741Kb
 bounds [0x00000000024c0000, 0x0000000003190000, 0x00000000114c0000]
 total_blobs=4442 nmethods=3808 adapters=544
 compilation: enabled

Compilation events (10 events):
Event: 131.022 Thread 0x00000000159af000 nmethod 4020 0x00000000031812d0 code [0x0000000003181480, 0x0000000003181d28]
Event: 131.023 Thread 0x0000000015954000 nmethod 3988 0x0000000003181f50 code [0x0000000003182180, 0x0000000003183890]
Event: 131.023 Thread 0x0000000015954000 3989       4       java.io.ObjectStreamClass$FieldReflector::setObjFieldValues (248 bytes)
Event: 131.027 Thread 0x0000000015954000 nmethod 3989 0x000000000317da10 code [0x000000000317db60, 0x000000000317def8]
Event: 131.031 Thread 0x00000000159af000 4021       3       java.util.regex.Pattern$BitClass::isSatisfiedBy (22 bytes)
Event: 131.031 Thread 0x00000000159af000 nmethod 4021 0x000000000317d590 code [0x000000000317d700, 0x000000000317d910]
Event: 131.577 Thread 0x00000000159af000 4022       1       sun.awt.windows.WToolkit::needUpdateWindow (2 bytes)
Event: 131.577 Thread 0x00000000159af000 nmethod 4022 0x000000000317d2d0 code [0x000000000317d420, 0x000000000317d530]
Event: 718.511 Thread 0x00000000159af000 4023  s    3       java.util.Hashtable::containsKey (65 bytes)
Event: 718.512 Thread 0x00000000159af000 nmethod 4023 0x0000000003180890 code [0x0000000003180a20, 0x0000000003181058]

GC Heap History (10 events):
Event: 16.654 GC heap before
{Heap before GC invocations=3 (full 1):
 PSYoungGen      total 27648K, used 3573K [0x00000000e1800000, 0x00000000e3680000, 0x0000000100000000)
  eden space 24064K, 0% used [0x00000000e1800000,0x00000000e1800000,0x00000000e2f80000)
  from space 3584K, 99% used [0x00000000e3300000,0x00000000e367d790,0x00000000e3680000)
  to   space 3584K, 0% used [0x00000000e2f80000,0x00000000e2f80000,0x00000000e3300000)
 ParOldGen       total 62976K, used 4897K [0x00000000a4800000, 0x00000000a8580000, 0x00000000e1800000)
  object space 62976K, 7% used [0x00000000a4800000,0x00000000a4cc8680,0x00000000a8580000)
 Metaspace       used 20979K, capacity 21104K, committed 21248K, reserved 1069056K
  class space    used 2147K, capacity 2218K, committed 2304K, reserved 1048576K
Event: 16.700 GC heap after
Heap after GC invocations=3 (full 1):
 PSYoungGen      total 27648K, used 0K [0x00000000e1800000, 0x00000000e3680000, 0x0000000100000000)
  eden space 24064K, 0% used [0x00000000e1800000,0x00000000e1800000,0x00000000e2f80000)
  from space 3584K, 0% used [0x00000000e3300000,0x00000000e3300000,0x00000000e3680000)
  to   space 3584K, 0% used [0x00000000e2f80000,0x00000000e2f80000,0x00000000e3300000)
 ParOldGen       total 36352K, used 7683K [0x00000000a4800000, 0x00000000a6b80000, 0x00000000e1800000)
  object space 36352K, 21% used [0x00000000a4800000,0x00000000a4f80fc8,0x00000000a6b80000)
 Metaspace       used 20979K, capacity 21104K, committed 21248K, reserved 1069056K
  class space    used 2147K, capacity 2218K, committed 2304K, reserved 1048576K
}
Event: 26.333 GC heap before
{Heap before GC invocations=4 (full 1):
 PSYoungGen      total 27648K, used 24064K [0x00000000e1800000, 0x00000000e3680000, 0x0000000100000000)
  eden space 24064K, 100% used [0x00000000e1800000,0x00000000e2f80000,0x00000000e2f80000)
  from space 3584K, 0% used [0x00000000e3300000,0x00000000e3300000,0x00000000e3680000)
  to   space 3584K, 0% used [0x00000000e2f80000,0x00000000e2f80000,0x00000000e3300000)
 ParOldGen       total 36352K, used 7683K [0x00000000a4800000, 0x00000000a6b80000, 0x00000000e1800000)
  object space 36352K, 21% used [0x00000000a4800000,0x00000000a4f80fc8,0x00000000a6b80000)
 Metaspace       used 25687K, capacity 26044K, committed 26240K, reserved 1073152K
  class space    used 2759K, capacity 2848K, committed 2944K, reserved 1048576K
Event: 26.427 GC heap after
Heap after GC invocations=4 (full 1):
 PSYoungGen      total 27648K, used 3552K [0x00000000e1800000, 0x00000000e3680000, 0x0000000100000000)
  eden space 24064K, 0% used [0x00000000e1800000,0x00000000e1800000,0x00000000e2f80000)
  from space 3584K, 99% used [0x00000000e2f80000,0x00000000e32f81e0,0x00000000e3300000)
  to   space 3584K, 0% used [0x00000000e3300000,0x00000000e3300000,0x00000000e3680000)
 ParOldGen       total 36352K, used 9073K [0x00000000a4800000, 0x00000000a6b80000, 0x00000000e1800000)
  object space 36352K, 24% used [0x00000000a4800000,0x00000000a50dc4d8,0x00000000a6b80000)
 Metaspace       used 25687K, capacity 26044K, committed 26240K, reserved 1073152K
  class space    used 2759K, capacity 2848K, committed 2944K, reserved 1048576K
}
Event: 27.287 GC heap before
{Heap before GC invocations=5 (full 1):
 PSYoungGen      total 27648K, used 27616K [0x00000000e1800000, 0x00000000e3680000, 0x0000000100000000)
  eden space 24064K, 100% used [0x00000000e1800000,0x00000000e2f80000,0x00000000e2f80000)
  from space 3584K, 99% used [0x00000000e2f80000,0x00000000e32f81e0,0x00000000e3300000)
  to   space 3584K, 0% used [0x00000000e3300000,0x00000000e3300000,0x00000000e3680000)
 ParOldGen       total 36352K, used 9073K [0x00000000a4800000, 0x00000000a6b80000, 0x00000000e1800000)
  object space 36352K, 24% used [0x00000000a4800000,0x00000000a50dc4d8,0x00000000a6b80000)
 Metaspace       used 28450K, capacity 28800K, committed 28928K, reserved 1075200K
  class space    used 3121K, capacity 3217K, committed 3328K, reserved 1048576K
Event: 27.293 GC heap after
Heap after GC invocations=5 (full 1):
 PSYoungGen      total 27648K, used 3552K [0x00000000e1800000, 0x00000000e3680000, 0x0000000100000000)
  eden space 24064K, 0% used [0x00000000e1800000,0x00000000e1800000,0x00000000e2f80000)
  from space 3584K, 99% used [0x00000000e3300000,0x00000000e3678180,0x00000000e3680000)
  to   space 3584K, 0% used [0x00000000e2f80000,0x00000000e2f80000,0x00000000e3300000)
 ParOldGen       total 36352K, used 11776K [0x00000000a4800000, 0x00000000a6b80000, 0x00000000e1800000)
  object space 36352K, 32% used [0x00000000a4800000,0x00000000a5380180,0x00000000a6b80000)
 Metaspace       used 28450K, capacity 28800K, committed 28928K, reserved 1075200K
  class space    used 3121K, capacity 3217K, committed 3328K, reserved 1048576K
}
Event: 27.942 GC heap before
{Heap before GC invocations=6 (full 1):
 PSYoungGen      total 27648K, used 27616K [0x00000000e1800000, 0x00000000e3680000, 0x0000000100000000)
  eden space 24064K, 100% used [0x00000000e1800000,0x00000000e2f80000,0x00000000e2f80000)
  from space 3584K, 99% used [0x00000000e3300000,0x00000000e3678180,0x00000000e3680000)
  to   space 3584K, 0% used [0x00000000e2f80000,0x00000000e2f80000,0x00000000e3300000)
 ParOldGen       total 36352K, used 11776K [0x00000000a4800000, 0x00000000a6b80000, 0x00000000e1800000)
  object space 36352K, 32% used [0x00000000a4800000,0x00000000a5380180,0x00000000a6b80000)
 Metaspace       used 31593K, capacity 31990K, committed 32128K, reserved 1077248K
  class space    used 3564K, capacity 3674K, committed 3712K, reserved 1048576K
Event: 27.953 GC heap after
Heap after GC invocations=6 (full 1):
 PSYoungGen      total 27648K, used 3553K [0x00000000e1800000, 0x00000000e5400000, 0x0000000100000000)
  eden space 24064K, 0% used [0x00000000e1800000,0x00000000e1800000,0x00000000e2f80000)
  from space 3584K, 99% used [0x00000000e2f80000,0x00000000e32f86d0,0x00000000e3300000)
  to   space 9728K, 0% used [0x00000000e4a80000,0x00000000e4a80000,0x00000000e5400000)
 ParOldGen       total 36352K, used 17142K [0x00000000a4800000, 0x00000000a6b80000, 0x00000000e1800000)
  object space 36352K, 47% used [0x00000000a4800000,0x00000000a58bd960,0x00000000a6b80000)
 Metaspace       used 31593K, capacity 31990K, committed 32128K, reserved 1077248K
  class space    used 3564K, capacity 3674K, committed 3712K, reserved 1048576K
}
Event: 37.136 GC heap before
{Heap before GC invocations=7 (full 1):
 PSYoungGen      total 27648K, used 27617K [0x00000000e1800000, 0x00000000e5400000, 0x0000000100000000)
  eden space 24064K, 100% used [0x00000000e1800000,0x00000000e2f80000,0x00000000e2f80000)
  from space 3584K, 99% used [0x00000000e2f80000,0x00000000e32f86d0,0x00000000e3300000)
  to   space 9728K, 0% used [0x00000000e4a80000,0x00000000e4a80000,0x00000000e5400000)
 ParOldGen       total 36352K, used 17142K [0x00000000a4800000, 0x00000000a6b80000, 0x00000000e1800000)
  object space 36352K, 47% used [0x00000000a4800000,0x00000000a58bd960,0x00000000a6b80000)
 Metaspace       used 32582K, capacity 33080K, committed 33280K, reserved 1079296K
  class space    used 3599K, capacity 3721K, committed 3840K, reserved 1048576K
Event: 37.143 GC heap after
Heap after GC invocations=7 (full 1):
 PSYoungGen      total 28672K, used 4921K [0x00000000e1800000, 0x00000000e4f80000, 0x0000000100000000)
  eden space 23552K, 0% used [0x00000000e1800000,0x00000000e1800000,0x00000000e2f00000)
  from space 5120K, 96% used [0x00000000e4a80000,0x00000000e4f4e590,0x00000000e4f80000)
  to   space 9728K, 0% used [0x00000000e3c80000,0x00000000e3c80000,0x00000000e4600000)
 ParOldGen       total 36352K, used 17150K [0x00000000a4800000, 0x00000000a6b80000, 0x00000000e1800000)
  object space 36352K, 47% used [0x00000000a4800000,0x00000000a58bf960,0x00000000a6b80000)
 Metaspace       used 32582K, capacity 33080K, committed 33280K, reserved 1079296K
  class space    used 3599K, capacity 3721K, committed 3840K, reserved 1048576K
}

Deoptimization events (10 events):
Event: 27.886 Thread 0x0000000017774800 Uncommon trap: reason=bimorphic action=maybe_recompile pc=0x00000000027d7edc method=java.util.HashMap.putVal(ILjava/lang/Object;Ljava/lang/Object;ZZ)Ljava/lang/Object; @ 203
Event: 27.886 Thread 0x0000000017774800 Uncommon trap: reason=unstable_if action=reinterpret pc=0x0000000002b9ecbc method=java.util.HashMap.getNode(ILjava/lang/Object;)Ljava/util/HashMap$Node; @ 129
Event: 27.886 Thread 0x0000000017774800 Uncommon trap: reason=bimorphic action=maybe_recompile pc=0x00000000027d7edc method=java.util.HashMap.putVal(ILjava/lang/Object;Ljava/lang/Object;ZZ)Ljava/lang/Object; @ 203
Event: 28.017 Thread 0x0000000017774800 Uncommon trap: reason=unstable_if action=reinterpret pc=0x0000000002c8d318 method=sun.font.CMap$CMapFormat4.getGlyph(I)C @ 181
Event: 28.037 Thread 0x0000000017774800 Uncommon trap: reason=bimorphic action=maybe_recompile pc=0x0000000002bc631c method=java.util.concurrent.ConcurrentHashMap.putVal(Ljava/lang/Object;Ljava/lang/Object;Z)Ljava/lang/Object; @ 192
Event: 29.823 Thread 0x0000000017774800 Uncommon trap: reason=unstable_if action=reinterpret pc=0x0000000002e2dbb4 method=java.lang.StrictMath.floorOrCeil(DDDD)D @ 24
Event: 30.440 Thread 0x0000000017774800 Uncommon trap: reason=unstable_if action=reinterpret pc=0x0000000002ebd97c method=sun.font.AttributeValues.i_equals(Lsun/font/EAttribute;Lsun/font/AttributeValues;)Z @ 191
Event: 30.441 Thread 0x0000000017774800 Uncommon trap: reason=bimorphic action=maybe_recompile pc=0x0000000002bc631c method=java.util.concurrent.ConcurrentHashMap.putVal(Ljava/lang/Object;Ljava/lang/Object;Z)Ljava/lang/Object; @ 192
Event: 36.265 Thread 0x0000000017774800 Uncommon trap: reason=class_check action=maybe_recompile pc=0x00000000026492a0 method=java.lang.String.equals(Ljava/lang/Object;)Z @ 8
Event: 46.972 Thread 0x0000000017774800 Uncommon trap: reason=unstable_if action=reinterpret pc=0x0000000002ee289c method=java.lang.Math.max(FF)F @ 11

Classes redefined (0 events):
No events

Internal exceptions (10 events):
Event: 27.421 Thread 0x0000000017774800 Exception <a 'java/lang/ClassNotFoundException': projeto/vendas/tabelas/GuiControleEstrategicoRegiaoGeralCustomizer> (0x00000000e1f635c8) thrown at [C:\re\workspace\8-2-build-windows-amd64-cygwin\jdk8u181\11358\hotspot\src\share\vm\classfile\systemDiction
Event: 27.447 Thread 0x0000000017774800 Exception <a 'java/lang/ClassNotFoundException': sun/net/www/protocol/d/Handler> (0x00000000e20f0f30) thrown at [C:\re\workspace\8-2-build-windows-amd64-cygwin\jdk8u181\11358\hotspot\src\share\vm\classfile\systemDictionary.cpp, line 210]
Event: 46.997 Thread 0x0000000017774800 Exception <a 'java/lang/ClassNotFoundException': projeto/vendas/tabelas/GuiControleEstrategicoRegiaoEspecificaBeanInfo> (0x00000000e1f95680) thrown at [C:\re\workspace\8-2-build-windows-amd64-cygwin\jdk8u181\11358\hotspot\src\share\vm\classfile\systemDict
Event: 46.998 Thread 0x0000000017774800 Exception <a 'java/lang/ClassNotFoundException': projeto/vendas/tabelas/GuiControleEstrategicoRegiaoEspecificaCustomizer> (0x00000000e1fbfd78) thrown at [C:\re\workspace\8-2-build-windows-amd64-cygwin\jdk8u181\11358\hotspot\src\share\vm\classfile\systemDi
Event: 47.001 Thread 0x0000000017774800 Exception <a 'java/lang/ClassNotFoundException': sun/net/www/protocol/c/Handler> (0x00000000e1fd4d08) thrown at [C:\re\workspace\8-2-build-windows-amd64-cygwin\jdk8u181\11358\hotspot\src\share\vm\classfile\systemDictionary.cpp, line 210]
Event: 47.002 Thread 0x0000000017774800 Exception <a 'java/lang/ClassNotFoundException': sun/net/www/protocol/c/Handler> (0x00000000e1ff6d10) thrown at [C:\re\workspace\8-2-build-windows-amd64-cygwin\jdk8u181\11358\hotspot\src\share\vm\classfile\systemDictionary.cpp, line 210]
Event: 47.002 Thread 0x0000000017774800 Exception <a 'java/lang/ClassNotFoundException': sun/net/www/protocol/c/Handler> (0x00000000e2018c48) thrown at [C:\re\workspace\8-2-build-windows-amd64-cygwin\jdk8u181\11358\hotspot\src\share\vm\classfile\systemDictionary.cpp, line 210]
Event: 131.019 Thread 0x0000000017774800 Exception <a 'java/lang/ClassNotFoundException': sun/net/www/protocol/c/Handler> (0x00000000e218e348) thrown at [C:\re\workspace\8-2-build-windows-amd64-cygwin\jdk8u181\11358\hotspot\src\share\vm\classfile\systemDictionary.cpp, line 210]
Event: 131.020 Thread 0x0000000017774800 Exception <a 'java/lang/ClassNotFoundException': sun/net/www/protocol/c/Handler> (0x00000000e21b0388) thrown at [C:\re\workspace\8-2-build-windows-amd64-cygwin\jdk8u181\11358\hotspot\src\share\vm\classfile\systemDictionary.cpp, line 210]
Event: 131.021 Thread 0x0000000017774800 Exception <a 'java/lang/ClassNotFoundException': sun/net/www/protocol/c/Handler> (0x00000000e21d22c0) thrown at [C:\re\workspace\8-2-build-windows-amd64-cygwin\jdk8u181\11358\hotspot\src\share\vm\classfile\systemDictionary.cpp, line 210]

Events (10 events):
Event: 718.520 Executing VM operation: BulkRevokeBias done
Event: 718.520 Executing VM operation: BulkRevokeBias
Event: 718.520 Executing VM operation: BulkRevokeBias done
Event: 718.521 Executing VM operation: RevokeBias
Event: 718.521 Executing VM operation: RevokeBias done
Event: 718.527 Thread 0x000000001a20f800 Thread exited: 0x000000001a20f800
Event: 718.530 Thread 0x0000000017763800 Thread exited: 0x0000000017763800
Event: 718.610 Thread 0x000000001a211000 Thread exited: 0x000000001a211000
Event: 718.610 Thread 0x000000001594d800 Thread exited: 0x000000001594d800
Event: 718.610 Executing VM operation: Exit


Dynamic libraries:
0x00007ff6c59d0000 - 0x00007ff6c5a07000 	C:\Program Files\Java\jdk1.8.0_181\jre\bin\java.exe
0x00007ffe8ed60000 - 0x00007ffe8ef41000 	C:\WINDOWS\SYSTEM32\ntdll.dll
0x00007ffe8c520000 - 0x00007ffe8c5d2000 	C:\WINDOWS\System32\KERNEL32.DLL
0x00007ffe8bf50000 - 0x00007ffe8c1c3000 	C:\WINDOWS\System32\KERNELBASE.dll
0x00007ffe8d300000 - 0x00007ffe8d3a1000 	C:\WINDOWS\System32\ADVAPI32.dll
0x00007ffe8c480000 - 0x00007ffe8c51e000 	C:\WINDOWS\System32\msvcrt.dll
0x00007ffe8c6f0000 - 0x00007ffe8c74b000 	C:\WINDOWS\System32\sechost.dll
0x00007ffe8c260000 - 0x00007ffe8c384000 	C:\WINDOWS\System32\RPCRT4.dll
0x00007ffe8c7e0000 - 0x00007ffe8c970000 	C:\WINDOWS\System32\USER32.dll
0x00007ffe8c1d0000 - 0x00007ffe8c1f0000 	C:\WINDOWS\System32\win32u.dll
0x00007ffe8d220000 - 0x00007ffe8d248000 	C:\WINDOWS\System32\GDI32.dll
0x00007ffe8b480000 - 0x00007ffe8b612000 	C:\WINDOWS\System32\gdi32full.dll
0x00007ffe8b620000 - 0x00007ffe8b6bf000 	C:\WINDOWS\System32\msvcp_win.dll
0x00007ffe8be50000 - 0x00007ffe8bf4a000 	C:\WINDOWS\System32\ucrtbase.dll
0x00007ffe7a990000 - 0x00007ffe7abf9000 	C:\WINDOWS\WinSxS\amd64_microsoft.windows.common-controls_6595b64144ccf1df_6.0.17134.407_none_fb449d63306391e9\COMCTL32.dll
0x00007ffe8cb40000 - 0x00007ffe8ce62000 	C:\WINDOWS\System32\combase.dll
0x00007ffe8b6c0000 - 0x00007ffe8b73a000 	C:\WINDOWS\System32\bcryptPrimitives.dll
0x00007ffe8cb10000 - 0x00007ffe8cb3d000 	C:\WINDOWS\System32\IMM32.DLL
0x000000006a680000 - 0x000000006a752000 	C:\Program Files\Java\jdk1.8.0_181\jre\bin\msvcr100.dll
0x000000006a760000 - 0x000000006b002000 	C:\Program Files\Java\jdk1.8.0_181\jre\bin\server\jvm.dll
0x00007ffe8c250000 - 0x00007ffe8c258000 	C:\WINDOWS\System32\PSAPI.DLL
0x00007ffe80a30000 - 0x00007ffe80a39000 	C:\WINDOWS\SYSTEM32\WSOCK32.dll
0x00007ffe8e810000 - 0x00007ffe8e87c000 	C:\WINDOWS\System32\WS2_32.dll
0x00007ffe891e0000 - 0x00007ffe89203000 	C:\WINDOWS\SYSTEM32\WINMM.dll
0x00007ffe7f5e0000 - 0x00007ffe7f5ea000 	C:\WINDOWS\SYSTEM32\VERSION.dll
0x00007ffe891b0000 - 0x00007ffe891da000 	C:\WINDOWS\SYSTEM32\WINMMBASE.dll
0x00007ffe8b430000 - 0x00007ffe8b479000 	C:\WINDOWS\System32\cfgmgr32.dll
0x000000006a630000 - 0x000000006a63f000 	C:\Program Files\Java\jdk1.8.0_181\jre\bin\verify.dll
0x000000006a600000 - 0x000000006a629000 	C:\Program Files\Java\jdk1.8.0_181\jre\bin\java.dll
0x000000006a5e0000 - 0x000000006a5f6000 	C:\Program Files\Java\jdk1.8.0_181\jre\bin\zip.dll
0x00007ffe8d3b0000 - 0x00007ffe8e7ef000 	C:\WINDOWS\System32\SHELL32.dll
0x00007ffe8d250000 - 0x00007ffe8d2f9000 	C:\WINDOWS\System32\shcore.dll
0x00007ffe8b740000 - 0x00007ffe8be4d000 	C:\WINDOWS\System32\windows.storage.dll
0x00007ffe8c690000 - 0x00007ffe8c6e1000 	C:\WINDOWS\System32\shlwapi.dll
0x00007ffe8b110000 - 0x00007ffe8b121000 	C:\WINDOWS\System32\kernel.appcore.dll
0x00007ffe8b070000 - 0x00007ffe8b08f000 	C:\WINDOWS\System32\profapi.dll
0x00007ffe8b0a0000 - 0x00007ffe8b0ec000 	C:\WINDOWS\System32\powrprof.dll
0x00007ffe8b090000 - 0x00007ffe8b09a000 	C:\WINDOWS\System32\FLTLIB.DLL
0x000000006a400000 - 0x000000006a599000 	C:\Program Files\Java\jdk1.8.0_181\jre\bin\awt.dll
0x00007ffe8cff0000 - 0x00007ffe8d0b2000 	C:\WINDOWS\System32\OLEAUT32.dll
0x00007ffe893f0000 - 0x00007ffe8947b000 	C:\WINDOWS\SYSTEM32\apphelp.dll
0x00007ffe89570000 - 0x00007ffe89608000 	C:\WINDOWS\system32\uxtheme.dll
0x00007ffe8ce70000 - 0x00007ffe8cfe3000 	C:\WINDOWS\System32\MSCTF.dll
0x00007ffe680d0000 - 0x00007ffe6815b000 	C:\Program Files\NoPing Tunnel v15\iLdr64.dll
0x00007ffe68280000 - 0x00007ffe68326000 	C:\WINDOWS\SYSTEM32\MSVCP120.dll
0x00007ffe67780000 - 0x00007ffe6786f000 	C:\WINDOWS\SYSTEM32\MSVCR120.dll
0x00007ffe89800000 - 0x00007ffe89829000 	C:\WINDOWS\system32\dwmapi.dll
0x00007ffe8d0c0000 - 0x00007ffe8d211000 	C:\WINDOWS\System32\ole32.dll
0x00007ffe78e00000 - 0x00007ffe78f20000 	C:\WINDOWS\system32\opengl32.dll
0x00007ffe7c770000 - 0x00007ffe7c79c000 	C:\WINDOWS\SYSTEM32\GLU32.dll
0x000000006a3b0000 - 0x000000006a3f7000 	C:\Program Files\Java\jdk1.8.0_181\jre\bin\fontmanager.dll
0x000000006a5c0000 - 0x000000006a5da000 	C:\Program Files\Java\jdk1.8.0_181\jre\bin\net.dll
0x00007ffe8a8f0000 - 0x00007ffe8a956000 	C:\WINDOWS\system32\mswsock.dll
0x000000006a5a0000 - 0x000000006a5b1000 	C:\Program Files\Java\jdk1.8.0_181\jre\bin\nio.dll
0x000000006a360000 - 0x000000006a3a2000 	C:\Program Files\Java\jdk1.8.0_181\jre\bin\t2k.dll
0x00007ffe669c0000 - 0x00007ffe66aae000 	C:\Program Files\NoPing Tunnel v15\ProxyIntercept64.dll
0x00007ffe8a670000 - 0x00007ffe8a6a8000 	C:\WINDOWS\SYSTEM32\IPHLPAPI.DLL
0x00007ffe8c750000 - 0x00007ffe8c758000 	C:\WINDOWS\System32\NSI.dll
0x00007ffe8c5f0000 - 0x00007ffe8c690000 	C:\WINDOWS\System32\clbcatq.dll
0x00007ffe874f0000 - 0x00007ffe8769e000 	C:\WINDOWS\SYSTEM32\WindowsCodecs.dll
0x000000006a350000 - 0x000000006a35d000 	C:\Program Files\Java\jdk1.8.0_181\jre\bin\management.dll
0x000000001b7d0000 - 0x000000001b88e000 	C:\WINDOWS\SYSTEM32\DNSAPI.dll
0x00007ffe7fc00000 - 0x00007ffe7fc0a000 	C:\Windows\System32\rasadhlp.dll
0x00007ffe80a40000 - 0x00007ffe80ab2000 	C:\WINDOWS\System32\fwpuclnt.dll
0x00007ffe8abd0000 - 0x00007ffe8abf5000 	C:\WINDOWS\SYSTEM32\bcrypt.dll
0x00007ffe8aaa0000 - 0x00007ffe8aab7000 	C:\WINDOWS\SYSTEM32\CRYPTSP.dll
0x00007ffe8a4d0000 - 0x00007ffe8a503000 	C:\WINDOWS\system32\rsaenh.dll
0x00007ffe8afa0000 - 0x00007ffe8afc8000 	C:\WINDOWS\SYSTEM32\USERENV.dll
0x00007ffe8aac0000 - 0x00007ffe8aacb000 	C:\WINDOWS\SYSTEM32\CRYPTBASE.dll
0x00007ffe83e70000 - 0x00007ffe83e86000 	C:\WINDOWS\SYSTEM32\dhcpcsvc6.DLL
0x00007ffe83e50000 - 0x00007ffe83e6a000 	C:\WINDOWS\SYSTEM32\dhcpcsvc.DLL
0x00007ffe7b7d0000 - 0x00007ffe7b7e6000 	C:\WINDOWS\system32\napinsp.dll
0x00007ffe7ac00000 - 0x00007ffe7ac1a000 	C:\WINDOWS\system32\pnrpnsp.dll
0x00007ffe879e0000 - 0x00007ffe879f9000 	C:\WINDOWS\system32\NLAapi.dll
0x00007ffe7b7c0000 - 0x00007ffe7b7ce000 	C:\WINDOWS\System32\winrnr.dll
0x00007ffe82ea0000 - 0x00007ffe82f36000 	C:\WINDOWS\System32\TextInputFramework.dll
0x00007ffe87000000 - 0x00007ffe8731e000 	C:\WINDOWS\System32\CoreUIComponents.dll
0x00007ffe88d90000 - 0x00007ffe88e6a000 	C:\WINDOWS\System32\CoreMessaging.dll
0x00007ffe8a160000 - 0x00007ffe8a191000 	C:\WINDOWS\SYSTEM32\ntmarta.dll
0x00007ffe86eb0000 - 0x00007ffe86ffd000 	C:\WINDOWS\SYSTEM32\wintypes.dll
0x00007ffe7be00000 - 0x00007ffe7bfc9000 	C:\WINDOWS\SYSTEM32\dbghelp.dll

VM Arguments:
jvm_args: -Dfile.encoding=UTF-8 
java_command: projeto.vendas.view.GuiLogin
java_class_path (initial): D:\TCC - Fatec 2018\PHappy-Vendas\ojdbc6_g.jar;C:\Program Files (x86)\NetBeans 8.2\java\modules\ext\beansbinding-1.2.1.jar;C:\Program Files (x86)\NetBeans 8.2\enterprise\modules\ext\jaxrs-2.0\javax.ws.rs-api-2.0.jar;C:\Program Files (x86)\NetBeans 8.2\enterprise\modules\ext\jersey2\ext\asm-all-repackaged-2.2.0-b21.jar;C:\Program Files (x86)\NetBeans 8.2\enterprise\modules\ext\jersey2\ext\cglib-2.2.0-b21.jar;C:\Program Files (x86)\NetBeans 8.2\enterprise\modules\ext\jersey2\ext\guava-14.0.1.jar;C:\Program Files (x86)\NetBeans 8.2\enterprise\modules\ext\jersey2\ext\hk2-api-2.2.0-b21.jar;C:\Program Files (x86)\NetBeans 8.2\enterprise\modules\ext\jersey2\ext\hk2-locator-2.2.0-b21.jar;C:\Program Files (x86)\NetBeans 8.2\enterprise\modules\ext\jersey2\ext\hk2-utils-2.2.0-b21.jar;C:\Program Files (x86)\NetBeans 8.2\enterprise\modules\ext\jersey2\ext\javax.annotation-api-1.2.jar;C:\Program Files (x86)\NetBeans 8.2\enterprise\modules\ext\jersey2\ext\javax.inject-2.2.0-b21.jar;C:\Program Files (x86)\NetBeans 8.2\enterprise\modules\ext\jersey2\ext\javax.servlet-api-3.0.1.jar;C:\Program Files (x86)\NetBeans 8.2\enterprise\modules\ext\jersey2\ext\jaxb-api-2.2.7.jar;C:\Program Files (x86)\NetBeans 8.2\enterprise\modules\ext\jersey2\ext\jersey-entity-filtering-2.5.1.jar;C:\Program Files (x86)\NetBeans 8.2\enterprise\modules\ext\jersey2\ext\jersey-media-moxy-2.5.1.jar;C:\Program Files (x86)\NetBeans 8.2\enterprise\modules\ext\jersey2\ext\org.osgi.core-4.2.0.jar;C:\Program Files (x86)\NetBeans 8.2\enterprise\modules\ext\jersey2\ext\osgi-resource-locator-1.0.1.jar;C:\Program Files (x86)\NetBeans 8.2\enterprise\modules\ext\jersey2\ext\persistence-api-1.0.jar;C:\Program Files (x86)\NetBeans 8.2\enterprise\modules\ext\jersey2\ext\validation-api-1.1.0.Final.jar;C:\Program Files (x86)\NetBeans 8.2\enterprise\modules\ext\jersey2\jersey-client.jar;C:\Program Files (x86)\NetBeans 8.2\enterprise\modules\ext\jersey2\jersey-common.jar;C:\Program Files (x86)\NetBeans
Launcher Type: SUN_STANDARD

Environment Variables:
JAVA_HOME=C:\Program Files (x86)\Java\jdk1.8.0_181
PATH=C:\WINDOWS\system32;C:\WINDOWS;C:\WINDOWS\System32\Wbem;C:\WINDOWS\System32\WindowsPowerShell\v1.0\;C:\Program Files\dotnet\;C:\WINDOWS\System32\OpenSSH\;C:\Users\ferna\AppData\Local\Microsoft\WindowsApps;
USERNAME=Fernando
OS=Windows_NT
PROCESSOR_IDENTIFIER=Intel64 Family 6 Model 58 Stepping 9, GenuineIntel



---------------  S Y S T E M  ---------------

OS: Windows 10.0 , 64 bit Build 17134 (10.0.17134.1)

CPU:total 2 (initial active 2) (2 cores per cpu, 1 threads per core) family 6 model 58 stepping 9, cmov, cx8, fxsr, mmx, sse, sse2, sse3, ssse3, sse4.1, sse4.2, popcnt, clmul, erms, tsc, tscinvbit, tscinv

Memory: 4k page, physical 5989528k(2215180k free), swap 7038104k(2478640k free)

vm_info: Java HotSpot(TM) 64-Bit Server VM (25.181-b13) for windows-amd64 JRE (1.8.0_181-b13), built on Jul  7 2018 04:01:33 by "java_re" with MS VC++ 10.0 (VS2010)

time: Mon Nov 19 15:59:48 2018
elapsed time: 721 seconds (0d 0h 12m 1s)

