#
# A fatal error has been detected by the Java Runtime Environment:
#
#  Internal Error (0xc000000d), pid=4604, tid=0x00000000000019a4
#
# JRE version: Java(TM) SE Runtime Environment (8.0_181-b13) (build 1.8.0_181-b13)
# Java VM: Java HotSpot(TM) 64-Bit Server VM (25.181-b13 mixed mode windows-amd64 compressed oops)
# Problematic frame:
# C  [ntdll.dll+0x108b60]
#
# Failed to write core dump. Minidumps are not enabled by default on client versions of Windows
#
# If you would like to submit a bug report, please visit:
#   http://bugreport.java.com/bugreport/crash.jsp
#

---------------  T H R E A D  ---------------

Current thread (0x0000000016695800):  VMThread [stack: 0x0000000017110000,0x0000000017210000] [id=6564]

siginfo: ExceptionCode=0xc000000d

Registers:
RAX=0x000000006a6a20da, RBX=0xfffffffffffffffe, RCX=0x000000000000004b, RDX=0x000000006a6bd79a
RSP=0x000000001720e760, RBP=0x00007ffe677871bc, RSI=0x0000000000000000, RDI=0x000000000000070c
R8 =0x0000000003031cb0, R9 =0x0000000000008000, R10=0x00000000ffffff00, R11=0x000000001720e4e9
R12=0x000000000128b900, R13=0x00000000012f9380, R14=0x000000000128ba08, R15=0x000000001720e8d8
RIP=0x00007ffe8ee68b60, EFLAGS=0x0000000000000206

Top of Stack: (sp=0x000000001720e760)
0x000000001720e760:   0000000000000057 fffffffffffffffe
0x000000001720e770:   0000000000000000 000000000000070c
0x000000001720e780:   00000000c000000d 0000000000000000
0x000000001720e790:   00007ffe8ee68b60 0000000000000000
0x000000001720e7a0:   0000000000000000 0000000000000000
0x000000001720e7b0:   0000000000000000 0000000000000000
0x000000001720e7c0:   0000000000000000 0000000000000000
0x000000001720e7d0:   0000000000000000 0000000000000000
0x000000001720e7e0:   0000000000000000 0000000000000000
0x000000001720e7f0:   0000000000000000 0000000000000000
0x000000001720e800:   0000000000000000 0000000000000000
0x000000001720e810:   0000000000000000 0000000000000000
0x000000001720e820:   00000e0210fd5e5c 000000001720ea64
0x000000001720e830:   0000000000000040 00007ffe8ee1731f
0x000000001720e840:   0000000000000020 000000001720ebf0
0x000000001720e850:   000000001720e960 00007ffe8ed9aa65 

Instructions: (pc=0x00007ffe8ee68b60)
0x00007ffe8ee68b40:   7f f9 ff c7 44 24 20 0d 00 00 c0 b9 57 00 00 00
0x00007ffe8ee68b50:   e8 4b e5 f3 ff 90 48 8d 4c 24 20 e8 50 c4 ef ff
0x00007ffe8ee68b60:   eb 00 48 8b 8c 24 c0 00 00 00 48 33 cc e8 ce 1a
0x00007ffe8ee68b70:   f8 ff 48 81 c4 d8 00 00 00 c3 40 55 48 83 ec 20 


Register to memory mapping:

RAX=0x000000006a6a20da is an unknown value
RBX=0xfffffffffffffffe is an unknown value
RCX=0x000000000000004b is an unknown value
RDX=0x000000006a6bd79a is an unknown value
RSP=0x000000001720e760 is an unknown value
RBP=0x00007ffe677871bc is an unknown value
RSI=0x0000000000000000 is an unknown value
RDI=0x000000000000070c is an unknown value
R8 =0x0000000003031cb0 is an unknown value
R9 =0x0000000000008000 is an unknown value
R10=0x00000000ffffff00 is an unallocated location in the heap
R11=0x000000001720e4e9 is an unknown value
R12=0x000000000128b900 is an unknown value
R13=0x00000000012f9380 is an unknown value
R14=0x000000000128ba08 is an unknown value
R15=0x000000001720e8d8 is an unknown value


Stack: [0x0000000017110000,0x0000000017210000],  sp=0x000000001720e760,  free space=1017k
Native frames: (J=compiled Java code, j=interpreted, Vv=VM code, C=native code)
C  [ntdll.dll+0x108b60]
C  [ntdll.dll+0xb731f]
C  [KERNEL32.DLL+0x1e36a]
C  [MSVCR120.dll+0x72e1]
C  [MSVCR120.dll+0x149d3]
C  [MSVCR120.dll+0x13c06]
C  [MSVCR120.dll+0x22da]
C  [MSVCR120.dll+0xae32]
C  [MSVCP120.dll+0x3cd49]
C  [ProxyIntercept64.dll+0x44eb4]
C  [ProxyIntercept64.dll+0x45066]
C  [ProxyIntercept64.dll+0x90df8]
C  [ProxyIntercept64.dll+0x96ee4]
C  [ProxyIntercept64.dll+0x96e92]
C  [ProxyIntercept64.dll+0x9227c]
C  [ProxyIntercept64.dll+0x1e7a9]
C  [ProxyIntercept64.dll+0x1e977]
C  [ProxyIntercept64.dll+0x28806]
C  [ProxyIntercept64.dll+0x2855a]
C  [ProxyIntercept64.dll+0x18528]
C  [ProxyIntercept64.dll+0x1a317]
C  [ProxyIntercept64.dll+0x18361]
C  [ProxyIntercept64.dll+0xa4bf0]
C  [ProxyIntercept64.dll+0x9a95c]
C  [ProxyIntercept64.dll+0x9abde]
C  [ntdll.dll+0x34063]
C  [ntdll.dll+0x40a15]
C  [ntdll.dll+0x408d8]
C  [KERNEL32.DLL+0x1b19a]
C  [msvcr100.dll+0x20ccd]
V  [jvm.dll+0x2139a5]
V  [jvm.dll+0x24cc27]
V  [jvm.dll+0x24bec6]
V  [jvm.dll+0x24c361]
V  [jvm.dll+0x24c57e]
V  [jvm.dll+0x29e64a]
C  [msvcr100.dll+0x21d9f]
C  [msvcr100.dll+0x21e3b]
C  [KERNEL32.DLL+0x13034]
C  [ntdll.dll+0x71471]

VM_Operation (0x000000001932d0f0): Exit, mode: safepoint, requested by thread 0x0000000018545000


---------------  P R O C E S S  ---------------

Java Threads: ( => current thread )
  0x00000000185fc800 JavaThread "TimerQueue" daemon [_thread_blocked, id=4572, stack(0x0000000019930000,0x0000000019a30000)]
  0x0000000003147000 JavaThread "DestroyJavaVM" [_thread_blocked, id=3488, stack(0x0000000003040000,0x0000000003140000)]
  0x0000000018545000 JavaThread "AWT-EventQueue-0" [_thread_blocked, id=8072, stack(0x0000000019230000,0x0000000019330000)]
  0x00000000184e5800 JavaThread "AWT-Shutdown" [_thread_blocked, id=7212, stack(0x0000000018970000,0x0000000018a70000)]
  0x00000000184e5000 JavaThread "Java2D Disposer" daemon [_thread_blocked, id=4276, stack(0x0000000018870000,0x0000000018970000)]
  0x0000000016736800 JavaThread "Service Thread" daemon [_thread_blocked, id=6648, stack(0x0000000017920000,0x0000000017a20000)]
  0x000000001672a000 JavaThread "C1 CompilerThread1" daemon [_thread_blocked, id=604, stack(0x0000000017820000,0x0000000017920000)]
  0x00000000166d3000 JavaThread "C2 CompilerThread0" daemon [_thread_blocked, id=4040, stack(0x0000000017720000,0x0000000017820000)]
  0x00000000166cf800 JavaThread "Attach Listener" daemon [_thread_blocked, id=3752, stack(0x0000000017620000,0x0000000017720000)]
  0x00000000166cc000 JavaThread "Signal Dispatcher" daemon [_thread_blocked, id=7812, stack(0x0000000017520000,0x0000000017620000)]
  0x00000000166b8800 JavaThread "Finalizer" daemon [_thread_blocked, id=2932, stack(0x0000000017310000,0x0000000017410000)]
  0x0000000003235000 JavaThread "Reference Handler" daemon [_thread_blocked, id=1624, stack(0x0000000017210000,0x0000000017310000)]

Other Threads:
=>0x0000000016695800 VMThread [stack: 0x0000000017110000,0x0000000017210000] [id=6564]

VM state:at safepoint (shutting down)

VM Mutex/Monitor currently owned by a thread:  ([mutex/lock_event])
[0x000000000303e970] Threads_lock - owner thread: 0x0000000016695800

Heap:
 PSYoungGen      total 27136K, used 24844K [0x00000000e1800000, 0x00000000e3f00000, 0x0000000100000000)
  eden space 23552K, 90% used [0x00000000e1800000,0x00000000e2cc72c0,0x00000000e2f00000)
  from space 3584K, 99% used [0x00000000e2f80000,0x00000000e32fc0d0,0x00000000e3300000)
  to   space 8192K, 0% used [0x00000000e3700000,0x00000000e3700000,0x00000000e3f00000)
 ParOldGen       total 35840K, used 14128K [0x00000000a4800000, 0x00000000a6b00000, 0x00000000e1800000)
  object space 35840K, 39% used [0x00000000a4800000,0x00000000a55cc210,0x00000000a6b00000)
 Metaspace       used 33112K, capacity 33492K, committed 33792K, reserved 1079296K
  class space    used 3649K, capacity 3742K, committed 3840K, reserved 1048576K

Card table byte_map: [0x0000000012600000,0x00000000128e0000] byte_map_base: 0x00000000120dc000

Marking Bits: (ParMarkBitMap*) 0x000000006af82d00
 Begin Bits: [0x0000000012cd0000, 0x00000000143b0000)
 End Bits:   [0x00000000143b0000, 0x0000000015a90000)

Polling page: 0x00000000011f0000

CodeCache: size=245760Kb used=11472Kb max_used=11571Kb free=234287Kb
 bounds [0x0000000003240000, 0x0000000003da0000, 0x0000000012240000]
 total_blobs=3933 nmethods=3290 adapters=555
 compilation: enabled

Compilation events (10 events):
Event: 454.949 Thread 0x00000000166d3000 3561       4       javax.swing.RepaintManager::currentManager (37 bytes)
Event: 454.949 Thread 0x00000000166d3000 nmethod 3561 0x00000000033efe10 code [0x00000000033eff60, 0x00000000033f0008]
Event: 456.127 Thread 0x000000001672a000 3562       3       java.util.IdentityHashMap$IdentityHashMapIterator::<init> (63 bytes)
Event: 456.127 Thread 0x000000001672a000 nmethod 3562 0x00000000033ef8d0 code [0x00000000033efa40, 0x00000000033efcb0]
Event: 456.127 Thread 0x000000001672a000 3563       3       javax.swing.RepaintManager::collectDirtyComponents (344 bytes)
Event: 456.129 Thread 0x000000001672a000 nmethod 3563 0x0000000003573210 code [0x0000000003573520, 0x0000000003575328]
Event: 474.029 Thread 0x000000001672a000 3564       3       java.util.logging.LogManager$LoggerContext::ensureDefaultLogger (70 bytes)
Event: 474.030 Thread 0x000000001672a000 nmethod 3564 0x0000000003bf1ed0 code [0x0000000003bf2080, 0x0000000003bf2928]
Event: 474.031 Thread 0x000000001672a000 3565  s    3       java.util.Hashtable::containsKey (65 bytes)
Event: 474.032 Thread 0x000000001672a000 nmethod 3565 0x000000000345f390 code [0x000000000345f520, 0x000000000345fb58]

GC Heap History (10 events):
Event: 18.774 GC heap before
{Heap before GC invocations=2 (full 0):
 PSYoungGen      total 27648K, used 22581K [0x00000000e1800000, 0x00000000e3680000, 0x0000000100000000)
  eden space 24064K, 79% used [0x00000000e1800000,0x00000000e2a94de8,0x00000000e2f80000)
  from space 3584K, 99% used [0x00000000e2f80000,0x00000000e32f89f0,0x00000000e3300000)
  to   space 3584K, 0% used [0x00000000e3300000,0x00000000e3300000,0x00000000e3680000)
 ParOldGen       total 62976K, used 1309K [0x00000000a4800000, 0x00000000a8580000, 0x00000000e1800000)
  object space 62976K, 2% used [0x00000000a4800000,0x00000000a4947508,0x00000000a8580000)
 Metaspace       used 20926K, capacity 21096K, committed 21248K, reserved 1069056K
  class space    used 2142K, capacity 2218K, committed 2304K, reserved 1048576K
Event: 18.783 GC heap after
Heap after GC invocations=2 (full 0):
 PSYoungGen      total 27648K, used 3555K [0x00000000e1800000, 0x00000000e3680000, 0x0000000100000000)
  eden space 24064K, 0% used [0x00000000e1800000,0x00000000e1800000,0x00000000e2f80000)
  from space 3584K, 99% used [0x00000000e3300000,0x00000000e3678de0,0x00000000e3680000)
  to   space 3584K, 0% used [0x00000000e2f80000,0x00000000e2f80000,0x00000000e3300000)
 ParOldGen       total 62976K, used 4769K [0x00000000a4800000, 0x00000000a8580000, 0x00000000e1800000)
  object space 62976K, 7% used [0x00000000a4800000,0x00000000a4ca84b8,0x00000000a8580000)
 Metaspace       used 20926K, capacity 21096K, committed 21248K, reserved 1069056K
  class space    used 2142K, capacity 2218K, committed 2304K, reserved 1048576K
}
Event: 18.783 GC heap before
{Heap before GC invocations=3 (full 1):
 PSYoungGen      total 27648K, used 3555K [0x00000000e1800000, 0x00000000e3680000, 0x0000000100000000)
  eden space 24064K, 0% used [0x00000000e1800000,0x00000000e1800000,0x00000000e2f80000)
  from space 3584K, 99% used [0x00000000e3300000,0x00000000e3678de0,0x00000000e3680000)
  to   space 3584K, 0% used [0x00000000e2f80000,0x00000000e2f80000,0x00000000e3300000)
 ParOldGen       total 62976K, used 4769K [0x00000000a4800000, 0x00000000a8580000, 0x00000000e1800000)
  object space 62976K, 7% used [0x00000000a4800000,0x00000000a4ca84b8,0x00000000a8580000)
 Metaspace       used 20926K, capacity 21096K, committed 21248K, reserved 1069056K
  class space    used 2142K, capacity 2218K, committed 2304K, reserved 1048576K
Event: 18.819 GC heap after
Heap after GC invocations=3 (full 1):
 PSYoungGen      total 27648K, used 0K [0x00000000e1800000, 0x00000000e3680000, 0x0000000100000000)
  eden space 24064K, 0% used [0x00000000e1800000,0x00000000e1800000,0x00000000e2f80000)
  from space 3584K, 0% used [0x00000000e3300000,0x00000000e3300000,0x00000000e3680000)
  to   space 3584K, 0% used [0x00000000e2f80000,0x00000000e2f80000,0x00000000e3300000)
 ParOldGen       total 35840K, used 7649K [0x00000000a4800000, 0x00000000a6b00000, 0x00000000e1800000)
  object space 35840K, 21% used [0x00000000a4800000,0x00000000a4f78790,0x00000000a6b00000)
 Metaspace       used 20926K, capacity 21096K, committed 21248K, reserved 1069056K
  class space    used 2142K, capacity 2218K, committed 2304K, reserved 1048576K
}
Event: 81.318 GC heap before
{Heap before GC invocations=4 (full 1):
 PSYoungGen      total 27648K, used 24064K [0x00000000e1800000, 0x00000000e3680000, 0x0000000100000000)
  eden space 24064K, 100% used [0x00000000e1800000,0x00000000e2f80000,0x00000000e2f80000)
  from space 3584K, 0% used [0x00000000e3300000,0x00000000e3300000,0x00000000e3680000)
  to   space 3584K, 0% used [0x00000000e2f80000,0x00000000e2f80000,0x00000000e3300000)
 ParOldGen       total 35840K, used 7649K [0x00000000a4800000, 0x00000000a6b00000, 0x00000000e1800000)
  object space 35840K, 21% used [0x00000000a4800000,0x00000000a4f78790,0x00000000a6b00000)
 Metaspace       used 25506K, capacity 25812K, committed 26112K, reserved 1073152K
  class space    used 2699K, capacity 2782K, committed 2816K, reserved 1048576K
Event: 81.325 GC heap after
Heap after GC invocations=4 (full 1):
 PSYoungGen      total 27648K, used 3532K [0x00000000e1800000, 0x00000000e3680000, 0x0000000100000000)
  eden space 24064K, 0% used [0x00000000e1800000,0x00000000e1800000,0x00000000e2f80000)
  from space 3584K, 98% used [0x00000000e2f80000,0x00000000e32f3390,0x00000000e3300000)
  to   space 3584K, 0% used [0x00000000e3300000,0x00000000e3300000,0x00000000e3680000)
 ParOldGen       total 35840K, used 9586K [0x00000000a4800000, 0x00000000a6b00000, 0x00000000e1800000)
  object space 35840K, 26% used [0x00000000a4800000,0x00000000a515c850,0x00000000a6b00000)
 Metaspace       used 25506K, capacity 25812K, committed 26112K, reserved 1073152K
  class space    used 2699K, capacity 2782K, committed 2816K, reserved 1048576K
}
Event: 81.721 GC heap before
{Heap before GC invocations=5 (full 1):
 PSYoungGen      total 27648K, used 27596K [0x00000000e1800000, 0x00000000e3680000, 0x0000000100000000)
  eden space 24064K, 100% used [0x00000000e1800000,0x00000000e2f80000,0x00000000e2f80000)
  from space 3584K, 98% used [0x00000000e2f80000,0x00000000e32f3390,0x00000000e3300000)
  to   space 3584K, 0% used [0x00000000e3300000,0x00000000e3300000,0x00000000e3680000)
 ParOldGen       total 35840K, used 9586K [0x00000000a4800000, 0x00000000a6b00000, 0x00000000e1800000)
  object space 35840K, 26% used [0x00000000a4800000,0x00000000a515c850,0x00000000a6b00000)
 Metaspace       used 27631K, capacity 28000K, committed 28288K, reserved 1075200K
  class space    used 3019K, capacity 3122K, committed 3200K, reserved 1048576K
Event: 81.728 GC heap after
Heap after GC invocations=5 (full 1):
 PSYoungGen      total 27648K, used 3552K [0x00000000e1800000, 0x00000000e3680000, 0x0000000100000000)
  eden space 24064K, 0% used [0x00000000e1800000,0x00000000e1800000,0x00000000e2f80000)
  from space 3584K, 99% used [0x00000000e3300000,0x00000000e36780b0,0x00000000e3680000)
  to   space 3584K, 0% used [0x00000000e2f80000,0x00000000e2f80000,0x00000000e3300000)
 ParOldGen       total 35840K, used 11029K [0x00000000a4800000, 0x00000000a6b00000, 0x00000000e1800000)
  object space 35840K, 30% used [0x00000000a4800000,0x00000000a52c5538,0x00000000a6b00000)
 Metaspace       used 27631K, capacity 28000K, committed 28288K, reserved 1075200K
  class space    used 3019K, capacity 3122K, committed 3200K, reserved 1048576K
}
Event: 82.479 GC heap before
{Heap before GC invocations=6 (full 1):
 PSYoungGen      total 27648K, used 27616K [0x00000000e1800000, 0x00000000e3680000, 0x0000000100000000)
  eden space 24064K, 100% used [0x00000000e1800000,0x00000000e2f80000,0x00000000e2f80000)
  from space 3584K, 99% used [0x00000000e3300000,0x00000000e36780b0,0x00000000e3680000)
  to   space 3584K, 0% used [0x00000000e2f80000,0x00000000e2f80000,0x00000000e3300000)
 ParOldGen       total 35840K, used 11029K [0x00000000a4800000, 0x00000000a6b00000, 0x00000000e1800000)
  object space 35840K, 30% used [0x00000000a4800000,0x00000000a52c5538,0x00000000a6b00000)
 Metaspace       used 31396K, capacity 31802K, committed 32000K, reserved 1077248K
  class space    used 3468K, capacity 3574K, committed 3584K, reserved 1048576K
Event: 82.487 GC heap after
Heap after GC invocations=6 (full 1):
 PSYoungGen      total 27136K, used 3568K [0x00000000e1800000, 0x00000000e3f00000, 0x0000000100000000)
  eden space 23552K, 0% used [0x00000000e1800000,0x00000000e1800000,0x00000000e2f00000)
  from space 3584K, 99% used [0x00000000e2f80000,0x00000000e32fc0d0,0x00000000e3300000)
  to   space 8192K, 0% used [0x00000000e3700000,0x00000000e3700000,0x00000000e3f00000)
 ParOldGen       total 35840K, used 14128K [0x00000000a4800000, 0x00000000a6b00000, 0x00000000e1800000)
  object space 35840K, 39% used [0x00000000a4800000,0x00000000a55cc210,0x00000000a6b00000)
 Metaspace       used 31396K, capacity 31802K, committed 32000K, reserved 1077248K
  class space    used 3468K, capacity 3574K, committed 3584K, reserved 1048576K
}

Deoptimization events (10 events):
Event: 82.649 Thread 0x0000000018545000 Uncommon trap: reason=unstable_if action=reinterpret pc=0x00000000035c5318 method=java.util.HashMap.getNode(ILjava/lang/Object;)Ljava/util/HashMap$Node; @ 129
Event: 82.649 Thread 0x0000000018545000 Uncommon trap: reason=bimorphic action=maybe_recompile pc=0x000000000354371c method=java.util.HashMap.putVal(ILjava/lang/Object;Ljava/lang/Object;ZZ)Ljava/lang/Object; @ 203
Event: 82.649 Thread 0x0000000018545000 Uncommon trap: reason=unstable_if action=reinterpret pc=0x0000000003b4a284 method=java.util.HashMap.getNode(ILjava/lang/Object;)Ljava/util/HashMap$Node; @ 129
Event: 82.733 Thread 0x0000000018545000 Uncommon trap: reason=unstable_if action=reinterpret pc=0x0000000003a532c8 method=java.awt.font.FontRenderContext.equals(Ljava/awt/font/FontRenderContext;)Z @ 35
Event: 84.423 Thread 0x0000000018545000 Uncommon trap: reason=unstable_if action=reinterpret pc=0x0000000003cf8284 method=java.awt.Component.getInputContext()Ljava/awt/im/InputContext; @ 6
Event: 88.794 Thread 0x0000000018545000 Uncommon trap: reason=bimorphic action=maybe_recompile pc=0x0000000003b905c0 method=java.util.concurrent.ConcurrentHashMap.putVal(Ljava/lang/Object;Ljava/lang/Object;Z)Ljava/lang/Object; @ 192
Event: 88.823 Thread 0x0000000018545000 Uncommon trap: reason=class_check action=maybe_recompile pc=0x00000000037f2dc0 method=javax.swing.UIDefaults.getFromHashtable(Ljava/lang/Object;)Ljava/lang/Object; @ 92
Event: 88.921 Thread 0x0000000018545000 Uncommon trap: reason=bimorphic action=maybe_recompile pc=0x0000000003b905c0 method=java.util.concurrent.ConcurrentHashMap.putVal(Ljava/lang/Object;Ljava/lang/Object;Z)Ljava/lang/Object; @ 192
Event: 450.230 Thread 0x0000000018545000 Uncommon trap: reason=unstable_if action=reinterpret pc=0x0000000003d3d9a4 method=sun.awt.SunToolkit.isInstanceOf(Ljava/lang/Class;Ljava/lang/String;)Z @ 14
Event: 454.982 Thread 0x0000000018545000 Uncommon trap: reason=unstable_if action=reinterpret pc=0x0000000003cfbc94 method=java.awt.Container.getMouseEventTargetImpl(IIZLjava/awt/Container$EventTargetFilter;ZZ)Ljava/awt/Component; @ 218

Classes redefined (0 events):
No events

Internal exceptions (10 events):
Event: 81.353 Thread 0x0000000018545000 Exception <a 'java/lang/ClassNotFoundException': org/apache/log4j/LayoutCustomizer> (0x00000000e1a0dbe0) thrown at [C:\re\workspace\8-2-build-windows-amd64-cygwin\jdk8u181\11358\hotspot\src\share\vm\classfile\systemDictionary.cpp, line 210]
Event: 81.355 Thread 0x0000000018545000 Exception <a 'java/lang/ClassNotFoundException': org/apache/log4j/PatternLayoutCustomizer> (0x00000000e1a59fc8) thrown at [C:\re\workspace\8-2-build-windows-amd64-cygwin\jdk8u181\11358\hotspot\src\share\vm\classfile\systemDictionary.cpp, line 210]
Event: 81.357 Thread 0x0000000018545000 Exception <a 'java/lang/ClassNotFoundException': org/apache/log4j/ConsoleAppenderBeanInfo> (0x00000000e1a7e3c8) thrown at [C:\re\workspace\8-2-build-windows-amd64-cygwin\jdk8u181\11358\hotspot\src\share\vm\classfile\systemDictionary.cpp, line 210]
Event: 81.358 Thread 0x0000000018545000 Exception <a 'java/lang/ClassNotFoundException': org/apache/log4j/WriterAppenderBeanInfo> (0x00000000e1a9a200) thrown at [C:\re\workspace\8-2-build-windows-amd64-cygwin\jdk8u181\11358\hotspot\src\share\vm\classfile\systemDictionary.cpp, line 210]
Event: 81.358 Thread 0x0000000018545000 Exception <a 'java/lang/ClassNotFoundException': org/apache/log4j/AppenderSkeletonBeanInfo> (0x00000000e1ab6a20) thrown at [C:\re\workspace\8-2-build-windows-amd64-cygwin\jdk8u181\11358\hotspot\src\share\vm\classfile\systemDictionary.cpp, line 210]
Event: 81.359 Thread 0x0000000018545000 Exception <a 'java/lang/ClassNotFoundException': org/apache/log4j/AppenderSkeletonCustomizer> (0x00000000e1ad4e88) thrown at [C:\re\workspace\8-2-build-windows-amd64-cygwin\jdk8u181\11358\hotspot\src\share\vm\classfile\systemDictionary.cpp, line 210]
Event: 81.362 Thread 0x0000000018545000 Exception <a 'java/lang/ClassNotFoundException': org/apache/log4j/WriterAppenderCustomizer> (0x00000000e1b0be18) thrown at [C:\re\workspace\8-2-build-windows-amd64-cygwin\jdk8u181\11358\hotspot\src\share\vm\classfile\systemDictionary.cpp, line 210]
Event: 81.364 Thread 0x0000000018545000 Exception <a 'java/lang/ClassNotFoundException': org/apache/log4j/ConsoleAppenderCustomizer> (0x00000000e1b35980) thrown at [C:\re\workspace\8-2-build-windows-amd64-cygwin\jdk8u181\11358\hotspot\src\share\vm\classfile\systemDictionary.cpp, line 210]
Event: 88.770 Thread 0x0000000018545000 Exception <a 'java/lang/ClassNotFoundException': projeto/vendas/tabelas/GuiControleEstrategicoVendedorEspecificoTVVendasBeanInfo> (0x00000000e27a7f60) thrown at [C:\re\workspace\8-2-build-windows-amd64-cygwin\jdk8u181\11358\hotspot\src\share\vm\classfile\
Event: 88.770 Thread 0x0000000018545000 Exception <a 'java/lang/ClassNotFoundException': projeto/vendas/tabelas/GuiControleEstrategicoVendedorEspecificoTVVendasCustomizer> (0x00000000e27d6ab0) thrown at [C:\re\workspace\8-2-build-windows-amd64-cygwin\jdk8u181\11358\hotspot\src\share\vm\classfil

Events (10 events):
Event: 474.051 Executing VM operation: BulkRevokeBias
Event: 474.052 Executing VM operation: BulkRevokeBias done
Event: 474.052 Executing VM operation: BulkRevokeBias
Event: 474.052 Executing VM operation: BulkRevokeBias done
Event: 474.052 Executing VM operation: RevokeBias
Event: 474.052 Executing VM operation: RevokeBias done
Event: 474.072 Thread 0x000000001b1e2800 Thread exited: 0x000000001b1e2800
Event: 474.107 Thread 0x00000000184e6800 Thread exited: 0x00000000184e6800
Event: 474.131 Thread 0x000000001a9e1800 Thread exited: 0x000000001a9e1800
Event: 474.131 Executing VM operation: Exit


Dynamic libraries:
0x00007ff6c59d0000 - 0x00007ff6c5a07000 	C:\Program Files\Java\jdk1.8.0_181\jre\bin\java.exe
0x00007ffe8ed60000 - 0x00007ffe8ef41000 	C:\WINDOWS\SYSTEM32\ntdll.dll
0x00007ffe8c520000 - 0x00007ffe8c5d2000 	C:\WINDOWS\System32\KERNEL32.DLL
0x00007ffe8bf50000 - 0x00007ffe8c1c3000 	C:\WINDOWS\System32\KERNELBASE.dll
0x00007ffe8d300000 - 0x00007ffe8d3a1000 	C:\WINDOWS\System32\ADVAPI32.dll
0x00007ffe8c480000 - 0x00007ffe8c51e000 	C:\WINDOWS\System32\msvcrt.dll
0x00007ffe8c6f0000 - 0x00007ffe8c74b000 	C:\WINDOWS\System32\sechost.dll
0x00007ffe8c260000 - 0x00007ffe8c384000 	C:\WINDOWS\System32\RPCRT4.dll
0x00007ffe8c7e0000 - 0x00007ffe8c970000 	C:\WINDOWS\System32\USER32.dll
0x00007ffe8c1d0000 - 0x00007ffe8c1f0000 	C:\WINDOWS\System32\win32u.dll
0x00007ffe8d220000 - 0x00007ffe8d248000 	C:\WINDOWS\System32\GDI32.dll
0x00007ffe8b480000 - 0x00007ffe8b612000 	C:\WINDOWS\System32\gdi32full.dll
0x00007ffe8b620000 - 0x00007ffe8b6bf000 	C:\WINDOWS\System32\msvcp_win.dll
0x00007ffe8be50000 - 0x00007ffe8bf4a000 	C:\WINDOWS\System32\ucrtbase.dll
0x00007ffe7a990000 - 0x00007ffe7abf9000 	C:\WINDOWS\WinSxS\amd64_microsoft.windows.common-controls_6595b64144ccf1df_6.0.17134.407_none_fb449d63306391e9\COMCTL32.dll
0x00007ffe8cb40000 - 0x00007ffe8ce62000 	C:\WINDOWS\System32\combase.dll
0x00007ffe8b6c0000 - 0x00007ffe8b73a000 	C:\WINDOWS\System32\bcryptPrimitives.dll
0x00007ffe8cb10000 - 0x00007ffe8cb3d000 	C:\WINDOWS\System32\IMM32.DLL
0x000000006a680000 - 0x000000006a752000 	C:\Program Files\Java\jdk1.8.0_181\jre\bin\msvcr100.dll
0x000000006a760000 - 0x000000006b002000 	C:\Program Files\Java\jdk1.8.0_181\jre\bin\server\jvm.dll
0x00007ffe8c250000 - 0x00007ffe8c258000 	C:\WINDOWS\System32\PSAPI.DLL
0x00007ffe80a30000 - 0x00007ffe80a39000 	C:\WINDOWS\SYSTEM32\WSOCK32.dll
0x00007ffe8e810000 - 0x00007ffe8e87c000 	C:\WINDOWS\System32\WS2_32.dll
0x00007ffe891e0000 - 0x00007ffe89203000 	C:\WINDOWS\SYSTEM32\WINMM.dll
0x00007ffe7f5e0000 - 0x00007ffe7f5ea000 	C:\WINDOWS\SYSTEM32\VERSION.dll
0x00007ffe891b0000 - 0x00007ffe891da000 	C:\WINDOWS\SYSTEM32\WINMMBASE.dll
0x00007ffe8b430000 - 0x00007ffe8b479000 	C:\WINDOWS\System32\cfgmgr32.dll
0x000000006a630000 - 0x000000006a63f000 	C:\Program Files\Java\jdk1.8.0_181\jre\bin\verify.dll
0x000000006a600000 - 0x000000006a629000 	C:\Program Files\Java\jdk1.8.0_181\jre\bin\java.dll
0x000000006a5e0000 - 0x000000006a5f6000 	C:\Program Files\Java\jdk1.8.0_181\jre\bin\zip.dll
0x00007ffe8d3b0000 - 0x00007ffe8e7ef000 	C:\WINDOWS\System32\SHELL32.dll
0x00007ffe8d250000 - 0x00007ffe8d2f9000 	C:\WINDOWS\System32\shcore.dll
0x00007ffe8b740000 - 0x00007ffe8be4d000 	C:\WINDOWS\System32\windows.storage.dll
0x00007ffe8c690000 - 0x00007ffe8c6e1000 	C:\WINDOWS\System32\shlwapi.dll
0x00007ffe8b110000 - 0x00007ffe8b121000 	C:\WINDOWS\System32\kernel.appcore.dll
0x00007ffe8b070000 - 0x00007ffe8b08f000 	C:\WINDOWS\System32\profapi.dll
0x00007ffe8b0a0000 - 0x00007ffe8b0ec000 	C:\WINDOWS\System32\powrprof.dll
0x00007ffe8b090000 - 0x00007ffe8b09a000 	C:\WINDOWS\System32\FLTLIB.DLL
0x000000006a400000 - 0x000000006a599000 	C:\Program Files\Java\jdk1.8.0_181\jre\bin\awt.dll
0x00007ffe8cff0000 - 0x00007ffe8d0b2000 	C:\WINDOWS\System32\OLEAUT32.dll
0x00007ffe893f0000 - 0x00007ffe8947b000 	C:\WINDOWS\SYSTEM32\apphelp.dll
0x00007ffe89570000 - 0x00007ffe89608000 	C:\WINDOWS\system32\uxtheme.dll
0x00007ffe8ce70000 - 0x00007ffe8cfe3000 	C:\WINDOWS\System32\MSCTF.dll
0x00007ffe680d0000 - 0x00007ffe6815b000 	C:\Program Files\NoPing Tunnel v15\iLdr64.dll
0x00007ffe67780000 - 0x00007ffe6786f000 	C:\WINDOWS\SYSTEM32\MSVCR120.dll
0x00007ffe68280000 - 0x00007ffe68326000 	C:\WINDOWS\SYSTEM32\MSVCP120.dll
0x00007ffe89800000 - 0x00007ffe89829000 	C:\WINDOWS\system32\dwmapi.dll
0x00007ffe8d0c0000 - 0x00007ffe8d211000 	C:\WINDOWS\System32\ole32.dll
0x00007ffe78e00000 - 0x00007ffe78f20000 	C:\WINDOWS\system32\opengl32.dll
0x00007ffe7c770000 - 0x00007ffe7c79c000 	C:\WINDOWS\SYSTEM32\GLU32.dll
0x00007ffe669c0000 - 0x00007ffe66aae000 	C:\Program Files\NoPing Tunnel v15\ProxyIntercept64.dll
0x00007ffe8a670000 - 0x00007ffe8a6a8000 	C:\WINDOWS\SYSTEM32\IPHLPAPI.DLL
0x00007ffe8a8f0000 - 0x00007ffe8a956000 	C:\WINDOWS\system32\mswsock.dll
0x000000006a3b0000 - 0x000000006a3f7000 	C:\Program Files\Java\jdk1.8.0_181\jre\bin\fontmanager.dll
0x00007ffe8c750000 - 0x00007ffe8c758000 	C:\WINDOWS\System32\NSI.dll
0x000000006a5c0000 - 0x000000006a5da000 	C:\Program Files\Java\jdk1.8.0_181\jre\bin\net.dll
0x000000006a5a0000 - 0x000000006a5b1000 	C:\Program Files\Java\jdk1.8.0_181\jre\bin\nio.dll
0x000000006a360000 - 0x000000006a3a2000 	C:\Program Files\Java\jdk1.8.0_181\jre\bin\t2k.dll
0x00007ffe8c5f0000 - 0x00007ffe8c690000 	C:\WINDOWS\System32\clbcatq.dll
0x00007ffe874f0000 - 0x00007ffe8769e000 	C:\WINDOWS\SYSTEM32\WindowsCodecs.dll
0x00007ffe82ea0000 - 0x00007ffe82f36000 	C:\WINDOWS\System32\TextInputFramework.dll
0x00007ffe87000000 - 0x00007ffe8731e000 	C:\WINDOWS\System32\CoreUIComponents.dll
0x00007ffe88d90000 - 0x00007ffe88e6a000 	C:\WINDOWS\System32\CoreMessaging.dll
0x00007ffe8a160000 - 0x00007ffe8a191000 	C:\WINDOWS\SYSTEM32\ntmarta.dll
0x00007ffe86eb0000 - 0x00007ffe86ffd000 	C:\WINDOWS\SYSTEM32\wintypes.dll
0x000000006a350000 - 0x000000006a35d000 	C:\Program Files\Java\jdk1.8.0_181\jre\bin\management.dll
0x0000000019530000 - 0x00000000195ee000 	C:\WINDOWS\SYSTEM32\DNSAPI.dll
0x00007ffe7fc00000 - 0x00007ffe7fc0a000 	C:\Windows\System32\rasadhlp.dll
0x00007ffe80a40000 - 0x00007ffe80ab2000 	C:\WINDOWS\System32\fwpuclnt.dll
0x00007ffe8abd0000 - 0x00007ffe8abf5000 	C:\WINDOWS\SYSTEM32\bcrypt.dll
0x00007ffe8aaa0000 - 0x00007ffe8aab7000 	C:\WINDOWS\SYSTEM32\CRYPTSP.dll
0x00007ffe8a4d0000 - 0x00007ffe8a503000 	C:\WINDOWS\system32\rsaenh.dll
0x00007ffe8afa0000 - 0x00007ffe8afc8000 	C:\WINDOWS\SYSTEM32\USERENV.dll
0x00007ffe8aac0000 - 0x00007ffe8aacb000 	C:\WINDOWS\SYSTEM32\CRYPTBASE.dll
0x00007ffe83e70000 - 0x00007ffe83e86000 	C:\WINDOWS\SYSTEM32\dhcpcsvc6.DLL
0x00007ffe83e50000 - 0x00007ffe83e6a000 	C:\WINDOWS\SYSTEM32\dhcpcsvc.DLL
0x00007ffe7b7d0000 - 0x00007ffe7b7e6000 	C:\WINDOWS\system32\napinsp.dll
0x00007ffe7ac00000 - 0x00007ffe7ac1a000 	C:\WINDOWS\system32\pnrpnsp.dll
0x00007ffe879e0000 - 0x00007ffe879f9000 	C:\WINDOWS\system32\NLAapi.dll
0x00007ffe7b7c0000 - 0x00007ffe7b7ce000 	C:\WINDOWS\System32\winrnr.dll
0x00007ffe7be00000 - 0x00007ffe7bfc9000 	C:\WINDOWS\SYSTEM32\dbghelp.dll

VM Arguments:
jvm_args: -Dfile.encoding=UTF-8 
java_command: projeto.vendas.view.GuiLogin
java_class_path (initial): D:\TCC - Fatec 2018\PHappy-Vendas\ojdbc6_g.jar;C:\Program Files (x86)\NetBeans 8.2\java\modules\ext\beansbinding-1.2.1.jar;C:\Program Files (x86)\NetBeans 8.2\enterprise\modules\ext\jaxrs-2.0\javax.ws.rs-api-2.0.jar;C:\Program Files (x86)\NetBeans 8.2\enterprise\modules\ext\jersey2\ext\asm-all-repackaged-2.2.0-b21.jar;C:\Program Files (x86)\NetBeans 8.2\enterprise\modules\ext\jersey2\ext\cglib-2.2.0-b21.jar;C:\Program Files (x86)\NetBeans 8.2\enterprise\modules\ext\jersey2\ext\guava-14.0.1.jar;C:\Program Files (x86)\NetBeans 8.2\enterprise\modules\ext\jersey2\ext\hk2-api-2.2.0-b21.jar;C:\Program Files (x86)\NetBeans 8.2\enterprise\modules\ext\jersey2\ext\hk2-locator-2.2.0-b21.jar;C:\Program Files (x86)\NetBeans 8.2\enterprise\modules\ext\jersey2\ext\hk2-utils-2.2.0-b21.jar;C:\Program Files (x86)\NetBeans 8.2\enterprise\modules\ext\jersey2\ext\javax.annotation-api-1.2.jar;C:\Program Files (x86)\NetBeans 8.2\enterprise\modules\ext\jersey2\ext\javax.inject-2.2.0-b21.jar;C:\Program Files (x86)\NetBeans 8.2\enterprise\modules\ext\jersey2\ext\javax.servlet-api-3.0.1.jar;C:\Program Files (x86)\NetBeans 8.2\enterprise\modules\ext\jersey2\ext\jaxb-api-2.2.7.jar;C:\Program Files (x86)\NetBeans 8.2\enterprise\modules\ext\jersey2\ext\jersey-entity-filtering-2.5.1.jar;C:\Program Files (x86)\NetBeans 8.2\enterprise\modules\ext\jersey2\ext\jersey-media-moxy-2.5.1.jar;C:\Program Files (x86)\NetBeans 8.2\enterprise\modules\ext\jersey2\ext\org.osgi.core-4.2.0.jar;C:\Program Files (x86)\NetBeans 8.2\enterprise\modules\ext\jersey2\ext\osgi-resource-locator-1.0.1.jar;C:\Program Files (x86)\NetBeans 8.2\enterprise\modules\ext\jersey2\ext\persistence-api-1.0.jar;C:\Program Files (x86)\NetBeans 8.2\enterprise\modules\ext\jersey2\ext\validation-api-1.1.0.Final.jar;C:\Program Files (x86)\NetBeans 8.2\enterprise\modules\ext\jersey2\jersey-client.jar;C:\Program Files (x86)\NetBeans 8.2\enterprise\modules\ext\jersey2\jersey-common.jar;C:\Program Files (x86)\NetBeans
Launcher Type: SUN_STANDARD

Environment Variables:
JAVA_HOME=C:\Program Files (x86)\Java\jdk1.8.0_181
PATH=C:\WINDOWS\system32;C:\WINDOWS;C:\WINDOWS\System32\Wbem;C:\WINDOWS\System32\WindowsPowerShell\v1.0\;C:\Program Files\dotnet\;C:\WINDOWS\System32\OpenSSH\;C:\Users\ferna\AppData\Local\Microsoft\WindowsApps;
USERNAME=Fernando
OS=Windows_NT
PROCESSOR_IDENTIFIER=Intel64 Family 6 Model 58 Stepping 9, GenuineIntel



---------------  S Y S T E M  ---------------

OS: Windows 10.0 , 64 bit Build 17134 (10.0.17134.1)

CPU:total 2 (initial active 2) (2 cores per cpu, 1 threads per core) family 6 model 58 stepping 9, cmov, cx8, fxsr, mmx, sse, sse2, sse3, ssse3, sse4.1, sse4.2, popcnt, clmul, erms, tsc, tscinvbit, tscinv

Memory: 4k page, physical 5989528k(1930704k free), swap 7038104k(2094752k free)

vm_info: Java HotSpot(TM) 64-Bit Server VM (25.181-b13) for windows-amd64 JRE (1.8.0_181-b13), built on Jul  7 2018 04:01:33 by "java_re" with MS VC++ 10.0 (VS2010)

time: Mon Nov 19 16:27:06 2018
elapsed time: 475 seconds (0d 0h 7m 55s)

