#
# A fatal error has been detected by the Java Runtime Environment:
#
#  Internal Error (0xc000000d), pid=12232, tid=0x0000000000001530
#
# JRE version: Java(TM) SE Runtime Environment (8.0_181-b13) (build 1.8.0_181-b13)
# Java VM: Java HotSpot(TM) 64-Bit Server VM (25.181-b13 mixed mode windows-amd64 compressed oops)
# Problematic frame:
# C  [ntdll.dll+0x108b60]
#
# Failed to write core dump. Minidumps are not enabled by default on client versions of Windows
#
# If you would like to submit a bug report, please visit:
#   http://bugreport.java.com/bugreport/crash.jsp
#

---------------  T H R E A D  ---------------

Current thread (0x0000000016226000):  VMThread [stack: 0x0000000016c90000,0x0000000016d90000] [id=5424]

siginfo: ExceptionCode=0xc000000d

Registers:
RAX=0x0000000072e220da, RBX=0xfffffffffffffffe, RCX=0x000000000000004b, RDX=0x0000000072e3d79a
RSP=0x0000000016d8eae0, RBP=0x00007ffc720571bc, RSI=0x0000000000000000, RDI=0x0000000000000234
R8 =0x00000000027c1c60, R9 =0x0000000000008000, R10=0x00000000ffffff00, R11=0x0000000016d8e869
R12=0x0000000000878030, R13=0x00000000008b8be0, R14=0x0000000000878138, R15=0x0000000016d8ec58
RIP=0x00007ffc9b0a8b60, EFLAGS=0x0000000000000202

Top of Stack: (sp=0x0000000016d8eae0)
0x0000000016d8eae0:   0000000000000057 fffffffffffffffe
0x0000000016d8eaf0:   0000000000000000 0000000000000234
0x0000000016d8eb00:   00000000c000000d 0000000000000000
0x0000000016d8eb10:   00007ffc9b0a8b60 0000000000000000
0x0000000016d8eb20:   0000000000000000 0000000000000000
0x0000000016d8eb30:   0000000000000000 0000000000000000
0x0000000016d8eb40:   0000000000000000 0000000000000000
0x0000000016d8eb50:   0000000000000000 0000000000000000
0x0000000016d8eb60:   0000000000000000 0000000000000000
0x0000000016d8eb70:   0000000000000000 0000000000000000
0x0000000016d8eb80:   0000000000000000 0000000000000000
0x0000000016d8eb90:   0000000000000000 0000000000000000
0x0000000016d8eba0:   0000b5b66118a63d 0000000000000000
0x0000000016d8ebb0:   0000000000800000 00007ffc9b05731f
0x0000000016d8ebc0:   00000000003f0000 000000004208bff5
0x0000000016d8ebd0:   0000000000000050 00007ffc02000002 

Instructions: (pc=0x00007ffc9b0a8b60)
0x00007ffc9b0a8b40:   7f f9 ff c7 44 24 20 0d 00 00 c0 b9 57 00 00 00
0x00007ffc9b0a8b50:   e8 4b e5 f3 ff 90 48 8d 4c 24 20 e8 50 c4 ef ff
0x00007ffc9b0a8b60:   eb 00 48 8b 8c 24 c0 00 00 00 48 33 cc e8 ce 1a
0x00007ffc9b0a8b70:   f8 ff 48 81 c4 d8 00 00 00 c3 40 55 48 83 ec 20 


Register to memory mapping:

RAX=0x0000000072e220da is an unknown value
RBX=0xfffffffffffffffe is an unknown value
RCX=0x000000000000004b is an unknown value
RDX=0x0000000072e3d79a is an unknown value
RSP=0x0000000016d8eae0 is an unknown value
RBP=0x00007ffc720571bc is an unknown value
RSI=0x0000000000000000 is an unknown value
RDI=0x0000000000000234 is an unknown value
R8 =0x00000000027c1c60 is an unknown value
R9 =0x0000000000008000 is an unknown value
R10=0x00000000ffffff00 is an unallocated location in the heap
R11=0x0000000016d8e869 is an unknown value
R12=0x0000000000878030 is an unknown value
R13=0x00000000008b8be0 is an unknown value
R14=0x0000000000878138 is an unknown value
R15=0x0000000016d8ec58 is an unknown value


Stack: [0x0000000016c90000,0x0000000016d90000],  sp=0x0000000016d8eae0,  free space=1018k
Native frames: (J=compiled Java code, j=interpreted, Vv=VM code, C=native code)
C  [ntdll.dll+0x108b60]
C  [ntdll.dll+0xb731f]
C  [KERNEL32.DLL+0x1e36a]
C  [MSVCR120.dll+0x72e1]
C  [MSVCR120.dll+0x149d3]
C  [MSVCR120.dll+0x13c06]
C  [MSVCR120.dll+0x22da]
C  [MSVCR120.dll+0xae32]
C  [MSVCP120.dll+0x3cd49]
C  [ProxyIntercept64.dll+0x44eb4]
C  [ProxyIntercept64.dll+0x45066]
C  [ProxyIntercept64.dll+0x90df8]
C  [ProxyIntercept64.dll+0x96ee4]
C  [ProxyIntercept64.dll+0x96e92]
C  [ProxyIntercept64.dll+0x9227c]
C  [ProxyIntercept64.dll+0x1e7a9]
C  [ProxyIntercept64.dll+0x1e977]
C  [ProxyIntercept64.dll+0x28806]
C  [ProxyIntercept64.dll+0x2855a]
C  [ProxyIntercept64.dll+0x18528]
C  [ProxyIntercept64.dll+0x1a317]
C  [ProxyIntercept64.dll+0x18361]
C  [ProxyIntercept64.dll+0xa4bf0]
C  [ProxyIntercept64.dll+0x9a95c]
C  [ProxyIntercept64.dll+0x9abde]
C  [ntdll.dll+0x34063]
C  [ntdll.dll+0x40a15]
C  [ntdll.dll+0x408d8]
C  [KERNEL32.DLL+0x1b19a]
C  [msvcr100.dll+0x20ccd]
V  [jvm.dll+0x2139a5]
V  [jvm.dll+0x24cc27]
V  [jvm.dll+0x24bec6]
V  [jvm.dll+0x24c361]
V  [jvm.dll+0x24c57e]
V  [jvm.dll+0x29e64a]
C  [msvcr100.dll+0x21d9f]
C  [msvcr100.dll+0x21e3b]
C  [KERNEL32.DLL+0x13034]
C  [ntdll.dll+0x71471]

VM_Operation (0x0000000018f1cb50): Exit, mode: safepoint, requested by thread 0x00000000180d5800


---------------  P R O C E S S  ---------------

Java Threads: ( => current thread )
  0x0000000017c9b000 JavaThread "Thread-0" daemon [_thread_blocked, id=13108, stack(0x000000001cf00000,0x000000001d000000)]
  0x0000000018190800 JavaThread "TimerQueue" daemon [_thread_blocked, id=12568, stack(0x00000000192b0000,0x00000000193b0000)]
  0x0000000000958000 JavaThread "DestroyJavaVM" [_thread_blocked, id=4476, stack(0x0000000002600000,0x0000000002700000)]
  0x00000000180d5800 JavaThread "AWT-EventQueue-0" [_thread_blocked, id=10884, stack(0x0000000018e20000,0x0000000018f20000)]
  0x00000000180c5800 JavaThread "AWT-Shutdown" [_thread_blocked, id=9584, stack(0x00000000184f0000,0x00000000185f0000)]
  0x000000001807a800 JavaThread "Java2D Disposer" daemon [_thread_blocked, id=6164, stack(0x00000000183f0000,0x00000000184f0000)]
  0x00000000162c5000 JavaThread "Service Thread" daemon [_thread_blocked, id=7812, stack(0x00000000174a0000,0x00000000175a0000)]
  0x00000000162bd000 JavaThread "C1 CompilerThread1" daemon [_thread_blocked, id=10912, stack(0x00000000173a0000,0x00000000174a0000)]
  0x0000000016263800 JavaThread "C2 CompilerThread0" daemon [_thread_blocked, id=6552, stack(0x00000000172a0000,0x00000000173a0000)]
  0x0000000016260000 JavaThread "Attach Listener" daemon [_thread_blocked, id=4348, stack(0x00000000171a0000,0x00000000172a0000)]
  0x0000000000a4d800 JavaThread "Finalizer" daemon [_thread_blocked, id=3884, stack(0x0000000016e90000,0x0000000016f90000)]
  0x0000000000a45000 JavaThread "Reference Handler" daemon [_thread_blocked, id=10132, stack(0x0000000016d90000,0x0000000016e90000)]

Other Threads:
=>0x0000000016226000 VMThread [stack: 0x0000000016c90000,0x0000000016d90000] [id=5424]

VM state:at safepoint (shutting down)

VM Mutex/Monitor currently owned by a thread:  ([mutex/lock_event])
[0x0000000000954cc0] Threads_lock - owner thread: 0x0000000016226000

Heap:
 PSYoungGen      total 51712K, used 36571K [0x00000000e1800000, 0x00000000e5f80000, 0x0000000100000000)
  eden space 48128K, 68% used [0x00000000e1800000,0x00000000e383c338,0x00000000e4700000)
  from space 3584K, 99% used [0x00000000e4700000,0x00000000e4a7ac40,0x00000000e4a80000)
  to   space 3584K, 0% used [0x00000000e5c00000,0x00000000e5c00000,0x00000000e5f80000)
 ParOldGen       total 50176K, used 11957K [0x00000000a4800000, 0x00000000a7900000, 0x00000000e1800000)
  object space 50176K, 23% used [0x00000000a4800000,0x00000000a53ad468,0x00000000a7900000)
 Metaspace       used 31248K, capacity 31708K, committed 31744K, reserved 1077248K
  class space    used 3462K, capacity 3579K, committed 3584K, reserved 1048576K

Card table byte_map: [0x0000000012190000,0x0000000012470000] byte_map_base: 0x0000000011c6c000

Marking Bits: (ParMarkBitMap*) 0x0000000073702d00
 Begin Bits: [0x0000000012860000, 0x0000000013f40000)
 End Bits:   [0x0000000013f40000, 0x0000000015620000)

Polling page: 0x0000000002440000

CodeCache: size=245760Kb used=9598Kb max_used=9598Kb free=236161Kb
 bounds [0x0000000002ad0000, 0x0000000003440000, 0x0000000011ad0000]
 total_blobs=3655 nmethods=3035 adapters=532
 compilation: enabled

Compilation events (10 events):
Event: 71.662 Thread 0x00000000162bd000 3060       3       java.util.LinkedList$ListItr::<init> (47 bytes)
Event: 71.662 Thread 0x00000000162bd000 nmethod 3060 0x00000000034347d0 code [0x0000000003434940, 0x0000000003434be8]
Event: 71.663 Thread 0x00000000162bd000 3061       3       java.awt.Container::adjustDecendantsOnParent (16 bytes)
Event: 71.663 Thread 0x00000000162bd000 nmethod 3061 0x0000000003434210 code [0x0000000003434380, 0x00000000034346e8]
Event: 71.663 Thread 0x00000000162bd000 3062   !   3       java.awt.KeyboardFocusManager::getFocusOwner (42 bytes)
Event: 71.664 Thread 0x00000000162bd000 nmethod 3062 0x00000000034358d0 code [0x0000000003435a60, 0x0000000003435ea8]
Event: 79.693 Thread 0x00000000162bd000 3063       3       java.util.logging.LogManager$LoggerContext::ensureDefaultLogger (70 bytes)
Event: 79.694 Thread 0x00000000162bd000 nmethod 3063 0x0000000003436010 code [0x00000000034361c0, 0x0000000003436a68]
Event: 79.707 Thread 0x00000000162bd000 3064  s    3       java.util.Hashtable::containsKey (65 bytes)
Event: 79.708 Thread 0x00000000162bd000 nmethod 3064 0x0000000003436c90 code [0x0000000003436e20, 0x0000000003437458]

GC Heap History (8 events):
Event: 1.897 GC heap before
{Heap before GC invocations=1 (full 0):
 PSYoungGen      total 27648K, used 24062K [0x00000000e1800000, 0x00000000e3680000, 0x0000000100000000)
  eden space 24064K, 99% used [0x00000000e1800000,0x00000000e2f7f908,0x00000000e2f80000)
  from space 3584K, 0% used [0x00000000e3300000,0x00000000e3300000,0x00000000e3680000)
  to   space 3584K, 0% used [0x00000000e2f80000,0x00000000e2f80000,0x00000000e3300000)
 ParOldGen       total 62976K, used 0K [0x00000000a4800000, 0x00000000a8580000, 0x00000000e1800000)
  object space 62976K, 0% used [0x00000000a4800000,0x00000000a4800000,0x00000000a8580000)
 Metaspace       used 13720K, capacity 13932K, committed 14080K, reserved 1060864K
  class space    used 1626K, capacity 1706K, committed 1792K, reserved 1048576K
Event: 1.919 GC heap after
Heap after GC invocations=1 (full 0):
 PSYoungGen      total 27648K, used 3570K [0x00000000e1800000, 0x00000000e4e00000, 0x0000000100000000)
  eden space 24064K, 0% used [0x00000000e1800000,0x00000000e1800000,0x00000000e2f80000)
  from space 3584K, 99% used [0x00000000e2f80000,0x00000000e32fca00,0x00000000e3300000)
  to   space 3584K, 0% used [0x00000000e4a80000,0x00000000e4a80000,0x00000000e4e00000)
 ParOldGen       total 62976K, used 1260K [0x00000000a4800000, 0x00000000a8580000, 0x00000000e1800000)
  object space 62976K, 2% used [0x00000000a4800000,0x00000000a493b248,0x00000000a8580000)
 Metaspace       used 13720K, capacity 13932K, committed 14080K, reserved 1060864K
  class space    used 1626K, capacity 1706K, committed 1792K, reserved 1048576K
}
Event: 2.812 GC heap before
{Heap before GC invocations=2 (full 0):
 PSYoungGen      total 27648K, used 21254K [0x00000000e1800000, 0x00000000e4e00000, 0x0000000100000000)
  eden space 24064K, 73% used [0x00000000e1800000,0x00000000e29450b0,0x00000000e2f80000)
  from space 3584K, 99% used [0x00000000e2f80000,0x00000000e32fca00,0x00000000e3300000)
  to   space 3584K, 0% used [0x00000000e4a80000,0x00000000e4a80000,0x00000000e4e00000)
 ParOldGen       total 62976K, used 1260K [0x00000000a4800000, 0x00000000a8580000, 0x00000000e1800000)
  object space 62976K, 2% used [0x00000000a4800000,0x00000000a493b248,0x00000000a8580000)
 Metaspace       used 20925K, capacity 21100K, committed 21248K, reserved 1069056K
  class space    used 2144K, capacity 2218K, committed 2304K, reserved 1048576K
Event: 2.823 GC heap after
Heap after GC invocations=2 (full 0):
 PSYoungGen      total 51712K, used 3582K [0x00000000e1800000, 0x00000000e4e00000, 0x0000000100000000)
  eden space 48128K, 0% used [0x00000000e1800000,0x00000000e1800000,0x00000000e4700000)
  from space 3584K, 99% used [0x00000000e4a80000,0x00000000e4dffb48,0x00000000e4e00000)
  to   space 3584K, 0% used [0x00000000e4700000,0x00000000e4700000,0x00000000e4a80000)
 ParOldGen       total 62976K, used 4864K [0x00000000a4800000, 0x00000000a8580000, 0x00000000e1800000)
  object space 62976K, 7% used [0x00000000a4800000,0x00000000a4cc0378,0x00000000a8580000)
 Metaspace       used 20925K, capacity 21100K, committed 21248K, reserved 1069056K
  class space    used 2144K, capacity 2218K, committed 2304K, reserved 1048576K
}
Event: 2.823 GC heap before
{Heap before GC invocations=3 (full 1):
 PSYoungGen      total 51712K, used 3582K [0x00000000e1800000, 0x00000000e4e00000, 0x0000000100000000)
  eden space 48128K, 0% used [0x00000000e1800000,0x00000000e1800000,0x00000000e4700000)
  from space 3584K, 99% used [0x00000000e4a80000,0x00000000e4dffb48,0x00000000e4e00000)
  to   space 3584K, 0% used [0x00000000e4700000,0x00000000e4700000,0x00000000e4a80000)
 ParOldGen       total 62976K, used 4864K [0x00000000a4800000, 0x00000000a8580000, 0x00000000e1800000)
  object space 62976K, 7% used [0x00000000a4800000,0x00000000a4cc0378,0x00000000a8580000)
 Metaspace       used 20925K, capacity 21100K, committed 21248K, reserved 1069056K
  class space    used 2144K, capacity 2218K, committed 2304K, reserved 1048576K
Event: 2.863 GC heap after
Heap after GC invocations=3 (full 1):
 PSYoungGen      total 51712K, used 0K [0x00000000e1800000, 0x00000000e4e00000, 0x0000000100000000)
  eden space 48128K, 0% used [0x00000000e1800000,0x00000000e1800000,0x00000000e4700000)
  from space 3584K, 0% used [0x00000000e4a80000,0x00000000e4a80000,0x00000000e4e00000)
  to   space 3584K, 0% used [0x00000000e4700000,0x00000000e4700000,0x00000000e4a80000)
 ParOldGen       total 50176K, used 7651K [0x00000000a4800000, 0x00000000a7900000, 0x00000000e1800000)
  object space 50176K, 15% used [0x00000000a4800000,0x00000000a4f78c90,0x00000000a7900000)
 Metaspace       used 20925K, capacity 21100K, committed 21248K, reserved 1069056K
  class space    used 2144K, capacity 2218K, committed 2304K, reserved 1048576K
}
Event: 5.929 GC heap before
{Heap before GC invocations=4 (full 1):
 PSYoungGen      total 51712K, used 48128K [0x00000000e1800000, 0x00000000e4e00000, 0x0000000100000000)
  eden space 48128K, 100% used [0x00000000e1800000,0x00000000e4700000,0x00000000e4700000)
  from space 3584K, 0% used [0x00000000e4a80000,0x00000000e4a80000,0x00000000e4e00000)
  to   space 3584K, 0% used [0x00000000e4700000,0x00000000e4700000,0x00000000e4a80000)
 ParOldGen       total 50176K, used 7651K [0x00000000a4800000, 0x00000000a7900000, 0x00000000e1800000)
  object space 50176K, 15% used [0x00000000a4800000,0x00000000a4f78c90,0x00000000a7900000)
 Metaspace       used 28051K, capacity 28424K, committed 28672K, reserved 1075200K
  class space    used 3106K, capacity 3209K, committed 3328K, reserved 1048576K
Event: 5.938 GC heap after
Heap after GC invocations=4 (full 1):
 PSYoungGen      total 51712K, used 3563K [0x00000000e1800000, 0x00000000e5f80000, 0x0000000100000000)
  eden space 48128K, 0% used [0x00000000e1800000,0x00000000e1800000,0x00000000e4700000)
  from space 3584K, 99% used [0x00000000e4700000,0x00000000e4a7ac40,0x00000000e4a80000)
  to   space 3584K, 0% used [0x00000000e5c00000,0x00000000e5c00000,0x00000000e5f80000)
 ParOldGen       total 50176K, used 11957K [0x00000000a4800000, 0x00000000a7900000, 0x00000000e1800000)
  object space 50176K, 23% used [0x00000000a4800000,0x00000000a53ad468,0x00000000a7900000)
 Metaspace       used 28051K, capacity 28424K, committed 28672K, reserved 1075200K
  class space    used 3106K, capacity 3209K, committed 3328K, reserved 1048576K
}

Deoptimization events (10 events):
Event: 4.897 Thread 0x00000000180d5800 Uncommon trap: reason=unstable_if action=reinterpret pc=0x0000000002e10f98 method=java.util.Properties$LineReader.readLine()I @ 252
Event: 4.899 Thread 0x00000000180d5800 Uncommon trap: reason=unstable_if action=reinterpret pc=0x0000000002e07f6c method=java.util.Properties.loadConvert([CII[C)Ljava/lang/String; @ 72
Event: 5.953 Thread 0x00000000180d5800 Uncommon trap: reason=bimorphic action=maybe_recompile pc=0x0000000002ddcadc method=java.util.HashMap.putVal(ILjava/lang/Object;Ljava/lang/Object;ZZ)Ljava/lang/Object; @ 203
Event: 6.053 Thread 0x00000000180d5800 Uncommon trap: reason=unstable_if action=reinterpret pc=0x0000000002f082c4 method=java.util.StringTokenizer.scanToken(I)I @ 96
Event: 6.135 Thread 0x00000000180d5800 Uncommon trap: reason=unstable_if action=reinterpret pc=0x00000000030b3f18 method=java.lang.ClassLoader.checkName(Ljava/lang/String;)Z @ 20
Event: 6.339 Thread 0x00000000180d5800 Uncommon trap: reason=unstable_if action=reinterpret pc=0x0000000002e07128 method=java.util.HashMap.getNode(ILjava/lang/Object;)Ljava/util/HashMap$Node; @ 129
Event: 6.339 Thread 0x00000000180d5800 Uncommon trap: reason=bimorphic action=maybe_recompile pc=0x0000000002ddcadc method=java.util.HashMap.putVal(ILjava/lang/Object;Ljava/lang/Object;ZZ)Ljava/lang/Object; @ 203
Event: 7.789 Thread 0x00000000180d5800 Uncommon trap: reason=class_check action=maybe_recompile pc=0x0000000002c57d20 method=java.lang.String.equals(Ljava/lang/Object;)Z @ 8
Event: 68.184 Thread 0x00000000180d5800 Uncommon trap: reason=unstable_if action=reinterpret pc=0x0000000003301068 method=sun.font.CMap$CMapFormat4.getGlyph(I)C @ 181
Event: 71.658 Thread 0x00000000180d5800 Uncommon trap: reason=unstable_if action=reinterpret pc=0x00000000033ea538 method=java.security.AccessControlContext.optimize()Ljava/security/AccessControlContext; @ 233

Classes redefined (0 events):
No events

Internal exceptions (10 events):
Event: 4.980 Thread 0x00000000180d5800 Exception <a 'java/lang/ClassNotFoundException': org/apache/log4j/PatternLayoutCustomizer> (0x00000000e2611208) thrown at [C:\re\workspace\8-2-build-windows-amd64-cygwin\jdk8u181\11358\hotspot\src\share\vm\classfile\systemDictionary.cpp, line 210]
Event: 4.984 Thread 0x00000000180d5800 Exception <a 'java/lang/ClassNotFoundException': org/apache/log4j/ConsoleAppenderBeanInfo> (0x00000000e2635608) thrown at [C:\re\workspace\8-2-build-windows-amd64-cygwin\jdk8u181\11358\hotspot\src\share\vm\classfile\systemDictionary.cpp, line 210]
Event: 4.985 Thread 0x00000000180d5800 Exception <a 'java/lang/ClassNotFoundException': org/apache/log4j/WriterAppenderBeanInfo> (0x00000000e2651440) thrown at [C:\re\workspace\8-2-build-windows-amd64-cygwin\jdk8u181\11358\hotspot\src\share\vm\classfile\systemDictionary.cpp, line 210]
Event: 4.985 Thread 0x00000000180d5800 Exception <a 'java/lang/ClassNotFoundException': org/apache/log4j/AppenderSkeletonBeanInfo> (0x00000000e266dc60) thrown at [C:\re\workspace\8-2-build-windows-amd64-cygwin\jdk8u181\11358\hotspot\src\share\vm\classfile\systemDictionary.cpp, line 210]
Event: 4.986 Thread 0x00000000180d5800 Exception <a 'java/lang/ClassNotFoundException': org/apache/log4j/AppenderSkeletonCustomizer> (0x00000000e268c090) thrown at [C:\re\workspace\8-2-build-windows-amd64-cygwin\jdk8u181\11358\hotspot\src\share\vm\classfile\systemDictionary.cpp, line 210]
Event: 4.988 Thread 0x00000000180d5800 Exception <a 'java/lang/ClassNotFoundException': org/apache/log4j/WriterAppenderCustomizer> (0x00000000e26c3020) thrown at [C:\re\workspace\8-2-build-windows-amd64-cygwin\jdk8u181\11358\hotspot\src\share\vm\classfile\systemDictionary.cpp, line 210]
Event: 4.990 Thread 0x00000000180d5800 Exception <a 'java/lang/ClassNotFoundException': org/apache/log4j/ConsoleAppenderCustomizer> (0x00000000e26ec780) thrown at [C:\re\workspace\8-2-build-windows-amd64-cygwin\jdk8u181\11358\hotspot\src\share\vm\classfile\systemDictionary.cpp, line 210]
Event: 6.003 Thread 0x00000000180d5800 Exception <a 'java/lang/ClassNotFoundException': projeto/vendas/tabelas/GuiControleEstrategico_ClienteGeralBeanInfo> (0x00000000e1bb0ab0) thrown at [C:\re\workspace\8-2-build-windows-amd64-cygwin\jdk8u181\11358\hotspot\src\share\vm\classfile\systemDiction
Event: 6.004 Thread 0x00000000180d5800 Exception <a 'java/lang/ClassNotFoundException': projeto/vendas/tabelas/GuiControleEstrategico_ClienteGeralCustomizer> (0x00000000e1bd9468) thrown at [C:\re\workspace\8-2-build-windows-amd64-cygwin\jdk8u181\11358\hotspot\src\share\vm\classfile\systemDicti
Event: 6.004 Thread 0x00000000180d5800 Exception <a 'java/lang/ArrayIndexOutOfBoundsException'> (0x00000000e1bdc618) thrown at [C:\re\workspace\8-2-build-windows-amd64-cygwin\jdk8u181\11358\hotspot\src\share\vm\runtime\sharedRuntime.cpp, line 605]

Events (10 events):
Event: 79.727 Executing VM operation: RevokeBias done
Event: 79.727 Executing VM operation: BulkRevokeBias
Event: 79.727 Executing VM operation: BulkRevokeBias done
Event: 79.727 Executing VM operation: BulkRevokeBias
Event: 79.727 Executing VM operation: BulkRevokeBias done
Event: 79.727 Executing VM operation: RevokeBias
Event: 79.727 Executing VM operation: RevokeBias done
Event: 79.733 Thread 0x0000000017c9c800 Thread exited: 0x0000000017c9c800
Event: 79.791 Thread 0x000000001625c800 Thread exited: 0x000000001625c800
Event: 79.791 Executing VM operation: Exit


Dynamic libraries:
0x00007ff7a24b0000 - 0x00007ff7a24e7000 	C:\Program Files\Java\jdk1.8.0_181\jre\bin\java.exe
0x00007ffc9afa0000 - 0x00007ffc9b181000 	C:\WINDOWS\SYSTEM32\ntdll.dll
0x00007ffc9aa50000 - 0x00007ffc9ab02000 	C:\WINDOWS\System32\KERNEL32.DLL
0x00007ffc97900000 - 0x00007ffc97b73000 	C:\WINDOWS\System32\KERNELBASE.dll
0x00007ffc9a550000 - 0x00007ffc9a5f1000 	C:\WINDOWS\System32\ADVAPI32.dll
0x00007ffc984a0000 - 0x00007ffc9853e000 	C:\WINDOWS\System32\msvcrt.dll
0x00007ffc9ab40000 - 0x00007ffc9ab9b000 	C:\WINDOWS\System32\sechost.dll
0x00007ffc9ad40000 - 0x00007ffc9ae64000 	C:\WINDOWS\System32\RPCRT4.dll
0x00007ffc98760000 - 0x00007ffc988f0000 	C:\WINDOWS\System32\USER32.dll
0x00007ffc97780000 - 0x00007ffc977a0000 	C:\WINDOWS\System32\win32u.dll
0x00007ffc9af40000 - 0x00007ffc9af68000 	C:\WINDOWS\System32\GDI32.dll
0x00007ffc98290000 - 0x00007ffc98422000 	C:\WINDOWS\System32\gdi32full.dll
0x00007ffc97420000 - 0x00007ffc974bf000 	C:\WINDOWS\System32\msvcp_win.dll
0x00007ffc977a0000 - 0x00007ffc9789a000 	C:\WINDOWS\System32\ucrtbase.dll
0x00007ffc87790000 - 0x00007ffc879f9000 	C:\WINDOWS\WinSxS\amd64_microsoft.windows.common-controls_6595b64144ccf1df_6.0.17134.407_none_fb449d63306391e9\COMCTL32.dll
0x00007ffc98b70000 - 0x00007ffc98e92000 	C:\WINDOWS\System32\combase.dll
0x00007ffc974c0000 - 0x00007ffc9753a000 	C:\WINDOWS\System32\bcryptPrimitives.dll
0x00007ffc9ab10000 - 0x00007ffc9ab3d000 	C:\WINDOWS\System32\IMM32.DLL
0x0000000072e00000 - 0x0000000072ed2000 	C:\Program Files\Java\jdk1.8.0_181\jre\bin\msvcr100.dll
0x0000000072ee0000 - 0x0000000073782000 	C:\Program Files\Java\jdk1.8.0_181\jre\bin\server\jvm.dll
0x00007ffc9a3b0000 - 0x00007ffc9a3b8000 	C:\WINDOWS\System32\PSAPI.DLL
0x00007ffc8a880000 - 0x00007ffc8a889000 	C:\WINDOWS\SYSTEM32\WSOCK32.dll
0x00007ffc98ea0000 - 0x00007ffc98f0c000 	C:\WINDOWS\System32\WS2_32.dll
0x00007ffc94150000 - 0x00007ffc94173000 	C:\WINDOWS\SYSTEM32\WINMM.dll
0x00007ffc8b7a0000 - 0x00007ffc8b7aa000 	C:\WINDOWS\SYSTEM32\VERSION.dll
0x00007ffc94120000 - 0x00007ffc9414a000 	C:\WINDOWS\SYSTEM32\WINMMBASE.dll
0x00007ffc97730000 - 0x00007ffc97779000 	C:\WINDOWS\System32\cfgmgr32.dll
0x00007ffc68230000 - 0x00007ffc6831e000 	C:\Program Files\NoPing Tunnel v15\ProxyIntercept64.dll
0x00007ffc71f20000 - 0x00007ffc71fc6000 	C:\WINDOWS\SYSTEM32\MSVCP120.dll
0x00007ffc72050000 - 0x00007ffc7213f000 	C:\WINDOWS\SYSTEM32\MSVCR120.dll
0x00007ffc96850000 - 0x00007ffc96888000 	C:\WINDOWS\SYSTEM32\IPHLPAPI.DLL
0x00007ffc96ad0000 - 0x00007ffc96b36000 	C:\WINDOWS\system32\mswsock.dll
0x0000000072db0000 - 0x0000000072dbf000 	C:\Program Files\Java\jdk1.8.0_181\jre\bin\verify.dll
0x0000000072d80000 - 0x0000000072da9000 	C:\Program Files\Java\jdk1.8.0_181\jre\bin\java.dll
0x0000000072d60000 - 0x0000000072d76000 	C:\Program Files\Java\jdk1.8.0_181\jre\bin\zip.dll
0x00007ffc98540000 - 0x00007ffc98548000 	C:\WINDOWS\System32\NSI.dll
0x00007ffc98f70000 - 0x00007ffc9a3af000 	C:\WINDOWS\System32\SHELL32.dll
0x00007ffc986b0000 - 0x00007ffc98759000 	C:\WINDOWS\System32\shcore.dll
0x00007ffc97b80000 - 0x00007ffc9828d000 	C:\WINDOWS\System32\windows.storage.dll
0x00007ffc98f10000 - 0x00007ffc98f61000 	C:\WINDOWS\System32\shlwapi.dll
0x00007ffc972b0000 - 0x00007ffc972c1000 	C:\WINDOWS\System32\kernel.appcore.dll
0x00007ffc972e0000 - 0x00007ffc972ff000 	C:\WINDOWS\System32\profapi.dll
0x00007ffc97320000 - 0x00007ffc9736c000 	C:\WINDOWS\System32\powrprof.dll
0x00007ffc972d0000 - 0x00007ffc972da000 	C:\WINDOWS\System32\FLTLIB.DLL
0x0000000072b80000 - 0x0000000072d19000 	C:\Program Files\Java\jdk1.8.0_181\jre\bin\awt.dll
0x00007ffc9ae70000 - 0x00007ffc9af32000 	C:\WINDOWS\System32\OLEAUT32.dll
0x00007ffc95700000 - 0x00007ffc9578b000 	C:\WINDOWS\SYSTEM32\apphelp.dll
0x00007ffc95960000 - 0x00007ffc959f8000 	C:\WINDOWS\system32\uxtheme.dll
0x00007ffc98950000 - 0x00007ffc98ac3000 	C:\WINDOWS\System32\MSCTF.dll
0x00007ffc71e90000 - 0x00007ffc71f1b000 	C:\Program Files\NoPing Tunnel v15\iLdr64.dll
0x00007ffc95a40000 - 0x00007ffc95a69000 	C:\WINDOWS\system32\dwmapi.dll
0x00007ffc98550000 - 0x00007ffc986a1000 	C:\WINDOWS\System32\ole32.dll
0x00007ffc83dc0000 - 0x00007ffc83ee0000 	C:\WINDOWS\system32\opengl32.dll
0x00007ffc85460000 - 0x00007ffc8548c000 	C:\WINDOWS\SYSTEM32\GLU32.dll
0x0000000072b30000 - 0x0000000072b77000 	C:\Program Files\Java\jdk1.8.0_181\jre\bin\fontmanager.dll
0x0000000072d40000 - 0x0000000072d5a000 	C:\Program Files\Java\jdk1.8.0_181\jre\bin\net.dll
0x0000000072d20000 - 0x0000000072d31000 	C:\Program Files\Java\jdk1.8.0_181\jre\bin\nio.dll
0x0000000072ae0000 - 0x0000000072b22000 	C:\Program Files\Java\jdk1.8.0_181\jre\bin\t2k.dll
0x00007ffc98ad0000 - 0x00007ffc98b70000 	C:\WINDOWS\System32\clbcatq.dll
0x00007ffc92ac0000 - 0x00007ffc92c6e000 	C:\WINDOWS\SYSTEM32\WindowsCodecs.dll
0x00007ffc8dbe0000 - 0x00007ffc8dc76000 	C:\WINDOWS\System32\TextInputFramework.dll
0x00007ffc925a0000 - 0x00007ffc928be000 	C:\WINDOWS\System32\CoreUIComponents.dll
0x00007ffc951c0000 - 0x00007ffc9529a000 	C:\WINDOWS\System32\CoreMessaging.dll
0x00007ffc963a0000 - 0x00007ffc963d1000 	C:\WINDOWS\SYSTEM32\ntmarta.dll
0x00007ffc92450000 - 0x00007ffc9259d000 	C:\WINDOWS\SYSTEM32\wintypes.dll
0x0000000072ad0000 - 0x0000000072add000 	C:\Program Files\Java\jdk1.8.0_181\jre\bin\management.dll
0x00000000186f0000 - 0x00000000187ae000 	C:\WINDOWS\SYSTEM32\DNSAPI.dll
0x00007ffc8e850000 - 0x00007ffc8e85a000 	C:\Windows\System32\rasadhlp.dll
0x00007ffc8eee0000 - 0x00007ffc8ef52000 	C:\WINDOWS\System32\fwpuclnt.dll
0x00007ffc96db0000 - 0x00007ffc96dd5000 	C:\WINDOWS\SYSTEM32\bcrypt.dll
0x00007ffc96c80000 - 0x00007ffc96c97000 	C:\WINDOWS\SYSTEM32\CRYPTSP.dll
0x00007ffc966b0000 - 0x00007ffc966e3000 	C:\WINDOWS\system32\rsaenh.dll
0x00007ffc971b0000 - 0x00007ffc971d8000 	C:\WINDOWS\SYSTEM32\USERENV.dll
0x00007ffc96ca0000 - 0x00007ffc96cab000 	C:\WINDOWS\SYSTEM32\CRYPTBASE.dll
0x00007ffc902b0000 - 0x00007ffc902c6000 	C:\WINDOWS\SYSTEM32\dhcpcsvc6.DLL
0x00007ffc90290000 - 0x00007ffc902aa000 	C:\WINDOWS\SYSTEM32\dhcpcsvc.DLL
0x00007ffc886f0000 - 0x00007ffc88706000 	C:\WINDOWS\system32\napinsp.dll
0x00007ffc886d0000 - 0x00007ffc886ea000 	C:\WINDOWS\system32\pnrpnsp.dll
0x00007ffc93b10000 - 0x00007ffc93b29000 	C:\WINDOWS\system32\NLAapi.dll
0x00007ffc88690000 - 0x00007ffc8869e000 	C:\WINDOWS\System32\winrnr.dll
0x00007ffc8a550000 - 0x00007ffc8a719000 	C:\WINDOWS\SYSTEM32\dbghelp.dll

VM Arguments:
jvm_args: -Dfile.encoding=UTF-8 
java_command: projeto.vendas.view.GuiLogin
java_class_path (initial): D:\TCC - Fatec 2018\PHappy-Vendas\ojdbc6_g.jar;C:\Program Files (x86)\NetBeans 8.2\java\modules\ext\beansbinding-1.2.1.jar;C:\Program Files (x86)\NetBeans 8.2\enterprise\modules\ext\jaxrs-2.0\javax.ws.rs-api-2.0.jar;C:\Program Files (x86)\NetBeans 8.2\enterprise\modules\ext\jersey2\ext\asm-all-repackaged-2.2.0-b21.jar;C:\Program Files (x86)\NetBeans 8.2\enterprise\modules\ext\jersey2\ext\cglib-2.2.0-b21.jar;C:\Program Files (x86)\NetBeans 8.2\enterprise\modules\ext\jersey2\ext\guava-14.0.1.jar;C:\Program Files (x86)\NetBeans 8.2\enterprise\modules\ext\jersey2\ext\hk2-api-2.2.0-b21.jar;C:\Program Files (x86)\NetBeans 8.2\enterprise\modules\ext\jersey2\ext\hk2-locator-2.2.0-b21.jar;C:\Program Files (x86)\NetBeans 8.2\enterprise\modules\ext\jersey2\ext\hk2-utils-2.2.0-b21.jar;C:\Program Files (x86)\NetBeans 8.2\enterprise\modules\ext\jersey2\ext\javax.annotation-api-1.2.jar;C:\Program Files (x86)\NetBeans 8.2\enterprise\modules\ext\jersey2\ext\javax.inject-2.2.0-b21.jar;C:\Program Files (x86)\NetBeans 8.2\enterprise\modules\ext\jersey2\ext\javax.servlet-api-3.0.1.jar;C:\Program Files (x86)\NetBeans 8.2\enterprise\modules\ext\jersey2\ext\jaxb-api-2.2.7.jar;C:\Program Files (x86)\NetBeans 8.2\enterprise\modules\ext\jersey2\ext\jersey-entity-filtering-2.5.1.jar;C:\Program Files (x86)\NetBeans 8.2\enterprise\modules\ext\jersey2\ext\jersey-media-moxy-2.5.1.jar;C:\Program Files (x86)\NetBeans 8.2\enterprise\modules\ext\jersey2\ext\org.osgi.core-4.2.0.jar;C:\Program Files (x86)\NetBeans 8.2\enterprise\modules\ext\jersey2\ext\osgi-resource-locator-1.0.1.jar;C:\Program Files (x86)\NetBeans 8.2\enterprise\modules\ext\jersey2\ext\persistence-api-1.0.jar;C:\Program Files (x86)\NetBeans 8.2\enterprise\modules\ext\jersey2\ext\validation-api-1.1.0.Final.jar;C:\Program Files (x86)\NetBeans 8.2\enterprise\modules\ext\jersey2\jersey-client.jar;C:\Program Files (x86)\NetBeans 8.2\enterprise\modules\ext\jersey2\jersey-common.jar;C:\Program Files (x86)\NetBeans
Launcher Type: SUN_STANDARD

Environment Variables:
JAVA_HOME=C:\Program Files (x86)\Java\jdk1.8.0_181
PATH=C:\WINDOWS\system32;C:\WINDOWS;C:\WINDOWS\System32\Wbem;C:\WINDOWS\System32\WindowsPowerShell\v1.0\;C:\Program Files\dotnet\;C:\WINDOWS\System32\OpenSSH\;C:\Users\ferna\AppData\Local\Microsoft\WindowsApps;
USERNAME=Fernando
OS=Windows_NT
PROCESSOR_IDENTIFIER=Intel64 Family 6 Model 58 Stepping 9, GenuineIntel



---------------  S Y S T E M  ---------------

OS: Windows 10.0 , 64 bit Build 17134 (10.0.17134.1)

CPU:total 2 (initial active 2) (2 cores per cpu, 1 threads per core) family 6 model 58 stepping 9, cmov, cx8, fxsr, mmx, sse, sse2, sse3, ssse3, sse4.1, sse4.2, popcnt, clmul, erms, tsc, tscinvbit, tscinv

Memory: 4k page, physical 5989528k(1498388k free), swap 8422572k(1899016k free)

vm_info: Java HotSpot(TM) 64-Bit Server VM (25.181-b13) for windows-amd64 JRE (1.8.0_181-b13), built on Jul  7 2018 04:01:33 by "java_re" with MS VC++ 10.0 (VS2010)

time: Sun Nov 25 16:17:20 2018
elapsed time: 80 seconds (0d 0h 1m 20s)

