#
# A fatal error has been detected by the Java Runtime Environment:
#
#  Internal Error (0xc000000d), pid=7748, tid=0x000000000000169c
#
# JRE version: Java(TM) SE Runtime Environment (8.0_181-b13) (build 1.8.0_181-b13)
# Java VM: Java HotSpot(TM) 64-Bit Server VM (25.181-b13 mixed mode windows-amd64 compressed oops)
# Problematic frame:
# C  [ntdll.dll+0x108b60]
#
# Failed to write core dump. Minidumps are not enabled by default on client versions of Windows
#
# If you would like to submit a bug report, please visit:
#   http://bugreport.java.com/bugreport/crash.jsp
#

---------------  T H R E A D  ---------------

Current thread (0x0000000015e25800):  VMThread [stack: 0x0000000016890000,0x0000000016990000] [id=5788]

siginfo: ExceptionCode=0xc000000d

Registers:
RAX=0x0000000072e220da, RBX=0xfffffffffffffffe, RCX=0x000000000000004b, RDX=0x0000000072e3d79a
RSP=0x000000001698e980, RBP=0x00007ffc7daa71bc, RSI=0x0000000000000000, RDI=0x00000000000008c0
R8 =0x00000000028c1cb0, R9 =0x0000000000008000, R10=0x00000000ffffff00, R11=0x000000001698e709
R12=0x00000000009dcd30, R13=0x0000000000a39b70, R14=0x00000000009dce38, R15=0x000000001698eaf8
RIP=0x00007ffc9b0a8b60, EFLAGS=0x0000000000000206

Top of Stack: (sp=0x000000001698e980)
0x000000001698e980:   feeefeee00000057 fffffffffffffffe
0x000000001698e990:   0000000000000000 00000000000008c0
0x000000001698e9a0:   00000000c000000d 0000000000000000
0x000000001698e9b0:   00007ffc9b0a8b60 0000000000000000
0x000000001698e9c0:   0000000000000000 0000000000000000
0x000000001698e9d0:   0000000000000000 0000000000000000
0x000000001698e9e0:   0000000000000000 0000000000000000
0x000000001698e9f0:   0000000000000000 0000000000000000
0x000000001698ea00:   0000000000000000 0000000000000000
0x000000001698ea10:   0000000000000000 0000000000000000
0x000000001698ea20:   0000000000000000 0000000000000000
0x000000001698ea30:   0000000000000000 0000000000000000
0x000000001698ea40:   0000773579f70126 000000001a13ed70
0x000000001698ea50:   00000000009b0000 00007ffc9b05731f
0x000000001698ea60:   000000001698eac9 000000001698eac9
0x000000001698ea70:   0000000000000000 0000000000000000 

Instructions: (pc=0x00007ffc9b0a8b60)
0x00007ffc9b0a8b40:   7f f9 ff c7 44 24 20 0d 00 00 c0 b9 57 00 00 00
0x00007ffc9b0a8b50:   e8 4b e5 f3 ff 90 48 8d 4c 24 20 e8 50 c4 ef ff
0x00007ffc9b0a8b60:   eb 00 48 8b 8c 24 c0 00 00 00 48 33 cc e8 ce 1a
0x00007ffc9b0a8b70:   f8 ff 48 81 c4 d8 00 00 00 c3 40 55 48 83 ec 20 


Register to memory mapping:

RAX=0x0000000072e220da is an unknown value
RBX=0xfffffffffffffffe is an unknown value
RCX=0x000000000000004b is an unknown value
RDX=0x0000000072e3d79a is an unknown value
RSP=0x000000001698e980 is an unknown value
RBP=0x00007ffc7daa71bc is an unknown value
RSI=0x0000000000000000 is an unknown value
RDI=0x00000000000008c0 is an unknown value
R8 =0x00000000028c1cb0 is an unknown value
R9 =0x0000000000008000 is an unknown value
R10=0x00000000ffffff00 is an unallocated location in the heap
R11=0x000000001698e709 is an unknown value
R12=0x00000000009dcd30 is an unknown value
R13=0x0000000000a39b70 is an unknown value
R14=0x00000000009dce38 is an unknown value
R15=0x000000001698eaf8 is an unknown value


Stack: [0x0000000016890000,0x0000000016990000],  sp=0x000000001698e980,  free space=1018k
Native frames: (J=compiled Java code, j=interpreted, Vv=VM code, C=native code)
C  [ntdll.dll+0x108b60]
C  [ntdll.dll+0xb731f]
C  [KERNEL32.DLL+0x1e36a]
C  [MSVCR120.dll+0x72e1]
C  [MSVCR120.dll+0x149d3]
C  [MSVCR120.dll+0x13c06]
C  [MSVCR120.dll+0x22da]
C  [MSVCR120.dll+0xae32]
C  [MSVCP120.dll+0x3cd49]
C  [ProxyIntercept64.dll+0x44eb4]
C  [ProxyIntercept64.dll+0x45066]
C  [ProxyIntercept64.dll+0x90df8]
C  [ProxyIntercept64.dll+0x96ee4]
C  [ProxyIntercept64.dll+0x96e92]
C  [ProxyIntercept64.dll+0x9227c]
C  [ProxyIntercept64.dll+0x1e7a9]
C  [ProxyIntercept64.dll+0x1e977]
C  [ProxyIntercept64.dll+0x28806]
C  [ProxyIntercept64.dll+0x2855a]
C  [ProxyIntercept64.dll+0x18528]
C  [ProxyIntercept64.dll+0x1a317]
C  [ProxyIntercept64.dll+0x18361]
C  [ProxyIntercept64.dll+0xa4bf0]
C  [ProxyIntercept64.dll+0x9a95c]
C  [ProxyIntercept64.dll+0x9abde]
C  [ntdll.dll+0x34063]
C  [ntdll.dll+0x40a15]
C  [ntdll.dll+0x408d8]
C  [KERNEL32.DLL+0x1b19a]
C  [msvcr100.dll+0x20ccd]
V  [jvm.dll+0x2139a5]
V  [jvm.dll+0x24cc27]
V  [jvm.dll+0x24bec6]
V  [jvm.dll+0x24c361]
V  [jvm.dll+0x24c57e]
V  [jvm.dll+0x29e64a]
C  [msvcr100.dll+0x21d9f]
C  [msvcr100.dll+0x21e3b]
C  [KERNEL32.DLL+0x13034]
C  [ntdll.dll+0x71471]

VM_Operation (0x000000001901d090): Exit, mode: safepoint, requested by thread 0x0000000017cb6800


---------------  P R O C E S S  ---------------

Java Threads: ( => current thread )
  0x0000000017d6f800 JavaThread "TimerQueue" daemon [_thread_blocked, id=12160, stack(0x00000000192d0000,0x00000000193d0000)]
  0x00000000028d7000 JavaThread "DestroyJavaVM" [_thread_blocked, id=3980, stack(0x0000000002740000,0x0000000002840000)]
  0x0000000017cb6800 JavaThread "AWT-EventQueue-0" [_thread_blocked, id=6516, stack(0x0000000018f20000,0x0000000019020000)]
  0x0000000017c60000 JavaThread "AWT-Shutdown" [_thread_blocked, id=10036, stack(0x00000000186f0000,0x00000000187f0000)]
  0x0000000017c5f000 JavaThread "Java2D Disposer" daemon [_thread_blocked, id=10744, stack(0x00000000185f0000,0x00000000186f0000)]
  0x0000000015ec1000 JavaThread "Service Thread" daemon [_thread_blocked, id=8332, stack(0x00000000170a0000,0x00000000171a0000)]
  0x0000000015ebf000 JavaThread "C1 CompilerThread1" daemon [_thread_blocked, id=12504, stack(0x0000000016fa0000,0x00000000170a0000)]
  0x0000000015e64000 JavaThread "C2 CompilerThread0" daemon [_thread_blocked, id=12532, stack(0x0000000016ea0000,0x0000000016fa0000)]
  0x0000000015e60800 JavaThread "Attach Listener" daemon [_thread_blocked, id=5360, stack(0x0000000016da0000,0x0000000016ea0000)]
  0x00000000029c9800 JavaThread "Finalizer" daemon [_thread_blocked, id=12844, stack(0x0000000016a90000,0x0000000016b90000)]
  0x00000000029c5000 JavaThread "Reference Handler" daemon [_thread_blocked, id=10660, stack(0x0000000016990000,0x0000000016a90000)]

Other Threads:
=>0x0000000015e25800 VMThread [stack: 0x0000000016890000,0x0000000016990000] [id=5788]

VM state:at safepoint (shutting down)

VM Mutex/Monitor currently owned by a thread:  ([mutex/lock_event])
[0x00000000028ce7f0] Threads_lock - owner thread: 0x0000000015e25800

Heap:
 PSYoungGen      total 27648K, used 4395K [0x00000000e1800000, 0x00000000e3680000, 0x0000000100000000)
  eden space 24064K, 3% used [0x00000000e1800000,0x00000000e18ce758,0x00000000e2f80000)
  from space 3584K, 99% used [0x00000000e2f80000,0x00000000e32fc6f0,0x00000000e3300000)
  to   space 3584K, 0% used [0x00000000e3300000,0x00000000e3300000,0x00000000e3680000)
 ParOldGen       total 52736K, used 8665K [0x00000000a4800000, 0x00000000a7b80000, 0x00000000e1800000)
  object space 52736K, 16% used [0x00000000a4800000,0x00000000a5076578,0x00000000a7b80000)
 Metaspace       used 25435K, capacity 25700K, committed 25856K, reserved 1073152K
  class space    used 2657K, capacity 2754K, committed 2816K, reserved 1048576K

Card table byte_map: [0x0000000011d90000,0x0000000012070000] byte_map_base: 0x000000001186c000

Marking Bits: (ParMarkBitMap*) 0x0000000073702d00
 Begin Bits: [0x0000000012460000, 0x0000000013b40000)
 End Bits:   [0x0000000013b40000, 0x0000000015220000)

Polling page: 0x0000000000980000

CodeCache: size=245760Kb used=9422Kb max_used=9439Kb free=236337Kb
 bounds [0x00000000029d0000, 0x0000000003320000, 0x00000000119d0000]
 total_blobs=3345 nmethods=2737 adapters=519
 compilation: enabled

Compilation events (10 events):
Event: 786.851 Thread 0x0000000015e64000 nmethod 2849 0x00000000033005d0 code [0x0000000003300720, 0x0000000003300bb8]
Event: 786.851 Thread 0x0000000015e64000 2850   !   4       java.awt.EventDispatchThread::pumpOneEventForFilters (190 bytes)
Event: 786.952 Thread 0x0000000015e64000 nmethod 2850 0x00000000033097d0 code [0x0000000003309c40, 0x000000000330cc08]
Event: 787.566 Thread 0x0000000015ebf000 2851       1       java.lang.ref.Reference::clear (6 bytes)
Event: 787.566 Thread 0x0000000015ebf000 nmethod 2851 0x0000000003303d10 code [0x0000000003303e60, 0x0000000003303f90]
Event: 787.566 Thread 0x0000000015ebf000 2852       3       java.util.logging.LogManager$LoggerContext::ensureDefaultLogger (70 bytes)
Event: 787.568 Thread 0x0000000015ebf000 nmethod 2852 0x00000000033030d0 code [0x0000000003303280, 0x0000000003303b08]
Event: 787.568 Thread 0x0000000015ebf000 2853  s    3       java.util.Hashtable::containsKey (65 bytes)
Event: 787.568 Thread 0x0000000015ebf000 nmethod 2853 0x0000000003302690 code [0x0000000003302820, 0x0000000003302e58]
Event: 787.668 Thread 0x0000000015e64000 2854       4       java.util.IdentityHashMap$IdentityHashMapIterator::hasNext (50 bytes)

GC Heap History (8 events):
Event: 3.064 GC heap before
{Heap before GC invocations=1 (full 0):
 PSYoungGen      total 27648K, used 24062K [0x00000000e1800000, 0x00000000e3680000, 0x0000000100000000)
  eden space 24064K, 99% used [0x00000000e1800000,0x00000000e2f7fa00,0x00000000e2f80000)
  from space 3584K, 0% used [0x00000000e3300000,0x00000000e3300000,0x00000000e3680000)
  to   space 3584K, 0% used [0x00000000e2f80000,0x00000000e2f80000,0x00000000e3300000)
 ParOldGen       total 62976K, used 0K [0x00000000a4800000, 0x00000000a8580000, 0x00000000e1800000)
  object space 62976K, 0% used [0x00000000a4800000,0x00000000a4800000,0x00000000a8580000)
 Metaspace       used 13670K, capacity 13816K, committed 14080K, reserved 1060864K
  class space    used 1624K, capacity 1706K, committed 1792K, reserved 1048576K
Event: 3.088 GC heap after
Heap after GC invocations=1 (full 0):
 PSYoungGen      total 27648K, used 3554K [0x00000000e1800000, 0x00000000e3680000, 0x0000000100000000)
  eden space 24064K, 0% used [0x00000000e1800000,0x00000000e1800000,0x00000000e2f80000)
  from space 3584K, 99% used [0x00000000e2f80000,0x00000000e32f89f0,0x00000000e3300000)
  to   space 3584K, 0% used [0x00000000e3300000,0x00000000e3300000,0x00000000e3680000)
 ParOldGen       total 62976K, used 1303K [0x00000000a4800000, 0x00000000a8580000, 0x00000000e1800000)
  object space 62976K, 2% used [0x00000000a4800000,0x00000000a4945c98,0x00000000a8580000)
 Metaspace       used 13670K, capacity 13816K, committed 14080K, reserved 1060864K
  class space    used 1624K, capacity 1706K, committed 1792K, reserved 1048576K
}
Event: 5.645 GC heap before
{Heap before GC invocations=2 (full 0):
 PSYoungGen      total 27648K, used 21697K [0x00000000e1800000, 0x00000000e3680000, 0x0000000100000000)
  eden space 24064K, 75% used [0x00000000e1800000,0x00000000e29b7db0,0x00000000e2f80000)
  from space 3584K, 99% used [0x00000000e2f80000,0x00000000e32f89f0,0x00000000e3300000)
  to   space 3584K, 0% used [0x00000000e3300000,0x00000000e3300000,0x00000000e3680000)
 ParOldGen       total 62976K, used 1303K [0x00000000a4800000, 0x00000000a8580000, 0x00000000e1800000)
  object space 62976K, 2% used [0x00000000a4800000,0x00000000a4945c98,0x00000000a8580000)
 Metaspace       used 20943K, capacity 21112K, committed 21248K, reserved 1069056K
  class space    used 2147K, capacity 2218K, committed 2304K, reserved 1048576K
Event: 5.652 GC heap after
Heap after GC invocations=2 (full 0):
 PSYoungGen      total 27648K, used 3568K [0x00000000e1800000, 0x00000000e3680000, 0x0000000100000000)
  eden space 24064K, 0% used [0x00000000e1800000,0x00000000e1800000,0x00000000e2f80000)
  from space 3584K, 99% used [0x00000000e3300000,0x00000000e367c150,0x00000000e3680000)
  to   space 3584K, 0% used [0x00000000e2f80000,0x00000000e2f80000,0x00000000e3300000)
 ParOldGen       total 62976K, used 4905K [0x00000000a4800000, 0x00000000a8580000, 0x00000000e1800000)
  object space 62976K, 7% used [0x00000000a4800000,0x00000000a4cca658,0x00000000a8580000)
 Metaspace       used 20943K, capacity 21112K, committed 21248K, reserved 1069056K
  class space    used 2147K, capacity 2218K, committed 2304K, reserved 1048576K
}
Event: 5.652 GC heap before
{Heap before GC invocations=3 (full 1):
 PSYoungGen      total 27648K, used 3568K [0x00000000e1800000, 0x00000000e3680000, 0x0000000100000000)
  eden space 24064K, 0% used [0x00000000e1800000,0x00000000e1800000,0x00000000e2f80000)
  from space 3584K, 99% used [0x00000000e3300000,0x00000000e367c150,0x00000000e3680000)
  to   space 3584K, 0% used [0x00000000e2f80000,0x00000000e2f80000,0x00000000e3300000)
 ParOldGen       total 62976K, used 4905K [0x00000000a4800000, 0x00000000a8580000, 0x00000000e1800000)
  object space 62976K, 7% used [0x00000000a4800000,0x00000000a4cca658,0x00000000a8580000)
 Metaspace       used 20943K, capacity 21112K, committed 21248K, reserved 1069056K
  class space    used 2147K, capacity 2218K, committed 2304K, reserved 1048576K
Event: 5.713 GC heap after
Heap after GC invocations=3 (full 1):
 PSYoungGen      total 27648K, used 0K [0x00000000e1800000, 0x00000000e3680000, 0x0000000100000000)
  eden space 24064K, 0% used [0x00000000e1800000,0x00000000e1800000,0x00000000e2f80000)
  from space 3584K, 0% used [0x00000000e3300000,0x00000000e3300000,0x00000000e3680000)
  to   space 3584K, 0% used [0x00000000e2f80000,0x00000000e2f80000,0x00000000e3300000)
 ParOldGen       total 52736K, used 7681K [0x00000000a4800000, 0x00000000a7b80000, 0x00000000e1800000)
  object space 52736K, 14% used [0x00000000a4800000,0x00000000a4f80658,0x00000000a7b80000)
 Metaspace       used 20943K, capacity 21112K, committed 21248K, reserved 1069056K
  class space    used 2147K, capacity 2218K, committed 2304K, reserved 1048576K
}
Event: 787.559 GC heap before
{Heap before GC invocations=4 (full 1):
 PSYoungGen      total 27648K, used 24064K [0x00000000e1800000, 0x00000000e3680000, 0x0000000100000000)
  eden space 24064K, 100% used [0x00000000e1800000,0x00000000e2f80000,0x00000000e2f80000)
  from space 3584K, 0% used [0x00000000e3300000,0x00000000e3300000,0x00000000e3680000)
  to   space 3584K, 0% used [0x00000000e2f80000,0x00000000e2f80000,0x00000000e3300000)
 ParOldGen       total 52736K, used 7681K [0x00000000a4800000, 0x00000000a7b80000, 0x00000000e1800000)
  object space 52736K, 14% used [0x00000000a4800000,0x00000000a4f80658,0x00000000a7b80000)
 Metaspace       used 25432K, capacity 25700K, committed 25856K, reserved 1073152K
  class space    used 2657K, capacity 2754K, committed 2816K, reserved 1048576K
Event: 787.566 GC heap after
Heap after GC invocations=4 (full 1):
 PSYoungGen      total 27648K, used 3569K [0x00000000e1800000, 0x00000000e3680000, 0x0000000100000000)
  eden space 24064K, 0% used [0x00000000e1800000,0x00000000e1800000,0x00000000e2f80000)
  from space 3584K, 99% used [0x00000000e2f80000,0x00000000e32fc6f0,0x00000000e3300000)
  to   space 3584K, 0% used [0x00000000e3300000,0x00000000e3300000,0x00000000e3680000)
 ParOldGen       total 52736K, used 8665K [0x00000000a4800000, 0x00000000a7b80000, 0x00000000e1800000)
  object space 52736K, 16% used [0x00000000a4800000,0x00000000a5076578,0x00000000a7b80000)
 Metaspace       used 25432K, capacity 25700K, committed 25856K, reserved 1073152K
  class space    used 2657K, capacity 2754K, committed 2816K, reserved 1048576K
}

Deoptimization events (10 events):
Event: 2.905 Thread 0x0000000017cb6800 Uncommon trap: reason=unstable_if action=reinterpret pc=0x0000000002c85cd8 method=java.util.HashMap.getNode(ILjava/lang/Object;)Ljava/util/HashMap$Node; @ 62
Event: 2.925 Thread 0x0000000017cb6800 Uncommon trap: reason=class_check action=maybe_recompile pc=0x0000000002c9f948 method=java.util.HashMap.putVal(ILjava/lang/Object;Ljava/lang/Object;ZZ)Ljava/lang/Object; @ 203
Event: 2.925 Thread 0x0000000017cb6800 Uncommon trap: reason=class_check action=maybe_recompile pc=0x0000000002c9f948 method=java.util.HashMap.putVal(ILjava/lang/Object;Ljava/lang/Object;ZZ)Ljava/lang/Object; @ 203
Event: 3.019 Thread 0x0000000017cb6800 Uncommon trap: reason=unstable_if action=reinterpret pc=0x0000000002cf06e4 method=java.io.BufferedReader.read()I @ 19
Event: 6.997 Thread 0x0000000017cb6800 Uncommon trap: reason=class_check action=maybe_recompile pc=0x0000000002b543a0 method=java.lang.String.equals(Ljava/lang/Object;)Z @ 8
Event: 6.997 Thread 0x0000000017cb6800 Uncommon trap: reason=class_check action=maybe_recompile pc=0x0000000002b543a0 method=java.lang.String.equals(Ljava/lang/Object;)Z @ 8
Event: 6.997 Thread 0x0000000017cb6800 Uncommon trap: reason=class_check action=maybe_recompile pc=0x0000000002b543a0 method=java.lang.String.equals(Ljava/lang/Object;)Z @ 8
Event: 59.630 Thread 0x0000000017cb6800 Uncommon trap: reason=unstable_if action=reinterpret pc=0x0000000002c0a46c method=sun.font.CMap$CMapFormat4.getGlyph(I)C @ 181
Event: 62.671 Thread 0x0000000017cb6800 Uncommon trap: reason=class_check action=maybe_recompile pc=0x0000000002b543a0 method=java.lang.String.equals(Ljava/lang/Object;)Z @ 8
Event: 88.085 Thread 0x0000000017cb6800 Uncommon trap: reason=unstable_if action=reinterpret pc=0x000000000309784c method=java.awt.Container.findComponentAtImpl(IIZ)Ljava/awt/Component; @ 24

Classes redefined (0 events):
No events

Internal exceptions (10 events):
Event: 1.238 Thread 0x0000000017cb6800 Implicit null exception at 0x0000000002bded16 to 0x0000000002bdf0a1
Event: 2.914 Thread 0x0000000017cb6800 Exception <a 'java/lang/ArrayIndexOutOfBoundsException'> (0x00000000e2bfcb18) thrown at [C:\re\workspace\8-2-build-windows-amd64-cygwin\jdk8u181\11358\hotspot\src\share\vm\runtime\sharedRuntime.cpp, line 605]
Event: 2.915 Thread 0x0000000017cb6800 Exception <a 'java/lang/ArrayIndexOutOfBoundsException'> (0x00000000e2bfda78) thrown at [C:\re\workspace\8-2-build-windows-amd64-cygwin\jdk8u181\11358\hotspot\src\share\vm\runtime\sharedRuntime.cpp, line 605]
Event: 2.915 Thread 0x0000000017cb6800 Exception <a 'java/lang/ArrayIndexOutOfBoundsException'> (0x00000000e2bfec18) thrown at [C:\re\workspace\8-2-build-windows-amd64-cygwin\jdk8u181\11358\hotspot\src\share\vm\runtime\sharedRuntime.cpp, line 605]
Event: 2.917 Thread 0x0000000017cb6800 Exception <a 'java/lang/ArrayIndexOutOfBoundsException'> (0x00000000e2c00660) thrown at [C:\re\workspace\8-2-build-windows-amd64-cygwin\jdk8u181\11358\hotspot\src\share\vm\runtime\sharedRuntime.cpp, line 605]
Event: 2.938 Thread 0x0000000017cb6800 Exception <a 'java/lang/ArrayIndexOutOfBoundsException'> (0x00000000e2c26c48) thrown at [C:\re\workspace\8-2-build-windows-amd64-cygwin\jdk8u181\11358\hotspot\src\share\vm\runtime\sharedRuntime.cpp, line 605]
Event: 2.938 Thread 0x0000000017cb6800 Exception <a 'java/lang/ArrayIndexOutOfBoundsException'> (0x00000000e2c28098) thrown at [C:\re\workspace\8-2-build-windows-amd64-cygwin\jdk8u181\11358\hotspot\src\share\vm\runtime\sharedRuntime.cpp, line 605]
Event: 2.939 Thread 0x0000000017cb6800 Exception <a 'java/lang/ArrayIndexOutOfBoundsException'> (0x00000000e2c29b68) thrown at [C:\re\workspace\8-2-build-windows-amd64-cygwin\jdk8u181\11358\hotspot\src\share\vm\runtime\sharedRuntime.cpp, line 605]
Event: 2.952 Thread 0x0000000017cb6800 Exception <a 'java/lang/ArrayIndexOutOfBoundsException'> (0x00000000e2c4ff38) thrown at [C:\re\workspace\8-2-build-windows-amd64-cygwin\jdk8u181\11358\hotspot\src\share\vm\runtime\sharedRuntime.cpp, line 605]
Event: 2.958 Thread 0x0000000017cb6800 Exception <a 'java/lang/ArrayIndexOutOfBoundsException'> (0x00000000e2c5e058) thrown at [C:\re\workspace\8-2-build-windows-amd64-cygwin\jdk8u181\11358\hotspot\src\share\vm\runtime\sharedRuntime.cpp, line 605]

Events (10 events):
Event: 787.579 Executing VM operation: RevokeBias
Event: 787.579 Executing VM operation: RevokeBias done
Event: 787.580 Executing VM operation: RevokeBias
Event: 787.580 Executing VM operation: RevokeBias done
Event: 787.580 Executing VM operation: RevokeBias
Event: 787.580 Executing VM operation: RevokeBias done
Event: 787.584 Thread 0x0000000017c60800 Thread exited: 0x0000000017c60800
Event: 787.668 Thread 0x000000001b6dd000 Thread exited: 0x000000001b6dd000
Event: 787.668 Thread 0x0000000015e5d800 Thread exited: 0x0000000015e5d800
Event: 787.668 Executing VM operation: Exit


Dynamic libraries:
0x00007ff694920000 - 0x00007ff694957000 	C:\Program Files\Java\jdk1.8.0_181\jre\bin\java.exe
0x00007ffc9afa0000 - 0x00007ffc9b181000 	C:\WINDOWS\SYSTEM32\ntdll.dll
0x00007ffc9aa50000 - 0x00007ffc9ab02000 	C:\WINDOWS\System32\KERNEL32.DLL
0x00007ffc97900000 - 0x00007ffc97b73000 	C:\WINDOWS\System32\KERNELBASE.dll
0x00007ffc9a550000 - 0x00007ffc9a5f1000 	C:\WINDOWS\System32\ADVAPI32.dll
0x00007ffc984a0000 - 0x00007ffc9853e000 	C:\WINDOWS\System32\msvcrt.dll
0x00007ffc9ab40000 - 0x00007ffc9ab9b000 	C:\WINDOWS\System32\sechost.dll
0x00007ffc9ad40000 - 0x00007ffc9ae64000 	C:\WINDOWS\System32\RPCRT4.dll
0x00007ffc98760000 - 0x00007ffc988f0000 	C:\WINDOWS\System32\USER32.dll
0x00007ffc97780000 - 0x00007ffc977a0000 	C:\WINDOWS\System32\win32u.dll
0x00007ffc9af40000 - 0x00007ffc9af68000 	C:\WINDOWS\System32\GDI32.dll
0x00007ffc98290000 - 0x00007ffc98422000 	C:\WINDOWS\System32\gdi32full.dll
0x00007ffc97420000 - 0x00007ffc974bf000 	C:\WINDOWS\System32\msvcp_win.dll
0x00007ffc977a0000 - 0x00007ffc9789a000 	C:\WINDOWS\System32\ucrtbase.dll
0x00007ffc87790000 - 0x00007ffc879f9000 	C:\WINDOWS\WinSxS\amd64_microsoft.windows.common-controls_6595b64144ccf1df_6.0.17134.407_none_fb449d63306391e9\COMCTL32.dll
0x00007ffc98b70000 - 0x00007ffc98e92000 	C:\WINDOWS\System32\combase.dll
0x00007ffc974c0000 - 0x00007ffc9753a000 	C:\WINDOWS\System32\bcryptPrimitives.dll
0x00007ffc9ab10000 - 0x00007ffc9ab3d000 	C:\WINDOWS\System32\IMM32.DLL
0x0000000072e00000 - 0x0000000072ed2000 	C:\Program Files\Java\jdk1.8.0_181\jre\bin\msvcr100.dll
0x0000000072ee0000 - 0x0000000073782000 	C:\Program Files\Java\jdk1.8.0_181\jre\bin\server\jvm.dll
0x00007ffc9a3b0000 - 0x00007ffc9a3b8000 	C:\WINDOWS\System32\PSAPI.DLL
0x00007ffc94150000 - 0x00007ffc94173000 	C:\WINDOWS\SYSTEM32\WINMM.dll
0x00007ffc8a880000 - 0x00007ffc8a889000 	C:\WINDOWS\SYSTEM32\WSOCK32.dll
0x00007ffc98ea0000 - 0x00007ffc98f0c000 	C:\WINDOWS\System32\WS2_32.dll
0x00007ffc8b7a0000 - 0x00007ffc8b7aa000 	C:\WINDOWS\SYSTEM32\VERSION.dll
0x00007ffc94120000 - 0x00007ffc9414a000 	C:\WINDOWS\SYSTEM32\WINMMBASE.dll
0x00007ffc97730000 - 0x00007ffc97779000 	C:\WINDOWS\System32\cfgmgr32.dll
0x0000000072db0000 - 0x0000000072dbf000 	C:\Program Files\Java\jdk1.8.0_181\jre\bin\verify.dll
0x0000000072d80000 - 0x0000000072da9000 	C:\Program Files\Java\jdk1.8.0_181\jre\bin\java.dll
0x0000000072d60000 - 0x0000000072d76000 	C:\Program Files\Java\jdk1.8.0_181\jre\bin\zip.dll
0x00007ffc98f70000 - 0x00007ffc9a3af000 	C:\WINDOWS\System32\SHELL32.dll
0x00007ffc986b0000 - 0x00007ffc98759000 	C:\WINDOWS\System32\shcore.dll
0x00007ffc97b80000 - 0x00007ffc9828d000 	C:\WINDOWS\System32\windows.storage.dll
0x00007ffc98f10000 - 0x00007ffc98f61000 	C:\WINDOWS\System32\shlwapi.dll
0x00007ffc972b0000 - 0x00007ffc972c1000 	C:\WINDOWS\System32\kernel.appcore.dll
0x00007ffc972e0000 - 0x00007ffc972ff000 	C:\WINDOWS\System32\profapi.dll
0x00007ffc97320000 - 0x00007ffc9736c000 	C:\WINDOWS\System32\powrprof.dll
0x00007ffc972d0000 - 0x00007ffc972da000 	C:\WINDOWS\System32\FLTLIB.DLL
0x00007ffc7c150000 - 0x00007ffc7c23e000 	C:\Program Files\NoPing Tunnel v15\ProxyIntercept64.dll
0x00007ffc7d9f0000 - 0x00007ffc7da96000 	C:\WINDOWS\SYSTEM32\MSVCP120.dll
0x00007ffc7daa0000 - 0x00007ffc7db8f000 	C:\WINDOWS\SYSTEM32\MSVCR120.dll
0x00007ffc96850000 - 0x00007ffc96888000 	C:\WINDOWS\SYSTEM32\IPHLPAPI.DLL
0x00007ffc96ad0000 - 0x00007ffc96b36000 	C:\WINDOWS\system32\mswsock.dll
0x00007ffc98540000 - 0x00007ffc98548000 	C:\WINDOWS\System32\NSI.dll
0x0000000072b80000 - 0x0000000072d19000 	C:\Program Files\Java\jdk1.8.0_181\jre\bin\awt.dll
0x00007ffc9ae70000 - 0x00007ffc9af32000 	C:\WINDOWS\System32\OLEAUT32.dll
0x00007ffc95700000 - 0x00007ffc9578b000 	C:\WINDOWS\SYSTEM32\apphelp.dll
0x00007ffc95960000 - 0x00007ffc959f8000 	C:\WINDOWS\system32\uxtheme.dll
0x00007ffc98950000 - 0x00007ffc98ac3000 	C:\WINDOWS\System32\MSCTF.dll
0x00007ffc7ed70000 - 0x00007ffc7edfb000 	C:\Program Files\NoPing Tunnel v15\iLdr64.dll
0x00007ffc95a40000 - 0x00007ffc95a69000 	C:\WINDOWS\system32\dwmapi.dll
0x00007ffc98550000 - 0x00007ffc986a1000 	C:\WINDOWS\System32\ole32.dll
0x00007ffc848c0000 - 0x00007ffc849e0000 	C:\WINDOWS\system32\opengl32.dll
0x00007ffc84c70000 - 0x00007ffc84c9c000 	C:\WINDOWS\SYSTEM32\GLU32.dll
0x0000000072b30000 - 0x0000000072b77000 	C:\Program Files\Java\jdk1.8.0_181\jre\bin\fontmanager.dll
0x0000000072d40000 - 0x0000000072d5a000 	C:\Program Files\Java\jdk1.8.0_181\jre\bin\net.dll
0x0000000072d20000 - 0x0000000072d31000 	C:\Program Files\Java\jdk1.8.0_181\jre\bin\nio.dll
0x0000000072ae0000 - 0x0000000072b22000 	C:\Program Files\Java\jdk1.8.0_181\jre\bin\t2k.dll
0x00007ffc98ad0000 - 0x00007ffc98b70000 	C:\WINDOWS\System32\clbcatq.dll
0x00007ffc92ac0000 - 0x00007ffc92c6e000 	C:\WINDOWS\SYSTEM32\WindowsCodecs.dll
0x00007ffc8dbe0000 - 0x00007ffc8dc76000 	C:\WINDOWS\System32\TextInputFramework.dll
0x00007ffc925a0000 - 0x00007ffc928be000 	C:\WINDOWS\System32\CoreUIComponents.dll
0x00007ffc951c0000 - 0x00007ffc9529a000 	C:\WINDOWS\System32\CoreMessaging.dll
0x00007ffc963a0000 - 0x00007ffc963d1000 	C:\WINDOWS\SYSTEM32\ntmarta.dll
0x00007ffc92450000 - 0x00007ffc9259d000 	C:\WINDOWS\SYSTEM32\wintypes.dll
0x0000000072ad0000 - 0x0000000072add000 	C:\Program Files\Java\jdk1.8.0_181\jre\bin\management.dll
0x00000000188f0000 - 0x00000000189ae000 	C:\WINDOWS\SYSTEM32\DNSAPI.dll
0x00007ffc8e850000 - 0x00007ffc8e85a000 	C:\Windows\System32\rasadhlp.dll
0x00007ffc8eee0000 - 0x00007ffc8ef52000 	C:\WINDOWS\System32\fwpuclnt.dll
0x00007ffc96db0000 - 0x00007ffc96dd5000 	C:\WINDOWS\SYSTEM32\bcrypt.dll
0x00007ffc96c80000 - 0x00007ffc96c97000 	C:\WINDOWS\SYSTEM32\CRYPTSP.dll
0x00007ffc966b0000 - 0x00007ffc966e3000 	C:\WINDOWS\system32\rsaenh.dll
0x00007ffc971b0000 - 0x00007ffc971d8000 	C:\WINDOWS\SYSTEM32\USERENV.dll
0x00007ffc96ca0000 - 0x00007ffc96cab000 	C:\WINDOWS\SYSTEM32\CRYPTBASE.dll
0x00007ffc902b0000 - 0x00007ffc902c6000 	C:\WINDOWS\SYSTEM32\dhcpcsvc6.DLL
0x00007ffc90290000 - 0x00007ffc902aa000 	C:\WINDOWS\SYSTEM32\dhcpcsvc.DLL
0x00007ffc886f0000 - 0x00007ffc88706000 	C:\WINDOWS\system32\napinsp.dll
0x00007ffc886d0000 - 0x00007ffc886ea000 	C:\WINDOWS\system32\pnrpnsp.dll
0x00007ffc93b10000 - 0x00007ffc93b29000 	C:\WINDOWS\system32\NLAapi.dll
0x00007ffc88690000 - 0x00007ffc8869e000 	C:\WINDOWS\System32\winrnr.dll
0x00007ffc8a550000 - 0x00007ffc8a719000 	C:\WINDOWS\SYSTEM32\dbghelp.dll

VM Arguments:
jvm_args: -Dfile.encoding=UTF-8 
java_command: projeto.vendas.view.GuiLogin
java_class_path (initial): D:\TCC - Fatec 2018\PHappy-Vendas\ojdbc6_g.jar;C:\Program Files (x86)\NetBeans 8.2\java\modules\ext\beansbinding-1.2.1.jar;C:\Program Files (x86)\NetBeans 8.2\enterprise\modules\ext\jaxrs-2.0\javax.ws.rs-api-2.0.jar;C:\Program Files (x86)\NetBeans 8.2\enterprise\modules\ext\jersey2\ext\asm-all-repackaged-2.2.0-b21.jar;C:\Program Files (x86)\NetBeans 8.2\enterprise\modules\ext\jersey2\ext\cglib-2.2.0-b21.jar;C:\Program Files (x86)\NetBeans 8.2\enterprise\modules\ext\jersey2\ext\guava-14.0.1.jar;C:\Program Files (x86)\NetBeans 8.2\enterprise\modules\ext\jersey2\ext\hk2-api-2.2.0-b21.jar;C:\Program Files (x86)\NetBeans 8.2\enterprise\modules\ext\jersey2\ext\hk2-locator-2.2.0-b21.jar;C:\Program Files (x86)\NetBeans 8.2\enterprise\modules\ext\jersey2\ext\hk2-utils-2.2.0-b21.jar;C:\Program Files (x86)\NetBeans 8.2\enterprise\modules\ext\jersey2\ext\javax.annotation-api-1.2.jar;C:\Program Files (x86)\NetBeans 8.2\enterprise\modules\ext\jersey2\ext\javax.inject-2.2.0-b21.jar;C:\Program Files (x86)\NetBeans 8.2\enterprise\modules\ext\jersey2\ext\javax.servlet-api-3.0.1.jar;C:\Program Files (x86)\NetBeans 8.2\enterprise\modules\ext\jersey2\ext\jaxb-api-2.2.7.jar;C:\Program Files (x86)\NetBeans 8.2\enterprise\modules\ext\jersey2\ext\jersey-entity-filtering-2.5.1.jar;C:\Program Files (x86)\NetBeans 8.2\enterprise\modules\ext\jersey2\ext\jersey-media-moxy-2.5.1.jar;C:\Program Files (x86)\NetBeans 8.2\enterprise\modules\ext\jersey2\ext\org.osgi.core-4.2.0.jar;C:\Program Files (x86)\NetBeans 8.2\enterprise\modules\ext\jersey2\ext\osgi-resource-locator-1.0.1.jar;C:\Program Files (x86)\NetBeans 8.2\enterprise\modules\ext\jersey2\ext\persistence-api-1.0.jar;C:\Program Files (x86)\NetBeans 8.2\enterprise\modules\ext\jersey2\ext\validation-api-1.1.0.Final.jar;C:\Program Files (x86)\NetBeans 8.2\enterprise\modules\ext\jersey2\jersey-client.jar;C:\Program Files (x86)\NetBeans 8.2\enterprise\modules\ext\jersey2\jersey-common.jar;C:\Program Files (x86)\NetBeans
Launcher Type: SUN_STANDARD

Environment Variables:
JAVA_HOME=C:\Program Files (x86)\Java\jdk1.8.0_181
PATH=C:\WINDOWS\system32;C:\WINDOWS;C:\WINDOWS\System32\Wbem;C:\WINDOWS\System32\WindowsPowerShell\v1.0\;C:\Program Files\dotnet\;C:\WINDOWS\System32\OpenSSH\;C:\Users\ferna\AppData\Local\Microsoft\WindowsApps;
USERNAME=Fernando
OS=Windows_NT
PROCESSOR_IDENTIFIER=Intel64 Family 6 Model 58 Stepping 9, GenuineIntel



---------------  S Y S T E M  ---------------

OS: Windows 10.0 , 64 bit Build 17134 (10.0.17134.1)

CPU:total 2 (initial active 2) (2 cores per cpu, 1 threads per core) family 6 model 58 stepping 9, cmov, cx8, fxsr, mmx, sse, sse2, sse3, ssse3, sse4.1, sse4.2, popcnt, clmul, erms, tsc, tscinvbit, tscinv

Memory: 4k page, physical 5989528k(1365348k free), swap 8220328k(1939536k free)

vm_info: Java HotSpot(TM) 64-Bit Server VM (25.181-b13) for windows-amd64 JRE (1.8.0_181-b13), built on Jul  7 2018 04:01:33 by "java_re" with MS VC++ 10.0 (VS2010)

time: Sat Nov 24 22:50:35 2018
elapsed time: 791 seconds (0d 0h 13m 11s)

