#
# A fatal error has been detected by the Java Runtime Environment:
#
#  Internal Error (0xc000000d), pid=5928, tid=0x0000000000000e7c
#
# JRE version: Java(TM) SE Runtime Environment (8.0_181-b13) (build 1.8.0_181-b13)
# Java VM: Java HotSpot(TM) 64-Bit Server VM (25.181-b13 mixed mode windows-amd64 compressed oops)
# Problematic frame:
# C  [ntdll.dll+0x108b20]
#
# Failed to write core dump. Minidumps are not enabled by default on client versions of Windows
#
# If you would like to submit a bug report, please visit:
#   http://bugreport.java.com/bugreport/crash.jsp
#

---------------  T H R E A D  ---------------

Current thread (0x0000000016467000):  VMThread [stack: 0x0000000016ed0000,0x0000000016fd0000] [id=3708]

siginfo: ExceptionCode=0xc000000d

Registers:
RAX=0x000000005a3720da, RBX=0xfffffffffffffffe, RCX=0x000000000000004b, RDX=0x000000005a38d79a
RSP=0x0000000016fce970, RBP=0x00007fff88dd71bc, RSI=0x0000000000000000, RDI=0x00000000000004f4
R8 =0x0000000002f01cb0, R9 =0x0000000000008000, R10=0x00000000ffffff00, R11=0x0000000016fce6f9
R12=0x0000000001106050, R13=0x0000000001166a30, R14=0x0000000001106158, R15=0x0000000016fceae8
RIP=0x00007fffa0a08b20, EFLAGS=0x0000000000000206

Top of Stack: (sp=0x0000000016fce970)
0x0000000016fce970:   0000000000000057 fffffffffffffffe
0x0000000016fce980:   0000000000000000 00000000000004f4
0x0000000016fce990:   00000000c000000d 0000000000000000
0x0000000016fce9a0:   00007fffa0a08b20 0000000000000000
0x0000000016fce9b0:   0000000000000000 0000000000000000
0x0000000016fce9c0:   0000000000000000 0000000000000000
0x0000000016fce9d0:   0000000000000000 0000000000000000
0x0000000016fce9e0:   0000000000000000 0000000000000000
0x0000000016fce9f0:   0000000000000000 0000000000000000
0x0000000016fcea00:   0000000000000000 0000000000000000
0x0000000016fcea10:   0000000000000000 0000000000000000
0x0000000016fcea20:   0000000000000000 0000000000000000
0x0000000016fcea30:   0000d36f967d7b5a 0000000016fcec74
0x0000000016fcea40:   0000000000000040 00007fffa09b72df
0x0000000016fcea50:   0000000000000020 0000000016fcee00
0x0000000016fcea60:   0000000016fceb70 00007fffa093aa55 

Instructions: (pc=0x00007fffa0a08b20)
0x00007fffa0a08b00:   7f f9 ff c7 44 24 20 0d 00 00 c0 b9 57 00 00 00
0x00007fffa0a08b10:   e8 7b e5 f3 ff 90 48 8d 4c 24 20 e8 90 c4 ef ff
0x00007fffa0a08b20:   eb 00 48 8b 8c 24 c0 00 00 00 48 33 cc e8 fe 1a
0x00007fffa0a08b30:   f8 ff 48 81 c4 d8 00 00 00 c3 40 55 48 83 ec 20 


Register to memory mapping:

RAX=0x000000005a3720da is an unknown value
RBX=0xfffffffffffffffe is an unknown value
RCX=0x000000000000004b is an unknown value
RDX=0x000000005a38d79a is an unknown value
RSP=0x0000000016fce970 is an unknown value
RBP=0x00007fff88dd71bc is an unknown value
RSI=0x0000000000000000 is an unknown value
RDI=0x00000000000004f4 is an unknown value
R8 =0x0000000002f01cb0 is an unknown value
R9 =0x0000000000008000 is an unknown value
R10=0x00000000ffffff00 is an unallocated location in the heap
R11=0x0000000016fce6f9 is an unknown value
R12=0x0000000001106050 is an unknown value
R13=0x0000000001166a30 is an unknown value
R14=0x0000000001106158 is an unknown value
R15=0x0000000016fceae8 is an unknown value


Stack: [0x0000000016ed0000,0x0000000016fd0000],  sp=0x0000000016fce970,  free space=1018k
Native frames: (J=compiled Java code, j=interpreted, Vv=VM code, C=native code)
C  [ntdll.dll+0x108b20]
C  [ntdll.dll+0xb72df]
C  [KERNEL32.DLL+0x1e36a]
C  [MSVCR120.dll+0x72e1]
C  [MSVCR120.dll+0x149d3]
C  [MSVCR120.dll+0x13c06]
C  [MSVCR120.dll+0x22da]
C  [MSVCR120.dll+0xae32]
C  [MSVCP120.dll+0x3cd49]
C  [ProxyIntercept64.dll+0x44eb4]
C  [ProxyIntercept64.dll+0x45066]
C  [ProxyIntercept64.dll+0x90df8]
C  [ProxyIntercept64.dll+0x96ee4]
C  [ProxyIntercept64.dll+0x96e92]
C  [ProxyIntercept64.dll+0x9227c]
C  [ProxyIntercept64.dll+0x1e7a9]
C  [ProxyIntercept64.dll+0x1e977]
C  [ProxyIntercept64.dll+0x28806]
C  [ProxyIntercept64.dll+0x2855a]
C  [ProxyIntercept64.dll+0x18528]
C  [ProxyIntercept64.dll+0x1a317]
C  [ProxyIntercept64.dll+0x18361]
C  [ProxyIntercept64.dll+0xa4bf0]
C  [ProxyIntercept64.dll+0x9a95c]
C  [ProxyIntercept64.dll+0x9abde]
C  [ntdll.dll+0x34053]
C  [ntdll.dll+0x40a05]
C  [ntdll.dll+0x408c8]
C  [KERNEL32.DLL+0x1b19a]
C  [msvcr100.dll+0x20ccd]
V  [jvm.dll+0x2139a5]
V  [jvm.dll+0x24cc27]
V  [jvm.dll+0x24bec6]
V  [jvm.dll+0x24c361]
V  [jvm.dll+0x24c57e]
V  [jvm.dll+0x29e64a]
C  [msvcr100.dll+0x21d9f]
C  [msvcr100.dll+0x21e3b]
C  [KERNEL32.DLL+0x13034]
C  [ntdll.dll+0x71461]

VM_Operation (0x000000001970cee0): Exit, mode: safepoint, requested by thread 0x0000000017f6e800


---------------  P R O C E S S  ---------------

Java Threads: ( => current thread )
  0x0000000018248800 JavaThread "TimerQueue" daemon [_thread_blocked, id=7328, stack(0x000000001a560000,0x000000001a660000)]
  0x0000000002f12800 JavaThread "DestroyJavaVM" [_thread_blocked, id=2372, stack(0x0000000002de0000,0x0000000002ee0000)]
  0x0000000017f6e800 JavaThread "AWT-EventQueue-0" [_thread_blocked, id=4144, stack(0x0000000019610000,0x0000000019710000)]
  0x0000000017ec1000 JavaThread "AWT-Shutdown" [_thread_blocked, id=8364, stack(0x0000000018730000,0x0000000018830000)]
  0x0000000017eb1800 JavaThread "Java2D Disposer" daemon [_thread_blocked, id=4740, stack(0x0000000018630000,0x0000000018730000)]
  0x000000001651f800 JavaThread "Service Thread" daemon [_thread_blocked, id=9724, stack(0x00000000176e0000,0x00000000177e0000)]
  0x000000001649e000 JavaThread "C1 CompilerThread1" daemon [_thread_blocked, id=8012, stack(0x00000000175e0000,0x00000000176e0000)]
  0x0000000016497000 JavaThread "C2 CompilerThread0" daemon [_thread_blocked, id=4632, stack(0x00000000174e0000,0x00000000175e0000)]
  0x00000000164a7000 JavaThread "Attach Listener" daemon [_thread_blocked, id=8556, stack(0x00000000173e0000,0x00000000174e0000)]
  0x00000000164a4000 JavaThread "Signal Dispatcher" daemon [_thread_blocked, id=7124, stack(0x00000000172e0000,0x00000000173e0000)]
  0x0000000016488800 JavaThread "Finalizer" daemon [_thread_blocked, id=5072, stack(0x00000000170d0000,0x00000000171d0000)]
  0x0000000002ffe800 JavaThread "Reference Handler" daemon [_thread_blocked, id=9776, stack(0x0000000016fd0000,0x00000000170d0000)]

Other Threads:
=>0x0000000016467000 VMThread [stack: 0x0000000016ed0000,0x0000000016fd0000] [id=3708]

VM state:at safepoint (shutting down)

VM Mutex/Monitor currently owned by a thread:  ([mutex/lock_event])
[0x0000000002f0d580] Threads_lock - owner thread: 0x0000000016467000

Heap:
 PSYoungGen      total 27648K, used 12334K [0x00000000e1800000, 0x00000000e3680000, 0x0000000100000000)
  eden space 24064K, 47% used [0x00000000e1800000,0x00000000e2313908,0x00000000e2f80000)
  from space 3584K, 27% used [0x00000000e2f80000,0x00000000e3078000,0x00000000e3300000)
  to   space 3584K, 0% used [0x00000000e3300000,0x00000000e3300000,0x00000000e3680000)
 ParOldGen       total 37888K, used 8199K [0x00000000a4800000, 0x00000000a6d00000, 0x00000000e1800000)
  object space 37888K, 21% used [0x00000000a4800000,0x00000000a5001d88,0x00000000a6d00000)
 Metaspace       used 22177K, capacity 22486K, committed 22528K, reserved 1069056K
  class space    used 2449K, capacity 2543K, committed 2560K, reserved 1048576K

Card table byte_map: [0x00000000123d0000,0x00000000126b0000] byte_map_base: 0x0000000011eac000

Marking Bits: (ParMarkBitMap*) 0x000000005ac52d00
 Begin Bits: [0x0000000012aa0000, 0x0000000014180000)
 End Bits:   [0x0000000014180000, 0x0000000015860000)

Polling page: 0x0000000001080000

CodeCache: size=245760Kb used=8712Kb max_used=8717Kb free=237047Kb
 bounds [0x0000000003010000, 0x00000000038a0000, 0x0000000012010000]
 total_blobs=3142 nmethods=2608 adapters=445
 compilation: enabled

Compilation events (10 events):
Event: 493.633 Thread 0x0000000016497000 2616       4       java.awt.geom.AffineTransform::<init> (50 bytes)
Event: 493.634 Thread 0x0000000016497000 nmethod 2616 0x0000000003865f10 code [0x0000000003866040, 0x00000000038660d8]
Event: 493.643 Thread 0x0000000016497000 2618       4       java.awt.geom.AffineTransform::scale (285 bytes)
Event: 493.645 Thread 0x0000000016497000 nmethod 2618 0x0000000003896dd0 code [0x0000000003896f60, 0x0000000003897188]
Event: 494.035 Thread 0x000000001649e000 2619       3       java.awt.Rectangle::contains (7 bytes)
Event: 494.035 Thread 0x000000001649e000 nmethod 2619 0x00000000038973d0 code [0x0000000003897540, 0x0000000003897748]
Event: 494.122 Thread 0x000000001649e000 2620       1       javax.swing.plaf.basic.BasicTabbedPaneUI::getRolloverTab (5 bytes)
Event: 494.123 Thread 0x000000001649e000 nmethod 2620 0x00000000038922d0 code [0x0000000003892420, 0x0000000003892530]
Event: 494.660 Thread 0x000000001649e000 2621       3       java.util.logging.LogManager$LoggerContext::ensureDefaultLogger (70 bytes)
Event: 494.660 Thread 0x000000001649e000 nmethod 2621 0x0000000003893850 code [0x0000000003893a00, 0x0000000003894288]

GC Heap History (8 events):
Event: 2.393 GC heap before
{Heap before GC invocations=1 (full 0):
 PSYoungGen      total 27648K, used 24005K [0x00000000e1800000, 0x00000000e3680000, 0x0000000100000000)
  eden space 24064K, 99% used [0x00000000e1800000,0x00000000e2f71760,0x00000000e2f80000)
  from space 3584K, 0% used [0x00000000e3300000,0x00000000e3300000,0x00000000e3680000)
  to   space 3584K, 0% used [0x00000000e2f80000,0x00000000e2f80000,0x00000000e3300000)
 ParOldGen       total 62976K, used 0K [0x00000000a4800000, 0x00000000a8580000, 0x00000000e1800000)
  object space 62976K, 0% used [0x00000000a4800000,0x00000000a4800000,0x00000000a8580000)
 Metaspace       used 19134K, capacity 19370K, committed 19584K, reserved 1067008K
  class space    used 2245K, capacity 2315K, committed 2432K, reserved 1048576K
Event: 2.403 GC heap after
Heap after GC invocations=1 (full 0):
 PSYoungGen      total 27648K, used 3559K [0x00000000e1800000, 0x00000000e3680000, 0x0000000100000000)
  eden space 24064K, 0% used [0x00000000e1800000,0x00000000e1800000,0x00000000e2f80000)
  from space 3584K, 99% used [0x00000000e2f80000,0x00000000e32f9c30,0x00000000e3300000)
  to   space 3584K, 0% used [0x00000000e3300000,0x00000000e3300000,0x00000000e3680000)
 ParOldGen       total 62976K, used 4391K [0x00000000a4800000, 0x00000000a8580000, 0x00000000e1800000)
  object space 62976K, 6% used [0x00000000a4800000,0x00000000a4c49f28,0x00000000a8580000)
 Metaspace       used 19134K, capacity 19370K, committed 19584K, reserved 1067008K
  class space    used 2245K, capacity 2315K, committed 2432K, reserved 1048576K
}
Event: 12.658 GC heap before
{Heap before GC invocations=2 (full 0):
 PSYoungGen      total 27648K, used 7661K [0x00000000e1800000, 0x00000000e3680000, 0x0000000100000000)
  eden space 24064K, 17% used [0x00000000e1800000,0x00000000e1c01a28,0x00000000e2f80000)
  from space 3584K, 99% used [0x00000000e2f80000,0x00000000e32f9c30,0x00000000e3300000)
  to   space 3584K, 0% used [0x00000000e3300000,0x00000000e3300000,0x00000000e3680000)
 ParOldGen       total 62976K, used 4391K [0x00000000a4800000, 0x00000000a8580000, 0x00000000e1800000)
  object space 62976K, 6% used [0x00000000a4800000,0x00000000a4c49f28,0x00000000a8580000)
 Metaspace       used 20924K, capacity 21142K, committed 21248K, reserved 1069056K
  class space    used 2380K, capacity 2479K, committed 2560K, reserved 1048576K
Event: 12.663 GC heap after
Heap after GC invocations=2 (full 0):
 PSYoungGen      total 27648K, used 3560K [0x00000000e1800000, 0x00000000e3680000, 0x0000000100000000)
  eden space 24064K, 0% used [0x00000000e1800000,0x00000000e1800000,0x00000000e2f80000)
  from space 3584K, 99% used [0x00000000e3300000,0x00000000e367a020,0x00000000e3680000)
  to   space 3584K, 0% used [0x00000000e2f80000,0x00000000e2f80000,0x00000000e3300000)
 ParOldGen       total 62976K, used 5083K [0x00000000a4800000, 0x00000000a8580000, 0x00000000e1800000)
  object space 62976K, 8% used [0x00000000a4800000,0x00000000a4cf6ef0,0x00000000a8580000)
 Metaspace       used 20924K, capacity 21142K, committed 21248K, reserved 1069056K
  class space    used 2380K, capacity 2479K, committed 2560K, reserved 1048576K
}
Event: 12.663 GC heap before
{Heap before GC invocations=3 (full 1):
 PSYoungGen      total 27648K, used 3560K [0x00000000e1800000, 0x00000000e3680000, 0x0000000100000000)
  eden space 24064K, 0% used [0x00000000e1800000,0x00000000e1800000,0x00000000e2f80000)
  from space 3584K, 99% used [0x00000000e3300000,0x00000000e367a020,0x00000000e3680000)
  to   space 3584K, 0% used [0x00000000e2f80000,0x00000000e2f80000,0x00000000e3300000)
 ParOldGen       total 62976K, used 5083K [0x00000000a4800000, 0x00000000a8580000, 0x00000000e1800000)
  object space 62976K, 8% used [0x00000000a4800000,0x00000000a4cf6ef0,0x00000000a8580000)
 Metaspace       used 20924K, capacity 21142K, committed 21248K, reserved 1069056K
  class space    used 2380K, capacity 2479K, committed 2560K, reserved 1048576K
Event: 12.725 GC heap after
Heap after GC invocations=3 (full 1):
 PSYoungGen      total 27648K, used 0K [0x00000000e1800000, 0x00000000e3680000, 0x0000000100000000)
  eden space 24064K, 0% used [0x00000000e1800000,0x00000000e1800000,0x00000000e2f80000)
  from space 3584K, 0% used [0x00000000e3300000,0x00000000e3300000,0x00000000e3680000)
  to   space 3584K, 0% used [0x00000000e2f80000,0x00000000e2f80000,0x00000000e3300000)
 ParOldGen       total 37888K, used 8199K [0x00000000a4800000, 0x00000000a6d00000, 0x00000000e1800000)
  object space 37888K, 21% used [0x00000000a4800000,0x00000000a5001d88,0x00000000a6d00000)
 Metaspace       used 20924K, capacity 21142K, committed 21248K, reserved 1069056K
  class space    used 2380K, capacity 2479K, committed 2560K, reserved 1048576K
}
Event: 352.036 GC heap before
{Heap before GC invocations=4 (full 1):
 PSYoungGen      total 27648K, used 24064K [0x00000000e1800000, 0x00000000e3680000, 0x0000000100000000)
  eden space 24064K, 100% used [0x00000000e1800000,0x00000000e2f80000,0x00000000e2f80000)
  from space 3584K, 0% used [0x00000000e3300000,0x00000000e3300000,0x00000000e3680000)
  to   space 3584K, 0% used [0x00000000e2f80000,0x00000000e2f80000,0x00000000e3300000)
 ParOldGen       total 37888K, used 8199K [0x00000000a4800000, 0x00000000a6d00000, 0x00000000e1800000)
  object space 37888K, 21% used [0x00000000a4800000,0x00000000a5001d88,0x00000000a6d00000)
 Metaspace       used 22082K, capacity 22326K, committed 22528K, reserved 1069056K
  class space    used 2443K, capacity 2511K, committed 2560K, reserved 1048576K
Event: 352.042 GC heap after
Heap after GC invocations=4 (full 1):
 PSYoungGen      total 27648K, used 992K [0x00000000e1800000, 0x00000000e3680000, 0x0000000100000000)
  eden space 24064K, 0% used [0x00000000e1800000,0x00000000e1800000,0x00000000e2f80000)
  from space 3584K, 27% used [0x00000000e2f80000,0x00000000e3078000,0x00000000e3300000)
  to   space 3584K, 0% used [0x00000000e3300000,0x00000000e3300000,0x00000000e3680000)
 ParOldGen       total 37888K, used 8199K [0x00000000a4800000, 0x00000000a6d00000, 0x00000000e1800000)
  object space 37888K, 21% used [0x00000000a4800000,0x00000000a5001d88,0x00000000a6d00000)
 Metaspace       used 22082K, capacity 22326K, committed 22528K, reserved 1069056K
  class space    used 2443K, capacity 2511K, committed 2560K, reserved 1048576K
}

Deoptimization events (10 events):
Event: 2.038 Thread 0x0000000017f6e800 Uncommon trap: reason=unstable_if action=reinterpret pc=0x000000000325c158 method=java.lang.String.indexOf([CII[CIII)I @ 3
Event: 2.057 Thread 0x0000000017f6e800 Uncommon trap: reason=class_check action=maybe_recompile pc=0x0000000003396e04 method=java.util.HashMap.putVal(ILjava/lang/Object;Ljava/lang/Object;ZZ)Ljava/lang/Object; @ 253
Event: 2.059 Thread 0x0000000017f6e800 Uncommon trap: reason=predicate action=maybe_recompile pc=0x0000000003377230 method=java.util.Arrays.binarySearch0([Ljava/lang/Object;IILjava/lang/Object;Ljava/util/Comparator;)I @ 28
Event: 2.064 Thread 0x0000000017f6e800 Uncommon trap: reason=class_check action=maybe_recompile pc=0x0000000003396e04 method=java.util.HashMap.putVal(ILjava/lang/Object;Ljava/lang/Object;ZZ)Ljava/lang/Object; @ 253
Event: 2.097 Thread 0x0000000017f6e800 Uncommon trap: reason=class_check action=maybe_recompile pc=0x0000000003396e04 method=java.util.HashMap.putVal(ILjava/lang/Object;Ljava/lang/Object;ZZ)Ljava/lang/Object; @ 253
Event: 2.097 Thread 0x0000000017f6e800 Uncommon trap: reason=class_check action=maybe_recompile pc=0x0000000003396e04 method=java.util.HashMap.putVal(ILjava/lang/Object;Ljava/lang/Object;ZZ)Ljava/lang/Object; @ 253
Event: 2.168 Thread 0x0000000017f6e800 Uncommon trap: reason=unstable_if action=reinterpret pc=0x0000000003411fa4 method=java.io.BufferedReader.read()I @ 19
Event: 4.588 Thread 0x0000000017f6e800 Uncommon trap: reason=unstable_if action=reinterpret pc=0x000000000345d620 method=java.util.Properties$LineReader.readLine()I @ 377
Event: 12.777 Thread 0x0000000017f6e800 Uncommon trap: reason=unstable_if action=reinterpret pc=0x0000000003356800 method=javax.swing.JComponent.getClientProperty(Ljava/lang/Object;)Ljava/lang/Object; @ 16
Event: 109.920 Thread 0x0000000017f6e800 Uncommon trap: reason=null_check action=make_not_entrant pc=0x000000000377e4d8 method=javax.swing.plaf.nimbus.NimbusDefaults$LazyStyle.matches(Ljava/awt/Component;I)Z @ 39

Classes redefined (0 events):
No events

Internal exceptions (10 events):
Event: 7.610 Thread 0x0000000017f6e800 Exception <a 'java/net/ConnectException': Connection refused: connect> (0x00000000e1b5b0a8) thrown at [C:\re\workspace\8-2-build-windows-amd64-cygwin\jdk8u181\11358\hotspot\src\share\vm\prims\jni.cpp, line 735]
Event: 8.612 Thread 0x0000000017f6e800 Exception <a 'java/net/ConnectException': Connection refused: connect> (0x00000000e1b5bb60) thrown at [C:\re\workspace\8-2-build-windows-amd64-cygwin\jdk8u181\11358\hotspot\src\share\vm\prims\jni.cpp, line 735]
Event: 9.618 Thread 0x0000000017f6e800 Exception <a 'java/net/ConnectException': Connection refused: connect> (0x00000000e1ba76c0) thrown at [C:\re\workspace\8-2-build-windows-amd64-cygwin\jdk8u181\11358\hotspot\src\share\vm\prims\jni.cpp, line 735]
Event: 10.620 Thread 0x0000000017f6e800 Exception <a 'java/net/ConnectException': Connection refused: connect> (0x00000000e1ba8178) thrown at [C:\re\workspace\8-2-build-windows-amd64-cygwin\jdk8u181\11358\hotspot\src\share\vm\prims\jni.cpp, line 735]
Event: 11.637 Thread 0x0000000017f6e800 Exception <a 'java/net/ConnectException': Connection refused: connect> (0x00000000e1bb7678) thrown at [C:\re\workspace\8-2-build-windows-amd64-cygwin\jdk8u181\11358\hotspot\src\share\vm\prims\jni.cpp, line 735]
Event: 12.640 Thread 0x0000000017f6e800 Exception <a 'java/net/ConnectException': Connection refused: connect> (0x00000000e1bb8130) thrown at [C:\re\workspace\8-2-build-windows-amd64-cygwin\jdk8u181\11358\hotspot\src\share\vm\prims\jni.cpp, line 735]
Event: 12.741 Thread 0x0000000017f6e800 Exception <a 'java/lang/NullPointerException'> (0x00000000e188e7b8) thrown at [C:\re\workspace\8-2-build-windows-amd64-cygwin\jdk8u181\11358\hotspot\src\share\vm\interpreter\linkResolver.cpp, line 1185]
Event: 12.741 Thread 0x0000000017f6e800 Exception <a 'java/lang/NullPointerException'> (0x00000000e188e7b8) thrown at [C:\re\workspace\8-2-build-windows-amd64-cygwin\jdk8u181\11358\hotspot\src\share\vm\prims\jvm.cpp, line 1439]
Event: 12.741 Thread 0x0000000017f6e800 Exception <a 'java/lang/NullPointerException'> (0x00000000e188e7b8) thrown at [C:\re\workspace\8-2-build-windows-amd64-cygwin\jdk8u181\11358\hotspot\src\share\vm\prims\jvm.cpp, line 1439]
Event: 109.920 Thread 0x0000000017f6e800 Implicit null exception at 0x000000000377cab0 to 0x000000000377e4b9

Events (10 events):
Event: 488.571 loading class javax/swing/plaf/basic/BasicSplitPaneDivider
Event: 488.571 loading class javax/swing/plaf/basic/BasicSplitPaneDivider done
Event: 494.658 Thread 0x0000000017b40800 Thread added: 0x0000000017b40800
Event: 494.659 Thread 0x0000000017b41000 Thread added: 0x0000000017b41000
Event: 494.659 Thread 0x0000000017b44000 Thread added: 0x0000000017b44000
Event: 494.660 Thread 0x0000000017b40800 Thread exited: 0x0000000017b40800
Event: 494.661 Thread 0x0000000017b41000 Thread exited: 0x0000000017b41000
Event: 494.696 Thread 0x0000000017ec1800 Thread exited: 0x0000000017ec1800
Event: 494.763 Thread 0x0000000017b44000 Thread exited: 0x0000000017b44000
Event: 494.763 Executing VM operation: Exit


Dynamic libraries:
0x00007ff7a9540000 - 0x00007ff7a9577000 	C:\Program Files\Java\jdk1.8.0_181\jre\bin\java.exe
0x00007fffa0900000 - 0x00007fffa0ae1000 	C:\WINDOWS\SYSTEM32\ntdll.dll
0x00007fff9e050000 - 0x00007fff9e102000 	C:\WINDOWS\System32\KERNEL32.DLL
0x00007fff9cdd0000 - 0x00007fff9d043000 	C:\WINDOWS\System32\KERNELBASE.dll
0x00007fff9eb60000 - 0x00007fff9ec01000 	C:\WINDOWS\System32\ADVAPI32.dll
0x00007fffa0800000 - 0x00007fffa089e000 	C:\WINDOWS\System32\msvcrt.dll
0x00007fff9e5e0000 - 0x00007fff9e63b000 	C:\WINDOWS\System32\sechost.dll
0x00007fffa06d0000 - 0x00007fffa07f4000 	C:\WINDOWS\System32\RPCRT4.dll
0x00007fff9ec30000 - 0x00007fff9edc0000 	C:\WINDOWS\System32\USER32.dll
0x00007fff9dd70000 - 0x00007fff9dd90000 	C:\WINDOWS\System32\win32u.dll
0x00007fffa08a0000 - 0x00007fffa08c8000 	C:\WINDOWS\System32\GDI32.dll
0x00007fff9d240000 - 0x00007fff9d3d2000 	C:\WINDOWS\System32\gdi32full.dll
0x00007fff9cd30000 - 0x00007fff9cdcf000 	C:\WINDOWS\System32\msvcp_win.dll
0x00007fff9dc70000 - 0x00007fff9dd6a000 	C:\WINDOWS\System32\ucrtbase.dll
0x00007fff8db80000 - 0x00007fff8dde9000 	C:\WINDOWS\WinSxS\amd64_microsoft.windows.common-controls_6595b64144ccf1df_6.0.17134.345_none_fb429a5930656358\COMCTL32.dll
0x00007fff9e830000 - 0x00007fff9eb53000 	C:\WINDOWS\System32\combase.dll
0x00007fff9d3e0000 - 0x00007fff9d45a000 	C:\WINDOWS\System32\bcryptPrimitives.dll
0x00007fff9e200000 - 0x00007fff9e22d000 	C:\WINDOWS\System32\IMM32.DLL
0x000000005a350000 - 0x000000005a422000 	C:\Program Files\Java\jdk1.8.0_181\jre\bin\msvcr100.dll
0x000000005a430000 - 0x000000005acd2000 	C:\Program Files\Java\jdk1.8.0_181\jre\bin\server\jvm.dll
0x00007fff9e6a0000 - 0x00007fff9e6a8000 	C:\WINDOWS\System32\PSAPI.DLL
0x00007fff8f940000 - 0x00007fff8f949000 	C:\WINDOWS\SYSTEM32\WSOCK32.dll
0x00007fff9aea0000 - 0x00007fff9aec3000 	C:\WINDOWS\SYSTEM32\WINMM.dll
0x00007fff9f220000 - 0x00007fff9f28c000 	C:\WINDOWS\System32\WS2_32.dll
0x00007fff9ae70000 - 0x00007fff9ae9a000 	C:\WINDOWS\SYSTEM32\winmmbase.dll
0x00007fff9db70000 - 0x00007fff9dbb9000 	C:\WINDOWS\System32\cfgmgr32.dll
0x00007fff91a60000 - 0x00007fff91a6a000 	C:\WINDOWS\SYSTEM32\VERSION.dll
0x000000005a340000 - 0x000000005a34f000 	C:\Program Files\Java\jdk1.8.0_181\jre\bin\verify.dll
0x000000005a310000 - 0x000000005a339000 	C:\Program Files\Java\jdk1.8.0_181\jre\bin\java.dll
0x000000005a2f0000 - 0x000000005a306000 	C:\Program Files\Java\jdk1.8.0_181\jre\bin\zip.dll
0x00007fff9f290000 - 0x00007fffa06cf000 	C:\WINDOWS\System32\SHELL32.dll
0x00007fff9e400000 - 0x00007fff9e4a9000 	C:\WINDOWS\System32\shcore.dll
0x00007fff9d460000 - 0x00007fff9db6d000 	C:\WINDOWS\System32\windows.storage.dll
0x00007fff9e580000 - 0x00007fff9e5d1000 	C:\WINDOWS\System32\shlwapi.dll
0x00007fff9cc40000 - 0x00007fff9cc51000 	C:\WINDOWS\System32\kernel.appcore.dll
0x00007fff9cc60000 - 0x00007fff9cc7f000 	C:\WINDOWS\System32\profapi.dll
0x00007fff9cc80000 - 0x00007fff9cccc000 	C:\WINDOWS\System32\powrprof.dll
0x00007fff9cc10000 - 0x00007fff9cc1a000 	C:\WINDOWS\System32\FLTLIB.DLL
0x000000005a110000 - 0x000000005a2a9000 	C:\Program Files\Java\jdk1.8.0_181\jre\bin\awt.dll
0x00007fff9e4b0000 - 0x00007fff9e572000 	C:\WINDOWS\System32\OLEAUT32.dll
0x00007fff9af90000 - 0x00007fff9b01b000 	C:\WINDOWS\SYSTEM32\apphelp.dll
0x00007fff9b100000 - 0x00007fff9b198000 	C:\WINDOWS\system32\uxtheme.dll
0x00007fff9e6b0000 - 0x00007fff9e824000 	C:\WINDOWS\System32\MSCTF.dll
0x00007fff89f20000 - 0x00007fff89fab000 	C:\Program Files\NoPing Tunnel v15\iLdr64.dll
0x00007fff88ec0000 - 0x00007fff88f66000 	C:\WINDOWS\SYSTEM32\MSVCP120.dll
0x00007fff88dd0000 - 0x00007fff88ebf000 	C:\WINDOWS\SYSTEM32\MSVCR120.dll
0x00007fff9b3a0000 - 0x00007fff9b3c9000 	C:\WINDOWS\system32\dwmapi.dll
0x00007fff9e2a0000 - 0x00007fff9e3f1000 	C:\WINDOWS\System32\ole32.dll
0x00007fff78120000 - 0x00007fff7820e000 	C:\Program Files\NoPing Tunnel v15\ProxyIntercept64.dll
0x00007fff9c210000 - 0x00007fff9c248000 	C:\WINDOWS\SYSTEM32\IPHLPAPI.DLL
0x00007fff9c490000 - 0x00007fff9c4f6000 	C:\WINDOWS\system32\mswsock.dll
0x000000005a0c0000 - 0x000000005a107000 	C:\Program Files\Java\jdk1.8.0_181\jre\bin\fontmanager.dll
0x00007fff9e230000 - 0x00007fff9e238000 	C:\WINDOWS\System32\NSI.dll
0x00007fff8c080000 - 0x00007fff8c1a0000 	C:\WINDOWS\system32\opengl32.dll
0x00007fff94310000 - 0x00007fff9433c000 	C:\WINDOWS\SYSTEM32\GLU32.dll
0x000000005a2d0000 - 0x000000005a2ea000 	C:\Program Files\Java\jdk1.8.0_181\jre\bin\net.dll
0x000000005a2b0000 - 0x000000005a2c1000 	C:\Program Files\Java\jdk1.8.0_181\jre\bin\nio.dll
0x000000005a070000 - 0x000000005a0b2000 	C:\Program Files\Java\jdk1.8.0_181\jre\bin\t2k.dll
0x00007fff9dfb0000 - 0x00007fff9e050000 	C:\WINDOWS\System32\clbcatq.dll
0x00007fff97d50000 - 0x00007fff97efe000 	C:\WINDOWS\SYSTEM32\WindowsCodecs.dll
0x00007fff93f00000 - 0x00007fff93f97000 	C:\WINDOWS\System32\TextInputFramework.dll
0x00007fff97860000 - 0x00007fff97b7e000 	C:\WINDOWS\System32\CoreUIComponents.dll
0x00007fff9a590000 - 0x00007fff9a66a000 	C:\WINDOWS\System32\CoreMessaging.dll
0x00007fff9bd00000 - 0x00007fff9bd31000 	C:\WINDOWS\SYSTEM32\ntmarta.dll
0x00007fff98480000 - 0x00007fff985cd000 	C:\WINDOWS\SYSTEM32\wintypes.dll
0x000000005a030000 - 0x000000005a05a000 	C:\Program Files\Java\jdk1.8.0_181\jre\bin\dcpr.dll
0x000000005a060000 - 0x000000005a06d000 	C:\Program Files\Java\jdk1.8.0_181\jre\bin\management.dll
0x0000000018a30000 - 0x0000000018aee000 	C:\WINDOWS\SYSTEM32\DNSAPI.dll
0x00007fff92770000 - 0x00007fff9277a000 	C:\Windows\System32\rasadhlp.dll
0x00007fff94d90000 - 0x00007fff94e02000 	C:\WINDOWS\System32\fwpuclnt.dll
0x00007fff9c770000 - 0x00007fff9c795000 	C:\WINDOWS\SYSTEM32\bcrypt.dll
0x00007fff8f5d0000 - 0x00007fff8f799000 	C:\WINDOWS\SYSTEM32\dbghelp.dll

VM Arguments:
jvm_args: -Dfile.encoding=UTF-8 
java_command: projeto.vendas.view.GuiEmitir_nota_fiscal
java_class_path (initial): D:\TCC - Fatec 2018\PHappy-Vendas\ojdbc6_g.jar;C:\Program Files (x86)\NetBeans 8.2\java\modules\ext\beansbinding-1.2.1.jar;C:\Program Files (x86)\NetBeans 8.2\enterprise\modules\ext\jaxrs-2.0\javax.ws.rs-api-2.0.jar;C:\Program Files (x86)\NetBeans 8.2\enterprise\modules\ext\jersey2\ext\asm-all-repackaged-2.2.0-b21.jar;C:\Program Files (x86)\NetBeans 8.2\enterprise\modules\ext\jersey2\ext\cglib-2.2.0-b21.jar;C:\Program Files (x86)\NetBeans 8.2\enterprise\modules\ext\jersey2\ext\guava-14.0.1.jar;C:\Program Files (x86)\NetBeans 8.2\enterprise\modules\ext\jersey2\ext\hk2-api-2.2.0-b21.jar;C:\Program Files (x86)\NetBeans 8.2\enterprise\modules\ext\jersey2\ext\hk2-locator-2.2.0-b21.jar;C:\Program Files (x86)\NetBeans 8.2\enterprise\modules\ext\jersey2\ext\hk2-utils-2.2.0-b21.jar;C:\Program Files (x86)\NetBeans 8.2\enterprise\modules\ext\jersey2\ext\javax.annotation-api-1.2.jar;C:\Program Files (x86)\NetBeans 8.2\enterprise\modules\ext\jersey2\ext\javax.inject-2.2.0-b21.jar;C:\Program Files (x86)\NetBeans 8.2\enterprise\modules\ext\jersey2\ext\javax.servlet-api-3.0.1.jar;C:\Program Files (x86)\NetBeans 8.2\enterprise\modules\ext\jersey2\ext\jaxb-api-2.2.7.jar;C:\Program Files (x86)\NetBeans 8.2\enterprise\modules\ext\jersey2\ext\jersey-entity-filtering-2.5.1.jar;C:\Program Files (x86)\NetBeans 8.2\enterprise\modules\ext\jersey2\ext\jersey-media-moxy-2.5.1.jar;C:\Program Files (x86)\NetBeans 8.2\enterprise\modules\ext\jersey2\ext\org.osgi.core-4.2.0.jar;C:\Program Files (x86)\NetBeans 8.2\enterprise\modules\ext\jersey2\ext\osgi-resource-locator-1.0.1.jar;C:\Program Files (x86)\NetBeans 8.2\enterprise\modules\ext\jersey2\ext\persistence-api-1.0.jar;C:\Program Files (x86)\NetBeans 8.2\enterprise\modules\ext\jersey2\ext\validation-api-1.1.0.Final.jar;C:\Program Files (x86)\NetBeans 8.2\enterprise\modules\ext\jersey2\jersey-client.jar;C:\Program Files (x86)\NetBeans 8.2\enterprise\modules\ext\jersey2\jersey-common.jar;C:\Program Files (x86)\NetBeans
Launcher Type: SUN_STANDARD

Environment Variables:
JAVA_HOME=C:\Program Files (x86)\Java\jdk1.8.0_181
PATH=C:\WINDOWS\system32;C:\WINDOWS;C:\WINDOWS\System32\Wbem;C:\WINDOWS\System32\WindowsPowerShell\v1.0\;C:\Program Files\dotnet\;C:\WINDOWS\System32\OpenSSH\;C:\Users\ferna\AppData\Local\Microsoft\WindowsApps;
USERNAME=ferna
OS=Windows_NT
PROCESSOR_IDENTIFIER=Intel64 Family 6 Model 58 Stepping 9, GenuineIntel



---------------  S Y S T E M  ---------------

OS: Windows 10.0 , 64 bit Build 17134 (10.0.17134.1)

CPU:total 2 (initial active 2) (2 cores per cpu, 1 threads per core) family 6 model 58 stepping 9, cmov, cx8, fxsr, mmx, sse, sse2, sse3, ssse3, sse4.1, sse4.2, popcnt, clmul, erms, tsc, tscinvbit, tscinv

Memory: 4k page, physical 5989528k(1289420k free), swap 8149656k(1529900k free)

vm_info: Java HotSpot(TM) 64-Bit Server VM (25.181-b13) for windows-amd64 JRE (1.8.0_181-b13), built on Jul  7 2018 04:01:33 by "java_re" with MS VC++ 10.0 (VS2010)

time: Sun Nov 04 22:42:16 2018
elapsed time: 496 seconds (0d 0h 8m 16s)

