#
# A fatal error has been detected by the Java Runtime Environment:
#
#  Internal Error (0xc000000d), pid=11664, tid=0x0000000000003284
#
# JRE version: Java(TM) SE Runtime Environment (8.0_181-b13) (build 1.8.0_181-b13)
# Java VM: Java HotSpot(TM) 64-Bit Server VM (25.181-b13 mixed mode windows-amd64 compressed oops)
# Problematic frame:
# C  [ntdll.dll+0x108b60]
#
# Failed to write core dump. Minidumps are not enabled by default on client versions of Windows
#
# If you would like to submit a bug report, please visit:
#   http://bugreport.java.com/bugreport/crash.jsp
#

---------------  T H R E A D  ---------------

Current thread (0x0000000016156800):  VMThread [stack: 0x0000000016bd0000,0x0000000016cd0000] [id=12932]

siginfo: ExceptionCode=0xc000000d

Registers:
RAX=0x00007ffc9afe70e0, RBX=0xfffffffffffffffe, RCX=0x00006cb2ebe40a06, RDX=0x0000000072e54e7e
RSP=0x0000000016cce7e0, RBP=0x00007ffc7daa71bc, RSI=0x0000000000000000, RDI=0x0000000000000630
R8 =0x0000000072e54e7e, R9 =0x0000000016cce6d0, R10=0x0000000072e220da, R11=0x000000000000004b
R12=0x0000000000c2e670, R13=0x0000000000c7caa0, R14=0x0000000000c2e778, R15=0x0000000016cce958
RIP=0x00007ffc9b0a8b60, EFLAGS=0x0000000000000206

Top of Stack: (sp=0x0000000016cce7e0)
0x0000000016cce7e0:   0000000000000057 fffffffffffffffe
0x0000000016cce7f0:   0000000000000000 0000000000000630
0x0000000016cce800:   00000000c000000d 0000000000000000
0x0000000016cce810:   00007ffc9b0a8b60 0000000000000000
0x0000000016cce820:   0000000000000000 0000000000000000
0x0000000016cce830:   0000000000000000 0000000000000000
0x0000000016cce840:   0000000000000000 0000000000000000
0x0000000016cce850:   0000000000000000 0000000000000000
0x0000000016cce860:   0000000000000000 0000000000000000
0x0000000016cce870:   0000000000000000 0000000000000000
0x0000000016cce880:   0000000000000000 0000000000000000
0x0000000016cce890:   0000000000000000 00000000008a0000
0x0000000016cce8a0:   00006cb2ebe40fc6 00000000ffffffff
0x0000000016cce8b0:   0000000016cce9b0 00007ffc9b05731f
0x0000000016cce8c0:   00000000009d0000 0000000000000003
0x0000000016cce8d0:   0000000000003070 0000000000000000 

Instructions: (pc=0x00007ffc9b0a8b60)
0x00007ffc9b0a8b40:   7f f9 ff c7 44 24 20 0d 00 00 c0 b9 57 00 00 00
0x00007ffc9b0a8b50:   e8 4b e5 f3 ff 90 48 8d 4c 24 20 e8 50 c4 ef ff
0x00007ffc9b0a8b60:   eb 00 48 8b 8c 24 c0 00 00 00 48 33 cc e8 ce 1a
0x00007ffc9b0a8b70:   f8 ff 48 81 c4 d8 00 00 00 c3 40 55 48 83 ec 20 


Register to memory mapping:

RAX=0x00007ffc9afe70e0 is an unknown value
RBX=0xfffffffffffffffe is an unknown value
RCX=0x00006cb2ebe40a06 is an unknown value
RDX=0x0000000072e54e7e is an unknown value
RSP=0x0000000016cce7e0 is an unknown value
RBP=0x00007ffc7daa71bc is an unknown value
RSI=0x0000000000000000 is an unknown value
RDI=0x0000000000000630 is an unknown value
R8 =0x0000000072e54e7e is an unknown value
R9 =0x0000000016cce6d0 is an unknown value
R10=0x0000000072e220da is an unknown value
R11=0x000000000000004b is an unknown value
R12=0x0000000000c2e670 is an unknown value
R13=0x0000000000c7caa0 is an unknown value
R14=0x0000000000c2e778 is an unknown value
R15=0x0000000016cce958 is an unknown value


Stack: [0x0000000016bd0000,0x0000000016cd0000],  sp=0x0000000016cce7e0,  free space=1017k
Native frames: (J=compiled Java code, j=interpreted, Vv=VM code, C=native code)
C  [ntdll.dll+0x108b60]
C  [ntdll.dll+0xb731f]
C  [KERNEL32.DLL+0x1e36a]
C  [MSVCR120.dll+0x72e1]
C  [MSVCR120.dll+0x149d3]
C  [MSVCR120.dll+0x13c06]
C  [MSVCR120.dll+0x22da]
C  [MSVCR120.dll+0xae32]
C  [MSVCP120.dll+0x3cd49]
C  [ProxyIntercept64.dll+0x44eb4]
C  [ProxyIntercept64.dll+0x45066]
C  [ProxyIntercept64.dll+0x90df8]
C  [ProxyIntercept64.dll+0x96ee4]
C  [ProxyIntercept64.dll+0x96e92]
C  [ProxyIntercept64.dll+0x9227c]
C  [ProxyIntercept64.dll+0x1e7a9]
C  [ProxyIntercept64.dll+0x1e977]
C  [ProxyIntercept64.dll+0x28806]
C  [ProxyIntercept64.dll+0x2855a]
C  [ProxyIntercept64.dll+0x18528]
C  [ProxyIntercept64.dll+0x1a317]
C  [ProxyIntercept64.dll+0x18361]
C  [ProxyIntercept64.dll+0xa4bf0]
C  [ProxyIntercept64.dll+0x9a95c]
C  [ProxyIntercept64.dll+0x9abde]
C  [ntdll.dll+0x34063]
C  [ntdll.dll+0x40a15]
C  [ntdll.dll+0x408d8]
C  [KERNEL32.DLL+0x1b19a]
C  [msvcr100.dll+0x20ccd]
V  [jvm.dll+0x2139a5]
V  [jvm.dll+0x24cc27]
V  [jvm.dll+0x24bec6]
V  [jvm.dll+0x24c361]
V  [jvm.dll+0x24c57e]
V  [jvm.dll+0x29e64a]
C  [msvcr100.dll+0x21d9f]
C  [msvcr100.dll+0x21e3b]
C  [KERNEL32.DLL+0x13034]
C  [ntdll.dll+0x71471]

VM_Operation (0x00000000193cd200): Exit, mode: safepoint, requested by thread 0x0000000017fc1800


---------------  P R O C E S S  ---------------

Java Threads: ( => current thread )
  0x0000000018075800 JavaThread "TimerQueue" daemon [_thread_blocked, id=9040, stack(0x00000000196d0000,0x00000000197d0000)]
  0x0000000002c07000 JavaThread "DestroyJavaVM" [_thread_blocked, id=9896, stack(0x0000000002b00000,0x0000000002c00000)]
  0x0000000017fc1800 JavaThread "AWT-EventQueue-0" [_thread_blocked, id=11940, stack(0x00000000192d0000,0x00000000193d0000)]
  0x0000000017f62000 JavaThread "AWT-Shutdown" [_thread_blocked, id=7784, stack(0x0000000018a30000,0x0000000018b30000)]
  0x0000000017f5f800 JavaThread "Java2D Disposer" daemon [_thread_blocked, id=11648, stack(0x0000000018930000,0x0000000018a30000)]
  0x0000000016207800 JavaThread "Service Thread" daemon [_thread_blocked, id=11660, stack(0x00000000173e0000,0x00000000174e0000)]
  0x000000001619b000 JavaThread "C1 CompilerThread1" daemon [_thread_blocked, id=11492, stack(0x00000000172e0000,0x00000000173e0000)]
  0x0000000016194800 JavaThread "C2 CompilerThread0" daemon [_thread_blocked, id=6572, stack(0x00000000171e0000,0x00000000172e0000)]
  0x0000000016191000 JavaThread "Attach Listener" daemon [_thread_blocked, id=10252, stack(0x00000000170e0000,0x00000000171e0000)]
  0x000000001617e000 JavaThread "Finalizer" daemon [_thread_blocked, id=11652, stack(0x0000000016dd0000,0x0000000016ed0000)]
  0x0000000002cf6000 JavaThread "Reference Handler" daemon [_thread_blocked, id=2376, stack(0x0000000016cd0000,0x0000000016dd0000)]

Other Threads:
=>0x0000000016156800 VMThread [stack: 0x0000000016bd0000,0x0000000016cd0000] [id=12932]

VM state:at safepoint (shutting down)

VM Mutex/Monitor currently owned by a thread:  ([mutex/lock_event])
[0x00000000029de8f0] Threads_lock - owner thread: 0x0000000016156800

Heap:
 PSYoungGen      total 27648K, used 19456K [0x00000000e1800000, 0x00000000e3680000, 0x0000000100000000)
  eden space 24064K, 80% used [0x00000000e1800000,0x00000000e2b00350,0x00000000e2f80000)
  from space 3584K, 0% used [0x00000000e3300000,0x00000000e3300000,0x00000000e3680000)
  to   space 3584K, 0% used [0x00000000e2f80000,0x00000000e2f80000,0x00000000e3300000)
 ParOldGen       total 36352K, used 7645K [0x00000000a4800000, 0x00000000a6b80000, 0x00000000e1800000)
  object space 36352K, 21% used [0x00000000a4800000,0x00000000a4f774c0,0x00000000a6b80000)
 Metaspace       used 25311K, capacity 25578K, committed 25856K, reserved 1073152K
  class space    used 2693K, capacity 2783K, committed 2816K, reserved 1048576K

Card table byte_map: [0x00000000120c0000,0x00000000123a0000] byte_map_base: 0x0000000011b9c000

Marking Bits: (ParMarkBitMap*) 0x0000000073702d00
 Begin Bits: [0x0000000012790000, 0x0000000013e70000)
 End Bits:   [0x0000000013e70000, 0x0000000015550000)

Polling page: 0x0000000001030000

CodeCache: size=245760Kb used=8138Kb max_used=8151Kb free=237621Kb
 bounds [0x0000000002d00000, 0x0000000003500000, 0x0000000011d00000]
 total_blobs=2895 nmethods=2285 adapters=521
 compilation: enabled

Compilation events (10 events):
Event: 54.103 Thread 0x000000001619b000 2380       3       javax.swing.Timer::isRunning (9 bytes)
Event: 54.104 Thread 0x000000001619b000 nmethod 2380 0x00000000034fbe10 code [0x00000000034fbf80, 0x00000000034fc1b8]
Event: 56.504 Thread 0x000000001619b000 2381       3       java.util.concurrent.locks.AbstractQueuedSynchronizer$ConditionObject::signal (33 bytes)
Event: 56.505 Thread 0x000000001619b000 nmethod 2381 0x00000000034fb7d0 code [0x00000000034fb960, 0x00000000034fbcc8]
Event: 70.338 Thread 0x000000001619b000 2382       1       java.util.Locale$LocaleKey::hashCode (5 bytes)
Event: 70.338 Thread 0x000000001619b000 nmethod 2382 0x00000000034fb510 code [0x00000000034fb660, 0x00000000034fb770]
Event: 74.705 Thread 0x000000001619b000 2383       3       java.util.logging.LogManager$LoggerContext::ensureDefaultLogger (70 bytes)
Event: 74.705 Thread 0x000000001619b000 nmethod 2383 0x0000000002f59110 code [0x0000000002f592c0, 0x0000000002f59b48]
Event: 74.706 Thread 0x000000001619b000 2384  s    3       java.util.Hashtable::containsKey (65 bytes)
Event: 74.707 Thread 0x000000001619b000 nmethod 2384 0x0000000002e0ffd0 code [0x0000000002e10160, 0x0000000002e10798]

GC Heap History (6 events):
Event: 1.937 GC heap before
{Heap before GC invocations=1 (full 0):
 PSYoungGen      total 27648K, used 24064K [0x00000000e1800000, 0x00000000e3680000, 0x0000000100000000)
  eden space 24064K, 100% used [0x00000000e1800000,0x00000000e2f80000,0x00000000e2f80000)
  from space 3584K, 0% used [0x00000000e3300000,0x00000000e3300000,0x00000000e3680000)
  to   space 3584K, 0% used [0x00000000e2f80000,0x00000000e2f80000,0x00000000e3300000)
 ParOldGen       total 62976K, used 0K [0x00000000a4800000, 0x00000000a8580000, 0x00000000e1800000)
  object space 62976K, 0% used [0x00000000a4800000,0x00000000a4800000,0x00000000a8580000)
 Metaspace       used 13715K, capacity 13944K, committed 14080K, reserved 1060864K
  class space    used 1626K, capacity 1706K, committed 1792K, reserved 1048576K
Event: 1.945 GC heap after
Heap after GC invocations=1 (full 0):
 PSYoungGen      total 27648K, used 3570K [0x00000000e1800000, 0x00000000e3680000, 0x0000000100000000)
  eden space 24064K, 0% used [0x00000000e1800000,0x00000000e1800000,0x00000000e2f80000)
  from space 3584K, 99% used [0x00000000e2f80000,0x00000000e32fca00,0x00000000e3300000)
  to   space 3584K, 0% used [0x00000000e3300000,0x00000000e3300000,0x00000000e3680000)
 ParOldGen       total 62976K, used 1213K [0x00000000a4800000, 0x00000000a8580000, 0x00000000e1800000)
  object space 62976K, 1% used [0x00000000a4800000,0x00000000a492f4a0,0x00000000a8580000)
 Metaspace       used 13715K, capacity 13944K, committed 14080K, reserved 1060864K
  class space    used 1626K, capacity 1706K, committed 1792K, reserved 1048576K
}
Event: 11.092 GC heap before
{Heap before GC invocations=2 (full 0):
 PSYoungGen      total 27648K, used 21711K [0x00000000e1800000, 0x00000000e3680000, 0x0000000100000000)
  eden space 24064K, 75% used [0x00000000e1800000,0x00000000e29b7598,0x00000000e2f80000)
  from space 3584K, 99% used [0x00000000e2f80000,0x00000000e32fca00,0x00000000e3300000)
  to   space 3584K, 0% used [0x00000000e3300000,0x00000000e3300000,0x00000000e3680000)
 ParOldGen       total 62976K, used 1213K [0x00000000a4800000, 0x00000000a8580000, 0x00000000e1800000)
  object space 62976K, 1% used [0x00000000a4800000,0x00000000a492f4a0,0x00000000a8580000)
 Metaspace       used 20959K, capacity 21112K, committed 21248K, reserved 1069056K
  class space    used 2145K, capacity 2218K, committed 2304K, reserved 1048576K
Event: 11.102 GC heap after
Heap after GC invocations=2 (full 0):
 PSYoungGen      total 27648K, used 3556K [0x00000000e1800000, 0x00000000e3680000, 0x0000000100000000)
  eden space 24064K, 0% used [0x00000000e1800000,0x00000000e1800000,0x00000000e2f80000)
  from space 3584K, 99% used [0x00000000e3300000,0x00000000e3679188,0x00000000e3680000)
  to   space 3584K, 0% used [0x00000000e2f80000,0x00000000e2f80000,0x00000000e3300000)
 ParOldGen       total 62976K, used 4910K [0x00000000a4800000, 0x00000000a8580000, 0x00000000e1800000)
  object space 62976K, 7% used [0x00000000a4800000,0x00000000a4ccb820,0x00000000a8580000)
 Metaspace       used 20959K, capacity 21112K, committed 21248K, reserved 1069056K
  class space    used 2145K, capacity 2218K, committed 2304K, reserved 1048576K
}
Event: 11.102 GC heap before
{Heap before GC invocations=3 (full 1):
 PSYoungGen      total 27648K, used 3556K [0x00000000e1800000, 0x00000000e3680000, 0x0000000100000000)
  eden space 24064K, 0% used [0x00000000e1800000,0x00000000e1800000,0x00000000e2f80000)
  from space 3584K, 99% used [0x00000000e3300000,0x00000000e3679188,0x00000000e3680000)
  to   space 3584K, 0% used [0x00000000e2f80000,0x00000000e2f80000,0x00000000e3300000)
 ParOldGen       total 62976K, used 4910K [0x00000000a4800000, 0x00000000a8580000, 0x00000000e1800000)
  object space 62976K, 7% used [0x00000000a4800000,0x00000000a4ccb820,0x00000000a8580000)
 Metaspace       used 20959K, capacity 21112K, committed 21248K, reserved 1069056K
  class space    used 2145K, capacity 2218K, committed 2304K, reserved 1048576K
Event: 11.136 GC heap after
Heap after GC invocations=3 (full 1):
 PSYoungGen      total 27648K, used 0K [0x00000000e1800000, 0x00000000e3680000, 0x0000000100000000)
  eden space 24064K, 0% used [0x00000000e1800000,0x00000000e1800000,0x00000000e2f80000)
  from space 3584K, 0% used [0x00000000e3300000,0x00000000e3300000,0x00000000e3680000)
  to   space 3584K, 0% used [0x00000000e2f80000,0x00000000e2f80000,0x00000000e3300000)
 ParOldGen       total 36352K, used 7645K [0x00000000a4800000, 0x00000000a6b80000, 0x00000000e1800000)
  object space 36352K, 21% used [0x00000000a4800000,0x00000000a4f774c0,0x00000000a6b80000)
 Metaspace       used 20959K, capacity 21112K, committed 21248K, reserved 1069056K
  class space    used 2145K, capacity 2218K, committed 2304K, reserved 1048576K
}

Deoptimization events (10 events):
Event: 1.735 Thread 0x0000000017fc1800 Uncommon trap: reason=class_check action=maybe_recompile pc=0x0000000002fcbcfc method=java.util.HashMap.putVal(ILjava/lang/Object;Ljava/lang/Object;ZZ)Ljava/lang/Object; @ 203
Event: 1.735 Thread 0x0000000017fc1800 Uncommon trap: reason=class_check action=maybe_recompile pc=0x0000000002fcbcfc method=java.util.HashMap.putVal(ILjava/lang/Object;Ljava/lang/Object;ZZ)Ljava/lang/Object; @ 203
Event: 1.804 Thread 0x0000000017fc1800 Uncommon trap: reason=unstable_if action=reinterpret pc=0x0000000003021f24 method=java.io.BufferedReader.read()I @ 19
Event: 12.520 Thread 0x0000000017fc1800 Uncommon trap: reason=class_check action=maybe_recompile pc=0x0000000002e81520 method=java.lang.String.equals(Ljava/lang/Object;)Z @ 8
Event: 12.520 Thread 0x0000000017fc1800 Uncommon trap: reason=class_check action=maybe_recompile pc=0x0000000002e81520 method=java.lang.String.equals(Ljava/lang/Object;)Z @ 8
Event: 12.520 Thread 0x0000000017fc1800 Uncommon trap: reason=class_check action=maybe_recompile pc=0x0000000002e81520 method=java.lang.String.equals(Ljava/lang/Object;)Z @ 8
Event: 15.344 Thread 0x0000000017fc1800 Uncommon trap: reason=class_check action=maybe_recompile pc=0x0000000002e81520 method=java.lang.String.equals(Ljava/lang/Object;)Z @ 8
Event: 16.673 Thread 0x0000000017fc1800 Uncommon trap: reason=bimorphic action=maybe_recompile pc=0x00000000032cd7c8 method=javax.swing.UIDefaults.getFromHashtable(Ljava/lang/Object;)Ljava/lang/Object; @ 126
Event: 16.674 Thread 0x0000000017fc1800 Uncommon trap: reason=bimorphic action=maybe_recompile pc=0x00000000032cd7c8 method=javax.swing.UIDefaults.getFromHashtable(Ljava/lang/Object;)Ljava/lang/Object; @ 126
Event: 28.243 Thread 0x0000000017fc1800 Uncommon trap: reason=bimorphic action=maybe_recompile pc=0x00000000032cd7c8 method=javax.swing.UIDefaults.getFromHashtable(Ljava/lang/Object;)Ljava/lang/Object; @ 126

Classes redefined (0 events):
No events

Internal exceptions (10 events):
Event: 0.676 Thread 0x0000000017fc1800 Implicit null exception at 0x0000000002f0a1d4 to 0x0000000002f0a591
Event: 1.725 Thread 0x0000000017fc1800 Exception <a 'java/lang/ArrayIndexOutOfBoundsException'> (0x00000000e2c076e8) thrown at [C:\re\workspace\8-2-build-windows-amd64-cygwin\jdk8u181\11358\hotspot\src\share\vm\runtime\sharedRuntime.cpp, line 605]
Event: 1.726 Thread 0x0000000017fc1800 Exception <a 'java/lang/ArrayIndexOutOfBoundsException'> (0x00000000e2c08648) thrown at [C:\re\workspace\8-2-build-windows-amd64-cygwin\jdk8u181\11358\hotspot\src\share\vm\runtime\sharedRuntime.cpp, line 605]
Event: 1.726 Thread 0x0000000017fc1800 Exception <a 'java/lang/ArrayIndexOutOfBoundsException'> (0x00000000e2c097e8) thrown at [C:\re\workspace\8-2-build-windows-amd64-cygwin\jdk8u181\11358\hotspot\src\share\vm\runtime\sharedRuntime.cpp, line 605]
Event: 1.727 Thread 0x0000000017fc1800 Exception <a 'java/lang/ArrayIndexOutOfBoundsException'> (0x00000000e2c0b230) thrown at [C:\re\workspace\8-2-build-windows-amd64-cygwin\jdk8u181\11358\hotspot\src\share\vm\runtime\sharedRuntime.cpp, line 605]
Event: 1.745 Thread 0x0000000017fc1800 Exception <a 'java/lang/ArrayIndexOutOfBoundsException'> (0x00000000e2c31740) thrown at [C:\re\workspace\8-2-build-windows-amd64-cygwin\jdk8u181\11358\hotspot\src\share\vm\runtime\sharedRuntime.cpp, line 605]
Event: 1.745 Thread 0x0000000017fc1800 Exception <a 'java/lang/ArrayIndexOutOfBoundsException'> (0x00000000e2c32b90) thrown at [C:\re\workspace\8-2-build-windows-amd64-cygwin\jdk8u181\11358\hotspot\src\share\vm\runtime\sharedRuntime.cpp, line 605]
Event: 1.746 Thread 0x0000000017fc1800 Exception <a 'java/lang/ArrayIndexOutOfBoundsException'> (0x00000000e2c34660) thrown at [C:\re\workspace\8-2-build-windows-amd64-cygwin\jdk8u181\11358\hotspot\src\share\vm\runtime\sharedRuntime.cpp, line 605]
Event: 1.762 Thread 0x0000000017fc1800 Exception <a 'java/lang/ArrayIndexOutOfBoundsException'> (0x00000000e2c5ab00) thrown at [C:\re\workspace\8-2-build-windows-amd64-cygwin\jdk8u181\11358\hotspot\src\share\vm\runtime\sharedRuntime.cpp, line 605]
Event: 1.767 Thread 0x0000000017fc1800 Exception <a 'java/lang/ArrayIndexOutOfBoundsException'> (0x00000000e2c68c20) thrown at [C:\re\workspace\8-2-build-windows-amd64-cygwin\jdk8u181\11358\hotspot\src\share\vm\runtime\sharedRuntime.cpp, line 605]

Events (10 events):
Event: 74.705 Thread 0x0000000017f63000 Thread exited: 0x0000000017f63000
Event: 74.705 Thread 0x000000001619b000 flushing nmethod 0x0000000002e0bdd0
Event: 74.705 Thread 0x000000001619b000 flushing nmethod 0x0000000002e0cad0
Event: 74.705 Thread 0x000000001619b000 flushing nmethod 0x0000000002e0ffd0
Event: 74.706 Thread 0x000000001797b000 Thread exited: 0x000000001797b000
Event: 74.706 Thread 0x000000001797b800 Thread exited: 0x000000001797b800
Event: 74.707 Thread 0x000000001619b000 flushing nmethod 0x0000000002e83710
Event: 74.802 Thread 0x000000001ac9a000 Thread exited: 0x000000001ac9a000
Event: 74.802 Thread 0x000000001618e000 Thread exited: 0x000000001618e000
Event: 74.802 Executing VM operation: Exit


Dynamic libraries:
0x00007ff694920000 - 0x00007ff694957000 	C:\Program Files\Java\jdk1.8.0_181\jre\bin\java.exe
0x00007ffc9afa0000 - 0x00007ffc9b181000 	C:\WINDOWS\SYSTEM32\ntdll.dll
0x00007ffc9aa50000 - 0x00007ffc9ab02000 	C:\WINDOWS\System32\KERNEL32.DLL
0x00007ffc97900000 - 0x00007ffc97b73000 	C:\WINDOWS\System32\KERNELBASE.dll
0x00007ffc9a550000 - 0x00007ffc9a5f1000 	C:\WINDOWS\System32\ADVAPI32.dll
0x00007ffc984a0000 - 0x00007ffc9853e000 	C:\WINDOWS\System32\msvcrt.dll
0x00007ffc9ab40000 - 0x00007ffc9ab9b000 	C:\WINDOWS\System32\sechost.dll
0x00007ffc9ad40000 - 0x00007ffc9ae64000 	C:\WINDOWS\System32\RPCRT4.dll
0x00007ffc98760000 - 0x00007ffc988f0000 	C:\WINDOWS\System32\USER32.dll
0x00007ffc97780000 - 0x00007ffc977a0000 	C:\WINDOWS\System32\win32u.dll
0x00007ffc9af40000 - 0x00007ffc9af68000 	C:\WINDOWS\System32\GDI32.dll
0x00007ffc98290000 - 0x00007ffc98422000 	C:\WINDOWS\System32\gdi32full.dll
0x00007ffc97420000 - 0x00007ffc974bf000 	C:\WINDOWS\System32\msvcp_win.dll
0x00007ffc977a0000 - 0x00007ffc9789a000 	C:\WINDOWS\System32\ucrtbase.dll
0x00007ffc87790000 - 0x00007ffc879f9000 	C:\WINDOWS\WinSxS\amd64_microsoft.windows.common-controls_6595b64144ccf1df_6.0.17134.407_none_fb449d63306391e9\COMCTL32.dll
0x00007ffc98b70000 - 0x00007ffc98e92000 	C:\WINDOWS\System32\combase.dll
0x00007ffc974c0000 - 0x00007ffc9753a000 	C:\WINDOWS\System32\bcryptPrimitives.dll
0x00007ffc9ab10000 - 0x00007ffc9ab3d000 	C:\WINDOWS\System32\IMM32.DLL
0x0000000072e00000 - 0x0000000072ed2000 	C:\Program Files\Java\jdk1.8.0_181\jre\bin\msvcr100.dll
0x0000000072ee0000 - 0x0000000073782000 	C:\Program Files\Java\jdk1.8.0_181\jre\bin\server\jvm.dll
0x00007ffc9a3b0000 - 0x00007ffc9a3b8000 	C:\WINDOWS\System32\PSAPI.DLL
0x00007ffc8a880000 - 0x00007ffc8a889000 	C:\WINDOWS\SYSTEM32\WSOCK32.dll
0x00007ffc98ea0000 - 0x00007ffc98f0c000 	C:\WINDOWS\System32\WS2_32.dll
0x00007ffc94150000 - 0x00007ffc94173000 	C:\WINDOWS\SYSTEM32\WINMM.dll
0x00007ffc8b7a0000 - 0x00007ffc8b7aa000 	C:\WINDOWS\SYSTEM32\VERSION.dll
0x00007ffc94120000 - 0x00007ffc9414a000 	C:\WINDOWS\SYSTEM32\WINMMBASE.dll
0x00007ffc97730000 - 0x00007ffc97779000 	C:\WINDOWS\System32\cfgmgr32.dll
0x0000000072db0000 - 0x0000000072dbf000 	C:\Program Files\Java\jdk1.8.0_181\jre\bin\verify.dll
0x0000000072d80000 - 0x0000000072da9000 	C:\Program Files\Java\jdk1.8.0_181\jre\bin\java.dll
0x0000000072d60000 - 0x0000000072d76000 	C:\Program Files\Java\jdk1.8.0_181\jre\bin\zip.dll
0x00007ffc98f70000 - 0x00007ffc9a3af000 	C:\WINDOWS\System32\SHELL32.dll
0x00007ffc986b0000 - 0x00007ffc98759000 	C:\WINDOWS\System32\shcore.dll
0x00007ffc97b80000 - 0x00007ffc9828d000 	C:\WINDOWS\System32\windows.storage.dll
0x00007ffc98f10000 - 0x00007ffc98f61000 	C:\WINDOWS\System32\shlwapi.dll
0x00007ffc972b0000 - 0x00007ffc972c1000 	C:\WINDOWS\System32\kernel.appcore.dll
0x00007ffc972e0000 - 0x00007ffc972ff000 	C:\WINDOWS\System32\profapi.dll
0x00007ffc97320000 - 0x00007ffc9736c000 	C:\WINDOWS\System32\powrprof.dll
0x00007ffc972d0000 - 0x00007ffc972da000 	C:\WINDOWS\System32\FLTLIB.DLL
0x0000000072b80000 - 0x0000000072d19000 	C:\Program Files\Java\jdk1.8.0_181\jre\bin\awt.dll
0x00007ffc9ae70000 - 0x00007ffc9af32000 	C:\WINDOWS\System32\OLEAUT32.dll
0x00007ffc95700000 - 0x00007ffc9578b000 	C:\WINDOWS\SYSTEM32\apphelp.dll
0x00007ffc7c150000 - 0x00007ffc7c23e000 	C:\Program Files\NoPing Tunnel v15\ProxyIntercept64.dll
0x00007ffc7d9f0000 - 0x00007ffc7da96000 	C:\WINDOWS\SYSTEM32\MSVCP120.dll
0x00007ffc7daa0000 - 0x00007ffc7db8f000 	C:\WINDOWS\SYSTEM32\MSVCR120.dll
0x00007ffc96850000 - 0x00007ffc96888000 	C:\WINDOWS\SYSTEM32\IPHLPAPI.DLL
0x00007ffc96ad0000 - 0x00007ffc96b36000 	C:\WINDOWS\system32\mswsock.dll
0x00007ffc98540000 - 0x00007ffc98548000 	C:\WINDOWS\System32\NSI.dll
0x00007ffc95960000 - 0x00007ffc959f8000 	C:\WINDOWS\system32\uxtheme.dll
0x00007ffc98950000 - 0x00007ffc98ac3000 	C:\WINDOWS\System32\MSCTF.dll
0x00007ffc7ed70000 - 0x00007ffc7edfb000 	C:\Program Files\NoPing Tunnel v15\iLdr64.dll
0x00007ffc95a40000 - 0x00007ffc95a69000 	C:\WINDOWS\system32\dwmapi.dll
0x00007ffc98550000 - 0x00007ffc986a1000 	C:\WINDOWS\System32\ole32.dll
0x00007ffc848c0000 - 0x00007ffc849e0000 	C:\WINDOWS\system32\opengl32.dll
0x00007ffc84c70000 - 0x00007ffc84c9c000 	C:\WINDOWS\SYSTEM32\GLU32.dll
0x0000000072b30000 - 0x0000000072b77000 	C:\Program Files\Java\jdk1.8.0_181\jre\bin\fontmanager.dll
0x0000000072d40000 - 0x0000000072d5a000 	C:\Program Files\Java\jdk1.8.0_181\jre\bin\net.dll
0x0000000072d20000 - 0x0000000072d31000 	C:\Program Files\Java\jdk1.8.0_181\jre\bin\nio.dll
0x0000000072ae0000 - 0x0000000072b22000 	C:\Program Files\Java\jdk1.8.0_181\jre\bin\t2k.dll
0x00007ffc98ad0000 - 0x00007ffc98b70000 	C:\WINDOWS\System32\clbcatq.dll
0x00007ffc92ac0000 - 0x00007ffc92c6e000 	C:\WINDOWS\SYSTEM32\WindowsCodecs.dll
0x00007ffc8dbe0000 - 0x00007ffc8dc76000 	C:\WINDOWS\System32\TextInputFramework.dll
0x00007ffc925a0000 - 0x00007ffc928be000 	C:\WINDOWS\System32\CoreUIComponents.dll
0x00007ffc951c0000 - 0x00007ffc9529a000 	C:\WINDOWS\System32\CoreMessaging.dll
0x00007ffc963a0000 - 0x00007ffc963d1000 	C:\WINDOWS\SYSTEM32\ntmarta.dll
0x00007ffc92450000 - 0x00007ffc9259d000 	C:\WINDOWS\SYSTEM32\wintypes.dll
0x0000000072ad0000 - 0x0000000072add000 	C:\Program Files\Java\jdk1.8.0_181\jre\bin\management.dll
0x0000000018c30000 - 0x0000000018cee000 	C:\WINDOWS\SYSTEM32\DNSAPI.dll
0x00007ffc8e850000 - 0x00007ffc8e85a000 	C:\Windows\System32\rasadhlp.dll
0x00007ffc8eee0000 - 0x00007ffc8ef52000 	C:\WINDOWS\System32\fwpuclnt.dll
0x00007ffc96db0000 - 0x00007ffc96dd5000 	C:\WINDOWS\SYSTEM32\bcrypt.dll
0x00007ffc96c80000 - 0x00007ffc96c97000 	C:\WINDOWS\SYSTEM32\CRYPTSP.dll
0x00007ffc966b0000 - 0x00007ffc966e3000 	C:\WINDOWS\system32\rsaenh.dll
0x00007ffc971b0000 - 0x00007ffc971d8000 	C:\WINDOWS\SYSTEM32\USERENV.dll
0x00007ffc96ca0000 - 0x00007ffc96cab000 	C:\WINDOWS\SYSTEM32\CRYPTBASE.dll
0x00007ffc902b0000 - 0x00007ffc902c6000 	C:\WINDOWS\SYSTEM32\dhcpcsvc6.DLL
0x00007ffc90290000 - 0x00007ffc902aa000 	C:\WINDOWS\SYSTEM32\dhcpcsvc.DLL
0x00007ffc886f0000 - 0x00007ffc88706000 	C:\WINDOWS\system32\napinsp.dll
0x00007ffc886d0000 - 0x00007ffc886ea000 	C:\WINDOWS\system32\pnrpnsp.dll
0x00007ffc93b10000 - 0x00007ffc93b29000 	C:\WINDOWS\system32\NLAapi.dll
0x00007ffc88690000 - 0x00007ffc8869e000 	C:\WINDOWS\System32\winrnr.dll
0x00007ffc8a550000 - 0x00007ffc8a719000 	C:\WINDOWS\SYSTEM32\dbghelp.dll

VM Arguments:
jvm_args: -Dfile.encoding=UTF-8 
java_command: projeto.vendas.view.GuiLogin
java_class_path (initial): D:\TCC - Fatec 2018\PHappy-Vendas\ojdbc6_g.jar;C:\Program Files (x86)\NetBeans 8.2\java\modules\ext\beansbinding-1.2.1.jar;C:\Program Files (x86)\NetBeans 8.2\enterprise\modules\ext\jaxrs-2.0\javax.ws.rs-api-2.0.jar;C:\Program Files (x86)\NetBeans 8.2\enterprise\modules\ext\jersey2\ext\asm-all-repackaged-2.2.0-b21.jar;C:\Program Files (x86)\NetBeans 8.2\enterprise\modules\ext\jersey2\ext\cglib-2.2.0-b21.jar;C:\Program Files (x86)\NetBeans 8.2\enterprise\modules\ext\jersey2\ext\guava-14.0.1.jar;C:\Program Files (x86)\NetBeans 8.2\enterprise\modules\ext\jersey2\ext\hk2-api-2.2.0-b21.jar;C:\Program Files (x86)\NetBeans 8.2\enterprise\modules\ext\jersey2\ext\hk2-locator-2.2.0-b21.jar;C:\Program Files (x86)\NetBeans 8.2\enterprise\modules\ext\jersey2\ext\hk2-utils-2.2.0-b21.jar;C:\Program Files (x86)\NetBeans 8.2\enterprise\modules\ext\jersey2\ext\javax.annotation-api-1.2.jar;C:\Program Files (x86)\NetBeans 8.2\enterprise\modules\ext\jersey2\ext\javax.inject-2.2.0-b21.jar;C:\Program Files (x86)\NetBeans 8.2\enterprise\modules\ext\jersey2\ext\javax.servlet-api-3.0.1.jar;C:\Program Files (x86)\NetBeans 8.2\enterprise\modules\ext\jersey2\ext\jaxb-api-2.2.7.jar;C:\Program Files (x86)\NetBeans 8.2\enterprise\modules\ext\jersey2\ext\jersey-entity-filtering-2.5.1.jar;C:\Program Files (x86)\NetBeans 8.2\enterprise\modules\ext\jersey2\ext\jersey-media-moxy-2.5.1.jar;C:\Program Files (x86)\NetBeans 8.2\enterprise\modules\ext\jersey2\ext\org.osgi.core-4.2.0.jar;C:\Program Files (x86)\NetBeans 8.2\enterprise\modules\ext\jersey2\ext\osgi-resource-locator-1.0.1.jar;C:\Program Files (x86)\NetBeans 8.2\enterprise\modules\ext\jersey2\ext\persistence-api-1.0.jar;C:\Program Files (x86)\NetBeans 8.2\enterprise\modules\ext\jersey2\ext\validation-api-1.1.0.Final.jar;C:\Program Files (x86)\NetBeans 8.2\enterprise\modules\ext\jersey2\jersey-client.jar;C:\Program Files (x86)\NetBeans 8.2\enterprise\modules\ext\jersey2\jersey-common.jar;C:\Program Files (x86)\NetBeans
Launcher Type: SUN_STANDARD

Environment Variables:
JAVA_HOME=C:\Program Files (x86)\Java\jdk1.8.0_181
PATH=C:\WINDOWS\system32;C:\WINDOWS;C:\WINDOWS\System32\Wbem;C:\WINDOWS\System32\WindowsPowerShell\v1.0\;C:\Program Files\dotnet\;C:\WINDOWS\System32\OpenSSH\;C:\Users\ferna\AppData\Local\Microsoft\WindowsApps;
USERNAME=Fernando
OS=Windows_NT
PROCESSOR_IDENTIFIER=Intel64 Family 6 Model 58 Stepping 9, GenuineIntel



---------------  S Y S T E M  ---------------

OS: Windows 10.0 , 64 bit Build 17134 (10.0.17134.1)

CPU:total 2 (initial active 2) (2 cores per cpu, 1 threads per core) family 6 model 58 stepping 9, cmov, cx8, fxsr, mmx, sse, sse2, sse3, ssse3, sse4.1, sse4.2, popcnt, clmul, erms, tsc, tscinvbit, tscinv

Memory: 4k page, physical 5989528k(1336688k free), swap 8220328k(2014416k free)

vm_info: Java HotSpot(TM) 64-Bit Server VM (25.181-b13) for windows-amd64 JRE (1.8.0_181-b13), built on Jul  7 2018 04:01:33 by "java_re" with MS VC++ 10.0 (VS2010)

time: Sat Nov 24 22:58:11 2018
elapsed time: 76 seconds (0d 0h 1m 16s)

