#
# A fatal error has been detected by the Java Runtime Environment:
#
#  Internal Error (0xc000000d), pid=6780, tid=0x0000000000000710
#
# JRE version: Java(TM) SE Runtime Environment (8.0_181-b13) (build 1.8.0_181-b13)
# Java VM: Java HotSpot(TM) 64-Bit Server VM (25.181-b13 mixed mode windows-amd64 compressed oops)
# Problematic frame:
# C  [ntdll.dll+0x108b60]
#
# Failed to write core dump. Minidumps are not enabled by default on client versions of Windows
#
# If you would like to submit a bug report, please visit:
#   http://bugreport.java.com/bugreport/crash.jsp
#

---------------  T H R E A D  ---------------

Current thread (0x00000000168d6800):  VMThread [stack: 0x0000000017350000,0x0000000017450000] [id=1808]

siginfo: ExceptionCode=0xc000000d

Registers:
RAX=0x000000006a6a20da, RBX=0xfffffffffffffffe, RCX=0x000000000000004b, RDX=0x000000006a6bd79a
RSP=0x000000001744e580, RBP=0x00007ffe677871bc, RSI=0x0000000000000000, RDI=0x00000000000005fc
R8 =0x0000000003221cb0, R9 =0x0000000000008000, R10=0x00000000ffffff00, R11=0x000000001744e309
R12=0x000000000147c280, R13=0x00000000014cacc0, R14=0x000000000147c388, R15=0x000000001744e6f8
RIP=0x00007ffe8ee68b60, EFLAGS=0x0000000000000202

Top of Stack: (sp=0x000000001744e580)
0x000000001744e580:   0000000000000057 fffffffffffffffe
0x000000001744e590:   0000000000000000 00000000000005fc
0x000000001744e5a0:   00000000c000000d 0000000000000000
0x000000001744e5b0:   00007ffe8ee68b60 0000000000000000
0x000000001744e5c0:   0000000000000000 0000000000000000
0x000000001744e5d0:   0000000000000000 0000000000000000
0x000000001744e5e0:   0000000000000000 0000000000000000
0x000000001744e5f0:   0000000000000000 0000000000000000
0x000000001744e600:   0000000000000000 0000000000000000
0x000000001744e610:   0000000000000000 0000000000000000
0x000000001744e620:   0000000000000000 0000000000000000
0x000000001744e630:   0000000000000000 0000000000f60000
0x000000001744e640:   0000588b0af0b05a 00000000ffffffff
0x000000001744e650:   000000001744e750 00007ffe8ee1731f
0x000000001744e660:   0000000000f90000 0000000000000003
0x000000001744e670:   0000000000003070 0000000000000000 

Instructions: (pc=0x00007ffe8ee68b60)
0x00007ffe8ee68b40:   7f f9 ff c7 44 24 20 0d 00 00 c0 b9 57 00 00 00
0x00007ffe8ee68b50:   e8 4b e5 f3 ff 90 48 8d 4c 24 20 e8 50 c4 ef ff
0x00007ffe8ee68b60:   eb 00 48 8b 8c 24 c0 00 00 00 48 33 cc e8 ce 1a
0x00007ffe8ee68b70:   f8 ff 48 81 c4 d8 00 00 00 c3 40 55 48 83 ec 20 


Register to memory mapping:

RAX=0x000000006a6a20da is an unknown value
RBX=0xfffffffffffffffe is an unknown value
RCX=0x000000000000004b is an unknown value
RDX=0x000000006a6bd79a is an unknown value
RSP=0x000000001744e580 is an unknown value
RBP=0x00007ffe677871bc is an unknown value
RSI=0x0000000000000000 is an unknown value
RDI=0x00000000000005fc is an unknown value
R8 =0x0000000003221cb0 is an unknown value
R9 =0x0000000000008000 is an unknown value
R10=0x00000000ffffff00 is an unallocated location in the heap
R11=0x000000001744e309 is an unknown value
R12=0x000000000147c280 is an unknown value
R13=0x00000000014cacc0 is an unknown value
R14=0x000000000147c388 is an unknown value
R15=0x000000001744e6f8 is an unknown value


Stack: [0x0000000017350000,0x0000000017450000],  sp=0x000000001744e580,  free space=1017k
Native frames: (J=compiled Java code, j=interpreted, Vv=VM code, C=native code)
C  [ntdll.dll+0x108b60]
C  [ntdll.dll+0xb731f]
C  [KERNEL32.DLL+0x1e36a]
C  [MSVCR120.dll+0x72e1]
C  [MSVCR120.dll+0x149d3]
C  [MSVCR120.dll+0x13c06]
C  [MSVCR120.dll+0x22da]
C  [MSVCR120.dll+0xae32]
C  [MSVCP120.dll+0x3cd49]
C  [ProxyIntercept64.dll+0x44eb4]
C  [ProxyIntercept64.dll+0x45066]
C  [ProxyIntercept64.dll+0x90df8]
C  [ProxyIntercept64.dll+0x96ee4]
C  [ProxyIntercept64.dll+0x96e92]
C  [ProxyIntercept64.dll+0x9227c]
C  [ProxyIntercept64.dll+0x1e7a9]
C  [ProxyIntercept64.dll+0x1e977]
C  [ProxyIntercept64.dll+0x28806]
C  [ProxyIntercept64.dll+0x2855a]
C  [ProxyIntercept64.dll+0x18528]
C  [ProxyIntercept64.dll+0x1a317]
C  [ProxyIntercept64.dll+0x18361]
C  [ProxyIntercept64.dll+0xa4bf0]
C  [ProxyIntercept64.dll+0x9a95c]
C  [ProxyIntercept64.dll+0x9abde]
C  [ntdll.dll+0x34063]
C  [ntdll.dll+0x40a15]
C  [ntdll.dll+0x408d8]
C  [KERNEL32.DLL+0x1b19a]
C  [msvcr100.dll+0x20ccd]
V  [jvm.dll+0x2139a5]
V  [jvm.dll+0x24cc27]
V  [jvm.dll+0x24bec6]
V  [jvm.dll+0x24c361]
V  [jvm.dll+0x24c57e]
V  [jvm.dll+0x29e64a]
C  [msvcr100.dll+0x21d9f]
C  [msvcr100.dll+0x21e3b]
C  [KERNEL32.DLL+0x13034]
C  [ntdll.dll+0x71471]

VM_Operation (0x0000000019b2d480): Exit, mode: safepoint, requested by thread 0x000000001879c800


---------------  P R O C E S S  ---------------

Java Threads: ( => current thread )
  0x000000001884e000 JavaThread "TimerQueue" daemon [_thread_blocked, id=4232, stack(0x0000000019ec0000,0x0000000019fc0000)]
  0x0000000003387000 JavaThread "DestroyJavaVM" [_thread_blocked, id=688, stack(0x0000000003280000,0x0000000003380000)]
  0x000000001879c800 JavaThread "AWT-EventQueue-0" [_thread_blocked, id=620, stack(0x0000000019a30000,0x0000000019b30000)]
  0x000000001878d000 JavaThread "AWT-Shutdown" [_thread_blocked, id=5008, stack(0x00000000191b0000,0x00000000192b0000)]
  0x000000001878c000 JavaThread "Java2D Disposer" daemon [_thread_blocked, id=4868, stack(0x00000000190b0000,0x00000000191b0000)]
  0x000000001698b000 JavaThread "Service Thread" daemon [_thread_blocked, id=1476, stack(0x0000000017b60000,0x0000000017c60000)]
  0x0000000016915800 JavaThread "C1 CompilerThread1" daemon [_thread_blocked, id=1584, stack(0x0000000017a60000,0x0000000017b60000)]
  0x0000000016913800 JavaThread "C2 CompilerThread0" daemon [_thread_blocked, id=5148, stack(0x0000000017960000,0x0000000017a60000)]
  0x0000000016910000 JavaThread "Attach Listener" daemon [_thread_blocked, id=1700, stack(0x0000000017860000,0x0000000017960000)]
  0x00000000168fe800 JavaThread "Finalizer" daemon [_thread_blocked, id=1752, stack(0x0000000017550000,0x0000000017650000)]
  0x0000000003476000 JavaThread "Reference Handler" daemon [_thread_blocked, id=3064, stack(0x0000000017450000,0x0000000017550000)]

Other Threads:
=>0x00000000168d6800 VMThread [stack: 0x0000000017350000,0x0000000017450000] [id=1808]

VM state:at safepoint (shutting down)

VM Mutex/Monitor currently owned by a thread:  ([mutex/lock_event])
[0x000000000322e2f0] Threads_lock - owner thread: 0x00000000168d6800

Heap:
 PSYoungGen      total 32256K, used 21092K [0x00000000e1800000, 0x00000000e4380000, 0x0000000100000000)
  eden space 22528K, 52% used [0x00000000e1800000,0x00000000e23735a8,0x00000000e2e00000)
  from space 9728K, 96% used [0x00000000e3880000,0x00000000e41a5c98,0x00000000e4200000)
  to   space 10752K, 0% used [0x00000000e2e00000,0x00000000e2e00000,0x00000000e3880000)
 ParOldGen       total 35840K, used 18310K [0x00000000a4800000, 0x00000000a6b00000, 0x00000000e1800000)
  object space 35840K, 51% used [0x00000000a4800000,0x00000000a59e1ad0,0x00000000a6b00000)
 Metaspace       used 33448K, capacity 33884K, committed 34048K, reserved 1079296K
  class space    used 3656K, capacity 3778K, committed 3840K, reserved 1048576K

Card table byte_map: [0x0000000012840000,0x0000000012b20000] byte_map_base: 0x000000001231c000

Marking Bits: (ParMarkBitMap*) 0x000000006af82d00
 Begin Bits: [0x0000000012f10000, 0x00000000145f0000)
 End Bits:   [0x00000000145f0000, 0x0000000015cd0000)

Polling page: 0x00000000013f0000

CodeCache: size=245760Kb used=13514Kb max_used=13514Kb free=232245Kb
 bounds [0x0000000003480000, 0x00000000041d0000, 0x0000000012480000]
 total_blobs=4387 nmethods=3740 adapters=557
 compilation: enabled

Compilation events (10 events):
Event: 158.994 Thread 0x0000000016915800 4034       3       java.util.LinkedList::node (65 bytes)
Event: 158.994 Thread 0x0000000016915800 nmethod 4034 0x00000000041a8e90 code [0x00000000041a9000, 0x00000000041a9310]
Event: 161.735 Thread 0x0000000016915800 4035       3       sun.awt.image.ToolkitImage::hasError (33 bytes)
Event: 161.735 Thread 0x0000000016915800 nmethod 4035 0x00000000041ab450 code [0x00000000041ab5c0, 0x00000000041ab888]
Event: 161.743 Thread 0x0000000016915800 4036       3       java.awt.Component$1::getAccessControlContext (5 bytes)
Event: 161.743 Thread 0x0000000016915800 nmethod 4036 0x00000000041aae10 code [0x00000000041aaf80, 0x00000000041ab2c8]
Event: 305.880 Thread 0x0000000016915800 4037       3       java.util.logging.LogManager$LoggerContext::ensureDefaultLogger (70 bytes)
Event: 305.881 Thread 0x0000000016915800 nmethod 4037 0x00000000041b2090 code [0x00000000041b2240, 0x00000000041b2ae8]
Event: 305.883 Thread 0x0000000016915800 4038  s    3       java.util.Hashtable::containsKey (65 bytes)
Event: 305.883 Thread 0x0000000016915800 nmethod 4038 0x00000000041b1650 code [0x00000000041b17e0, 0x00000000041b1e18]

GC Heap History (10 events):
Event: 11.580 GC heap before
{Heap before GC invocations=3 (full 1):
 PSYoungGen      total 27648K, used 3566K [0x00000000e1800000, 0x00000000e3680000, 0x0000000100000000)
  eden space 24064K, 0% used [0x00000000e1800000,0x00000000e1800000,0x00000000e2f80000)
  from space 3584K, 99% used [0x00000000e3300000,0x00000000e367bb58,0x00000000e3680000)
  to   space 3584K, 0% used [0x00000000e2f80000,0x00000000e2f80000,0x00000000e3300000)
 ParOldGen       total 62976K, used 5006K [0x00000000a4800000, 0x00000000a8580000, 0x00000000e1800000)
  object space 62976K, 7% used [0x00000000a4800000,0x00000000a4ce3950,0x00000000a8580000)
 Metaspace       used 20955K, capacity 21112K, committed 21248K, reserved 1069056K
  class space    used 2145K, capacity 2218K, committed 2304K, reserved 1048576K
Event: 11.615 GC heap after
Heap after GC invocations=3 (full 1):
 PSYoungGen      total 27648K, used 0K [0x00000000e1800000, 0x00000000e3680000, 0x0000000100000000)
  eden space 24064K, 0% used [0x00000000e1800000,0x00000000e1800000,0x00000000e2f80000)
  from space 3584K, 0% used [0x00000000e3300000,0x00000000e3300000,0x00000000e3680000)
  to   space 3584K, 0% used [0x00000000e2f80000,0x00000000e2f80000,0x00000000e3300000)
 ParOldGen       total 35840K, used 7787K [0x00000000a4800000, 0x00000000a6b00000, 0x00000000e1800000)
  object space 35840K, 21% used [0x00000000a4800000,0x00000000a4f9ad58,0x00000000a6b00000)
 Metaspace       used 20955K, capacity 21112K, committed 21248K, reserved 1069056K
  class space    used 2145K, capacity 2218K, committed 2304K, reserved 1048576K
}
Event: 31.703 GC heap before
{Heap before GC invocations=4 (full 1):
 PSYoungGen      total 27648K, used 24064K [0x00000000e1800000, 0x00000000e3680000, 0x0000000100000000)
  eden space 24064K, 100% used [0x00000000e1800000,0x00000000e2f80000,0x00000000e2f80000)
  from space 3584K, 0% used [0x00000000e3300000,0x00000000e3300000,0x00000000e3680000)
  to   space 3584K, 0% used [0x00000000e2f80000,0x00000000e2f80000,0x00000000e3300000)
 ParOldGen       total 35840K, used 7787K [0x00000000a4800000, 0x00000000a6b00000, 0x00000000e1800000)
  object space 35840K, 21% used [0x00000000a4800000,0x00000000a4f9ad58,0x00000000a6b00000)
 Metaspace       used 25527K, capacity 25764K, committed 25856K, reserved 1073152K
  class space    used 2709K, capacity 2782K, committed 2816K, reserved 1048576K
Event: 31.712 GC heap after
Heap after GC invocations=4 (full 1):
 PSYoungGen      total 27648K, used 3560K [0x00000000e1800000, 0x00000000e3680000, 0x0000000100000000)
  eden space 24064K, 0% used [0x00000000e1800000,0x00000000e1800000,0x00000000e2f80000)
  from space 3584K, 99% used [0x00000000e2f80000,0x00000000e32fa110,0x00000000e3300000)
  to   space 3584K, 0% used [0x00000000e3300000,0x00000000e3300000,0x00000000e3680000)
 ParOldGen       total 35840K, used 13423K [0x00000000a4800000, 0x00000000a6b00000, 0x00000000e1800000)
  object space 35840K, 37% used [0x00000000a4800000,0x00000000a551bee0,0x00000000a6b00000)
 Metaspace       used 25527K, capacity 25764K, committed 25856K, reserved 1073152K
  class space    used 2709K, capacity 2782K, committed 2816K, reserved 1048576K
}
Event: 32.108 GC heap before
{Heap before GC invocations=5 (full 1):
 PSYoungGen      total 27648K, used 27624K [0x00000000e1800000, 0x00000000e3680000, 0x0000000100000000)
  eden space 24064K, 100% used [0x00000000e1800000,0x00000000e2f80000,0x00000000e2f80000)
  from space 3584K, 99% used [0x00000000e2f80000,0x00000000e32fa110,0x00000000e3300000)
  to   space 3584K, 0% used [0x00000000e3300000,0x00000000e3300000,0x00000000e3680000)
 ParOldGen       total 35840K, used 13423K [0x00000000a4800000, 0x00000000a6b00000, 0x00000000e1800000)
  object space 35840K, 37% used [0x00000000a4800000,0x00000000a551bee0,0x00000000a6b00000)
 Metaspace       used 28428K, capacity 28816K, committed 29184K, reserved 1075200K
  class space    used 3112K, capacity 3218K, committed 3328K, reserved 1048576K
Event: 32.114 GC heap after
Heap after GC invocations=5 (full 1):
 PSYoungGen      total 27648K, used 3568K [0x00000000e1800000, 0x00000000e3680000, 0x0000000100000000)
  eden space 24064K, 0% used [0x00000000e1800000,0x00000000e1800000,0x00000000e2f80000)
  from space 3584K, 99% used [0x00000000e3300000,0x00000000e367c160,0x00000000e3680000)
  to   space 3584K, 0% used [0x00000000e2f80000,0x00000000e2f80000,0x00000000e3300000)
 ParOldGen       total 35840K, used 15973K [0x00000000a4800000, 0x00000000a6b00000, 0x00000000e1800000)
  object space 35840K, 44% used [0x00000000a4800000,0x00000000a57995c8,0x00000000a6b00000)
 Metaspace       used 28428K, capacity 28816K, committed 29184K, reserved 1075200K
  class space    used 3112K, capacity 3218K, committed 3328K, reserved 1048576K
}
Event: 32.860 GC heap before
{Heap before GC invocations=6 (full 1):
 PSYoungGen      total 27648K, used 27632K [0x00000000e1800000, 0x00000000e3680000, 0x0000000100000000)
  eden space 24064K, 100% used [0x00000000e1800000,0x00000000e2f80000,0x00000000e2f80000)
  from space 3584K, 99% used [0x00000000e3300000,0x00000000e367c160,0x00000000e3680000)
  to   space 3584K, 0% used [0x00000000e2f80000,0x00000000e2f80000,0x00000000e3300000)
 ParOldGen       total 35840K, used 15973K [0x00000000a4800000, 0x00000000a6b00000, 0x00000000e1800000)
  object space 35840K, 44% used [0x00000000a4800000,0x00000000a57995c8,0x00000000a6b00000)
 Metaspace       used 31426K, capacity 31850K, committed 32128K, reserved 1077248K
  class space    used 3487K, capacity 3606K, committed 3712K, reserved 1048576K
Event: 32.868 GC heap after
Heap after GC invocations=6 (full 1):
 PSYoungGen      total 27136K, used 3568K [0x00000000e1800000, 0x00000000e4200000, 0x0000000100000000)
  eden space 23552K, 0% used [0x00000000e1800000,0x00000000e1800000,0x00000000e2f00000)
  from space 3584K, 99% used [0x00000000e2f80000,0x00000000e32fc070,0x00000000e3300000)
  to   space 9728K, 0% used [0x00000000e3880000,0x00000000e3880000,0x00000000e4200000)
 ParOldGen       total 35840K, used 18238K [0x00000000a4800000, 0x00000000a6b00000, 0x00000000e1800000)
  object space 35840K, 50% used [0x00000000a4800000,0x00000000a59cfac0,0x00000000a6b00000)
 Metaspace       used 31426K, capacity 31850K, committed 32128K, reserved 1077248K
  class space    used 3487K, capacity 3606K, committed 3712K, reserved 1048576K
}
Event: 137.379 GC heap before
{Heap before GC invocations=7 (full 1):
 PSYoungGen      total 27136K, used 27120K [0x00000000e1800000, 0x00000000e4200000, 0x0000000100000000)
  eden space 23552K, 100% used [0x00000000e1800000,0x00000000e2f00000,0x00000000e2f00000)
  from space 3584K, 99% used [0x00000000e2f80000,0x00000000e32fc070,0x00000000e3300000)
  to   space 9728K, 0% used [0x00000000e3880000,0x00000000e3880000,0x00000000e4200000)
 ParOldGen       total 35840K, used 18238K [0x00000000a4800000, 0x00000000a6b00000, 0x00000000e1800000)
  object space 35840K, 50% used [0x00000000a4800000,0x00000000a59cfac0,0x00000000a6b00000)
 Metaspace       used 33047K, capacity 33520K, committed 33792K, reserved 1079296K
  class space    used 3639K, capacity 3744K, committed 3840K, reserved 1048576K
Event: 137.391 GC heap after
Heap after GC invocations=7 (full 1):
 PSYoungGen      total 32256K, used 9367K [0x00000000e1800000, 0x00000000e4380000, 0x0000000100000000)
  eden space 22528K, 0% used [0x00000000e1800000,0x00000000e1800000,0x00000000e2e00000)
  from space 9728K, 96% used [0x00000000e3880000,0x00000000e41a5c98,0x00000000e4200000)
  to   space 10752K, 0% used [0x00000000e2e00000,0x00000000e2e00000,0x00000000e3880000)
 ParOldGen       total 35840K, used 18310K [0x00000000a4800000, 0x00000000a6b00000, 0x00000000e1800000)
  object space 35840K, 51% used [0x00000000a4800000,0x00000000a59e1ad0,0x00000000a6b00000)
 Metaspace       used 33047K, capacity 33520K, committed 33792K, reserved 1079296K
  class space    used 3639K, capacity 3744K, committed 3840K, reserved 1048576K
}

Deoptimization events (10 events):
Event: 33.005 Thread 0x000000001879c800 Uncommon trap: reason=bimorphic action=maybe_recompile pc=0x000000000378749c method=java.util.HashMap.putVal(ILjava/lang/Object;Ljava/lang/Object;ZZ)Ljava/lang/Object; @ 203
Event: 33.005 Thread 0x000000001879c800 Uncommon trap: reason=unstable_if action=reinterpret pc=0x0000000003d0a904 method=java.util.HashMap.getNode(ILjava/lang/Object;)Ljava/util/HashMap$Node; @ 129
Event: 33.005 Thread 0x000000001879c800 Uncommon trap: reason=bimorphic action=maybe_recompile pc=0x000000000378749c method=java.util.HashMap.putVal(ILjava/lang/Object;Ljava/lang/Object;ZZ)Ljava/lang/Object; @ 203
Event: 33.085 Thread 0x000000001879c800 Uncommon trap: reason=unstable_if action=reinterpret pc=0x0000000003c3b608 method=java.awt.font.FontRenderContext.equals(Ljava/awt/font/FontRenderContext;)Z @ 35
Event: 40.749 Thread 0x000000001879c800 Uncommon trap: reason=bimorphic action=maybe_recompile pc=0x0000000003d48900 method=java.util.concurrent.ConcurrentHashMap.putVal(Ljava/lang/Object;Ljava/lang/Object;Z)Ljava/lang/Object; @ 192
Event: 40.785 Thread 0x000000001879c800 Uncommon trap: reason=class_check action=maybe_recompile pc=0x00000000035de7c4 method=javax.swing.UIDefaults.getFromHashtable(Ljava/lang/Object;)Ljava/lang/Object; @ 92
Event: 40.922 Thread 0x000000001879c800 Uncommon trap: reason=bimorphic action=maybe_recompile pc=0x0000000003d48900 method=java.util.concurrent.ConcurrentHashMap.putVal(Ljava/lang/Object;Ljava/lang/Object;Z)Ljava/lang/Object; @ 192
Event: 63.263 Thread 0x000000001879c800 Uncommon trap: reason=class_check action=maybe_recompile pc=0x0000000003e88540 method=java.awt.EventQueue.coalesceEvent(Ljava/awt/AWTEvent;I)Z @ 77
Event: 148.304 Thread 0x000000001879c800 Uncommon trap: reason=unstable_if action=reinterpret pc=0x0000000003ee5da4 method=sun.awt.SunToolkit.isInstanceOf(Ljava/lang/Class;Ljava/lang/String;)Z @ 14
Event: 151.168 Thread 0x000000001879c800 Uncommon trap: reason=class_check action=maybe_recompile pc=0x00000000035de7c4 method=javax.swing.UIDefaults.getFromHashtable(Ljava/lang/Object;)Ljava/lang/Object; @ 92

Classes redefined (0 events):
No events

Internal exceptions (10 events):
Event: 31.730 Thread 0x000000001879c800 Exception <a 'java/lang/ClassNotFoundException': org/apache/log4j/PatternLayoutCustomizer> (0x00000000e1978008) thrown at [C:\re\workspace\8-2-build-windows-amd64-cygwin\jdk8u181\11358\hotspot\src\share\vm\classfile\systemDictionary.cpp, line 210]
Event: 31.732 Thread 0x000000001879c800 Exception <a 'java/lang/ClassNotFoundException': org/apache/log4j/ConsoleAppenderBeanInfo> (0x00000000e19b5b20) thrown at [C:\re\workspace\8-2-build-windows-amd64-cygwin\jdk8u181\11358\hotspot\src\share\vm\classfile\systemDictionary.cpp, line 210]
Event: 31.733 Thread 0x000000001879c800 Exception <a 'java/lang/ClassNotFoundException': org/apache/log4j/WriterAppenderBeanInfo> (0x00000000e19d1958) thrown at [C:\re\workspace\8-2-build-windows-amd64-cygwin\jdk8u181\11358\hotspot\src\share\vm\classfile\systemDictionary.cpp, line 210]
Event: 31.733 Thread 0x000000001879c800 Exception <a 'java/lang/ClassNotFoundException': org/apache/log4j/AppenderSkeletonBeanInfo> (0x00000000e19ee178) thrown at [C:\re\workspace\8-2-build-windows-amd64-cygwin\jdk8u181\11358\hotspot\src\share\vm\classfile\systemDictionary.cpp, line 210]
Event: 31.734 Thread 0x000000001879c800 Exception <a 'java/lang/ClassNotFoundException': org/apache/log4j/AppenderSkeletonCustomizer> (0x00000000e1a0c598) thrown at [C:\re\workspace\8-2-build-windows-amd64-cygwin\jdk8u181\11358\hotspot\src\share\vm\classfile\systemDictionary.cpp, line 210]
Event: 31.736 Thread 0x000000001879c800 Exception <a 'java/lang/ClassNotFoundException': org/apache/log4j/WriterAppenderCustomizer> (0x00000000e1a43528) thrown at [C:\re\workspace\8-2-build-windows-amd64-cygwin\jdk8u181\11358\hotspot\src\share\vm\classfile\systemDictionary.cpp, line 210]
Event: 31.739 Thread 0x000000001879c800 Exception <a 'java/lang/ClassNotFoundException': org/apache/log4j/ConsoleAppenderCustomizer> (0x00000000e1a6ccf0) thrown at [C:\re\workspace\8-2-build-windows-amd64-cygwin\jdk8u181\11358\hotspot\src\share\vm\classfile\systemDictionary.cpp, line 210]
Event: 40.714 Thread 0x000000001879c800 Exception <a 'java/lang/ClassNotFoundException': projeto/vendas/tabelas/GuiControleEstrategicoVendedorTBVendedoresGeralBeanInfo> (0x00000000e264b3c0) thrown at [C:\re\workspace\8-2-build-windows-amd64-cygwin\jdk8u181\11358\hotspot\src\share\vm\classfile\s
Event: 40.715 Thread 0x000000001879c800 Exception <a 'java/lang/ClassNotFoundException': projeto/vendas/tabelas/GuiControleEstrategicoVendedorTBVendedoresGeralCustomizer> (0x00000000e2679ed8) thrown at [C:\re\workspace\8-2-build-windows-amd64-cygwin\jdk8u181\11358\hotspot\src\share\vm\classfile
Event: 40.719 Thread 0x000000001879c800 Exception <a 'java/lang/ClassNotFoundException': sun/net/www/protocol/d/Handler> (0x00000000e26a5290) thrown at [C:\re\workspace\8-2-build-windows-amd64-cygwin\jdk8u181\11358\hotspot\src\share\vm\classfile\systemDictionary.cpp, line 210]

Events (10 events):
Event: 305.888 Executing VM operation: BulkRevokeBias done
Event: 305.888 Executing VM operation: BulkRevokeBias
Event: 305.888 Executing VM operation: BulkRevokeBias done
Event: 305.889 Executing VM operation: RevokeBias
Event: 305.889 Executing VM operation: RevokeBias done
Event: 305.896 Thread 0x0000000017fa9800 Thread exited: 0x0000000017fa9800
Event: 305.912 Thread 0x000000001878d800 Thread exited: 0x000000001878d800
Event: 305.979 Thread 0x000000001b83e000 Thread exited: 0x000000001b83e000
Event: 305.980 Thread 0x000000001690d000 Thread exited: 0x000000001690d000
Event: 305.980 Executing VM operation: Exit


Dynamic libraries:
0x00007ff6c59d0000 - 0x00007ff6c5a07000 	C:\Program Files\Java\jdk1.8.0_181\jre\bin\java.exe
0x00007ffe8ed60000 - 0x00007ffe8ef41000 	C:\WINDOWS\SYSTEM32\ntdll.dll
0x00007ffe8c520000 - 0x00007ffe8c5d2000 	C:\WINDOWS\System32\KERNEL32.DLL
0x00007ffe8bf50000 - 0x00007ffe8c1c3000 	C:\WINDOWS\System32\KERNELBASE.dll
0x00007ffe8d300000 - 0x00007ffe8d3a1000 	C:\WINDOWS\System32\ADVAPI32.dll
0x00007ffe8c480000 - 0x00007ffe8c51e000 	C:\WINDOWS\System32\msvcrt.dll
0x00007ffe8c6f0000 - 0x00007ffe8c74b000 	C:\WINDOWS\System32\sechost.dll
0x00007ffe8c260000 - 0x00007ffe8c384000 	C:\WINDOWS\System32\RPCRT4.dll
0x00007ffe8c7e0000 - 0x00007ffe8c970000 	C:\WINDOWS\System32\USER32.dll
0x00007ffe8c1d0000 - 0x00007ffe8c1f0000 	C:\WINDOWS\System32\win32u.dll
0x00007ffe8d220000 - 0x00007ffe8d248000 	C:\WINDOWS\System32\GDI32.dll
0x00007ffe8b480000 - 0x00007ffe8b612000 	C:\WINDOWS\System32\gdi32full.dll
0x00007ffe8b620000 - 0x00007ffe8b6bf000 	C:\WINDOWS\System32\msvcp_win.dll
0x00007ffe8be50000 - 0x00007ffe8bf4a000 	C:\WINDOWS\System32\ucrtbase.dll
0x00007ffe7a990000 - 0x00007ffe7abf9000 	C:\WINDOWS\WinSxS\amd64_microsoft.windows.common-controls_6595b64144ccf1df_6.0.17134.407_none_fb449d63306391e9\COMCTL32.dll
0x00007ffe8cb40000 - 0x00007ffe8ce62000 	C:\WINDOWS\System32\combase.dll
0x00007ffe8b6c0000 - 0x00007ffe8b73a000 	C:\WINDOWS\System32\bcryptPrimitives.dll
0x00007ffe8cb10000 - 0x00007ffe8cb3d000 	C:\WINDOWS\System32\IMM32.DLL
0x000000006a680000 - 0x000000006a752000 	C:\Program Files\Java\jdk1.8.0_181\jre\bin\msvcr100.dll
0x000000006a760000 - 0x000000006b002000 	C:\Program Files\Java\jdk1.8.0_181\jre\bin\server\jvm.dll
0x00007ffe8c250000 - 0x00007ffe8c258000 	C:\WINDOWS\System32\PSAPI.DLL
0x00007ffe80a30000 - 0x00007ffe80a39000 	C:\WINDOWS\SYSTEM32\WSOCK32.dll
0x00007ffe891e0000 - 0x00007ffe89203000 	C:\WINDOWS\SYSTEM32\WINMM.dll
0x00007ffe8e810000 - 0x00007ffe8e87c000 	C:\WINDOWS\System32\WS2_32.dll
0x00007ffe7f5e0000 - 0x00007ffe7f5ea000 	C:\WINDOWS\SYSTEM32\VERSION.dll
0x00007ffe891b0000 - 0x00007ffe891da000 	C:\WINDOWS\SYSTEM32\WINMMBASE.dll
0x00007ffe8b430000 - 0x00007ffe8b479000 	C:\WINDOWS\System32\cfgmgr32.dll
0x000000006a630000 - 0x000000006a63f000 	C:\Program Files\Java\jdk1.8.0_181\jre\bin\verify.dll
0x000000006a600000 - 0x000000006a629000 	C:\Program Files\Java\jdk1.8.0_181\jre\bin\java.dll
0x000000006a5e0000 - 0x000000006a5f6000 	C:\Program Files\Java\jdk1.8.0_181\jre\bin\zip.dll
0x00007ffe8d3b0000 - 0x00007ffe8e7ef000 	C:\WINDOWS\System32\SHELL32.dll
0x00007ffe8d250000 - 0x00007ffe8d2f9000 	C:\WINDOWS\System32\shcore.dll
0x00007ffe8b740000 - 0x00007ffe8be4d000 	C:\WINDOWS\System32\windows.storage.dll
0x00007ffe8c690000 - 0x00007ffe8c6e1000 	C:\WINDOWS\System32\shlwapi.dll
0x00007ffe8b110000 - 0x00007ffe8b121000 	C:\WINDOWS\System32\kernel.appcore.dll
0x00007ffe8b070000 - 0x00007ffe8b08f000 	C:\WINDOWS\System32\profapi.dll
0x00007ffe8b0a0000 - 0x00007ffe8b0ec000 	C:\WINDOWS\System32\powrprof.dll
0x00007ffe8b090000 - 0x00007ffe8b09a000 	C:\WINDOWS\System32\FLTLIB.DLL
0x00007ffe669c0000 - 0x00007ffe66aae000 	C:\Program Files\NoPing Tunnel v15\ProxyIntercept64.dll
0x00007ffe68280000 - 0x00007ffe68326000 	C:\WINDOWS\SYSTEM32\MSVCP120.dll
0x00007ffe67780000 - 0x00007ffe6786f000 	C:\WINDOWS\SYSTEM32\MSVCR120.dll
0x00007ffe8a670000 - 0x00007ffe8a6a8000 	C:\WINDOWS\SYSTEM32\IPHLPAPI.DLL
0x00007ffe8a8f0000 - 0x00007ffe8a956000 	C:\WINDOWS\system32\mswsock.dll
0x00007ffe8c750000 - 0x00007ffe8c758000 	C:\WINDOWS\System32\NSI.dll
0x000000006a400000 - 0x000000006a599000 	C:\Program Files\Java\jdk1.8.0_181\jre\bin\awt.dll
0x00007ffe8cff0000 - 0x00007ffe8d0b2000 	C:\WINDOWS\System32\OLEAUT32.dll
0x00007ffe893f0000 - 0x00007ffe8947b000 	C:\WINDOWS\SYSTEM32\apphelp.dll
0x00007ffe89570000 - 0x00007ffe89608000 	C:\WINDOWS\system32\uxtheme.dll
0x00007ffe8ce70000 - 0x00007ffe8cfe3000 	C:\WINDOWS\System32\MSCTF.dll
0x00007ffe680d0000 - 0x00007ffe6815b000 	C:\Program Files\NoPing Tunnel v15\iLdr64.dll
0x00007ffe89800000 - 0x00007ffe89829000 	C:\WINDOWS\system32\dwmapi.dll
0x00007ffe8d0c0000 - 0x00007ffe8d211000 	C:\WINDOWS\System32\ole32.dll
0x00007ffe78e00000 - 0x00007ffe78f20000 	C:\WINDOWS\system32\opengl32.dll
0x00007ffe7c770000 - 0x00007ffe7c79c000 	C:\WINDOWS\SYSTEM32\GLU32.dll
0x000000006a3b0000 - 0x000000006a3f7000 	C:\Program Files\Java\jdk1.8.0_181\jre\bin\fontmanager.dll
0x000000006a5c0000 - 0x000000006a5da000 	C:\Program Files\Java\jdk1.8.0_181\jre\bin\net.dll
0x000000006a5a0000 - 0x000000006a5b1000 	C:\Program Files\Java\jdk1.8.0_181\jre\bin\nio.dll
0x000000006a360000 - 0x000000006a3a2000 	C:\Program Files\Java\jdk1.8.0_181\jre\bin\t2k.dll
0x00007ffe8c5f0000 - 0x00007ffe8c690000 	C:\WINDOWS\System32\clbcatq.dll
0x00007ffe874f0000 - 0x00007ffe8769e000 	C:\WINDOWS\SYSTEM32\WindowsCodecs.dll
0x00007ffe82ea0000 - 0x00007ffe82f36000 	C:\WINDOWS\System32\TextInputFramework.dll
0x00007ffe87000000 - 0x00007ffe8731e000 	C:\WINDOWS\System32\CoreUIComponents.dll
0x00007ffe88d90000 - 0x00007ffe88e6a000 	C:\WINDOWS\System32\CoreMessaging.dll
0x00007ffe8a160000 - 0x00007ffe8a191000 	C:\WINDOWS\SYSTEM32\ntmarta.dll
0x00007ffe86eb0000 - 0x00007ffe86ffd000 	C:\WINDOWS\SYSTEM32\wintypes.dll
0x000000006a350000 - 0x000000006a35d000 	C:\Program Files\Java\jdk1.8.0_181\jre\bin\management.dll
0x00000000193b0000 - 0x000000001946e000 	C:\WINDOWS\SYSTEM32\DNSAPI.dll
0x00007ffe7fc00000 - 0x00007ffe7fc0a000 	C:\Windows\System32\rasadhlp.dll
0x00007ffe80a40000 - 0x00007ffe80ab2000 	C:\WINDOWS\System32\fwpuclnt.dll
0x00007ffe8abd0000 - 0x00007ffe8abf5000 	C:\WINDOWS\SYSTEM32\bcrypt.dll
0x00007ffe8aaa0000 - 0x00007ffe8aab7000 	C:\WINDOWS\SYSTEM32\CRYPTSP.dll
0x00007ffe8a4d0000 - 0x00007ffe8a503000 	C:\WINDOWS\system32\rsaenh.dll
0x00007ffe8afa0000 - 0x00007ffe8afc8000 	C:\WINDOWS\SYSTEM32\USERENV.dll
0x00007ffe8aac0000 - 0x00007ffe8aacb000 	C:\WINDOWS\SYSTEM32\CRYPTBASE.dll
0x00007ffe83e70000 - 0x00007ffe83e86000 	C:\WINDOWS\SYSTEM32\dhcpcsvc6.DLL
0x00007ffe83e50000 - 0x00007ffe83e6a000 	C:\WINDOWS\SYSTEM32\dhcpcsvc.DLL
0x00007ffe7b7d0000 - 0x00007ffe7b7e6000 	C:\WINDOWS\system32\napinsp.dll
0x00007ffe7ac00000 - 0x00007ffe7ac1a000 	C:\WINDOWS\system32\pnrpnsp.dll
0x00007ffe879e0000 - 0x00007ffe879f9000 	C:\WINDOWS\system32\NLAapi.dll
0x00007ffe7b7c0000 - 0x00007ffe7b7ce000 	C:\WINDOWS\System32\winrnr.dll
0x00007ffe7be00000 - 0x00007ffe7bfc9000 	C:\WINDOWS\SYSTEM32\dbghelp.dll

VM Arguments:
jvm_args: -Dfile.encoding=UTF-8 
java_command: projeto.vendas.view.GuiLogin
java_class_path (initial): D:\TCC - Fatec 2018\PHappy-Vendas\ojdbc6_g.jar;C:\Program Files (x86)\NetBeans 8.2\java\modules\ext\beansbinding-1.2.1.jar;C:\Program Files (x86)\NetBeans 8.2\enterprise\modules\ext\jaxrs-2.0\javax.ws.rs-api-2.0.jar;C:\Program Files (x86)\NetBeans 8.2\enterprise\modules\ext\jersey2\ext\asm-all-repackaged-2.2.0-b21.jar;C:\Program Files (x86)\NetBeans 8.2\enterprise\modules\ext\jersey2\ext\cglib-2.2.0-b21.jar;C:\Program Files (x86)\NetBeans 8.2\enterprise\modules\ext\jersey2\ext\guava-14.0.1.jar;C:\Program Files (x86)\NetBeans 8.2\enterprise\modules\ext\jersey2\ext\hk2-api-2.2.0-b21.jar;C:\Program Files (x86)\NetBeans 8.2\enterprise\modules\ext\jersey2\ext\hk2-locator-2.2.0-b21.jar;C:\Program Files (x86)\NetBeans 8.2\enterprise\modules\ext\jersey2\ext\hk2-utils-2.2.0-b21.jar;C:\Program Files (x86)\NetBeans 8.2\enterprise\modules\ext\jersey2\ext\javax.annotation-api-1.2.jar;C:\Program Files (x86)\NetBeans 8.2\enterprise\modules\ext\jersey2\ext\javax.inject-2.2.0-b21.jar;C:\Program Files (x86)\NetBeans 8.2\enterprise\modules\ext\jersey2\ext\javax.servlet-api-3.0.1.jar;C:\Program Files (x86)\NetBeans 8.2\enterprise\modules\ext\jersey2\ext\jaxb-api-2.2.7.jar;C:\Program Files (x86)\NetBeans 8.2\enterprise\modules\ext\jersey2\ext\jersey-entity-filtering-2.5.1.jar;C:\Program Files (x86)\NetBeans 8.2\enterprise\modules\ext\jersey2\ext\jersey-media-moxy-2.5.1.jar;C:\Program Files (x86)\NetBeans 8.2\enterprise\modules\ext\jersey2\ext\org.osgi.core-4.2.0.jar;C:\Program Files (x86)\NetBeans 8.2\enterprise\modules\ext\jersey2\ext\osgi-resource-locator-1.0.1.jar;C:\Program Files (x86)\NetBeans 8.2\enterprise\modules\ext\jersey2\ext\persistence-api-1.0.jar;C:\Program Files (x86)\NetBeans 8.2\enterprise\modules\ext\jersey2\ext\validation-api-1.1.0.Final.jar;C:\Program Files (x86)\NetBeans 8.2\enterprise\modules\ext\jersey2\jersey-client.jar;C:\Program Files (x86)\NetBeans 8.2\enterprise\modules\ext\jersey2\jersey-common.jar;C:\Program Files (x86)\NetBeans
Launcher Type: SUN_STANDARD

Environment Variables:
JAVA_HOME=C:\Program Files (x86)\Java\jdk1.8.0_181
PATH=C:\WINDOWS\system32;C:\WINDOWS;C:\WINDOWS\System32\Wbem;C:\WINDOWS\System32\WindowsPowerShell\v1.0\;C:\Program Files\dotnet\;C:\WINDOWS\System32\OpenSSH\;C:\Users\ferna\AppData\Local\Microsoft\WindowsApps;
USERNAME=Fernando
OS=Windows_NT
PROCESSOR_IDENTIFIER=Intel64 Family 6 Model 58 Stepping 9, GenuineIntel



---------------  S Y S T E M  ---------------

OS: Windows 10.0 , 64 bit Build 17134 (10.0.17134.1)

CPU:total 2 (initial active 2) (2 cores per cpu, 1 threads per core) family 6 model 58 stepping 9, cmov, cx8, fxsr, mmx, sse, sse2, sse3, ssse3, sse4.1, sse4.2, popcnt, clmul, erms, tsc, tscinvbit, tscinv

Memory: 4k page, physical 5989528k(1863188k free), swap 7038104k(2122484k free)

vm_info: Java HotSpot(TM) 64-Bit Server VM (25.181-b13) for windows-amd64 JRE (1.8.0_181-b13), built on Jul  7 2018 04:01:33 by "java_re" with MS VC++ 10.0 (VS2010)

time: Mon Nov 19 16:18:14 2018
elapsed time: 307 seconds (0d 0h 5m 7s)

