#
# A fatal error has been detected by the Java Runtime Environment:
#
#  Internal Error (0xc000000d), pid=6752, tid=0x0000000000000fc0
#
# JRE version: Java(TM) SE Runtime Environment (8.0_181-b13) (build 1.8.0_181-b13)
# Java VM: Java HotSpot(TM) 64-Bit Server VM (25.181-b13 mixed mode windows-amd64 compressed oops)
# Problematic frame:
# C  [ntdll.dll+0x108b60]
#
# Failed to write core dump. Minidumps are not enabled by default on client versions of Windows
#
# If you would like to submit a bug report, please visit:
#   http://bugreport.java.com/bugreport/crash.jsp
#

---------------  T H R E A D  ---------------

Current thread (0x00000000167b5800):  VMThread [stack: 0x0000000017230000,0x0000000017330000] [id=4032]

siginfo: ExceptionCode=0xc000000d

Registers:
RAX=0x000000006a6a20da, RBX=0xfffffffffffffffe, RCX=0x000000000000004b, RDX=0x000000006a6bd79a
RSP=0x000000001732ee70, RBP=0x00007ffe677871bc, RSI=0x0000000000000000, RDI=0x0000000000000700
R8 =0x0000000003151cb0, R9 =0x0000000000008000, R10=0x00000000ffffff00, R11=0x000000001732ebf9
R12=0x00000000013ac820, R13=0x000000000140e360, R14=0x00000000013ac928, R15=0x000000001732efe8
RIP=0x00007ffe8ee68b60, EFLAGS=0x0000000000000202

Top of Stack: (sp=0x000000001732ee70)
0x000000001732ee70:   0000000000000057 fffffffffffffffe
0x000000001732ee80:   0000000000000000 0000000000000700
0x000000001732ee90:   00000000c000000d 0000000000000000
0x000000001732eea0:   00007ffe8ee68b60 0000000000000000
0x000000001732eeb0:   0000000000000000 0000000000000000
0x000000001732eec0:   0000000000000000 0000000000000000
0x000000001732eed0:   0000000000000000 0000000000000000
0x000000001732eee0:   0000000000000000 0000000000000000
0x000000001732eef0:   0000000000000000 0000000000000000
0x000000001732ef00:   0000000000000000 0000000000000000
0x000000001732ef10:   0000000000000000 0000000000000000
0x000000001732ef20:   0000000000000000 0000000000000000
0x000000001732ef30:   00001b34ddebbbbc 000000001732f174
0x000000001732ef40:   0000000000000040 00007ffe8ee1731f
0x000000001732ef50:   0000000000000020 000000001732f300
0x000000001732ef60:   000000001732f070 00007ffe5308a9f2 

Instructions: (pc=0x00007ffe8ee68b60)
0x00007ffe8ee68b40:   7f f9 ff c7 44 24 20 0d 00 00 c0 b9 57 00 00 00
0x00007ffe8ee68b50:   e8 4b e5 f3 ff 90 48 8d 4c 24 20 e8 50 c4 ef ff
0x00007ffe8ee68b60:   eb 00 48 8b 8c 24 c0 00 00 00 48 33 cc e8 ce 1a
0x00007ffe8ee68b70:   f8 ff 48 81 c4 d8 00 00 00 c3 40 55 48 83 ec 20 


Register to memory mapping:

RAX=0x000000006a6a20da is an unknown value
RBX=0xfffffffffffffffe is an unknown value
RCX=0x000000000000004b is an unknown value
RDX=0x000000006a6bd79a is an unknown value
RSP=0x000000001732ee70 is an unknown value
RBP=0x00007ffe677871bc is an unknown value
RSI=0x0000000000000000 is an unknown value
RDI=0x0000000000000700 is an unknown value
R8 =0x0000000003151cb0 is an unknown value
R9 =0x0000000000008000 is an unknown value
R10=0x00000000ffffff00 is an unallocated location in the heap
R11=0x000000001732ebf9 is an unknown value
R12=0x00000000013ac820 is an unknown value
R13=0x000000000140e360 is an unknown value
R14=0x00000000013ac928 is an unknown value
R15=0x000000001732efe8 is an unknown value


Stack: [0x0000000017230000,0x0000000017330000],  sp=0x000000001732ee70,  free space=1019k
Native frames: (J=compiled Java code, j=interpreted, Vv=VM code, C=native code)
C  [ntdll.dll+0x108b60]
C  [ntdll.dll+0xb731f]
C  [KERNEL32.DLL+0x1e36a]
C  [MSVCR120.dll+0x72e1]
C  [MSVCR120.dll+0x149d3]
C  [MSVCR120.dll+0x13c06]
C  [MSVCR120.dll+0x22da]
C  [MSVCR120.dll+0xae32]
C  [MSVCP120.dll+0x3cd49]
C  [ProxyIntercept64.dll+0x44eb4]
C  [ProxyIntercept64.dll+0x45066]
C  [ProxyIntercept64.dll+0x90df8]
C  [ProxyIntercept64.dll+0x96ee4]
C  [ProxyIntercept64.dll+0x96e92]
C  [ProxyIntercept64.dll+0x9227c]
C  [ProxyIntercept64.dll+0x1e7a9]
C  [ProxyIntercept64.dll+0x1e977]
C  [ProxyIntercept64.dll+0x28806]
C  [ProxyIntercept64.dll+0x2855a]
C  [ProxyIntercept64.dll+0x18528]
C  [ProxyIntercept64.dll+0x1a317]
C  [ProxyIntercept64.dll+0x18361]
C  [ProxyIntercept64.dll+0xa4bf0]
C  [ProxyIntercept64.dll+0x9a95c]
C  [ProxyIntercept64.dll+0x9abde]
C  [ntdll.dll+0x34063]
C  [ntdll.dll+0x40a15]
C  [ntdll.dll+0x408d8]
C  [KERNEL32.DLL+0x1b19a]
C  [msvcr100.dll+0x20ccd]
V  [jvm.dll+0x2139a5]
V  [jvm.dll+0x24cc27]
V  [jvm.dll+0x24bec6]
V  [jvm.dll+0x24c361]
V  [jvm.dll+0x24c57e]
V  [jvm.dll+0x29e64a]
C  [msvcr100.dll+0x21d9f]
C  [msvcr100.dll+0x21e3b]
C  [KERNEL32.DLL+0x13034]
C  [ntdll.dll+0x71471]

VM_Operation (0x0000000019a4cec0): Exit, mode: safepoint, requested by thread 0x000000001867a800


---------------  P R O C E S S  ---------------

Java Threads: ( => current thread )
  0x0000000018732000 JavaThread "TimerQueue" daemon [_thread_blocked, id=3064, stack(0x0000000019d50000,0x0000000019e50000)]
  0x0000000003267000 JavaThread "DestroyJavaVM" [_thread_blocked, id=7564, stack(0x0000000002ff0000,0x00000000030f0000)]
  0x000000001867a800 JavaThread "AWT-EventQueue-0" [_thread_blocked, id=7608, stack(0x0000000019950000,0x0000000019a50000)]
  0x0000000018665000 JavaThread "AWT-Shutdown" [_thread_blocked, id=796, stack(0x0000000018a90000,0x0000000018b90000)]
  0x0000000018662000 JavaThread "Java2D Disposer" daemon [_thread_blocked, id=7156, stack(0x0000000018990000,0x0000000018a90000)]
  0x0000000016855000 JavaThread "Service Thread" daemon [_thread_blocked, id=4348, stack(0x0000000017a40000,0x0000000017b40000)]
  0x0000000016850800 JavaThread "C1 CompilerThread1" daemon [_thread_blocked, id=5472, stack(0x0000000017940000,0x0000000017a40000)]
  0x00000000167f5000 JavaThread "C2 CompilerThread0" daemon [_thread_blocked, id=4216, stack(0x0000000017840000,0x0000000017940000)]
  0x00000000167f1800 JavaThread "Attach Listener" daemon [_thread_blocked, id=2124, stack(0x0000000017740000,0x0000000017840000)]
  0x00000000167ee000 JavaThread "Signal Dispatcher" daemon [_thread_blocked, id=2176, stack(0x0000000017640000,0x0000000017740000)]
  0x0000000003359800 JavaThread "Finalizer" daemon [_thread_blocked, id=7712, stack(0x0000000017430000,0x0000000017530000)]
  0x0000000003355000 JavaThread "Reference Handler" daemon [_thread_blocked, id=3044, stack(0x0000000017330000,0x0000000017430000)]

Other Threads:
=>0x00000000167b5800 VMThread [stack: 0x0000000017230000,0x0000000017330000] [id=4032]

VM state:at safepoint (shutting down)

VM Mutex/Monitor currently owned by a thread:  ([mutex/lock_event])
[0x000000000315dfd0] Threads_lock - owner thread: 0x00000000167b5800

Heap:
 PSYoungGen      total 30720K, used 15645K [0x00000000e1800000, 0x00000000e4b80000, 0x0000000100000000)
  eden space 23552K, 38% used [0x00000000e1800000,0x00000000e20bdc00,0x00000000e2f00000)
  from space 7168K, 93% used [0x00000000e4480000,0x00000000e4b09af8,0x00000000e4b80000)
  to   space 7680K, 0% used [0x00000000e3c80000,0x00000000e3c80000,0x00000000e4400000)
 ParOldGen       total 35840K, used 14371K [0x00000000a4800000, 0x00000000a6b00000, 0x00000000e1800000)
  object space 35840K, 40% used [0x00000000a4800000,0x00000000a5608fa8,0x00000000a6b00000)
 Metaspace       used 32765K, capacity 33228K, committed 33536K, reserved 1079296K
  class space    used 3603K, capacity 3715K, committed 3840K, reserved 1048576K

Card table byte_map: [0x0000000012720000,0x0000000012a00000] byte_map_base: 0x00000000121fc000

Marking Bits: (ParMarkBitMap*) 0x000000006af82d00
 Begin Bits: [0x0000000012df0000, 0x00000000144d0000)
 End Bits:   [0x00000000144d0000, 0x0000000015bb0000)

Polling page: 0x0000000001360000

CodeCache: size=245760Kb used=11657Kb max_used=11673Kb free=234102Kb
 bounds [0x0000000003360000, 0x0000000003ee0000, 0x0000000012360000]
 total_blobs=4093 nmethods=3465 adapters=539
 compilation: enabled

Compilation events (10 events):
Event: 96.811 Thread 0x0000000016850800 3693       3       sun.swing.SwingUtilities2::getFontMetrics (10 bytes)
Event: 96.812 Thread 0x0000000016850800 nmethod 3693 0x0000000003eca250 code [0x0000000003eca440, 0x0000000003ecad38]
Event: 97.427 Thread 0x0000000016850800 3694       1       sun.awt.image.BufImgSurfaceManager::getPrimarySurfaceData (5 bytes)
Event: 97.427 Thread 0x0000000016850800 nmethod 3694 0x0000000003880390 code [0x00000000038804e0, 0x00000000038805f0]
Event: 275.269 Thread 0x0000000016850800 3695       3       java.util.AbstractCollection::isEmpty (13 bytes)
Event: 275.270 Thread 0x0000000016850800 nmethod 3695 0x0000000003ea9290 code [0x0000000003ea9400, 0x0000000003ea9668]
Event: 276.669 Thread 0x0000000016850800 3696       3       java.util.logging.LogManager$LoggerContext::ensureDefaultLogger (70 bytes)
Event: 276.669 Thread 0x0000000016850800 nmethod 3696 0x0000000003ec95d0 code [0x0000000003ec9780, 0x0000000003eca028]
Event: 276.669 Thread 0x0000000016850800 3697  s    3       java.util.Hashtable::containsKey (65 bytes)
Event: 276.670 Thread 0x0000000016850800 nmethod 3697 0x0000000003eb5790 code [0x0000000003eb5920, 0x0000000003eb5f58]

GC Heap History (10 events):
Event: 7.095 GC heap before
{Heap before GC invocations=3 (full 1):
 PSYoungGen      total 27648K, used 3571K [0x00000000e1800000, 0x00000000e3680000, 0x0000000100000000)
  eden space 24064K, 0% used [0x00000000e1800000,0x00000000e1800000,0x00000000e2f80000)
  from space 3584K, 99% used [0x00000000e3300000,0x00000000e367cdf0,0x00000000e3680000)
  to   space 3584K, 0% used [0x00000000e2f80000,0x00000000e2f80000,0x00000000e3300000)
 ParOldGen       total 62976K, used 4759K [0x00000000a4800000, 0x00000000a8580000, 0x00000000e1800000)
  object space 62976K, 7% used [0x00000000a4800000,0x00000000a4ca5d60,0x00000000a8580000)
 Metaspace       used 20943K, capacity 21096K, committed 21248K, reserved 1069056K
  class space    used 2147K, capacity 2218K, committed 2304K, reserved 1048576K
Event: 7.130 GC heap after
Heap after GC invocations=3 (full 1):
 PSYoungGen      total 27648K, used 0K [0x00000000e1800000, 0x00000000e3680000, 0x0000000100000000)
  eden space 24064K, 0% used [0x00000000e1800000,0x00000000e1800000,0x00000000e2f80000)
  from space 3584K, 0% used [0x00000000e3300000,0x00000000e3300000,0x00000000e3680000)
  to   space 3584K, 0% used [0x00000000e2f80000,0x00000000e2f80000,0x00000000e3300000)
 ParOldGen       total 35840K, used 7556K [0x00000000a4800000, 0x00000000a6b00000, 0x00000000e1800000)
  object space 35840K, 21% used [0x00000000a4800000,0x00000000a4f61320,0x00000000a6b00000)
 Metaspace       used 20943K, capacity 21096K, committed 21248K, reserved 1069056K
  class space    used 2147K, capacity 2218K, committed 2304K, reserved 1048576K
}
Event: 16.331 GC heap before
{Heap before GC invocations=4 (full 1):
 PSYoungGen      total 27648K, used 24064K [0x00000000e1800000, 0x00000000e3680000, 0x0000000100000000)
  eden space 24064K, 100% used [0x00000000e1800000,0x00000000e2f80000,0x00000000e2f80000)
  from space 3584K, 0% used [0x00000000e3300000,0x00000000e3300000,0x00000000e3680000)
  to   space 3584K, 0% used [0x00000000e2f80000,0x00000000e2f80000,0x00000000e3300000)
 ParOldGen       total 35840K, used 7556K [0x00000000a4800000, 0x00000000a6b00000, 0x00000000e1800000)
  object space 35840K, 21% used [0x00000000a4800000,0x00000000a4f61320,0x00000000a6b00000)
 Metaspace       used 25553K, capacity 25836K, committed 26112K, reserved 1073152K
  class space    used 2703K, capacity 2788K, committed 2816K, reserved 1048576K
Event: 16.347 GC heap after
Heap after GC invocations=4 (full 1):
 PSYoungGen      total 27648K, used 3561K [0x00000000e1800000, 0x00000000e3680000, 0x0000000100000000)
  eden space 24064K, 0% used [0x00000000e1800000,0x00000000e1800000,0x00000000e2f80000)
  from space 3584K, 99% used [0x00000000e2f80000,0x00000000e32fa6c0,0x00000000e3300000)
  to   space 3584K, 0% used [0x00000000e3300000,0x00000000e3300000,0x00000000e3680000)
 ParOldGen       total 35840K, used 9215K [0x00000000a4800000, 0x00000000a6b00000, 0x00000000e1800000)
  object space 35840K, 25% used [0x00000000a4800000,0x00000000a50ffca8,0x00000000a6b00000)
 Metaspace       used 25553K, capacity 25836K, committed 26112K, reserved 1073152K
  class space    used 2703K, capacity 2788K, committed 2816K, reserved 1048576K
}
Event: 17.130 GC heap before
{Heap before GC invocations=5 (full 1):
 PSYoungGen      total 27648K, used 27625K [0x00000000e1800000, 0x00000000e3680000, 0x0000000100000000)
  eden space 24064K, 100% used [0x00000000e1800000,0x00000000e2f80000,0x00000000e2f80000)
  from space 3584K, 99% used [0x00000000e2f80000,0x00000000e32fa6c0,0x00000000e3300000)
  to   space 3584K, 0% used [0x00000000e3300000,0x00000000e3300000,0x00000000e3680000)
 ParOldGen       total 35840K, used 9215K [0x00000000a4800000, 0x00000000a6b00000, 0x00000000e1800000)
  object space 35840K, 25% used [0x00000000a4800000,0x00000000a50ffca8,0x00000000a6b00000)
 Metaspace       used 28364K, capacity 28758K, committed 29056K, reserved 1075200K
  class space    used 3073K, capacity 3185K, committed 3200K, reserved 1048576K
Event: 17.136 GC heap after
Heap after GC invocations=5 (full 1):
 PSYoungGen      total 27648K, used 3552K [0x00000000e1800000, 0x00000000e3680000, 0x0000000100000000)
  eden space 24064K, 0% used [0x00000000e1800000,0x00000000e1800000,0x00000000e2f80000)
  from space 3584K, 99% used [0x00000000e3300000,0x00000000e36780d0,0x00000000e3680000)
  to   space 3584K, 0% used [0x00000000e2f80000,0x00000000e2f80000,0x00000000e3300000)
 ParOldGen       total 35840K, used 12056K [0x00000000a4800000, 0x00000000a6b00000, 0x00000000e1800000)
  object space 35840K, 33% used [0x00000000a4800000,0x00000000a53c6028,0x00000000a6b00000)
 Metaspace       used 28364K, capacity 28758K, committed 29056K, reserved 1075200K
  class space    used 3073K, capacity 3185K, committed 3200K, reserved 1048576K
}
Event: 17.639 GC heap before
{Heap before GC invocations=6 (full 1):
 PSYoungGen      total 27648K, used 25774K [0x00000000e1800000, 0x00000000e3680000, 0x0000000100000000)
  eden space 24064K, 92% used [0x00000000e1800000,0x00000000e2db3910,0x00000000e2f80000)
  from space 3584K, 99% used [0x00000000e3300000,0x00000000e36780d0,0x00000000e3680000)
  to   space 3584K, 0% used [0x00000000e2f80000,0x00000000e2f80000,0x00000000e3300000)
 ParOldGen       total 35840K, used 12056K [0x00000000a4800000, 0x00000000a6b00000, 0x00000000e1800000)
  object space 35840K, 33% used [0x00000000a4800000,0x00000000a53c6028,0x00000000a6b00000)
 Metaspace       used 31369K, capacity 31754K, committed 32128K, reserved 1077248K
  class space    used 3503K, capacity 3604K, committed 3712K, reserved 1048576K
Event: 17.647 GC heap after
Heap after GC invocations=6 (full 1):
 PSYoungGen      total 27648K, used 3568K [0x00000000e1800000, 0x00000000e4b80000, 0x0000000100000000)
  eden space 24064K, 0% used [0x00000000e1800000,0x00000000e1800000,0x00000000e2f80000)
  from space 3584K, 99% used [0x00000000e2f80000,0x00000000e32fc0e0,0x00000000e3300000)
  to   space 7168K, 0% used [0x00000000e4480000,0x00000000e4480000,0x00000000e4b80000)
 ParOldGen       total 35840K, used 14363K [0x00000000a4800000, 0x00000000a6b00000, 0x00000000e1800000)
  object space 35840K, 40% used [0x00000000a4800000,0x00000000a5606fa8,0x00000000a6b00000)
 Metaspace       used 31369K, capacity 31754K, committed 32128K, reserved 1077248K
  class space    used 3503K, capacity 3604K, committed 3712K, reserved 1048576K
}
Event: 87.268 GC heap before
{Heap before GC invocations=7 (full 1):
 PSYoungGen      total 27648K, used 27243K [0x00000000e1800000, 0x00000000e4b80000, 0x0000000100000000)
  eden space 24064K, 98% used [0x00000000e1800000,0x00000000e2f1edc8,0x00000000e2f80000)
  from space 3584K, 99% used [0x00000000e2f80000,0x00000000e32fc0e0,0x00000000e3300000)
  to   space 7168K, 0% used [0x00000000e4480000,0x00000000e4480000,0x00000000e4b80000)
 ParOldGen       total 35840K, used 14363K [0x00000000a4800000, 0x00000000a6b00000, 0x00000000e1800000)
  object space 35840K, 40% used [0x00000000a4800000,0x00000000a5606fa8,0x00000000a6b00000)
 Metaspace       used 32687K, capacity 33100K, committed 33280K, reserved 1079296K
  class space    used 3599K, capacity 3715K, committed 3840K, reserved 1048576K
Event: 87.282 GC heap after
Heap after GC invocations=7 (full 1):
 PSYoungGen      total 30720K, used 6694K [0x00000000e1800000, 0x00000000e4b80000, 0x0000000100000000)
  eden space 23552K, 0% used [0x00000000e1800000,0x00000000e1800000,0x00000000e2f00000)
  from space 7168K, 93% used [0x00000000e4480000,0x00000000e4b09af8,0x00000000e4b80000)
  to   space 7680K, 0% used [0x00000000e3c80000,0x00000000e3c80000,0x00000000e4400000)
 ParOldGen       total 35840K, used 14371K [0x00000000a4800000, 0x00000000a6b00000, 0x00000000e1800000)
  object space 35840K, 40% used [0x00000000a4800000,0x00000000a5608fa8,0x00000000a6b00000)
 Metaspace       used 32687K, capacity 33100K, committed 33280K, reserved 1079296K
  class space    used 3599K, capacity 3715K, committed 3840K, reserved 1048576K
}

Deoptimization events (10 events):
Event: 17.527 Thread 0x000000001867a800 Uncommon trap: reason=unstable_if action=reinterpret pc=0x000000000368e558 method=java.lang.ClassLoader.checkName(Ljava/lang/String;)Z @ 20
Event: 17.539 Thread 0x000000001867a800 Uncommon trap: reason=class_check action=maybe_recompile pc=0x0000000003a1d044 method=javax.swing.UIDefaults.getFromHashtable(Ljava/lang/Object;)Ljava/lang/Object; @ 92
Event: 17.671 Thread 0x000000001867a800 Uncommon trap: reason=unstable_if action=reinterpret pc=0x0000000003694828 method=java.util.HashMap.getNode(ILjava/lang/Object;)Ljava/util/HashMap$Node; @ 129
Event: 17.671 Thread 0x000000001867a800 Uncommon trap: reason=bimorphic action=maybe_recompile pc=0x000000000366d9dc method=java.util.HashMap.putVal(ILjava/lang/Object;Ljava/lang/Object;ZZ)Ljava/lang/Object; @ 203
Event: 17.671 Thread 0x000000001867a800 Uncommon trap: reason=unstable_if action=reinterpret pc=0x0000000003bdb104 method=java.util.HashMap.getNode(ILjava/lang/Object;)Ljava/util/HashMap$Node; @ 129
Event: 17.671 Thread 0x000000001867a800 Uncommon trap: reason=bimorphic action=maybe_recompile pc=0x000000000366d9dc method=java.util.HashMap.putVal(ILjava/lang/Object;Ljava/lang/Object;ZZ)Ljava/lang/Object; @ 203
Event: 17.715 Thread 0x000000001867a800 Uncommon trap: reason=unstable_if action=reinterpret pc=0x0000000003769d98 method=sun.font.CMap$CMapFormat4.getGlyph(I)C @ 181
Event: 17.833 Thread 0x000000001867a800 Uncommon trap: reason=bimorphic action=maybe_recompile pc=0x0000000003c11a38 method=java.util.concurrent.ConcurrentHashMap.putVal(Ljava/lang/Object;Ljava/lang/Object;Z)Ljava/lang/Object; @ 192
Event: 87.267 Thread 0x000000001867a800 Uncommon trap: reason=class_check action=maybe_recompile pc=0x0000000003e548d0 method=java.awt.geom.Rectangle2D.intersects(DDDD)Z @ 1
Event: 87.328 Thread 0x000000001867a800 Uncommon trap: reason=unstable_if action=reinterpret pc=0x0000000003e7f0b8 method=java.text.AttributedString.<init>(Ljava/text/AttributedCharacterIterator;II[Ljava/text/AttributedCharacterIterator$Attribute;)V @ 364

Classes redefined (0 events):
No events

Internal exceptions (10 events):
Event: 16.245 Thread 0x000000001867a800 Exception <a 'java/lang/ClassNotFoundException': org/apache/log4j/LayoutCustomizer> (0x00000000e2b52d68) thrown at [C:\re\workspace\8-2-build-windows-amd64-cygwin\jdk8u181\11358\hotspot\src\share\vm\classfile\systemDictionary.cpp, line 210]
Event: 16.247 Thread 0x000000001867a800 Exception <a 'java/lang/ClassNotFoundException': org/apache/log4j/PatternLayoutCustomizer> (0x00000000e2b85a10) thrown at [C:\re\workspace\8-2-build-windows-amd64-cygwin\jdk8u181\11358\hotspot\src\share\vm\classfile\systemDictionary.cpp, line 210]
Event: 16.250 Thread 0x000000001867a800 Exception <a 'java/lang/ClassNotFoundException': org/apache/log4j/ConsoleAppenderBeanInfo> (0x00000000e2ba9e60) thrown at [C:\re\workspace\8-2-build-windows-amd64-cygwin\jdk8u181\11358\hotspot\src\share\vm\classfile\systemDictionary.cpp, line 210]
Event: 16.251 Thread 0x000000001867a800 Exception <a 'java/lang/ClassNotFoundException': org/apache/log4j/WriterAppenderBeanInfo> (0x00000000e2bc5c98) thrown at [C:\re\workspace\8-2-build-windows-amd64-cygwin\jdk8u181\11358\hotspot\src\share\vm\classfile\systemDictionary.cpp, line 210]
Event: 16.252 Thread 0x000000001867a800 Exception <a 'java/lang/ClassNotFoundException': org/apache/log4j/AppenderSkeletonBeanInfo> (0x00000000e2be24b8) thrown at [C:\re\workspace\8-2-build-windows-amd64-cygwin\jdk8u181\11358\hotspot\src\share\vm\classfile\systemDictionary.cpp, line 210]
Event: 16.252 Thread 0x000000001867a800 Exception <a 'java/lang/ClassNotFoundException': org/apache/log4j/AppenderSkeletonCustomizer> (0x00000000e2c008e0) thrown at [C:\re\workspace\8-2-build-windows-amd64-cygwin\jdk8u181\11358\hotspot\src\share\vm\classfile\systemDictionary.cpp, line 210]
Event: 16.257 Thread 0x000000001867a800 Exception <a 'java/lang/ClassNotFoundException': org/apache/log4j/WriterAppenderCustomizer> (0x00000000e2c37870) thrown at [C:\re\workspace\8-2-build-windows-amd64-cygwin\jdk8u181\11358\hotspot\src\share\vm\classfile\systemDictionary.cpp, line 210]
Event: 16.259 Thread 0x000000001867a800 Exception <a 'java/lang/ClassNotFoundException': org/apache/log4j/ConsoleAppenderCustomizer> (0x00000000e2c61410) thrown at [C:\re\workspace\8-2-build-windows-amd64-cygwin\jdk8u181\11358\hotspot\src\share\vm\classfile\systemDictionary.cpp, line 210]
Event: 17.331 Thread 0x000000001867a800 Exception <a 'java/lang/ClassNotFoundException': projeto/vendas/tabelas/GuiControleEstrategicoRegiaoEspecificaBeanInfo> (0x00000000e2373cc8) thrown at [C:\re\workspace\8-2-build-windows-amd64-cygwin\jdk8u181\11358\hotspot\src\share\vm\classfile\systemDict
Event: 17.332 Thread 0x000000001867a800 Exception <a 'java/lang/ClassNotFoundException': projeto/vendas/tabelas/GuiControleEstrategicoRegiaoEspecificaCustomizer> (0x00000000e239e3c0) thrown at [C:\re\workspace\8-2-build-windows-amd64-cygwin\jdk8u181\11358\hotspot\src\share\vm\classfile\systemDi

Events (10 events):
Event: 276.681 Executing VM operation: BulkRevokeBias
Event: 276.682 Executing VM operation: BulkRevokeBias done
Event: 276.682 Executing VM operation: BulkRevokeBias
Event: 276.682 Executing VM operation: BulkRevokeBias done
Event: 276.682 Executing VM operation: RevokeBias
Event: 276.682 Executing VM operation: RevokeBias done
Event: 276.696 Thread 0x000000001bb13800 Thread exited: 0x000000001bb13800
Event: 276.736 Thread 0x0000000018668000 Thread exited: 0x0000000018668000
Event: 276.768 Thread 0x0000000018538000 Thread exited: 0x0000000018538000
Event: 276.768 Executing VM operation: Exit


Dynamic libraries:
0x00007ff6c59d0000 - 0x00007ff6c5a07000 	C:\Program Files\Java\jdk1.8.0_181\jre\bin\java.exe
0x00007ffe8ed60000 - 0x00007ffe8ef41000 	C:\WINDOWS\SYSTEM32\ntdll.dll
0x00007ffe8c520000 - 0x00007ffe8c5d2000 	C:\WINDOWS\System32\KERNEL32.DLL
0x00007ffe8bf50000 - 0x00007ffe8c1c3000 	C:\WINDOWS\System32\KERNELBASE.dll
0x00007ffe8d300000 - 0x00007ffe8d3a1000 	C:\WINDOWS\System32\ADVAPI32.dll
0x00007ffe8c480000 - 0x00007ffe8c51e000 	C:\WINDOWS\System32\msvcrt.dll
0x00007ffe8c6f0000 - 0x00007ffe8c74b000 	C:\WINDOWS\System32\sechost.dll
0x00007ffe8c260000 - 0x00007ffe8c384000 	C:\WINDOWS\System32\RPCRT4.dll
0x00007ffe8c7e0000 - 0x00007ffe8c970000 	C:\WINDOWS\System32\USER32.dll
0x00007ffe8c1d0000 - 0x00007ffe8c1f0000 	C:\WINDOWS\System32\win32u.dll
0x00007ffe8d220000 - 0x00007ffe8d248000 	C:\WINDOWS\System32\GDI32.dll
0x00007ffe8b480000 - 0x00007ffe8b612000 	C:\WINDOWS\System32\gdi32full.dll
0x00007ffe8b620000 - 0x00007ffe8b6bf000 	C:\WINDOWS\System32\msvcp_win.dll
0x00007ffe8be50000 - 0x00007ffe8bf4a000 	C:\WINDOWS\System32\ucrtbase.dll
0x00007ffe7a990000 - 0x00007ffe7abf9000 	C:\WINDOWS\WinSxS\amd64_microsoft.windows.common-controls_6595b64144ccf1df_6.0.17134.407_none_fb449d63306391e9\COMCTL32.dll
0x00007ffe8cb40000 - 0x00007ffe8ce62000 	C:\WINDOWS\System32\combase.dll
0x00007ffe8b6c0000 - 0x00007ffe8b73a000 	C:\WINDOWS\System32\bcryptPrimitives.dll
0x00007ffe8cb10000 - 0x00007ffe8cb3d000 	C:\WINDOWS\System32\IMM32.DLL
0x000000006a680000 - 0x000000006a752000 	C:\Program Files\Java\jdk1.8.0_181\jre\bin\msvcr100.dll
0x000000006a760000 - 0x000000006b002000 	C:\Program Files\Java\jdk1.8.0_181\jre\bin\server\jvm.dll
0x00007ffe8c250000 - 0x00007ffe8c258000 	C:\WINDOWS\System32\PSAPI.DLL
0x00007ffe80a30000 - 0x00007ffe80a39000 	C:\WINDOWS\SYSTEM32\WSOCK32.dll
0x00007ffe8e810000 - 0x00007ffe8e87c000 	C:\WINDOWS\System32\WS2_32.dll
0x00007ffe891e0000 - 0x00007ffe89203000 	C:\WINDOWS\SYSTEM32\WINMM.dll
0x00007ffe7f5e0000 - 0x00007ffe7f5ea000 	C:\WINDOWS\SYSTEM32\VERSION.dll
0x00007ffe891b0000 - 0x00007ffe891da000 	C:\WINDOWS\SYSTEM32\WINMMBASE.dll
0x00007ffe8b430000 - 0x00007ffe8b479000 	C:\WINDOWS\System32\cfgmgr32.dll
0x000000006a630000 - 0x000000006a63f000 	C:\Program Files\Java\jdk1.8.0_181\jre\bin\verify.dll
0x000000006a600000 - 0x000000006a629000 	C:\Program Files\Java\jdk1.8.0_181\jre\bin\java.dll
0x000000006a5e0000 - 0x000000006a5f6000 	C:\Program Files\Java\jdk1.8.0_181\jre\bin\zip.dll
0x00007ffe8d3b0000 - 0x00007ffe8e7ef000 	C:\WINDOWS\System32\SHELL32.dll
0x00007ffe8d250000 - 0x00007ffe8d2f9000 	C:\WINDOWS\System32\shcore.dll
0x00007ffe8b740000 - 0x00007ffe8be4d000 	C:\WINDOWS\System32\windows.storage.dll
0x00007ffe8c690000 - 0x00007ffe8c6e1000 	C:\WINDOWS\System32\shlwapi.dll
0x00007ffe8b110000 - 0x00007ffe8b121000 	C:\WINDOWS\System32\kernel.appcore.dll
0x00007ffe8b070000 - 0x00007ffe8b08f000 	C:\WINDOWS\System32\profapi.dll
0x00007ffe8b0a0000 - 0x00007ffe8b0ec000 	C:\WINDOWS\System32\powrprof.dll
0x00007ffe8b090000 - 0x00007ffe8b09a000 	C:\WINDOWS\System32\FLTLIB.DLL
0x000000006a400000 - 0x000000006a599000 	C:\Program Files\Java\jdk1.8.0_181\jre\bin\awt.dll
0x00007ffe8cff0000 - 0x00007ffe8d0b2000 	C:\WINDOWS\System32\OLEAUT32.dll
0x00007ffe893f0000 - 0x00007ffe8947b000 	C:\WINDOWS\SYSTEM32\apphelp.dll
0x00007ffe89570000 - 0x00007ffe89608000 	C:\WINDOWS\system32\uxtheme.dll
0x00007ffe8ce70000 - 0x00007ffe8cfe3000 	C:\WINDOWS\System32\MSCTF.dll
0x00007ffe680d0000 - 0x00007ffe6815b000 	C:\Program Files\NoPing Tunnel v15\iLdr64.dll
0x00007ffe68280000 - 0x00007ffe68326000 	C:\WINDOWS\SYSTEM32\MSVCP120.dll
0x00007ffe67780000 - 0x00007ffe6786f000 	C:\WINDOWS\SYSTEM32\MSVCR120.dll
0x00007ffe89800000 - 0x00007ffe89829000 	C:\WINDOWS\system32\dwmapi.dll
0x00007ffe8d0c0000 - 0x00007ffe8d211000 	C:\WINDOWS\System32\ole32.dll
0x00007ffe669c0000 - 0x00007ffe66aae000 	C:\Program Files\NoPing Tunnel v15\ProxyIntercept64.dll
0x00007ffe8a670000 - 0x00007ffe8a6a8000 	C:\WINDOWS\SYSTEM32\IPHLPAPI.DLL
0x00007ffe8a8f0000 - 0x00007ffe8a956000 	C:\WINDOWS\system32\mswsock.dll
0x00007ffe8c750000 - 0x00007ffe8c758000 	C:\WINDOWS\System32\NSI.dll
0x00007ffe78e00000 - 0x00007ffe78f20000 	C:\WINDOWS\system32\opengl32.dll
0x00007ffe7c770000 - 0x00007ffe7c79c000 	C:\WINDOWS\SYSTEM32\GLU32.dll
0x000000006a3b0000 - 0x000000006a3f7000 	C:\Program Files\Java\jdk1.8.0_181\jre\bin\fontmanager.dll
0x000000006a5c0000 - 0x000000006a5da000 	C:\Program Files\Java\jdk1.8.0_181\jre\bin\net.dll
0x000000006a5a0000 - 0x000000006a5b1000 	C:\Program Files\Java\jdk1.8.0_181\jre\bin\nio.dll
0x000000006a360000 - 0x000000006a3a2000 	C:\Program Files\Java\jdk1.8.0_181\jre\bin\t2k.dll
0x00007ffe8c5f0000 - 0x00007ffe8c690000 	C:\WINDOWS\System32\clbcatq.dll
0x00007ffe874f0000 - 0x00007ffe8769e000 	C:\WINDOWS\SYSTEM32\WindowsCodecs.dll
0x000000006a350000 - 0x000000006a35d000 	C:\Program Files\Java\jdk1.8.0_181\jre\bin\management.dll
0x0000000018c90000 - 0x0000000018d4e000 	C:\WINDOWS\SYSTEM32\DNSAPI.dll
0x00007ffe7fc00000 - 0x00007ffe7fc0a000 	C:\Windows\System32\rasadhlp.dll
0x00007ffe80a40000 - 0x00007ffe80ab2000 	C:\WINDOWS\System32\fwpuclnt.dll
0x00007ffe8abd0000 - 0x00007ffe8abf5000 	C:\WINDOWS\SYSTEM32\bcrypt.dll
0x00007ffe8aaa0000 - 0x00007ffe8aab7000 	C:\WINDOWS\SYSTEM32\CRYPTSP.dll
0x00007ffe8a4d0000 - 0x00007ffe8a503000 	C:\WINDOWS\system32\rsaenh.dll
0x00007ffe8afa0000 - 0x00007ffe8afc8000 	C:\WINDOWS\SYSTEM32\USERENV.dll
0x00007ffe8aac0000 - 0x00007ffe8aacb000 	C:\WINDOWS\SYSTEM32\CRYPTBASE.dll
0x00007ffe83e70000 - 0x00007ffe83e86000 	C:\WINDOWS\SYSTEM32\dhcpcsvc6.DLL
0x00007ffe83e50000 - 0x00007ffe83e6a000 	C:\WINDOWS\SYSTEM32\dhcpcsvc.DLL
0x00007ffe7b7d0000 - 0x00007ffe7b7e6000 	C:\WINDOWS\system32\napinsp.dll
0x00007ffe7ac00000 - 0x00007ffe7ac1a000 	C:\WINDOWS\system32\pnrpnsp.dll
0x00007ffe879e0000 - 0x00007ffe879f9000 	C:\WINDOWS\system32\NLAapi.dll
0x00007ffe7b7c0000 - 0x00007ffe7b7ce000 	C:\WINDOWS\System32\winrnr.dll
0x00007ffe82ea0000 - 0x00007ffe82f36000 	C:\WINDOWS\System32\TextInputFramework.dll
0x00007ffe87000000 - 0x00007ffe8731e000 	C:\WINDOWS\System32\CoreUIComponents.dll
0x00007ffe88d90000 - 0x00007ffe88e6a000 	C:\WINDOWS\System32\CoreMessaging.dll
0x00007ffe8a160000 - 0x00007ffe8a191000 	C:\WINDOWS\SYSTEM32\ntmarta.dll
0x00007ffe86eb0000 - 0x00007ffe86ffd000 	C:\WINDOWS\SYSTEM32\wintypes.dll
0x00007ffe7be00000 - 0x00007ffe7bfc9000 	C:\WINDOWS\SYSTEM32\dbghelp.dll

VM Arguments:
jvm_args: -Dfile.encoding=UTF-8 
java_command: projeto.vendas.view.GuiLogin
java_class_path (initial): D:\TCC - Fatec 2018\PHappy-Vendas\ojdbc6_g.jar;C:\Program Files (x86)\NetBeans 8.2\java\modules\ext\beansbinding-1.2.1.jar;C:\Program Files (x86)\NetBeans 8.2\enterprise\modules\ext\jaxrs-2.0\javax.ws.rs-api-2.0.jar;C:\Program Files (x86)\NetBeans 8.2\enterprise\modules\ext\jersey2\ext\asm-all-repackaged-2.2.0-b21.jar;C:\Program Files (x86)\NetBeans 8.2\enterprise\modules\ext\jersey2\ext\cglib-2.2.0-b21.jar;C:\Program Files (x86)\NetBeans 8.2\enterprise\modules\ext\jersey2\ext\guava-14.0.1.jar;C:\Program Files (x86)\NetBeans 8.2\enterprise\modules\ext\jersey2\ext\hk2-api-2.2.0-b21.jar;C:\Program Files (x86)\NetBeans 8.2\enterprise\modules\ext\jersey2\ext\hk2-locator-2.2.0-b21.jar;C:\Program Files (x86)\NetBeans 8.2\enterprise\modules\ext\jersey2\ext\hk2-utils-2.2.0-b21.jar;C:\Program Files (x86)\NetBeans 8.2\enterprise\modules\ext\jersey2\ext\javax.annotation-api-1.2.jar;C:\Program Files (x86)\NetBeans 8.2\enterprise\modules\ext\jersey2\ext\javax.inject-2.2.0-b21.jar;C:\Program Files (x86)\NetBeans 8.2\enterprise\modules\ext\jersey2\ext\javax.servlet-api-3.0.1.jar;C:\Program Files (x86)\NetBeans 8.2\enterprise\modules\ext\jersey2\ext\jaxb-api-2.2.7.jar;C:\Program Files (x86)\NetBeans 8.2\enterprise\modules\ext\jersey2\ext\jersey-entity-filtering-2.5.1.jar;C:\Program Files (x86)\NetBeans 8.2\enterprise\modules\ext\jersey2\ext\jersey-media-moxy-2.5.1.jar;C:\Program Files (x86)\NetBeans 8.2\enterprise\modules\ext\jersey2\ext\org.osgi.core-4.2.0.jar;C:\Program Files (x86)\NetBeans 8.2\enterprise\modules\ext\jersey2\ext\osgi-resource-locator-1.0.1.jar;C:\Program Files (x86)\NetBeans 8.2\enterprise\modules\ext\jersey2\ext\persistence-api-1.0.jar;C:\Program Files (x86)\NetBeans 8.2\enterprise\modules\ext\jersey2\ext\validation-api-1.1.0.Final.jar;C:\Program Files (x86)\NetBeans 8.2\enterprise\modules\ext\jersey2\jersey-client.jar;C:\Program Files (x86)\NetBeans 8.2\enterprise\modules\ext\jersey2\jersey-common.jar;C:\Program Files (x86)\NetBeans
Launcher Type: SUN_STANDARD

Environment Variables:
JAVA_HOME=C:\Program Files (x86)\Java\jdk1.8.0_181
PATH=C:\WINDOWS\system32;C:\WINDOWS;C:\WINDOWS\System32\Wbem;C:\WINDOWS\System32\WindowsPowerShell\v1.0\;C:\Program Files\dotnet\;C:\WINDOWS\System32\OpenSSH\;C:\Users\ferna\AppData\Local\Microsoft\WindowsApps;
USERNAME=Fernando
OS=Windows_NT
PROCESSOR_IDENTIFIER=Intel64 Family 6 Model 58 Stepping 9, GenuineIntel



---------------  S Y S T E M  ---------------

OS: Windows 10.0 , 64 bit Build 17134 (10.0.17134.1)

CPU:total 2 (initial active 2) (2 cores per cpu, 1 threads per core) family 6 model 58 stepping 9, cmov, cx8, fxsr, mmx, sse, sse2, sse3, ssse3, sse4.1, sse4.2, popcnt, clmul, erms, tsc, tscinvbit, tscinv

Memory: 4k page, physical 5989528k(2216636k free), swap 7038104k(2413232k free)

vm_info: Java HotSpot(TM) 64-Bit Server VM (25.181-b13) for windows-amd64 JRE (1.8.0_181-b13), built on Jul  7 2018 04:01:33 by "java_re" with MS VC++ 10.0 (VS2010)

time: Mon Nov 19 16:04:41 2018
elapsed time: 281 seconds (0d 0h 4m 41s)

