#
# A fatal error has been detected by the Java Runtime Environment:
#
#  Internal Error (0xc000000d), pid=6612, tid=0x00000000000015c8
#
# JRE version: Java(TM) SE Runtime Environment (8.0_181-b13) (build 1.8.0_181-b13)
# Java VM: Java HotSpot(TM) 64-Bit Server VM (25.181-b13 mixed mode windows-amd64 compressed oops)
# Problematic frame:
# C  [ntdll.dll+0x108b20]
#
# Failed to write core dump. Minidumps are not enabled by default on client versions of Windows
#
# If you would like to submit a bug report, please visit:
#   http://bugreport.java.com/bugreport/crash.jsp
#

---------------  T H R E A D  ---------------

Current thread (0x00000000164d6800):  VMThread [stack: 0x0000000016f40000,0x0000000017040000] [id=5576]

siginfo: ExceptionCode=0xc000000d

Registers:
RAX=0x00007ffc400f70d0, RBX=0xfffffffffffffffe, RCX=0x00002d8dda476e1e, RDX=0x000000005b3b4e7e
RSP=0x000000001703e960, RBP=0x00007ffc24c171bc, RSI=0x0000000000000000, RDI=0x0000000000000670
R8 =0x000000005b3b4e7e, R9 =0x000000001703e850, R10=0x000000005b3820da, R11=0x000000000000004b
R12=0x000000000107ddf0, R13=0x00000000010d57e0, R14=0x000000000107def8, R15=0x000000001703ead8
RIP=0x00007ffc401b8b20, EFLAGS=0x0000000000000206

Top of Stack: (sp=0x000000001703e960)
0x000000001703e960:   0000000000000057 fffffffffffffffe
0x000000001703e970:   0000000000000000 0000000000000670
0x000000001703e980:   00000000c000000d 0000000000000000
0x000000001703e990:   00007ffc401b8b20 0000000000000000
0x000000001703e9a0:   0000000000000000 0000000000000000
0x000000001703e9b0:   0000000000000000 0000000000000000
0x000000001703e9c0:   0000000000000000 0000000000000000
0x000000001703e9d0:   0000000000000000 0000000000000000
0x000000001703e9e0:   0000000000000000 0000000000000000
0x000000001703e9f0:   0000000000000000 0000000000000000
0x000000001703ea00:   0000000000000000 0000000000000000
0x000000001703ea10:   0000000000000000 0000000000bd0000
0x000000001703ea20:   00002d8dda4764de 00000000ffffffff
0x000000001703ea30:   000000001703eb30 00007ffc401672df
0x000000001703ea40:   0000000000f00000 0000000000000003
0x000000001703ea50:   0000000000003070 0000000000000000 

Instructions: (pc=0x00007ffc401b8b20)
0x00007ffc401b8b00:   7f f9 ff c7 44 24 20 0d 00 00 c0 b9 57 00 00 00
0x00007ffc401b8b10:   e8 7b e5 f3 ff 90 48 8d 4c 24 20 e8 90 c4 ef ff
0x00007ffc401b8b20:   eb 00 48 8b 8c 24 c0 00 00 00 48 33 cc e8 fe 1a
0x00007ffc401b8b30:   f8 ff 48 81 c4 d8 00 00 00 c3 40 55 48 83 ec 20 


Register to memory mapping:

RAX=0x00007ffc400f70d0 is an unknown value
RBX=0xfffffffffffffffe is an unknown value
RCX=0x00002d8dda476e1e is an unknown value
RDX=0x000000005b3b4e7e is an unknown value
RSP=0x000000001703e960 is an unknown value
RBP=0x00007ffc24c171bc is an unknown value
RSI=0x0000000000000000 is an unknown value
RDI=0x0000000000000670 is an unknown value
R8 =0x000000005b3b4e7e is an unknown value
R9 =0x000000001703e850 is an unknown value
R10=0x000000005b3820da is an unknown value
R11=0x000000000000004b is an unknown value
R12=0x000000000107ddf0 is an unknown value
R13=0x00000000010d57e0 is an unknown value
R14=0x000000000107def8 is an unknown value
R15=0x000000001703ead8 is an unknown value


Stack: [0x0000000016f40000,0x0000000017040000],  sp=0x000000001703e960,  free space=1018k
Native frames: (J=compiled Java code, j=interpreted, Vv=VM code, C=native code)
C  [ntdll.dll+0x108b20]
C  [ntdll.dll+0xb72df]
C  [KERNEL32.DLL+0x1e36a]
C  [MSVCR120.dll+0x72e1]
C  [MSVCR120.dll+0x149d3]
C  [MSVCR120.dll+0x13c06]
C  [MSVCR120.dll+0x22da]
C  [MSVCR120.dll+0xae32]
C  [MSVCP120.dll+0x3cd49]
C  [ProxyIntercept64.dll+0x44eb4]
C  [ProxyIntercept64.dll+0x45066]
C  [ProxyIntercept64.dll+0x90df8]
C  [ProxyIntercept64.dll+0x96ee4]
C  [ProxyIntercept64.dll+0x96e92]
C  [ProxyIntercept64.dll+0x9227c]
C  [ProxyIntercept64.dll+0x1e7a9]
C  [ProxyIntercept64.dll+0x1e977]
C  [ProxyIntercept64.dll+0x28806]
C  [ProxyIntercept64.dll+0x2855a]
C  [ProxyIntercept64.dll+0x18528]
C  [ProxyIntercept64.dll+0x1a317]
C  [ProxyIntercept64.dll+0x18361]
C  [ProxyIntercept64.dll+0xa4bf0]
C  [ProxyIntercept64.dll+0x9a95c]
C  [ProxyIntercept64.dll+0x9abde]
C  [ntdll.dll+0x34053]
C  [ntdll.dll+0x40a05]
C  [ntdll.dll+0x408c8]
C  [KERNEL32.DLL+0x1b19a]
C  [msvcr100.dll+0x20ccd]
V  [jvm.dll+0x2139a5]
V  [jvm.dll+0x24cc27]
V  [jvm.dll+0x24bec6]
V  [jvm.dll+0x24c361]
V  [jvm.dll+0x24c57e]
V  [jvm.dll+0x29e64a]
C  [msvcr100.dll+0x21d9f]
C  [msvcr100.dll+0x21e3b]
C  [KERNEL32.DLL+0x13034]
C  [ntdll.dll+0x71461]

VM_Operation (0x00000000196ad010): Exit, mode: safepoint, requested by thread 0x0000000018335000


---------------  P R O C E S S  ---------------

Java Threads: ( => current thread )
  0x0000000019a26000 JavaThread "TimerQueue" daemon [_thread_blocked, id=8296, stack(0x000000001ae10000,0x000000001af10000)]
  0x0000000002f87800 JavaThread "DestroyJavaVM" [_thread_blocked, id=5528, stack(0x0000000002da0000,0x0000000002ea0000)]
  0x0000000018335000 JavaThread "AWT-EventQueue-0" [_thread_blocked, id=2108, stack(0x00000000195b0000,0x00000000196b0000)]
  0x00000000182cb000 JavaThread "AWT-Shutdown" [_thread_blocked, id=3464, stack(0x0000000018da0000,0x0000000018ea0000)]
  0x00000000182c8800 JavaThread "Java2D Disposer" daemon [_thread_blocked, id=7720, stack(0x0000000018ca0000,0x0000000018da0000)]
  0x000000001658d000 JavaThread "Service Thread" daemon [_thread_blocked, id=7068, stack(0x0000000017750000,0x0000000017850000)]
  0x0000000016566800 JavaThread "C1 CompilerThread1" daemon [_thread_blocked, id=4568, stack(0x0000000017650000,0x0000000017750000)]
  0x000000001651f000 JavaThread "C2 CompilerThread0" daemon [_thread_blocked, id=5808, stack(0x0000000017550000,0x0000000017650000)]
  0x000000001651c000 JavaThread "Attach Listener" daemon [_thread_blocked, id=8964, stack(0x0000000017450000,0x0000000017550000)]
  0x0000000016518800 JavaThread "Signal Dispatcher" daemon [_thread_blocked, id=6560, stack(0x0000000017350000,0x0000000017450000)]
  0x00000000164f9000 JavaThread "Finalizer" daemon [_thread_blocked, id=7184, stack(0x0000000017140000,0x0000000017240000)]
  0x0000000003074000 JavaThread "Reference Handler" daemon [_thread_blocked, id=2760, stack(0x0000000017040000,0x0000000017140000)]

Other Threads:
=>0x00000000164d6800 VMThread [stack: 0x0000000016f40000,0x0000000017040000] [id=5576]

VM state:at safepoint (shutting down)

VM Mutex/Monitor currently owned by a thread:  ([mutex/lock_event])
[0x0000000002f7dd70] Threads_lock - owner thread: 0x00000000164d6800

Heap:
 PSYoungGen      total 27648K, used 10345K [0x00000000e1800000, 0x00000000e3680000, 0x0000000100000000)
  eden space 24064K, 42% used [0x00000000e1800000,0x00000000e221a670,0x00000000e2f80000)
  from space 3584K, 0% used [0x00000000e3300000,0x00000000e3300000,0x00000000e3680000)
  to   space 3584K, 0% used [0x00000000e2f80000,0x00000000e2f80000,0x00000000e3300000)
 ParOldGen       total 49664K, used 7442K [0x00000000a4800000, 0x00000000a7880000, 0x00000000e1800000)
  object space 49664K, 14% used [0x00000000a4800000,0x00000000a4f44988,0x00000000a7880000)
 Metaspace       used 24076K, capacity 24342K, committed 24576K, reserved 1071104K
  class space    used 2641K, capacity 2735K, committed 2816K, reserved 1048576K

Card table byte_map: [0x0000000012440000,0x0000000012720000] byte_map_base: 0x0000000011f1c000

Marking Bits: (ParMarkBitMap*) 0x000000005bc62d00
 Begin Bits: [0x0000000012b10000, 0x00000000141f0000)
 End Bits:   [0x00000000141f0000, 0x00000000158d0000)

Polling page: 0x0000000001360000

CodeCache: size=245760Kb used=5122Kb max_used=5122Kb free=240637Kb
 bounds [0x0000000003080000, 0x0000000003590000, 0x0000000012080000]
 total_blobs=2147 nmethods=1563 adapters=497
 compilation: enabled

Compilation events (10 events):
Event: 10.450 Thread 0x0000000016566800 1559  s    3       java.awt.AWTEvent::get_InputEvent_CanAccessSystemClipboard (26 bytes)
Event: 10.450 Thread 0x0000000016566800 nmethod 1559 0x0000000003583b50 code [0x0000000003583ce0, 0x0000000003584228]
Event: 10.450 Thread 0x0000000016566800 1560       3       java.lang.reflect.Field::setBoolean (52 bytes)
Event: 10.451 Thread 0x0000000016566800 nmethod 1560 0x0000000003583110 code [0x00000000035832e0, 0x0000000003583928]
Event: 10.458 Thread 0x0000000016566800 1561       3       java.awt.Component::location_NoClientCode (16 bytes)
Event: 10.458 Thread 0x0000000016566800 nmethod 1561 0x000000000357f610 code [0x000000000357f780, 0x000000000357fa50]
Event: 11.004 Thread 0x0000000016566800 1562       3       java.util.HashMap$ValueIterator::next (8 bytes)
Event: 11.005 Thread 0x0000000016566800 nmethod 1562 0x0000000003582cd0 code [0x0000000003582e40, 0x0000000003583048]
Event: 11.006 Thread 0x0000000016566800 1563       3       java.util.logging.LogManager$LoggerContext::ensureDefaultLogger (70 bytes)
Event: 11.007 Thread 0x0000000016566800 nmethod 1563 0x0000000003582090 code [0x0000000003582240, 0x0000000003582ac8]

GC Heap History (6 events):
Event: 2.303 GC heap before
{Heap before GC invocations=1 (full 0):
 PSYoungGen      total 27648K, used 24001K [0x00000000e1800000, 0x00000000e3680000, 0x0000000100000000)
  eden space 24064K, 99% used [0x00000000e1800000,0x00000000e2f706e0,0x00000000e2f80000)
  from space 3584K, 0% used [0x00000000e3300000,0x00000000e3300000,0x00000000e3680000)
  to   space 3584K, 0% used [0x00000000e2f80000,0x00000000e2f80000,0x00000000e3300000)
 ParOldGen       total 62976K, used 0K [0x00000000a4800000, 0x00000000a8580000, 0x00000000e1800000)
  object space 62976K, 0% used [0x00000000a4800000,0x00000000a4800000,0x00000000a8580000)
 Metaspace       used 15600K, capacity 15858K, committed 16000K, reserved 1062912K
  class space    used 2045K, capacity 2127K, committed 2176K, reserved 1048576K
Event: 2.313 GC heap after
Heap after GC invocations=1 (full 0):
 PSYoungGen      total 27648K, used 3577K [0x00000000e1800000, 0x00000000e3680000, 0x0000000100000000)
  eden space 24064K, 0% used [0x00000000e1800000,0x00000000e1800000,0x00000000e2f80000)
  from space 3584K, 99% used [0x00000000e2f80000,0x00000000e32fe5e0,0x00000000e3300000)
  to   space 3584K, 0% used [0x00000000e3300000,0x00000000e3300000,0x00000000e3680000)
 ParOldGen       total 62976K, used 2294K [0x00000000a4800000, 0x00000000a8580000, 0x00000000e1800000)
  object space 62976K, 3% used [0x00000000a4800000,0x00000000a4a3da08,0x00000000a8580000)
 Metaspace       used 15600K, capacity 15858K, committed 16000K, reserved 1062912K
  class space    used 2045K, capacity 2127K, committed 2176K, reserved 1048576K
}
Event: 2.849 GC heap before
{Heap before GC invocations=2 (full 0):
 PSYoungGen      total 27648K, used 14688K [0x00000000e1800000, 0x00000000e3680000, 0x0000000100000000)
  eden space 24064K, 46% used [0x00000000e1800000,0x00000000e22d9c68,0x00000000e2f80000)
  from space 3584K, 99% used [0x00000000e2f80000,0x00000000e32fe5e0,0x00000000e3300000)
  to   space 3584K, 0% used [0x00000000e3300000,0x00000000e3300000,0x00000000e3680000)
 ParOldGen       total 62976K, used 2294K [0x00000000a4800000, 0x00000000a8580000, 0x00000000e1800000)
  object space 62976K, 3% used [0x00000000a4800000,0x00000000a4a3da08,0x00000000a8580000)
 Metaspace       used 20873K, capacity 21106K, committed 21248K, reserved 1069056K
  class space    used 2383K, capacity 2447K, committed 2560K, reserved 1048576K
Event: 2.856 GC heap after
Heap after GC invocations=2 (full 0):
 PSYoungGen      total 27648K, used 3578K [0x00000000e1800000, 0x00000000e3680000, 0x0000000100000000)
  eden space 24064K, 0% used [0x00000000e1800000,0x00000000e1800000,0x00000000e2f80000)
  from space 3584K, 99% used [0x00000000e3300000,0x00000000e367e9d0,0x00000000e3680000)
  to   space 3584K, 0% used [0x00000000e2f80000,0x00000000e2f80000,0x00000000e3300000)
 ParOldGen       total 62976K, used 4055K [0x00000000a4800000, 0x00000000a8580000, 0x00000000e1800000)
  object space 62976K, 6% used [0x00000000a4800000,0x00000000a4bf5d28,0x00000000a8580000)
 Metaspace       used 20873K, capacity 21106K, committed 21248K, reserved 1069056K
  class space    used 2383K, capacity 2447K, committed 2560K, reserved 1048576K
}
Event: 2.856 GC heap before
{Heap before GC invocations=3 (full 1):
 PSYoungGen      total 27648K, used 3578K [0x00000000e1800000, 0x00000000e3680000, 0x0000000100000000)
  eden space 24064K, 0% used [0x00000000e1800000,0x00000000e1800000,0x00000000e2f80000)
  from space 3584K, 99% used [0x00000000e3300000,0x00000000e367e9d0,0x00000000e3680000)
  to   space 3584K, 0% used [0x00000000e2f80000,0x00000000e2f80000,0x00000000e3300000)
 ParOldGen       total 62976K, used 4055K [0x00000000a4800000, 0x00000000a8580000, 0x00000000e1800000)
  object space 62976K, 6% used [0x00000000a4800000,0x00000000a4bf5d28,0x00000000a8580000)
 Metaspace       used 20873K, capacity 21106K, committed 21248K, reserved 1069056K
  class space    used 2383K, capacity 2447K, committed 2560K, reserved 1048576K
Event: 2.897 GC heap after
Heap after GC invocations=3 (full 1):
 PSYoungGen      total 27648K, used 0K [0x00000000e1800000, 0x00000000e3680000, 0x0000000100000000)
  eden space 24064K, 0% used [0x00000000e1800000,0x00000000e1800000,0x00000000e2f80000)
  from space 3584K, 0% used [0x00000000e3300000,0x00000000e3300000,0x00000000e3680000)
  to   space 3584K, 0% used [0x00000000e2f80000,0x00000000e2f80000,0x00000000e3300000)
 ParOldGen       total 49664K, used 7442K [0x00000000a4800000, 0x00000000a7880000, 0x00000000e1800000)
  object space 49664K, 14% used [0x00000000a4800000,0x00000000a4f44988,0x00000000a7880000)
 Metaspace       used 20873K, capacity 21106K, committed 21248K, reserved 1069056K
  class space    used 2383K, capacity 2447K, committed 2560K, reserved 1048576K
}

Deoptimization events (10 events):
Event: 1.183 Thread 0x0000000018335000 Uncommon trap: reason=class_check action=maybe_recompile pc=0x0000000003310fb8 method=javax.swing.plaf.nimbus.DerivedColor$UIResource.equals(Ljava/lang/Object;)Z @ 1
Event: 1.183 Thread 0x0000000018335000 Uncommon trap: reason=class_check action=maybe_recompile pc=0x0000000003310fb8 method=javax.swing.plaf.nimbus.DerivedColor$UIResource.equals(Ljava/lang/Object;)Z @ 1
Event: 1.183 Thread 0x0000000018335000 Uncommon trap: reason=class_check action=maybe_recompile pc=0x0000000003310fb8 method=javax.swing.plaf.nimbus.DerivedColor$UIResource.equals(Ljava/lang/Object;)Z @ 1
Event: 1.879 Thread 0x0000000018335000 Uncommon trap: reason=class_check action=maybe_recompile pc=0x0000000003201de0 method=java.lang.String.equals(Ljava/lang/Object;)Z @ 8
Event: 1.886 Thread 0x0000000018335000 Uncommon trap: reason=class_check action=maybe_recompile pc=0x0000000003201de0 method=java.lang.String.equals(Ljava/lang/Object;)Z @ 8
Event: 1.900 Thread 0x0000000018335000 Uncommon trap: reason=class_check action=maybe_recompile pc=0x0000000003201de0 method=java.lang.String.equals(Ljava/lang/Object;)Z @ 8
Event: 1.903 Thread 0x0000000018335000 Uncommon trap: reason=class_check action=maybe_recompile pc=0x0000000003201de0 method=java.lang.String.equals(Ljava/lang/Object;)Z @ 8
Event: 2.098 Thread 0x0000000018335000 Uncommon trap: reason=unstable_if action=reinterpret pc=0x00000000032f117c method=java.lang.String.indexOf([CII[CIII)I @ 3
Event: 2.120 Thread 0x0000000018335000 Uncommon trap: reason=predicate action=maybe_recompile pc=0x00000000033d4e70 method=java.util.Arrays.binarySearch0([Ljava/lang/Object;IILjava/lang/Object;Ljava/util/Comparator;)I @ 28
Event: 2.230 Thread 0x0000000018335000 Uncommon trap: reason=unstable_if action=reinterpret pc=0x0000000003453fe4 method=java.io.BufferedReader.read()I @ 19

Classes redefined (0 events):
No events

Internal exceptions (10 events):
Event: 0.914 Thread 0x0000000018335000 Implicit null exception at 0x0000000003296416 to 0x00000000032967a1
Event: 2.152 Thread 0x0000000018335000 Exception <a 'java/lang/ArrayIndexOutOfBoundsException'> (0x00000000e2cbb860) thrown at [C:\re\workspace\8-2-build-windows-amd64-cygwin\jdk8u181\11358\hotspot\src\share\vm\runtime\sharedRuntime.cpp, line 605]
Event: 2.152 Thread 0x0000000018335000 Exception <a 'java/lang/ArrayIndexOutOfBoundsException'> (0x00000000e2cbc7c0) thrown at [C:\re\workspace\8-2-build-windows-amd64-cygwin\jdk8u181\11358\hotspot\src\share\vm\runtime\sharedRuntime.cpp, line 605]
Event: 2.153 Thread 0x0000000018335000 Exception <a 'java/lang/ArrayIndexOutOfBoundsException'> (0x00000000e2cbd960) thrown at [C:\re\workspace\8-2-build-windows-amd64-cygwin\jdk8u181\11358\hotspot\src\share\vm\runtime\sharedRuntime.cpp, line 605]
Event: 2.154 Thread 0x0000000018335000 Exception <a 'java/lang/ArrayIndexOutOfBoundsException'> (0x00000000e2cbf3a8) thrown at [C:\re\workspace\8-2-build-windows-amd64-cygwin\jdk8u181\11358\hotspot\src\share\vm\runtime\sharedRuntime.cpp, line 605]
Event: 2.171 Thread 0x0000000018335000 Exception <a 'java/lang/ArrayIndexOutOfBoundsException'> (0x00000000e2ce5f20) thrown at [C:\re\workspace\8-2-build-windows-amd64-cygwin\jdk8u181\11358\hotspot\src\share\vm\runtime\sharedRuntime.cpp, line 605]
Event: 2.171 Thread 0x0000000018335000 Exception <a 'java/lang/ArrayIndexOutOfBoundsException'> (0x00000000e2ce7370) thrown at [C:\re\workspace\8-2-build-windows-amd64-cygwin\jdk8u181\11358\hotspot\src\share\vm\runtime\sharedRuntime.cpp, line 605]
Event: 2.172 Thread 0x0000000018335000 Exception <a 'java/lang/ArrayIndexOutOfBoundsException'> (0x00000000e2ce8ed0) thrown at [C:\re\workspace\8-2-build-windows-amd64-cygwin\jdk8u181\11358\hotspot\src\share\vm\runtime\sharedRuntime.cpp, line 605]
Event: 2.184 Thread 0x0000000018335000 Exception <a 'java/lang/ArrayIndexOutOfBoundsException'> (0x00000000e2d0f1f8) thrown at [C:\re\workspace\8-2-build-windows-amd64-cygwin\jdk8u181\11358\hotspot\src\share\vm\runtime\sharedRuntime.cpp, line 605]
Event: 2.189 Thread 0x0000000018335000 Exception <a 'java/lang/ArrayIndexOutOfBoundsException'> (0x00000000e2d1d2d0) thrown at [C:\re\workspace\8-2-build-windows-amd64-cygwin\jdk8u181\11358\hotspot\src\share\vm\runtime\sharedRuntime.cpp, line 605]

Events (10 events):
Event: 10.430 Thread 0x0000000018335000 DEOPT PACKING pc=0x00000000034fde65 sp=0x00000000196abee0
Event: 10.430 Thread 0x0000000018335000 DEOPT UNPACKING pc=0x00000000030c7490 sp=0x00000000196abc20 mode 0
Event: 11.003 Thread 0x0000000016550800 Thread added: 0x0000000016550800
Event: 11.003 Thread 0x0000000016551800 Thread added: 0x0000000016551800
Event: 11.003 Thread 0x0000000017b80800 Thread added: 0x0000000017b80800
Event: 11.007 Thread 0x0000000016550800 Thread exited: 0x0000000016550800
Event: 11.008 Thread 0x0000000017b80800 Thread exited: 0x0000000017b80800
Event: 11.053 Thread 0x00000000182cd000 Thread exited: 0x00000000182cd000
Event: 11.117 Thread 0x0000000016551800 Thread exited: 0x0000000016551800
Event: 11.117 Executing VM operation: Exit


Dynamic libraries:
0x00007ff6e6f00000 - 0x00007ff6e6f37000 	C:\Program Files\Java\jdk1.8.0_181\jre\bin\java.exe
0x00007ffc400b0000 - 0x00007ffc40291000 	C:\WINDOWS\SYSTEM32\ntdll.dll
0x00007ffc3f020000 - 0x00007ffc3f0d2000 	C:\WINDOWS\System32\KERNEL32.DLL
0x00007ffc3cdb0000 - 0x00007ffc3d023000 	C:\WINDOWS\System32\KERNELBASE.dll
0x00007ffc3ffd0000 - 0x00007ffc40071000 	C:\WINDOWS\System32\ADVAPI32.dll
0x00007ffc3fb30000 - 0x00007ffc3fbce000 	C:\WINDOWS\System32\msvcrt.dll
0x00007ffc3f6e0000 - 0x00007ffc3f73b000 	C:\WINDOWS\System32\sechost.dll
0x00007ffc3d8c0000 - 0x00007ffc3d9e4000 	C:\WINDOWS\System32\RPCRT4.dll
0x00007ffc3f760000 - 0x00007ffc3f8f0000 	C:\WINDOWS\System32\USER32.dll
0x00007ffc3cc40000 - 0x00007ffc3cc60000 	C:\WINDOWS\System32\win32u.dll
0x00007ffc3f260000 - 0x00007ffc3f288000 	C:\WINDOWS\System32\GDI32.dll
0x00007ffc3d280000 - 0x00007ffc3d412000 	C:\WINDOWS\System32\gdi32full.dll
0x00007ffc3d420000 - 0x00007ffc3d4bf000 	C:\WINDOWS\System32\msvcp_win.dll
0x00007ffc3cc60000 - 0x00007ffc3cd5a000 	C:\WINDOWS\System32\ucrtbase.dll
0x00007ffc2bfe0000 - 0x00007ffc2c249000 	C:\WINDOWS\WinSxS\amd64_microsoft.windows.common-controls_6595b64144ccf1df_6.0.17134.345_none_fb429a5930656358\COMCTL32.dll
0x00007ffc3fbd0000 - 0x00007ffc3fef3000 	C:\WINDOWS\System32\combase.dll
0x00007ffc3d4c0000 - 0x00007ffc3d53a000 	C:\WINDOWS\System32\bcryptPrimitives.dll
0x00007ffc3eff0000 - 0x00007ffc3f01d000 	C:\WINDOWS\System32\IMM32.DLL
0x000000005b360000 - 0x000000005b432000 	C:\Program Files\Java\jdk1.8.0_181\jre\bin\msvcr100.dll
0x000000005b440000 - 0x000000005bce2000 	C:\Program Files\Java\jdk1.8.0_181\jre\bin\server\jvm.dll
0x00007ffc3f0f0000 - 0x00007ffc3f0f8000 	C:\WINDOWS\System32\PSAPI.DLL
0x00007ffc2dd00000 - 0x00007ffc2dd09000 	C:\WINDOWS\SYSTEM32\WSOCK32.dll
0x00007ffc3a530000 - 0x00007ffc3a553000 	C:\WINDOWS\SYSTEM32\WINMM.dll
0x00007ffc3ef00000 - 0x00007ffc3ef6c000 	C:\WINDOWS\System32\WS2_32.dll
0x00007ffc30b60000 - 0x00007ffc30b6a000 	C:\WINDOWS\SYSTEM32\VERSION.dll
0x00007ffc3a500000 - 0x00007ffc3a52a000 	C:\WINDOWS\SYSTEM32\WINMMBASE.dll
0x00007ffc3cd60000 - 0x00007ffc3cda9000 	C:\WINDOWS\System32\cfgmgr32.dll
0x000000005b310000 - 0x000000005b31f000 	C:\Program Files\Java\jdk1.8.0_181\jre\bin\verify.dll
0x000000005b2e0000 - 0x000000005b309000 	C:\Program Files\Java\jdk1.8.0_181\jre\bin\java.dll
0x000000005b2c0000 - 0x000000005b2d6000 	C:\Program Files\Java\jdk1.8.0_181\jre\bin\zip.dll
0x00007ffc3da60000 - 0x00007ffc3ee9f000 	C:\WINDOWS\System32\SHELL32.dll
0x00007ffc3d690000 - 0x00007ffc3d739000 	C:\WINDOWS\System32\shcore.dll
0x00007ffc3c480000 - 0x00007ffc3cb8d000 	C:\WINDOWS\System32\windows.storage.dll
0x00007ffc3eea0000 - 0x00007ffc3eef1000 	C:\WINDOWS\System32\shlwapi.dll
0x00007ffc3c3f0000 - 0x00007ffc3c401000 	C:\WINDOWS\System32\kernel.appcore.dll
0x00007ffc3c3d0000 - 0x00007ffc3c3ef000 	C:\WINDOWS\System32\profapi.dll
0x00007ffc3c410000 - 0x00007ffc3c45c000 	C:\WINDOWS\System32\powrprof.dll
0x00007ffc3c3c0000 - 0x00007ffc3c3ca000 	C:\WINDOWS\System32\FLTLIB.DLL
0x000000005b0e0000 - 0x000000005b279000 	C:\Program Files\Java\jdk1.8.0_181\jre\bin\awt.dll
0x00007ffc3ff00000 - 0x00007ffc3ffc2000 	C:\WINDOWS\System32\OLEAUT32.dll
0x00007ffc3a740000 - 0x00007ffc3a7cb000 	C:\WINDOWS\SYSTEM32\apphelp.dll
0x00007ffc24980000 - 0x00007ffc24a6e000 	C:\Program Files\NoPing Tunnel v15\ProxyIntercept64.dll
0x00007ffc26a50000 - 0x00007ffc26af6000 	C:\WINDOWS\SYSTEM32\MSVCP120.dll
0x00007ffc24c10000 - 0x00007ffc24cff000 	C:\WINDOWS\SYSTEM32\MSVCR120.dll
0x00007ffc3b9c0000 - 0x00007ffc3b9f8000 	C:\WINDOWS\SYSTEM32\IPHLPAPI.DLL
0x00007ffc3bc40000 - 0x00007ffc3bca6000 	C:\WINDOWS\system32\mswsock.dll
0x00007ffc3f0e0000 - 0x00007ffc3f0e8000 	C:\WINDOWS\System32\NSI.dll
0x00007ffc3a8c0000 - 0x00007ffc3a958000 	C:\WINDOWS\system32\uxtheme.dll
0x00007ffc3d740000 - 0x00007ffc3d8b4000 	C:\WINDOWS\System32\MSCTF.dll
0x00007ffc318b0000 - 0x00007ffc3193b000 	C:\Program Files\NoPing Tunnel v15\iLdr64.dll
0x00007ffc3ab50000 - 0x00007ffc3ab79000 	C:\WINDOWS\system32\dwmapi.dll
0x00007ffc3f100000 - 0x00007ffc3f251000 	C:\WINDOWS\System32\ole32.dll
0x000000005b090000 - 0x000000005b0d7000 	C:\Program Files\Java\jdk1.8.0_181\jre\bin\fontmanager.dll
0x00007ffc26de0000 - 0x00007ffc26f00000 	C:\WINDOWS\system32\opengl32.dll
0x00007ffc2ff60000 - 0x00007ffc2ff8c000 	C:\WINDOWS\SYSTEM32\GLU32.dll
0x000000005b2a0000 - 0x000000005b2ba000 	C:\Program Files\Java\jdk1.8.0_181\jre\bin\net.dll
0x000000005b280000 - 0x000000005b291000 	C:\Program Files\Java\jdk1.8.0_181\jre\bin\nio.dll
0x000000005b040000 - 0x000000005b082000 	C:\Program Files\Java\jdk1.8.0_181\jre\bin\t2k.dll
0x00007ffc3fa90000 - 0x00007ffc3fb30000 	C:\WINDOWS\System32\clbcatq.dll
0x00007ffc36ed0000 - 0x00007ffc3707e000 	C:\WINDOWS\SYSTEM32\WindowsCodecs.dll
0x000000005b000000 - 0x000000005b02a000 	C:\Program Files\Java\jdk1.8.0_181\jre\bin\dcpr.dll
0x000000005b030000 - 0x000000005b03d000 	C:\Program Files\Java\jdk1.8.0_181\jre\bin\management.dll
0x0000000018fc0000 - 0x000000001907e000 	C:\WINDOWS\SYSTEM32\DNSAPI.dll
0x00007ffc33a10000 - 0x00007ffc33a1a000 	C:\Windows\System32\rasadhlp.dll
0x00007ffc33c20000 - 0x00007ffc33c92000 	C:\WINDOWS\System32\fwpuclnt.dll
0x00007ffc3bf20000 - 0x00007ffc3bf45000 	C:\WINDOWS\SYSTEM32\bcrypt.dll
0x00007ffc3be00000 - 0x00007ffc3be17000 	C:\WINDOWS\SYSTEM32\CRYPTSP.dll
0x00007ffc3b7c0000 - 0x00007ffc3b7f3000 	C:\WINDOWS\system32\rsaenh.dll
0x00007ffc3c2f0000 - 0x00007ffc3c318000 	C:\WINDOWS\SYSTEM32\USERENV.dll
0x00007ffc3bdf0000 - 0x00007ffc3bdfb000 	C:\WINDOWS\SYSTEM32\CRYPTBASE.dll
0x00007ffc34e30000 - 0x00007ffc34e46000 	C:\WINDOWS\SYSTEM32\dhcpcsvc6.DLL
0x00007ffc34e10000 - 0x00007ffc34e2a000 	C:\WINDOWS\SYSTEM32\dhcpcsvc.DLL
0x00007ffc2ba70000 - 0x00007ffc2ba86000 	C:\WINDOWS\system32\napinsp.dll
0x00007ffc2ba50000 - 0x00007ffc2ba6a000 	C:\WINDOWS\system32\pnrpnsp.dll
0x00007ffc38d10000 - 0x00007ffc38d29000 	C:\WINDOWS\system32\NLAapi.dll
0x00007ffc2d060000 - 0x00007ffc2d06e000 	C:\WINDOWS\System32\winrnr.dll
0x00007ffc32340000 - 0x00007ffc323d7000 	C:\WINDOWS\System32\TextInputFramework.dll
0x00007ffc369e0000 - 0x00007ffc36cfe000 	C:\WINDOWS\System32\CoreUIComponents.dll
0x00007ffc3a420000 - 0x00007ffc3a4fa000 	C:\WINDOWS\System32\CoreMessaging.dll
0x00007ffc3b4b0000 - 0x00007ffc3b4e1000 	C:\WINDOWS\SYSTEM32\ntmarta.dll
0x00007ffc37de0000 - 0x00007ffc37f2d000 	C:\WINDOWS\SYSTEM32\wintypes.dll
0x00007ffc2ce90000 - 0x00007ffc2d059000 	C:\WINDOWS\SYSTEM32\dbghelp.dll

VM Arguments:
jvm_args: -Dfile.encoding=UTF-8 
java_command: projeto.vendas.view.GuiControle_Estratégico_por_Cliente
java_class_path (initial): D:\TCC - Fatec 2018\PHappy-Vendas\ojdbc6_g.jar;C:\Program Files (x86)\NetBeans 8.2\java\modules\ext\beansbinding-1.2.1.jar;C:\Program Files (x86)\NetBeans 8.2\enterprise\modules\ext\jaxrs-2.0\javax.ws.rs-api-2.0.jar;C:\Program Files (x86)\NetBeans 8.2\enterprise\modules\ext\jersey2\ext\asm-all-repackaged-2.2.0-b21.jar;C:\Program Files (x86)\NetBeans 8.2\enterprise\modules\ext\jersey2\ext\cglib-2.2.0-b21.jar;C:\Program Files (x86)\NetBeans 8.2\enterprise\modules\ext\jersey2\ext\guava-14.0.1.jar;C:\Program Files (x86)\NetBeans 8.2\enterprise\modules\ext\jersey2\ext\hk2-api-2.2.0-b21.jar;C:\Program Files (x86)\NetBeans 8.2\enterprise\modules\ext\jersey2\ext\hk2-locator-2.2.0-b21.jar;C:\Program Files (x86)\NetBeans 8.2\enterprise\modules\ext\jersey2\ext\hk2-utils-2.2.0-b21.jar;C:\Program Files (x86)\NetBeans 8.2\enterprise\modules\ext\jersey2\ext\javax.annotation-api-1.2.jar;C:\Program Files (x86)\NetBeans 8.2\enterprise\modules\ext\jersey2\ext\javax.inject-2.2.0-b21.jar;C:\Program Files (x86)\NetBeans 8.2\enterprise\modules\ext\jersey2\ext\javax.servlet-api-3.0.1.jar;C:\Program Files (x86)\NetBeans 8.2\enterprise\modules\ext\jersey2\ext\jaxb-api-2.2.7.jar;C:\Program Files (x86)\NetBeans 8.2\enterprise\modules\ext\jersey2\ext\jersey-entity-filtering-2.5.1.jar;C:\Program Files (x86)\NetBeans 8.2\enterprise\modules\ext\jersey2\ext\jersey-media-moxy-2.5.1.jar;C:\Program Files (x86)\NetBeans 8.2\enterprise\modules\ext\jersey2\ext\org.osgi.core-4.2.0.jar;C:\Program Files (x86)\NetBeans 8.2\enterprise\modules\ext\jersey2\ext\osgi-resource-locator-1.0.1.jar;C:\Program Files (x86)\NetBeans 8.2\enterprise\modules\ext\jersey2\ext\persistence-api-1.0.jar;C:\Program Files (x86)\NetBeans 8.2\enterprise\modules\ext\jersey2\ext\validation-api-1.1.0.Final.jar;C:\Program Files (x86)\NetBeans 8.2\enterprise\modules\ext\jersey2\jersey-client.jar;C:\Program Files (x86)\NetBeans 8.2\enterprise\modules\ext\jersey2\jersey-common.jar;C:\Program Files (x86)\NetBeans
Launcher Type: SUN_STANDARD

Environment Variables:
JAVA_HOME=C:\Program Files (x86)\Java\jdk1.8.0_181
PATH=C:\WINDOWS\system32;C:\WINDOWS;C:\WINDOWS\System32\Wbem;C:\WINDOWS\System32\WindowsPowerShell\v1.0\;C:\Program Files\dotnet\;C:\WINDOWS\System32\OpenSSH\;C:\Users\ferna\AppData\Local\Microsoft\WindowsApps;
USERNAME=Fernando
OS=Windows_NT
PROCESSOR_IDENTIFIER=Intel64 Family 6 Model 58 Stepping 9, GenuineIntel



---------------  S Y S T E M  ---------------

OS: Windows 10.0 , 64 bit Build 17134 (10.0.17134.1)

CPU:total 2 (initial active 2) (2 cores per cpu, 1 threads per core) family 6 model 58 stepping 9, cmov, cx8, fxsr, mmx, sse, sse2, sse3, ssse3, sse4.1, sse4.2, popcnt, clmul, erms, tsc, tscinvbit, tscinv

Memory: 4k page, physical 5989528k(1682128k free), swap 7690304k(1347704k free)

vm_info: Java HotSpot(TM) 64-Bit Server VM (25.181-b13) for windows-amd64 JRE (1.8.0_181-b13), built on Jul  7 2018 04:01:33 by "java_re" with MS VC++ 10.0 (VS2010)

time: Sat Nov 10 21:13:06 2018
elapsed time: 12 seconds (0d 0h 0m 12s)

